<?xml version="1.0" encoding="UTF-8"?>
<!-- Generated by org.testng.reporters.JUnitXMLReporter -->
<testsuite ignored="3" hostname="DESKTOP-6KOFRV4" failures="32" tests="62" name="WebPaystubFormInChrome" time="5300.775" errors="0" timestamp="2023-03-30T18:57:01 IST">
  <testcase classname="WebApp.BillGenrator.BillGen2022" name="enterAllInputs" time="51.341">
    <failure type="java.lang.AssertionError" message="The following asserts failed:
	expected [TEST COMPANY NAME
1-234-567-8901
TEST COMPANY STREET ADDRESS1 123456, TESTINNG COMPANY ADDRESS.
TEST COMPANY STREET ADDRESS2 123456, TESTINNG COMPANY ADDRESS.
TEST COMPANYCITY,NM,65432] but found [TEST COMPANY NAME
1-234-567-8901
TEST COMPANY STREET ADDRESS1 123456, TESTINNG COMPANY ADDRESS.
TEST COMPANY STREET ADDRESS2 123456, TESTINNG COMPANY ADDRESS.
TEST COMPANYCITY,NM,65432]">
      <![CDATA[java.lang.AssertionError: The following asserts failed:
expected [TEST COMPANY NAME
1-234-567-8901
TEST COMPANY STREET ADDRESS1 123456, TESTINNG COMPANY ADDRESS.
TEST COMPANY STREET ADDRESS2 123456, TESTINNG COMPANY ADDRESS.
TEST COMPANYCITY,NM,65432] but found [TEST COMPANY NAME
1-234-567-8901
TEST COMPANY STREET ADDRESS1 123456, TESTINNG COMPANY ADDRESS.
TEST COMPANY STREET ADDRESS2 123456, TESTINNG COMPANY ADDRESS.
TEST COMPANYCITY,NM,65432]
at WebApp.BillGenrator.BillGen2022.enterAllInputs(BillGen2022.java:122)
at java.base/java.util.ArrayList.forEach(ArrayList.java:1541)
... Removed 29 stack frames]]>
    </failure>
  </testcase> <!-- enterAllInputs -->
  <testcase classname="WebApp.BillGenrator.BillGen2022" name="verifyFICAMedicareWithGrossPayYTDTotalLessThan200000" time="9.366"/>
  <testcase classname="WebApp.BillGenrator.BillGen2022" name="verifyFICAMedicareWithGrossPayYTDTotalGreaterThan200000" time="9.315"/>
  <testcase classname="WebApp.BillGenrator.BillGen2022" name="verifyFICASocialSecurityCalculations" time="9.29"/>
  <testcase classname="WebApp.BillGenrator.BillGen2022" name="verifyFicaSocialSecurityCalculations" time="11.631"/>
  <testcase classname="WebApp.BillGenrator.BillGen2022" name="VerifyFederalTaxCalculationsonTemplate1" time="13.358"/>
  <testcase classname="WebApp.BillGenrator.BillGen2022" name="VerifyFederalTaxCalculationsWithMarriedOnTemplate1" time="13.543"/>
  <testcase classname="WebApp.BillGenrator.BillGen2022" name="verifyFederalTaxWithAllExemptions" time="151.401"/>
  <testcase classname="WebApp.BillGenrator.BillGen2022" name="VerifyStateTaxCalculationsWithAllStatesOnTemplate1" time="395.166"/>
  <testcase classname="WebApp.BillGenrator.BillGen2022" name="VerifyStateTaxCalculationsWithAllStatesWithSingleOnTemplate1" time="394.93"/>
  <testcase classname="WebApp.BillGenrator.BillGen2022" name="VerifyStateTaxCalculationsWithAllStatesWithSingle2OnTemplate1" time="42.772"/>
  <testcase classname="WebApp.BillGenrator.BillGen2022" name="VerifyStateTaxCalculationsWithAllStatesWithMarriedOnTemplate1" time="391.705"/>
  <testcase classname="WebApp.BillGenrator.BillGen2022" name="VerifySDITaxCalculationsonTemplate1" time="14.02"/>
  <testcase classname="WebApp.BillGenrator.BillGen2022" name="VerifySDITaxCalculationsonTemplate1" time="13.749">
    <failure type="java.lang.AssertionError" message="The SDI Values are wrong for the state Hawaii
	expected [960.00] but found [22.04]">
      <![CDATA[java.lang.AssertionError: The SDI Values are wrong for the state Hawaii
expected [960.00] but found [22.04]
at WebApp.BillGenrator.BillGen2022.VerifySDITaxCalculationsonTemplate1(BillGen2022.java:4418)
at java.base/java.util.ArrayList.forEach(ArrayList.java:1541)
... Removed 28 stack frames]]>
    </failure>
  </testcase> <!-- VerifySDITaxCalculationsonTemplate1 -->
  <testcase classname="WebApp.BillGenrator.BillGen2022" name="VerifySDITaxCalculationsonTemplate1" time="7.851"/>
  <testcase classname="WebApp.BillGenrator.BillGen2022" name="VerifySDITaxCalculationsonTemplate1" time="7.867"/>
  <testcase classname="WebApp.BillGenrator.BillGen2022" name="VerifySDITaxCalculationsonTemplate1" time="7.922"/>
  <testcase classname="WebApp.BillGenrator.BillGen2022" name="Verify_SUI_Tax_Calculations_on_Template1_with_State" time="15.623"/>
  <testcase classname="WebApp.BillGenrator.BillGen2022" name="Verify_SUI_Tax_Calculations_on_Template1_with_State" time="10.089"/>
  <testcase classname="WebApp.BillGenrator.BillGen2022" name="Verify_SUI_Tax_Calculations_on_Template1_with_State" time="10.299"/>
  <testcase classname="WebApp.BillGenrator.BillGen2022" name="Verify_WC_Tax_Calculations_on_Template1_with_State" time="124.997"/>
  <testcase classname="WebApp.BillGenrator.BillGen2022" name="Verify_FLIFLV_Tax_Calculations_on_Template1_with_State" time="17.09"/>
  <testcase classname="WebApp.BillGenrator.BillGen2022" name="calculateWorkforceDevelopment" time="12.93"/>
  <testcase classname="WebApp.BillGenrator.BillGen2022" name="calculateWorkforceDevelopment2" time="11.717"/>
  <testcase classname="WebApp.BillGenrator.BillGen2022" name="calculateWorkforceDevelopment3" time="11.516"/>
  <testcase classname="WebApp.BillGenrator.BillGen2022" name="calculateTotalEarnings" time="29.698"/>
  <testcase classname="WebApp.BillGenrator.BillGen2022" name="verifyContractorTax" time="2.887"/>
  <testcase classname="WebApp.BillGenrator.BillGen2022" name="verifyPaystubsValues" time="117.101"/>
  <testcase classname="WebApp.BillGenrator.BillGen2022" name="verifySalaryTotalValueMonthly" time="4.724">
    <failure type="java.lang.AssertionError" message="The following asserts failed:
	expected [16.67] but found [0.83],
	Salary total calculations are getting wrong. expected [16.67] but found [0.83]">
      <![CDATA[java.lang.AssertionError: The following asserts failed:
expected [16.67] but found [0.83],
Salary total calculations are getting wrong. expected [16.67] but found [0.83]
at WebApp.BillGenrator.BillGen2022.verifySalaryTotalValueMonthly(BillGen2022.java:5289)
at java.base/java.util.ArrayList.forEach(ArrayList.java:1541)
... Removed 29 stack frames]]>
    </failure>
  </testcase> <!-- verifySalaryTotalValueMonthly -->
  <testcase classname="WebApp.BillGenrator.BillGen2022" name="verifySalaryTotalValueDaily" time="5.073">
    <failure type="java.lang.AssertionError" message="The following asserts failed:
	expected [200.00] but found [0.04],
	Salary total calculations for &amp;apos;Daily&amp;apos; are getting wrong. expected [200.00] but found [0.04]">
      <![CDATA[java.lang.AssertionError: The following asserts failed:
expected [200.00] but found [0.04],
Salary total calculations for 'Daily' are getting wrong. expected [200.00] but found [0.04]
at WebApp.BillGenrator.BillGen2022.verifySalaryTotalValueDaily(BillGen2022.java:5306)
at java.base/java.util.ArrayList.forEach(ArrayList.java:1541)
... Removed 29 stack frames]]>
    </failure>
  </testcase> <!-- verifySalaryTotalValueDaily -->
  <testcase classname="WebApp.BillGenrator.BillGen2022" name="verifySalaryTotalValueWeekly" time="5.261">
    <failure type="java.lang.AssertionError" message="The following asserts failed:
	expected [3.85] but found [0.19],
	Salary total calculations for &amp;apos;Weekly&amp;apos; are getting wrong. expected [3.85] but found [0.19]">
      <![CDATA[java.lang.AssertionError: The following asserts failed:
expected [3.85] but found [0.19],
Salary total calculations for 'Weekly' are getting wrong. expected [3.85] but found [0.19]
at WebApp.BillGenrator.BillGen2022.verifySalaryTotalValueWeekly(BillGen2022.java:5323)
at java.base/java.util.ArrayList.forEach(ArrayList.java:1541)
... Removed 29 stack frames]]>
    </failure>
  </testcase> <!-- verifySalaryTotalValueWeekly -->
  <testcase classname="WebApp.BillGenrator.BillGen2022" name="verifySalaryTotalValueBiWeekly" time="5.285">
    <failure type="java.lang.AssertionError" message="The following asserts failed:
	expected [7.69] but found [0.38],
	Salary total calculations for &amp;apos;Bi-Weekly&amp;apos; are getting wrong. expected [7.69] but found [0.38]">
      <![CDATA[java.lang.AssertionError: The following asserts failed:
expected [7.69] but found [0.38],
Salary total calculations for 'Bi-Weekly' are getting wrong. expected [7.69] but found [0.38]
at WebApp.BillGenrator.BillGen2022.verifySalaryTotalValueBiWeekly(BillGen2022.java:5340)
at java.base/java.util.ArrayList.forEach(ArrayList.java:1541)
... Removed 29 stack frames]]>
    </failure>
  </testcase> <!-- verifySalaryTotalValueBiWeekly -->
  <testcase classname="WebApp.BillGenrator.BillGen2022" name="verifySalaryTotalValueQuarterly" time="4.791">
    <failure type="java.lang.AssertionError" message="The following asserts failed:
	expected [50.00] but found [2.50],
	Salary total calculations for &amp;apos;Quarterly&amp;apos; are getting wrong. expected [50.00] but found [2.50],
	expected [6250.00] but found [25000.00],
	Salary total calculations for &amp;apos;Quarterly&amp;apos; are getting wrong. expected [6250.00] but found [25000.00]">
      <![CDATA[java.lang.AssertionError: The following asserts failed:
expected [50.00] but found [2.50],
Salary total calculations for 'Quarterly' are getting wrong. expected [50.00] but found [2.50],
expected [6250.00] but found [25000.00],
Salary total calculations for 'Quarterly' are getting wrong. expected [6250.00] but found [25000.00]
at WebApp.BillGenrator.BillGen2022.verifySalaryTotalValueQuarterly(BillGen2022.java:5374)
at java.base/java.util.ArrayList.forEach(ArrayList.java:1541)
... Removed 29 stack frames]]>
    </failure>
  </testcase> <!-- verifySalaryTotalValueQuarterly -->
  <testcase classname="WebApp.BillGenrator.BillGen2022" name="verifySalaryTotalValueSemiAnnually" time="4.97">
    <failure type="java.lang.AssertionError" message="The following asserts failed:
	expected [100.00] but found [5.00],
	Salary total calculations for &amp;apos;Semi-Annually&amp;apos; are getting wrong. expected [100.00] but found [5.00],
	expected [12500.00] but found [25000.00],
	Salary total calculations for &amp;apos;Semi-Annually&amp;apos; are getting wrong. expected [12500.00] but found [25000.00]">
      <![CDATA[java.lang.AssertionError: The following asserts failed:
expected [100.00] but found [5.00],
Salary total calculations for 'Semi-Annually' are getting wrong. expected [100.00] but found [5.00],
expected [12500.00] but found [25000.00],
Salary total calculations for 'Semi-Annually' are getting wrong. expected [12500.00] but found [25000.00]
at WebApp.BillGenrator.BillGen2022.verifySalaryTotalValueSemiAnnually(BillGen2022.java:5391)
at java.base/java.util.ArrayList.forEach(ArrayList.java:1541)
... Removed 29 stack frames]]>
    </failure>
  </testcase> <!-- verifySalaryTotalValueSemiAnnually -->
  <testcase classname="WebApp.BillGenrator.BillGen2022" name="verifySalaryTotalValueAnnually" time="5.251">
    <failure type="java.lang.AssertionError" message="The following asserts failed:
	expected [200.00] but found [10.00],
	Salary total calculations for &amp;apos;Annually&amp;apos; are getting wrong. expected [200.00] but found [10.00]">
      <![CDATA[java.lang.AssertionError: The following asserts failed:
expected [200.00] but found [10.00],
Salary total calculations for 'Annually' are getting wrong. expected [200.00] but found [10.00]
at WebApp.BillGenrator.BillGen2022.verifySalaryTotalValueAnnually(BillGen2022.java:5408)
at java.base/java.util.ArrayList.forEach(ArrayList.java:1541)
... Removed 29 stack frames]]>
    </failure>
  </testcase> <!-- verifySalaryTotalValueAnnually -->
  <testcase classname="WebApp.BillGenrator.BillGen2022" name="verifyGrossPayTotalInPreviousYTDCalculations" time="10.453"/>
  <testcase classname="WebApp.BillGenrator.BillGen2022" name="verifyPaystubCalculationsOnenteringPreviousYTDCalculations" time="5.701">
    <failure type="java.lang.AssertionError" message="The following asserts failed:
	expected [4,000.00] but found [1,600.00],
	expected [400.00] but found [0.00],
	expected [200.00] but found [0.00],
	expected [300.00] but found [0.00],
	expected [500.00] but found [0.00],
	expected [600.00] but found [0.00],
	expected [700.00] but found [0.00],
	expected [4,000.00] but found [4,800.00],
	expected [400.00] but found [0.00],
	expected [200.00] but found [0.00],
	expected [300.00] but found [0.00],
	expected [500.00] but found [0.00],
	expected [600.00] but found [0.00],
	expected [700.00] but found [0.00]">
      <![CDATA[java.lang.AssertionError: The following asserts failed:
expected [4,000.00] but found [1,600.00],
expected [400.00] but found [0.00],
expected [200.00] but found [0.00],
expected [300.00] but found [0.00],
expected [500.00] but found [0.00],
expected [600.00] but found [0.00],
expected [700.00] but found [0.00],
expected [4,000.00] but found [4,800.00],
expected [400.00] but found [0.00],
expected [200.00] but found [0.00],
expected [300.00] but found [0.00],
expected [500.00] but found [0.00],
expected [600.00] but found [0.00],
expected [700.00] but found [0.00]
at WebApp.BillGenrator.BillGen2022.verifyPaystubCalculationsOnenteringPreviousYTDCalculations(BillGen2022.java:5467)
at java.base/java.util.ArrayList.forEach(ArrayList.java:1541)
... Removed 29 stack frames]]>
    </failure>
  </testcase> <!-- verifyPaystubCalculationsOnenteringPreviousYTDCalculations -->
  <testcase classname="WebApp.BillGenrator.BillGen2022" name="verifyPaystubTotalDeductions" time="13.244"/>
  <testcase classname="WebApp.BillGenrator.BillGen2022" name="verifyPaystubPayPeriodDurations" time="8.929"/>
  <testcase classname="WebApp.BillGenrator.BillGen2022" name="verifyPayPeriodDurations" time="5.301">
    <failure type="java.lang.AssertionError" message="The following asserts failed:
	expected [12/31/2022] but found [null],
	expected [12/31/2022] but found [null],
	expected [12/31/2022] but found [null],
	expected [02/14/2023] but found [null],
	expected [02/14/2023] but found [null],
	expected [02/14/2023] but found [null]">
      <![CDATA[java.lang.AssertionError: The following asserts failed:
expected [12/31/2022] but found [null],
expected [12/31/2022] but found [null],
expected [12/31/2022] but found [null],
expected [02/14/2023] but found [null],
expected [02/14/2023] but found [null],
expected [02/14/2023] but found [null]
at WebApp.BillGenrator.BillGen2022.verifyPayPeriodDurations(BillGen2022.java:5557)
at java.base/java.util.ArrayList.forEach(ArrayList.java:1541)
... Removed 29 stack frames]]>
    </failure>
  </testcase> <!-- verifyPayPeriodDurations -->
  <testcase classname="WebApp.BillGenrator.BillGen2022" name="verifyPayPeriodDuration" time="5.415">
    <failure type="java.lang.AssertionError" message="The following asserts failed:
	expected [12/25/2022] but found [null],
	expected [12/31/2022] but found [null],
	expected [12/31/2022] but found [null]">
      <![CDATA[java.lang.AssertionError: The following asserts failed:
expected [12/25/2022] but found [null],
expected [12/31/2022] but found [null],
expected [12/31/2022] but found [null]
at WebApp.BillGenrator.BillGen2022.verifyPayPeriodDuration(BillGen2022.java:5579)
at java.base/java.util.ArrayList.forEach(ArrayList.java:1541)
... Removed 29 stack frames]]>
    </failure>
  </testcase> <!-- verifyPayPeriodDuration -->
  <testcase classname="WebApp.BillGenrator.BillGen2022" name="verifyPayPeriodDurationInBiWeekly" time="5.272">
    <failure type="java.lang.AssertionError" message="The following asserts failed:
	expected [12/18/2022] but found [null],
	expected [12/31/2022] but found [null],
	expected [12/31/2022] but found [null]">
      <![CDATA[java.lang.AssertionError: The following asserts failed:
expected [12/18/2022] but found [null],
expected [12/31/2022] but found [null],
expected [12/31/2022] but found [null]
at WebApp.BillGenrator.BillGen2022.verifyPayPeriodDurationInBiWeekly(BillGen2022.java:5601)
at java.base/java.util.ArrayList.forEach(ArrayList.java:1541)
... Removed 29 stack frames]]>
    </failure>
  </testcase> <!-- verifyPayPeriodDurationInBiWeekly -->
  <testcase classname="WebApp.BillGenrator.BillGen2022" name="verifyPayPeriodDurationInQuarterly" time="5.265">
    <failure type="java.lang.AssertionError" message="The following asserts failed:
	expected [10/02/2022] but found [null],
	expected [01/01/2023] but found [null],
	expected [01/01/2023] but found [null]">
      <![CDATA[java.lang.AssertionError: The following asserts failed:
expected [10/02/2022] but found [null],
expected [01/01/2023] but found [null],
expected [01/01/2023] but found [null]
at WebApp.BillGenrator.BillGen2022.verifyPayPeriodDurationInQuarterly(BillGen2022.java:5645)
at java.base/java.util.ArrayList.forEach(ArrayList.java:1541)
... Removed 29 stack frames]]>
    </failure>
  </testcase> <!-- verifyPayPeriodDurationInQuarterly -->
  <testcase classname="WebApp.BillGenrator.BillGen2022" name="verifyPayPeriodDurationInSemiAnnually" time="7.975">
    <failure type="java.lang.AssertionError" message="The following asserts failed:
	expected [07/02/2022] but found [07/01/2022],
	expected [01/01/2023] but found [12/31/2022],
	expected [01/01/2023] but found [12/31/2022]">
      <![CDATA[java.lang.AssertionError: The following asserts failed:
expected [07/02/2022] but found [07/01/2022],
expected [01/01/2023] but found [12/31/2022],
expected [01/01/2023] but found [12/31/2022]
at WebApp.BillGenrator.BillGen2022.verifyPayPeriodDurationInSemiAnnually(BillGen2022.java:5668)
at java.base/java.util.ArrayList.forEach(ArrayList.java:1541)
... Removed 29 stack frames]]>
    </failure>
  </testcase> <!-- verifyPayPeriodDurationInSemiAnnually -->
  <testcase classname="WebApp.BillGenrator.BillGen2022" name="verifyPayPeriodDurationInAnnually" time="1.876">
    <failure type="java.lang.AssertionError" message="The following asserts failed:
	expected [12/31/2023] but found [01/01/2023],
	expected [12/31/2023] but found [01/01/2023]">
      <![CDATA[java.lang.AssertionError: The following asserts failed:
expected [12/31/2023] but found [01/01/2023],
expected [12/31/2023] but found [01/01/2023]
at WebApp.BillGenrator.BillGen2022.verifyPayPeriodDurationInAnnually(BillGen2022.java:5680)
at java.base/java.util.ArrayList.forEach(ArrayList.java:1541)
... Removed 29 stack frames]]>
    </failure>
  </testcase> <!-- verifyPayPeriodDurationInAnnually -->
  <testcase classname="WebApp.BillGenrator.BillGen2022" name="verifyPdfData" time="163.402">
    <failure type="java.lang.AssertionError" message="The following asserts failed:
	Number of pages for Paystub 1 expected [1] but found [2],
	Number of pages for Paystub 2 expected [1] but found [2],
	Employer name is not mentioned in pdf expected [true] but found [false],
	EmployerTelephoneNumber is not mentioned in pdf expected [true] but found [false],
	PaystubEmployerStreetAddress1 is not mentioned in pdf expected [true] but found [false],
	PaystubEmployerStreetAddress2 is not mentioned in pdf expected [true] but found [false],
	PaystubCompanyCity is not mentioned in pdf expected [true] but found [false],
	PaystubCompanyState is not mentioned in pdf expected [true] but found [false],
	PaystubEmployerName is not mentioned in pdf expected [true] but found [false],
	PaystubEmployeeID is not mentioned in pdf expected [true] but found [false],
	PaystubEmployeeTelephoneNumber is not mentioned in pdf expected [true] but found [false],
	PaystubEmployeeAddress1 is not mentioned in pdf expected [true] but found [false],
	PaystubEmployeeAddress2 is not mentioned in pdf expected [true] but found [false],
	PaystubEmployeeCity is not mentioned in pdf expected [true] but found [false],
	PaystubEmployeeState is not mentioned in pdf expected [true] but found [false],
	PaystubEmployeeMaritalStatus is not mentioned in pdf expected [true] but found [false]">
      <![CDATA[java.lang.AssertionError: The following asserts failed:
Number of pages for Paystub 1 expected [1] but found [2],
Number of pages for Paystub 2 expected [1] but found [2],
Employer name is not mentioned in pdf expected [true] but found [false],
EmployerTelephoneNumber is not mentioned in pdf expected [true] but found [false],
PaystubEmployerStreetAddress1 is not mentioned in pdf expected [true] but found [false],
PaystubEmployerStreetAddress2 is not mentioned in pdf expected [true] but found [false],
PaystubCompanyCity is not mentioned in pdf expected [true] but found [false],
PaystubCompanyState is not mentioned in pdf expected [true] but found [false],
PaystubEmployerName is not mentioned in pdf expected [true] but found [false],
PaystubEmployeeID is not mentioned in pdf expected [true] but found [false],
PaystubEmployeeTelephoneNumber is not mentioned in pdf expected [true] but found [false],
PaystubEmployeeAddress1 is not mentioned in pdf expected [true] but found [false],
PaystubEmployeeAddress2 is not mentioned in pdf expected [true] but found [false],
PaystubEmployeeCity is not mentioned in pdf expected [true] but found [false],
PaystubEmployeeState is not mentioned in pdf expected [true] but found [false],
PaystubEmployeeMaritalStatus is not mentioned in pdf expected [true] but found [false]
at WebApp.BillGenrator.BillGen2022.verifyPdfData(BillGen2022.java:5817)
at java.base/java.util.ArrayList.forEach(ArrayList.java:1541)
... Removed 29 stack frames]]>
    </failure>
  </testcase> <!-- verifyPdfData -->
  <testcase classname="WebApp.BillGenrator.BillGen2022" name="verifyGrossPayTotalAndYTDTotalOnRemovingCustomEarnings" time="126.653">
    <failure type="java.lang.AssertionError" message="The following asserts failed:
	Custom earning total 1 is wrong expected [864.00] but found [1,152.00],
	Custom earning total 1 is wrong expected [26,760.00] but found [35,680.00],
	Gross Pay YTD Total value is wrong. expected [425,172.97] but found [434,780.97],
	Gross Pay YTD Total value is wrong. expected [424,308.97] but found [433,628.97],
	The Custom earning did not removed second time expected [true] but found [false],
	Gross Pay YTD Total value is wrong. expected [424,308.97] but found [433,628.97]">
      <![CDATA[java.lang.AssertionError: The following asserts failed:
Custom earning total 1 is wrong expected [864.00] but found [1,152.00],
Custom earning total 1 is wrong expected [26,760.00] but found [35,680.00],
Gross Pay YTD Total value is wrong. expected [425,172.97] but found [434,780.97],
Gross Pay YTD Total value is wrong. expected [424,308.97] but found [433,628.97],
The Custom earning did not removed second time expected [true] but found [false],
Gross Pay YTD Total value is wrong. expected [424,308.97] but found [433,628.97]
at WebApp.BillGenrator.BillGen2022.verifyGrossPayTotalAndYTDTotalOnRemovingCustomEarnings(BillGen2022.java:5864)
at java.base/java.util.ArrayList.forEach(ArrayList.java:1541)
... Removed 29 stack frames]]>
    </failure>
  </testcase> <!-- verifyGrossPayTotalAndYTDTotalOnRemovingCustomEarnings -->
  <testcase classname="WebApp.BillGenrator.BillGen2022" name="verifyDeductionTotalAndDeductionYTDTotalOnRemovingCustomEarnings" time="104.405">
    <failure type="java.lang.AssertionError" message="The following asserts failed:
	The custom deduction 2 did not removed expected [true] but found [false],
	Deductions total value is wrong. expected [37.43] but found [60.76]">
      <![CDATA[java.lang.AssertionError: The following asserts failed:
The custom deduction 2 did not removed expected [true] but found [false],
Deductions total value is wrong. expected [37.43] but found [60.76]
at WebApp.BillGenrator.BillGen2022.verifyDeductionTotalAndDeductionYTDTotalOnRemovingCustomEarnings(BillGen2022.java:5885)
at java.base/java.util.ArrayList.forEach(ArrayList.java:1541)
... Removed 29 stack frames]]>
    </failure>
  </testcase> <!-- verifyDeductionTotalAndDeductionYTDTotalOnRemovingCustomEarnings -->
  <testcase classname="WebApp.BillGenrator.BillGen2022" name="verifyLoginFunctionalityWithInvalidCred" time="181.746">
    <failure type="org.openqa.selenium.NoSuchElementException" message="no such element: Unable to locate element: {&amp;quot;method&amp;quot;:&amp;quot;xpath&amp;quot;,&amp;quot;selector&amp;quot;:&amp;quot;//*[text()=&amp;apos;Login&amp;apos;]&amp;quot;}
  (Session info: chrome=111.0.5563.147)
For documentation on this error, please visit: https://selenium.dev/exceptions/#no_such_element
Build info: version: &amp;apos;4.4.0&amp;apos;, revision: &amp;apos;e5c75ed026a&amp;apos;
System info: host: &amp;apos;DESKTOP-6KOFRV4&amp;apos;, ip: &amp;apos;192.168.1.14&amp;apos;, os.name: &amp;apos;Windows 10&amp;apos;, os.arch: &amp;apos;amd64&amp;apos;, os.version: &amp;apos;10.0&amp;apos;, java.version: &amp;apos;11.0.13&amp;apos;
Driver info: org.openqa.selenium.chrome.ChromeDriver
Command: [85f68eacd1732326296e4973d5567a6f, findElement {using=xpath, value=//*[text()=&amp;apos;Login&amp;apos;]}]
Capabilities {acceptInsecureCerts: false, browserName: chrome, browserVersion: 111.0.5563.147, chrome: {chromedriverVersion: 111.0.5563.64 (c710e93d5b63..., userDataDir: C:\Users\Marquee\AppData\Lo...}, goog:chromeOptions: {debuggerAddress: localhost:64155}, networkConnectionEnabled: false, pageLoadStrategy: normal, platformName: WINDOWS, proxy: Proxy(), se:cdp: ws://localhost:64155/devtoo..., se:cdpVersion: 111.0.5563.147, setWindowRect: true, strictFileInteractability: false, timeouts: {implicit: 0, pageLoad: 300000, script: 30000}, unhandledPromptBehavior: dismiss and notify, webauthn:extension:credBlob: true, webauthn:extension:largeBlob: true, webauthn:extension:minPinLength: true, webauthn:extension:prf: true, webauthn:virtualAuthenticators: true}
Session ID: 85f68eacd1732326296e4973d5567a6f">
      <![CDATA[org.openqa.selenium.NoSuchElementException: no such element: Unable to locate element: {"method":"xpath","selector":"//*[text()='Login']"}
  (Session info: chrome=111.0.5563.147)
For documentation on this error, please visit: https://selenium.dev/exceptions/#no_such_element
Build info: version: '4.4.0', revision: 'e5c75ed026a'
System info: host: 'DESKTOP-6KOFRV4', ip: '192.168.1.14', os.name: 'Windows 10', os.arch: 'amd64', os.version: '10.0', java.version: '11.0.13'
Driver info: org.openqa.selenium.chrome.ChromeDriver
Command: [85f68eacd1732326296e4973d5567a6f, findElement {using=xpath, value=//*[text()='Login']}]
Capabilities {acceptInsecureCerts: false, browserName: chrome, browserVersion: 111.0.5563.147, chrome: {chromedriverVersion: 111.0.5563.64 (c710e93d5b63..., userDataDir: C:\Users\Marquee\AppData\Lo...}, goog:chromeOptions: {debuggerAddress: localhost:64155}, networkConnectionEnabled: false, pageLoadStrategy: normal, platformName: WINDOWS, proxy: Proxy(), se:cdp: ws://localhost:64155/devtoo..., se:cdpVersion: 111.0.5563.147, setWindowRect: true, strictFileInteractability: false, timeouts: {implicit: 0, pageLoad: 300000, script: 30000}, unhandledPromptBehavior: dismiss and notify, webauthn:extension:credBlob: true, webauthn:extension:largeBlob: true, webauthn:extension:minPinLength: true, webauthn:extension:prf: true, webauthn:virtualAuthenticators: true}
Session ID: 85f68eacd1732326296e4973d5567a6f
at org.openqa.selenium.remote.codec.w3c.W3CHttpResponseCodec.createException(W3CHttpResponseCodec.java:200)
at org.openqa.selenium.remote.codec.w3c.W3CHttpResponseCodec.decode(W3CHttpResponseCodec.java:133)
at org.openqa.selenium.remote.codec.w3c.W3CHttpResponseCodec.decode(W3CHttpResponseCodec.java:53)
at org.openqa.selenium.remote.HttpCommandExecutor.execute(HttpCommandExecutor.java:184)
at org.openqa.selenium.remote.service.DriverCommandExecutor.invokeExecute(DriverCommandExecutor.java:167)
at org.openqa.selenium.remote.service.DriverCommandExecutor.execute(DriverCommandExecutor.java:142)
at org.openqa.selenium.remote.RemoteWebDriver.execute(RemoteWebDriver.java:547)
at org.openqa.selenium.remote.ElementLocation$ElementFinder$2.findElement(ElementLocation.java:162)
at org.openqa.selenium.remote.ElementLocation.findElement(ElementLocation.java:60)
at org.openqa.selenium.remote.RemoteWebDriver.findElement(RemoteWebDriver.java:365)
at org.openqa.selenium.remote.RemoteWebDriver.findElement(RemoteWebDriver.java:357)
at org.openqa.selenium.support.pagefactory.DefaultElementLocator.findElement(DefaultElementLocator.java:70)
at org.openqa.selenium.support.pagefactory.internal.LocatingElementHandler.invoke(LocatingElementHandler.java:39)
at com.sun.proxy.$Proxy19.click(Unknown Source)
at WebApp.BillGenratorWebApp.Paystub.PaystubWebFormPage.Login(PaystubWebFormPage.java:1425)
at WebApp.BillGenrator.BillGen2022.verifyLoginFunctionalityWithInvalidCred(BillGen2022.java:5893)
at java.base/java.util.ArrayList.forEach(ArrayList.java:1541)
... Removed 31 stack frames]]>
    </failure>
  </testcase> <!-- verifyLoginFunctionalityWithInvalidCred -->
  <testcase classname="WebApp.BillGenrator.BillGen2022" name="verifyLoginFunctionalityWithInvalidCred" time="181.682">
    <failure type="org.openqa.selenium.NoSuchElementException" message="no such element: Unable to locate element: {&amp;quot;method&amp;quot;:&amp;quot;xpath&amp;quot;,&amp;quot;selector&amp;quot;:&amp;quot;//*[text()=&amp;apos;Login&amp;apos;]&amp;quot;}
  (Session info: chrome=111.0.5563.147)
For documentation on this error, please visit: https://selenium.dev/exceptions/#no_such_element
Build info: version: &amp;apos;4.4.0&amp;apos;, revision: &amp;apos;e5c75ed026a&amp;apos;
System info: host: &amp;apos;DESKTOP-6KOFRV4&amp;apos;, ip: &amp;apos;192.168.1.14&amp;apos;, os.name: &amp;apos;Windows 10&amp;apos;, os.arch: &amp;apos;amd64&amp;apos;, os.version: &amp;apos;10.0&amp;apos;, java.version: &amp;apos;11.0.13&amp;apos;
Driver info: org.openqa.selenium.chrome.ChromeDriver
Command: [85f68eacd1732326296e4973d5567a6f, findElement {using=xpath, value=//*[text()=&amp;apos;Login&amp;apos;]}]
Capabilities {acceptInsecureCerts: false, browserName: chrome, browserVersion: 111.0.5563.147, chrome: {chromedriverVersion: 111.0.5563.64 (c710e93d5b63..., userDataDir: C:\Users\Marquee\AppData\Lo...}, goog:chromeOptions: {debuggerAddress: localhost:64155}, networkConnectionEnabled: false, pageLoadStrategy: normal, platformName: WINDOWS, proxy: Proxy(), se:cdp: ws://localhost:64155/devtoo..., se:cdpVersion: 111.0.5563.147, setWindowRect: true, strictFileInteractability: false, timeouts: {implicit: 0, pageLoad: 300000, script: 30000}, unhandledPromptBehavior: dismiss and notify, webauthn:extension:credBlob: true, webauthn:extension:largeBlob: true, webauthn:extension:minPinLength: true, webauthn:extension:prf: true, webauthn:virtualAuthenticators: true}
Session ID: 85f68eacd1732326296e4973d5567a6f">
      <![CDATA[org.openqa.selenium.NoSuchElementException: no such element: Unable to locate element: {"method":"xpath","selector":"//*[text()='Login']"}
  (Session info: chrome=111.0.5563.147)
For documentation on this error, please visit: https://selenium.dev/exceptions/#no_such_element
Build info: version: '4.4.0', revision: 'e5c75ed026a'
System info: host: 'DESKTOP-6KOFRV4', ip: '192.168.1.14', os.name: 'Windows 10', os.arch: 'amd64', os.version: '10.0', java.version: '11.0.13'
Driver info: org.openqa.selenium.chrome.ChromeDriver
Command: [85f68eacd1732326296e4973d5567a6f, findElement {using=xpath, value=//*[text()='Login']}]
Capabilities {acceptInsecureCerts: false, browserName: chrome, browserVersion: 111.0.5563.147, chrome: {chromedriverVersion: 111.0.5563.64 (c710e93d5b63..., userDataDir: C:\Users\Marquee\AppData\Lo...}, goog:chromeOptions: {debuggerAddress: localhost:64155}, networkConnectionEnabled: false, pageLoadStrategy: normal, platformName: WINDOWS, proxy: Proxy(), se:cdp: ws://localhost:64155/devtoo..., se:cdpVersion: 111.0.5563.147, setWindowRect: true, strictFileInteractability: false, timeouts: {implicit: 0, pageLoad: 300000, script: 30000}, unhandledPromptBehavior: dismiss and notify, webauthn:extension:credBlob: true, webauthn:extension:largeBlob: true, webauthn:extension:minPinLength: true, webauthn:extension:prf: true, webauthn:virtualAuthenticators: true}
Session ID: 85f68eacd1732326296e4973d5567a6f
at org.openqa.selenium.remote.codec.w3c.W3CHttpResponseCodec.createException(W3CHttpResponseCodec.java:200)
at org.openqa.selenium.remote.codec.w3c.W3CHttpResponseCodec.decode(W3CHttpResponseCodec.java:133)
at org.openqa.selenium.remote.codec.w3c.W3CHttpResponseCodec.decode(W3CHttpResponseCodec.java:53)
at org.openqa.selenium.remote.HttpCommandExecutor.execute(HttpCommandExecutor.java:184)
at org.openqa.selenium.remote.service.DriverCommandExecutor.invokeExecute(DriverCommandExecutor.java:167)
at org.openqa.selenium.remote.service.DriverCommandExecutor.execute(DriverCommandExecutor.java:142)
at org.openqa.selenium.remote.RemoteWebDriver.execute(RemoteWebDriver.java:547)
at org.openqa.selenium.remote.ElementLocation$ElementFinder$2.findElement(ElementLocation.java:162)
at org.openqa.selenium.remote.ElementLocation.findElement(ElementLocation.java:60)
at org.openqa.selenium.remote.RemoteWebDriver.findElement(RemoteWebDriver.java:365)
at org.openqa.selenium.remote.RemoteWebDriver.findElement(RemoteWebDriver.java:357)
at org.openqa.selenium.support.pagefactory.DefaultElementLocator.findElement(DefaultElementLocator.java:70)
at org.openqa.selenium.support.pagefactory.internal.LocatingElementHandler.invoke(LocatingElementHandler.java:39)
at com.sun.proxy.$Proxy19.click(Unknown Source)
at WebApp.BillGenratorWebApp.Paystub.PaystubWebFormPage.Login(PaystubWebFormPage.java:1425)
at WebApp.BillGenrator.BillGen2022.verifyLoginFunctionalityWithInvalidCred(BillGen2022.java:5893)
at java.base/java.util.ArrayList.forEach(ArrayList.java:1541)
... Removed 31 stack frames]]>
    </failure>
  </testcase> <!-- verifyLoginFunctionalityWithInvalidCred -->
  <testcase classname="WebApp.BillGenrator.BillGen2022" name="verifyLoginFunctionalityWithInvalidCred" time="181.767">
    <failure type="org.openqa.selenium.NoSuchElementException" message="no such element: Unable to locate element: {&amp;quot;method&amp;quot;:&amp;quot;xpath&amp;quot;,&amp;quot;selector&amp;quot;:&amp;quot;//*[text()=&amp;apos;Login&amp;apos;]&amp;quot;}
  (Session info: chrome=111.0.5563.147)
For documentation on this error, please visit: https://selenium.dev/exceptions/#no_such_element
Build info: version: &amp;apos;4.4.0&amp;apos;, revision: &amp;apos;e5c75ed026a&amp;apos;
System info: host: &amp;apos;DESKTOP-6KOFRV4&amp;apos;, ip: &amp;apos;192.168.1.14&amp;apos;, os.name: &amp;apos;Windows 10&amp;apos;, os.arch: &amp;apos;amd64&amp;apos;, os.version: &amp;apos;10.0&amp;apos;, java.version: &amp;apos;11.0.13&amp;apos;
Driver info: org.openqa.selenium.chrome.ChromeDriver
Command: [85f68eacd1732326296e4973d5567a6f, findElement {using=xpath, value=//*[text()=&amp;apos;Login&amp;apos;]}]
Capabilities {acceptInsecureCerts: false, browserName: chrome, browserVersion: 111.0.5563.147, chrome: {chromedriverVersion: 111.0.5563.64 (c710e93d5b63..., userDataDir: C:\Users\Marquee\AppData\Lo...}, goog:chromeOptions: {debuggerAddress: localhost:64155}, networkConnectionEnabled: false, pageLoadStrategy: normal, platformName: WINDOWS, proxy: Proxy(), se:cdp: ws://localhost:64155/devtoo..., se:cdpVersion: 111.0.5563.147, setWindowRect: true, strictFileInteractability: false, timeouts: {implicit: 0, pageLoad: 300000, script: 30000}, unhandledPromptBehavior: dismiss and notify, webauthn:extension:credBlob: true, webauthn:extension:largeBlob: true, webauthn:extension:minPinLength: true, webauthn:extension:prf: true, webauthn:virtualAuthenticators: true}
Session ID: 85f68eacd1732326296e4973d5567a6f">
      <![CDATA[org.openqa.selenium.NoSuchElementException: no such element: Unable to locate element: {"method":"xpath","selector":"//*[text()='Login']"}
  (Session info: chrome=111.0.5563.147)
For documentation on this error, please visit: https://selenium.dev/exceptions/#no_such_element
Build info: version: '4.4.0', revision: 'e5c75ed026a'
System info: host: 'DESKTOP-6KOFRV4', ip: '192.168.1.14', os.name: 'Windows 10', os.arch: 'amd64', os.version: '10.0', java.version: '11.0.13'
Driver info: org.openqa.selenium.chrome.ChromeDriver
Command: [85f68eacd1732326296e4973d5567a6f, findElement {using=xpath, value=//*[text()='Login']}]
Capabilities {acceptInsecureCerts: false, browserName: chrome, browserVersion: 111.0.5563.147, chrome: {chromedriverVersion: 111.0.5563.64 (c710e93d5b63..., userDataDir: C:\Users\Marquee\AppData\Lo...}, goog:chromeOptions: {debuggerAddress: localhost:64155}, networkConnectionEnabled: false, pageLoadStrategy: normal, platformName: WINDOWS, proxy: Proxy(), se:cdp: ws://localhost:64155/devtoo..., se:cdpVersion: 111.0.5563.147, setWindowRect: true, strictFileInteractability: false, timeouts: {implicit: 0, pageLoad: 300000, script: 30000}, unhandledPromptBehavior: dismiss and notify, webauthn:extension:credBlob: true, webauthn:extension:largeBlob: true, webauthn:extension:minPinLength: true, webauthn:extension:prf: true, webauthn:virtualAuthenticators: true}
Session ID: 85f68eacd1732326296e4973d5567a6f
at org.openqa.selenium.remote.codec.w3c.W3CHttpResponseCodec.createException(W3CHttpResponseCodec.java:200)
at org.openqa.selenium.remote.codec.w3c.W3CHttpResponseCodec.decode(W3CHttpResponseCodec.java:133)
at org.openqa.selenium.remote.codec.w3c.W3CHttpResponseCodec.decode(W3CHttpResponseCodec.java:53)
at org.openqa.selenium.remote.HttpCommandExecutor.execute(HttpCommandExecutor.java:184)
at org.openqa.selenium.remote.service.DriverCommandExecutor.invokeExecute(DriverCommandExecutor.java:167)
at org.openqa.selenium.remote.service.DriverCommandExecutor.execute(DriverCommandExecutor.java:142)
at org.openqa.selenium.remote.RemoteWebDriver.execute(RemoteWebDriver.java:547)
at org.openqa.selenium.remote.ElementLocation$ElementFinder$2.findElement(ElementLocation.java:162)
at org.openqa.selenium.remote.ElementLocation.findElement(ElementLocation.java:60)
at org.openqa.selenium.remote.RemoteWebDriver.findElement(RemoteWebDriver.java:365)
at org.openqa.selenium.remote.RemoteWebDriver.findElement(RemoteWebDriver.java:357)
at org.openqa.selenium.support.pagefactory.DefaultElementLocator.findElement(DefaultElementLocator.java:70)
at org.openqa.selenium.support.pagefactory.internal.LocatingElementHandler.invoke(LocatingElementHandler.java:39)
at com.sun.proxy.$Proxy19.click(Unknown Source)
at WebApp.BillGenratorWebApp.Paystub.PaystubWebFormPage.Login(PaystubWebFormPage.java:1425)
at WebApp.BillGenrator.BillGen2022.verifyLoginFunctionalityWithInvalidCred(BillGen2022.java:5893)
at java.base/java.util.ArrayList.forEach(ArrayList.java:1541)
... Removed 30 stack frames]]>
    </failure>
  </testcase> <!-- verifyLoginFunctionalityWithInvalidCred -->
  <testcase classname="WebApp.BillGenrator.BillGen2022" name="verifyLoginFunctionalityWithInvalidCred" time="181.73">
    <failure type="org.openqa.selenium.NoSuchElementException" message="no such element: Unable to locate element: {&amp;quot;method&amp;quot;:&amp;quot;xpath&amp;quot;,&amp;quot;selector&amp;quot;:&amp;quot;//*[text()=&amp;apos;Login&amp;apos;]&amp;quot;}
  (Session info: chrome=111.0.5563.147)
For documentation on this error, please visit: https://selenium.dev/exceptions/#no_such_element
Build info: version: &amp;apos;4.4.0&amp;apos;, revision: &amp;apos;e5c75ed026a&amp;apos;
System info: host: &amp;apos;DESKTOP-6KOFRV4&amp;apos;, ip: &amp;apos;192.168.1.14&amp;apos;, os.name: &amp;apos;Windows 10&amp;apos;, os.arch: &amp;apos;amd64&amp;apos;, os.version: &amp;apos;10.0&amp;apos;, java.version: &amp;apos;11.0.13&amp;apos;
Driver info: org.openqa.selenium.chrome.ChromeDriver
Command: [85f68eacd1732326296e4973d5567a6f, findElement {using=xpath, value=//*[text()=&amp;apos;Login&amp;apos;]}]
Capabilities {acceptInsecureCerts: false, browserName: chrome, browserVersion: 111.0.5563.147, chrome: {chromedriverVersion: 111.0.5563.64 (c710e93d5b63..., userDataDir: C:\Users\Marquee\AppData\Lo...}, goog:chromeOptions: {debuggerAddress: localhost:64155}, networkConnectionEnabled: false, pageLoadStrategy: normal, platformName: WINDOWS, proxy: Proxy(), se:cdp: ws://localhost:64155/devtoo..., se:cdpVersion: 111.0.5563.147, setWindowRect: true, strictFileInteractability: false, timeouts: {implicit: 0, pageLoad: 300000, script: 30000}, unhandledPromptBehavior: dismiss and notify, webauthn:extension:credBlob: true, webauthn:extension:largeBlob: true, webauthn:extension:minPinLength: true, webauthn:extension:prf: true, webauthn:virtualAuthenticators: true}
Session ID: 85f68eacd1732326296e4973d5567a6f">
      <![CDATA[org.openqa.selenium.NoSuchElementException: no such element: Unable to locate element: {"method":"xpath","selector":"//*[text()='Login']"}
  (Session info: chrome=111.0.5563.147)
For documentation on this error, please visit: https://selenium.dev/exceptions/#no_such_element
Build info: version: '4.4.0', revision: 'e5c75ed026a'
System info: host: 'DESKTOP-6KOFRV4', ip: '192.168.1.14', os.name: 'Windows 10', os.arch: 'amd64', os.version: '10.0', java.version: '11.0.13'
Driver info: org.openqa.selenium.chrome.ChromeDriver
Command: [85f68eacd1732326296e4973d5567a6f, findElement {using=xpath, value=//*[text()='Login']}]
Capabilities {acceptInsecureCerts: false, browserName: chrome, browserVersion: 111.0.5563.147, chrome: {chromedriverVersion: 111.0.5563.64 (c710e93d5b63..., userDataDir: C:\Users\Marquee\AppData\Lo...}, goog:chromeOptions: {debuggerAddress: localhost:64155}, networkConnectionEnabled: false, pageLoadStrategy: normal, platformName: WINDOWS, proxy: Proxy(), se:cdp: ws://localhost:64155/devtoo..., se:cdpVersion: 111.0.5563.147, setWindowRect: true, strictFileInteractability: false, timeouts: {implicit: 0, pageLoad: 300000, script: 30000}, unhandledPromptBehavior: dismiss and notify, webauthn:extension:credBlob: true, webauthn:extension:largeBlob: true, webauthn:extension:minPinLength: true, webauthn:extension:prf: true, webauthn:virtualAuthenticators: true}
Session ID: 85f68eacd1732326296e4973d5567a6f
at org.openqa.selenium.remote.codec.w3c.W3CHttpResponseCodec.createException(W3CHttpResponseCodec.java:200)
at org.openqa.selenium.remote.codec.w3c.W3CHttpResponseCodec.decode(W3CHttpResponseCodec.java:133)
at org.openqa.selenium.remote.codec.w3c.W3CHttpResponseCodec.decode(W3CHttpResponseCodec.java:53)
at org.openqa.selenium.remote.HttpCommandExecutor.execute(HttpCommandExecutor.java:184)
at org.openqa.selenium.remote.service.DriverCommandExecutor.invokeExecute(DriverCommandExecutor.java:167)
at org.openqa.selenium.remote.service.DriverCommandExecutor.execute(DriverCommandExecutor.java:142)
at org.openqa.selenium.remote.RemoteWebDriver.execute(RemoteWebDriver.java:547)
at org.openqa.selenium.remote.ElementLocation$ElementFinder$2.findElement(ElementLocation.java:162)
at org.openqa.selenium.remote.ElementLocation.findElement(ElementLocation.java:60)
at org.openqa.selenium.remote.RemoteWebDriver.findElement(RemoteWebDriver.java:365)
at org.openqa.selenium.remote.RemoteWebDriver.findElement(RemoteWebDriver.java:357)
at org.openqa.selenium.support.pagefactory.DefaultElementLocator.findElement(DefaultElementLocator.java:70)
at org.openqa.selenium.support.pagefactory.internal.LocatingElementHandler.invoke(LocatingElementHandler.java:39)
at com.sun.proxy.$Proxy19.click(Unknown Source)
at WebApp.BillGenratorWebApp.Paystub.PaystubWebFormPage.Login(PaystubWebFormPage.java:1425)
at WebApp.BillGenrator.BillGen2022.verifyLoginFunctionalityWithInvalidCred(BillGen2022.java:5893)
at java.base/java.util.ArrayList.forEach(ArrayList.java:1541)
... Removed 30 stack frames]]>
    </failure>
  </testcase> <!-- verifyLoginFunctionalityWithInvalidCred -->
  <testcase classname="WebApp.BillGenrator.BillGen2022" name="verifyLoginFunctionalityWithInvalidCred" time="181.93">
    <failure type="org.openqa.selenium.NoSuchElementException" message="no such element: Unable to locate element: {&amp;quot;method&amp;quot;:&amp;quot;xpath&amp;quot;,&amp;quot;selector&amp;quot;:&amp;quot;//*[text()=&amp;apos;Login&amp;apos;]&amp;quot;}
  (Session info: chrome=111.0.5563.147)
For documentation on this error, please visit: https://selenium.dev/exceptions/#no_such_element
Build info: version: &amp;apos;4.4.0&amp;apos;, revision: &amp;apos;e5c75ed026a&amp;apos;
System info: host: &amp;apos;DESKTOP-6KOFRV4&amp;apos;, ip: &amp;apos;192.168.1.14&amp;apos;, os.name: &amp;apos;Windows 10&amp;apos;, os.arch: &amp;apos;amd64&amp;apos;, os.version: &amp;apos;10.0&amp;apos;, java.version: &amp;apos;11.0.13&amp;apos;
Driver info: org.openqa.selenium.chrome.ChromeDriver
Command: [85f68eacd1732326296e4973d5567a6f, findElement {using=xpath, value=//*[text()=&amp;apos;Login&amp;apos;]}]
Capabilities {acceptInsecureCerts: false, browserName: chrome, browserVersion: 111.0.5563.147, chrome: {chromedriverVersion: 111.0.5563.64 (c710e93d5b63..., userDataDir: C:\Users\Marquee\AppData\Lo...}, goog:chromeOptions: {debuggerAddress: localhost:64155}, networkConnectionEnabled: false, pageLoadStrategy: normal, platformName: WINDOWS, proxy: Proxy(), se:cdp: ws://localhost:64155/devtoo..., se:cdpVersion: 111.0.5563.147, setWindowRect: true, strictFileInteractability: false, timeouts: {implicit: 0, pageLoad: 300000, script: 30000}, unhandledPromptBehavior: dismiss and notify, webauthn:extension:credBlob: true, webauthn:extension:largeBlob: true, webauthn:extension:minPinLength: true, webauthn:extension:prf: true, webauthn:virtualAuthenticators: true}
Session ID: 85f68eacd1732326296e4973d5567a6f">
      <![CDATA[org.openqa.selenium.NoSuchElementException: no such element: Unable to locate element: {"method":"xpath","selector":"//*[text()='Login']"}
  (Session info: chrome=111.0.5563.147)
For documentation on this error, please visit: https://selenium.dev/exceptions/#no_such_element
Build info: version: '4.4.0', revision: 'e5c75ed026a'
System info: host: 'DESKTOP-6KOFRV4', ip: '192.168.1.14', os.name: 'Windows 10', os.arch: 'amd64', os.version: '10.0', java.version: '11.0.13'
Driver info: org.openqa.selenium.chrome.ChromeDriver
Command: [85f68eacd1732326296e4973d5567a6f, findElement {using=xpath, value=//*[text()='Login']}]
Capabilities {acceptInsecureCerts: false, browserName: chrome, browserVersion: 111.0.5563.147, chrome: {chromedriverVersion: 111.0.5563.64 (c710e93d5b63..., userDataDir: C:\Users\Marquee\AppData\Lo...}, goog:chromeOptions: {debuggerAddress: localhost:64155}, networkConnectionEnabled: false, pageLoadStrategy: normal, platformName: WINDOWS, proxy: Proxy(), se:cdp: ws://localhost:64155/devtoo..., se:cdpVersion: 111.0.5563.147, setWindowRect: true, strictFileInteractability: false, timeouts: {implicit: 0, pageLoad: 300000, script: 30000}, unhandledPromptBehavior: dismiss and notify, webauthn:extension:credBlob: true, webauthn:extension:largeBlob: true, webauthn:extension:minPinLength: true, webauthn:extension:prf: true, webauthn:virtualAuthenticators: true}
Session ID: 85f68eacd1732326296e4973d5567a6f
at org.openqa.selenium.remote.codec.w3c.W3CHttpResponseCodec.createException(W3CHttpResponseCodec.java:200)
at org.openqa.selenium.remote.codec.w3c.W3CHttpResponseCodec.decode(W3CHttpResponseCodec.java:133)
at org.openqa.selenium.remote.codec.w3c.W3CHttpResponseCodec.decode(W3CHttpResponseCodec.java:53)
at org.openqa.selenium.remote.HttpCommandExecutor.execute(HttpCommandExecutor.java:184)
at org.openqa.selenium.remote.service.DriverCommandExecutor.invokeExecute(DriverCommandExecutor.java:167)
at org.openqa.selenium.remote.service.DriverCommandExecutor.execute(DriverCommandExecutor.java:142)
at org.openqa.selenium.remote.RemoteWebDriver.execute(RemoteWebDriver.java:547)
at org.openqa.selenium.remote.ElementLocation$ElementFinder$2.findElement(ElementLocation.java:162)
at org.openqa.selenium.remote.ElementLocation.findElement(ElementLocation.java:60)
at org.openqa.selenium.remote.RemoteWebDriver.findElement(RemoteWebDriver.java:365)
at org.openqa.selenium.remote.RemoteWebDriver.findElement(RemoteWebDriver.java:357)
at org.openqa.selenium.support.pagefactory.DefaultElementLocator.findElement(DefaultElementLocator.java:70)
at org.openqa.selenium.support.pagefactory.internal.LocatingElementHandler.invoke(LocatingElementHandler.java:39)
at com.sun.proxy.$Proxy19.click(Unknown Source)
at WebApp.BillGenratorWebApp.Paystub.PaystubWebFormPage.Login(PaystubWebFormPage.java:1425)
at WebApp.BillGenrator.BillGen2022.verifyLoginFunctionalityWithInvalidCred(BillGen2022.java:5893)
at java.base/java.util.ArrayList.forEach(ArrayList.java:1541)
... Removed 30 stack frames]]>
    </failure>
  </testcase> <!-- verifyLoginFunctionalityWithInvalidCred -->
  <testcase classname="WebApp.BillGenrator.BillGen2022" name="verifyLoginFunctionalityWithInvalidCred" time="181.688">
    <failure type="org.openqa.selenium.NoSuchElementException" message="no such element: Unable to locate element: {&amp;quot;method&amp;quot;:&amp;quot;xpath&amp;quot;,&amp;quot;selector&amp;quot;:&amp;quot;//*[text()=&amp;apos;Login&amp;apos;]&amp;quot;}
  (Session info: chrome=111.0.5563.147)
For documentation on this error, please visit: https://selenium.dev/exceptions/#no_such_element
Build info: version: &amp;apos;4.4.0&amp;apos;, revision: &amp;apos;e5c75ed026a&amp;apos;
System info: host: &amp;apos;DESKTOP-6KOFRV4&amp;apos;, ip: &amp;apos;192.168.1.14&amp;apos;, os.name: &amp;apos;Windows 10&amp;apos;, os.arch: &amp;apos;amd64&amp;apos;, os.version: &amp;apos;10.0&amp;apos;, java.version: &amp;apos;11.0.13&amp;apos;
Driver info: org.openqa.selenium.chrome.ChromeDriver
Command: [85f68eacd1732326296e4973d5567a6f, findElement {using=xpath, value=//*[text()=&amp;apos;Login&amp;apos;]}]
Capabilities {acceptInsecureCerts: false, browserName: chrome, browserVersion: 111.0.5563.147, chrome: {chromedriverVersion: 111.0.5563.64 (c710e93d5b63..., userDataDir: C:\Users\Marquee\AppData\Lo...}, goog:chromeOptions: {debuggerAddress: localhost:64155}, networkConnectionEnabled: false, pageLoadStrategy: normal, platformName: WINDOWS, proxy: Proxy(), se:cdp: ws://localhost:64155/devtoo..., se:cdpVersion: 111.0.5563.147, setWindowRect: true, strictFileInteractability: false, timeouts: {implicit: 0, pageLoad: 300000, script: 30000}, unhandledPromptBehavior: dismiss and notify, webauthn:extension:credBlob: true, webauthn:extension:largeBlob: true, webauthn:extension:minPinLength: true, webauthn:extension:prf: true, webauthn:virtualAuthenticators: true}
Session ID: 85f68eacd1732326296e4973d5567a6f">
      <![CDATA[org.openqa.selenium.NoSuchElementException: no such element: Unable to locate element: {"method":"xpath","selector":"//*[text()='Login']"}
  (Session info: chrome=111.0.5563.147)
For documentation on this error, please visit: https://selenium.dev/exceptions/#no_such_element
Build info: version: '4.4.0', revision: 'e5c75ed026a'
System info: host: 'DESKTOP-6KOFRV4', ip: '192.168.1.14', os.name: 'Windows 10', os.arch: 'amd64', os.version: '10.0', java.version: '11.0.13'
Driver info: org.openqa.selenium.chrome.ChromeDriver
Command: [85f68eacd1732326296e4973d5567a6f, findElement {using=xpath, value=//*[text()='Login']}]
Capabilities {acceptInsecureCerts: false, browserName: chrome, browserVersion: 111.0.5563.147, chrome: {chromedriverVersion: 111.0.5563.64 (c710e93d5b63..., userDataDir: C:\Users\Marquee\AppData\Lo...}, goog:chromeOptions: {debuggerAddress: localhost:64155}, networkConnectionEnabled: false, pageLoadStrategy: normal, platformName: WINDOWS, proxy: Proxy(), se:cdp: ws://localhost:64155/devtoo..., se:cdpVersion: 111.0.5563.147, setWindowRect: true, strictFileInteractability: false, timeouts: {implicit: 0, pageLoad: 300000, script: 30000}, unhandledPromptBehavior: dismiss and notify, webauthn:extension:credBlob: true, webauthn:extension:largeBlob: true, webauthn:extension:minPinLength: true, webauthn:extension:prf: true, webauthn:virtualAuthenticators: true}
Session ID: 85f68eacd1732326296e4973d5567a6f
at org.openqa.selenium.remote.codec.w3c.W3CHttpResponseCodec.createException(W3CHttpResponseCodec.java:200)
at org.openqa.selenium.remote.codec.w3c.W3CHttpResponseCodec.decode(W3CHttpResponseCodec.java:133)
at org.openqa.selenium.remote.codec.w3c.W3CHttpResponseCodec.decode(W3CHttpResponseCodec.java:53)
at org.openqa.selenium.remote.HttpCommandExecutor.execute(HttpCommandExecutor.java:184)
at org.openqa.selenium.remote.service.DriverCommandExecutor.invokeExecute(DriverCommandExecutor.java:167)
at org.openqa.selenium.remote.service.DriverCommandExecutor.execute(DriverCommandExecutor.java:142)
at org.openqa.selenium.remote.RemoteWebDriver.execute(RemoteWebDriver.java:547)
at org.openqa.selenium.remote.ElementLocation$ElementFinder$2.findElement(ElementLocation.java:162)
at org.openqa.selenium.remote.ElementLocation.findElement(ElementLocation.java:60)
at org.openqa.selenium.remote.RemoteWebDriver.findElement(RemoteWebDriver.java:365)
at org.openqa.selenium.remote.RemoteWebDriver.findElement(RemoteWebDriver.java:357)
at org.openqa.selenium.support.pagefactory.DefaultElementLocator.findElement(DefaultElementLocator.java:70)
at org.openqa.selenium.support.pagefactory.internal.LocatingElementHandler.invoke(LocatingElementHandler.java:39)
at com.sun.proxy.$Proxy19.click(Unknown Source)
at WebApp.BillGenratorWebApp.Paystub.PaystubWebFormPage.Login(PaystubWebFormPage.java:1425)
at WebApp.BillGenrator.BillGen2022.verifyLoginFunctionalityWithInvalidCred(BillGen2022.java:5893)
at java.base/java.util.ArrayList.forEach(ArrayList.java:1541)
... Removed 30 stack frames]]>
    </failure>
  </testcase> <!-- verifyLoginFunctionalityWithInvalidCred -->
  <testcase classname="WebApp.BillGenrator.BillGen2022" name="verifyLoginFunctionalityWithInvalidCred" time="181.833">
    <failure type="org.openqa.selenium.NoSuchElementException" message="no such element: Unable to locate element: {&amp;quot;method&amp;quot;:&amp;quot;xpath&amp;quot;,&amp;quot;selector&amp;quot;:&amp;quot;//*[text()=&amp;apos;Login&amp;apos;]&amp;quot;}
  (Session info: chrome=111.0.5563.147)
For documentation on this error, please visit: https://selenium.dev/exceptions/#no_such_element
Build info: version: &amp;apos;4.4.0&amp;apos;, revision: &amp;apos;e5c75ed026a&amp;apos;
System info: host: &amp;apos;DESKTOP-6KOFRV4&amp;apos;, ip: &amp;apos;192.168.1.14&amp;apos;, os.name: &amp;apos;Windows 10&amp;apos;, os.arch: &amp;apos;amd64&amp;apos;, os.version: &amp;apos;10.0&amp;apos;, java.version: &amp;apos;11.0.13&amp;apos;
Driver info: org.openqa.selenium.chrome.ChromeDriver
Command: [85f68eacd1732326296e4973d5567a6f, findElement {using=xpath, value=//*[text()=&amp;apos;Login&amp;apos;]}]
Capabilities {acceptInsecureCerts: false, browserName: chrome, browserVersion: 111.0.5563.147, chrome: {chromedriverVersion: 111.0.5563.64 (c710e93d5b63..., userDataDir: C:\Users\Marquee\AppData\Lo...}, goog:chromeOptions: {debuggerAddress: localhost:64155}, networkConnectionEnabled: false, pageLoadStrategy: normal, platformName: WINDOWS, proxy: Proxy(), se:cdp: ws://localhost:64155/devtoo..., se:cdpVersion: 111.0.5563.147, setWindowRect: true, strictFileInteractability: false, timeouts: {implicit: 0, pageLoad: 300000, script: 30000}, unhandledPromptBehavior: dismiss and notify, webauthn:extension:credBlob: true, webauthn:extension:largeBlob: true, webauthn:extension:minPinLength: true, webauthn:extension:prf: true, webauthn:virtualAuthenticators: true}
Session ID: 85f68eacd1732326296e4973d5567a6f">
      <![CDATA[org.openqa.selenium.NoSuchElementException: no such element: Unable to locate element: {"method":"xpath","selector":"//*[text()='Login']"}
  (Session info: chrome=111.0.5563.147)
For documentation on this error, please visit: https://selenium.dev/exceptions/#no_such_element
Build info: version: '4.4.0', revision: 'e5c75ed026a'
System info: host: 'DESKTOP-6KOFRV4', ip: '192.168.1.14', os.name: 'Windows 10', os.arch: 'amd64', os.version: '10.0', java.version: '11.0.13'
Driver info: org.openqa.selenium.chrome.ChromeDriver
Command: [85f68eacd1732326296e4973d5567a6f, findElement {using=xpath, value=//*[text()='Login']}]
Capabilities {acceptInsecureCerts: false, browserName: chrome, browserVersion: 111.0.5563.147, chrome: {chromedriverVersion: 111.0.5563.64 (c710e93d5b63..., userDataDir: C:\Users\Marquee\AppData\Lo...}, goog:chromeOptions: {debuggerAddress: localhost:64155}, networkConnectionEnabled: false, pageLoadStrategy: normal, platformName: WINDOWS, proxy: Proxy(), se:cdp: ws://localhost:64155/devtoo..., se:cdpVersion: 111.0.5563.147, setWindowRect: true, strictFileInteractability: false, timeouts: {implicit: 0, pageLoad: 300000, script: 30000}, unhandledPromptBehavior: dismiss and notify, webauthn:extension:credBlob: true, webauthn:extension:largeBlob: true, webauthn:extension:minPinLength: true, webauthn:extension:prf: true, webauthn:virtualAuthenticators: true}
Session ID: 85f68eacd1732326296e4973d5567a6f
at org.openqa.selenium.remote.codec.w3c.W3CHttpResponseCodec.createException(W3CHttpResponseCodec.java:200)
at org.openqa.selenium.remote.codec.w3c.W3CHttpResponseCodec.decode(W3CHttpResponseCodec.java:133)
at org.openqa.selenium.remote.codec.w3c.W3CHttpResponseCodec.decode(W3CHttpResponseCodec.java:53)
at org.openqa.selenium.remote.HttpCommandExecutor.execute(HttpCommandExecutor.java:184)
at org.openqa.selenium.remote.service.DriverCommandExecutor.invokeExecute(DriverCommandExecutor.java:167)
at org.openqa.selenium.remote.service.DriverCommandExecutor.execute(DriverCommandExecutor.java:142)
at org.openqa.selenium.remote.RemoteWebDriver.execute(RemoteWebDriver.java:547)
at org.openqa.selenium.remote.ElementLocation$ElementFinder$2.findElement(ElementLocation.java:162)
at org.openqa.selenium.remote.ElementLocation.findElement(ElementLocation.java:60)
at org.openqa.selenium.remote.RemoteWebDriver.findElement(RemoteWebDriver.java:365)
at org.openqa.selenium.remote.RemoteWebDriver.findElement(RemoteWebDriver.java:357)
at org.openqa.selenium.support.pagefactory.DefaultElementLocator.findElement(DefaultElementLocator.java:70)
at org.openqa.selenium.support.pagefactory.internal.LocatingElementHandler.invoke(LocatingElementHandler.java:39)
at com.sun.proxy.$Proxy19.click(Unknown Source)
at WebApp.BillGenratorWebApp.Paystub.PaystubWebFormPage.Login(PaystubWebFormPage.java:1425)
at WebApp.BillGenrator.BillGen2022.verifyLoginFunctionalityWithInvalidCred(BillGen2022.java:5893)
at java.base/java.util.ArrayList.forEach(ArrayList.java:1541)
... Removed 30 stack frames]]>
    </failure>
  </testcase> <!-- verifyLoginFunctionalityWithInvalidCred -->
  <testcase classname="WebApp.BillGenrator.BillGen2022" name="verifyLoginFunctionalityWithInvalidCred" time="181.794">
    <failure type="org.openqa.selenium.NoSuchElementException" message="no such element: Unable to locate element: {&amp;quot;method&amp;quot;:&amp;quot;xpath&amp;quot;,&amp;quot;selector&amp;quot;:&amp;quot;//*[text()=&amp;apos;Login&amp;apos;]&amp;quot;}
  (Session info: chrome=111.0.5563.147)
For documentation on this error, please visit: https://selenium.dev/exceptions/#no_such_element
Build info: version: &amp;apos;4.4.0&amp;apos;, revision: &amp;apos;e5c75ed026a&amp;apos;
System info: host: &amp;apos;DESKTOP-6KOFRV4&amp;apos;, ip: &amp;apos;192.168.1.14&amp;apos;, os.name: &amp;apos;Windows 10&amp;apos;, os.arch: &amp;apos;amd64&amp;apos;, os.version: &amp;apos;10.0&amp;apos;, java.version: &amp;apos;11.0.13&amp;apos;
Driver info: org.openqa.selenium.chrome.ChromeDriver
Command: [85f68eacd1732326296e4973d5567a6f, findElement {using=xpath, value=//*[text()=&amp;apos;Login&amp;apos;]}]
Capabilities {acceptInsecureCerts: false, browserName: chrome, browserVersion: 111.0.5563.147, chrome: {chromedriverVersion: 111.0.5563.64 (c710e93d5b63..., userDataDir: C:\Users\Marquee\AppData\Lo...}, goog:chromeOptions: {debuggerAddress: localhost:64155}, networkConnectionEnabled: false, pageLoadStrategy: normal, platformName: WINDOWS, proxy: Proxy(), se:cdp: ws://localhost:64155/devtoo..., se:cdpVersion: 111.0.5563.147, setWindowRect: true, strictFileInteractability: false, timeouts: {implicit: 0, pageLoad: 300000, script: 30000}, unhandledPromptBehavior: dismiss and notify, webauthn:extension:credBlob: true, webauthn:extension:largeBlob: true, webauthn:extension:minPinLength: true, webauthn:extension:prf: true, webauthn:virtualAuthenticators: true}
Session ID: 85f68eacd1732326296e4973d5567a6f">
      <![CDATA[org.openqa.selenium.NoSuchElementException: no such element: Unable to locate element: {"method":"xpath","selector":"//*[text()='Login']"}
  (Session info: chrome=111.0.5563.147)
For documentation on this error, please visit: https://selenium.dev/exceptions/#no_such_element
Build info: version: '4.4.0', revision: 'e5c75ed026a'
System info: host: 'DESKTOP-6KOFRV4', ip: '192.168.1.14', os.name: 'Windows 10', os.arch: 'amd64', os.version: '10.0', java.version: '11.0.13'
Driver info: org.openqa.selenium.chrome.ChromeDriver
Command: [85f68eacd1732326296e4973d5567a6f, findElement {using=xpath, value=//*[text()='Login']}]
Capabilities {acceptInsecureCerts: false, browserName: chrome, browserVersion: 111.0.5563.147, chrome: {chromedriverVersion: 111.0.5563.64 (c710e93d5b63..., userDataDir: C:\Users\Marquee\AppData\Lo...}, goog:chromeOptions: {debuggerAddress: localhost:64155}, networkConnectionEnabled: false, pageLoadStrategy: normal, platformName: WINDOWS, proxy: Proxy(), se:cdp: ws://localhost:64155/devtoo..., se:cdpVersion: 111.0.5563.147, setWindowRect: true, strictFileInteractability: false, timeouts: {implicit: 0, pageLoad: 300000, script: 30000}, unhandledPromptBehavior: dismiss and notify, webauthn:extension:credBlob: true, webauthn:extension:largeBlob: true, webauthn:extension:minPinLength: true, webauthn:extension:prf: true, webauthn:virtualAuthenticators: true}
Session ID: 85f68eacd1732326296e4973d5567a6f
at org.openqa.selenium.remote.codec.w3c.W3CHttpResponseCodec.createException(W3CHttpResponseCodec.java:200)
at org.openqa.selenium.remote.codec.w3c.W3CHttpResponseCodec.decode(W3CHttpResponseCodec.java:133)
at org.openqa.selenium.remote.codec.w3c.W3CHttpResponseCodec.decode(W3CHttpResponseCodec.java:53)
at org.openqa.selenium.remote.HttpCommandExecutor.execute(HttpCommandExecutor.java:184)
at org.openqa.selenium.remote.service.DriverCommandExecutor.invokeExecute(DriverCommandExecutor.java:167)
at org.openqa.selenium.remote.service.DriverCommandExecutor.execute(DriverCommandExecutor.java:142)
at org.openqa.selenium.remote.RemoteWebDriver.execute(RemoteWebDriver.java:547)
at org.openqa.selenium.remote.ElementLocation$ElementFinder$2.findElement(ElementLocation.java:162)
at org.openqa.selenium.remote.ElementLocation.findElement(ElementLocation.java:60)
at org.openqa.selenium.remote.RemoteWebDriver.findElement(RemoteWebDriver.java:365)
at org.openqa.selenium.remote.RemoteWebDriver.findElement(RemoteWebDriver.java:357)
at org.openqa.selenium.support.pagefactory.DefaultElementLocator.findElement(DefaultElementLocator.java:70)
at org.openqa.selenium.support.pagefactory.internal.LocatingElementHandler.invoke(LocatingElementHandler.java:39)
at com.sun.proxy.$Proxy19.click(Unknown Source)
at WebApp.BillGenratorWebApp.Paystub.PaystubWebFormPage.Login(PaystubWebFormPage.java:1425)
at WebApp.BillGenrator.BillGen2022.verifyLoginFunctionalityWithInvalidCred(BillGen2022.java:5893)
at java.base/java.util.ArrayList.forEach(ArrayList.java:1541)
... Removed 30 stack frames]]>
    </failure>
  </testcase> <!-- verifyLoginFunctionalityWithInvalidCred -->
  <testcase classname="WebApp.BillGenrator.BillGen2022" name="verifyLoginFunctionalityWithInvalidCred" time="181.841">
    <failure type="org.openqa.selenium.NoSuchElementException" message="no such element: Unable to locate element: {&amp;quot;method&amp;quot;:&amp;quot;xpath&amp;quot;,&amp;quot;selector&amp;quot;:&amp;quot;//*[text()=&amp;apos;Login&amp;apos;]&amp;quot;}
  (Session info: chrome=111.0.5563.147)
For documentation on this error, please visit: https://selenium.dev/exceptions/#no_such_element
Build info: version: &amp;apos;4.4.0&amp;apos;, revision: &amp;apos;e5c75ed026a&amp;apos;
System info: host: &amp;apos;DESKTOP-6KOFRV4&amp;apos;, ip: &amp;apos;192.168.1.14&amp;apos;, os.name: &amp;apos;Windows 10&amp;apos;, os.arch: &amp;apos;amd64&amp;apos;, os.version: &amp;apos;10.0&amp;apos;, java.version: &amp;apos;11.0.13&amp;apos;
Driver info: org.openqa.selenium.chrome.ChromeDriver
Command: [85f68eacd1732326296e4973d5567a6f, findElement {using=xpath, value=//*[text()=&amp;apos;Login&amp;apos;]}]
Capabilities {acceptInsecureCerts: false, browserName: chrome, browserVersion: 111.0.5563.147, chrome: {chromedriverVersion: 111.0.5563.64 (c710e93d5b63..., userDataDir: C:\Users\Marquee\AppData\Lo...}, goog:chromeOptions: {debuggerAddress: localhost:64155}, networkConnectionEnabled: false, pageLoadStrategy: normal, platformName: WINDOWS, proxy: Proxy(), se:cdp: ws://localhost:64155/devtoo..., se:cdpVersion: 111.0.5563.147, setWindowRect: true, strictFileInteractability: false, timeouts: {implicit: 0, pageLoad: 300000, script: 30000}, unhandledPromptBehavior: dismiss and notify, webauthn:extension:credBlob: true, webauthn:extension:largeBlob: true, webauthn:extension:minPinLength: true, webauthn:extension:prf: true, webauthn:virtualAuthenticators: true}
Session ID: 85f68eacd1732326296e4973d5567a6f">
      <![CDATA[org.openqa.selenium.NoSuchElementException: no such element: Unable to locate element: {"method":"xpath","selector":"//*[text()='Login']"}
  (Session info: chrome=111.0.5563.147)
For documentation on this error, please visit: https://selenium.dev/exceptions/#no_such_element
Build info: version: '4.4.0', revision: 'e5c75ed026a'
System info: host: 'DESKTOP-6KOFRV4', ip: '192.168.1.14', os.name: 'Windows 10', os.arch: 'amd64', os.version: '10.0', java.version: '11.0.13'
Driver info: org.openqa.selenium.chrome.ChromeDriver
Command: [85f68eacd1732326296e4973d5567a6f, findElement {using=xpath, value=//*[text()='Login']}]
Capabilities {acceptInsecureCerts: false, browserName: chrome, browserVersion: 111.0.5563.147, chrome: {chromedriverVersion: 111.0.5563.64 (c710e93d5b63..., userDataDir: C:\Users\Marquee\AppData\Lo...}, goog:chromeOptions: {debuggerAddress: localhost:64155}, networkConnectionEnabled: false, pageLoadStrategy: normal, platformName: WINDOWS, proxy: Proxy(), se:cdp: ws://localhost:64155/devtoo..., se:cdpVersion: 111.0.5563.147, setWindowRect: true, strictFileInteractability: false, timeouts: {implicit: 0, pageLoad: 300000, script: 30000}, unhandledPromptBehavior: dismiss and notify, webauthn:extension:credBlob: true, webauthn:extension:largeBlob: true, webauthn:extension:minPinLength: true, webauthn:extension:prf: true, webauthn:virtualAuthenticators: true}
Session ID: 85f68eacd1732326296e4973d5567a6f
at org.openqa.selenium.remote.codec.w3c.W3CHttpResponseCodec.createException(W3CHttpResponseCodec.java:200)
at org.openqa.selenium.remote.codec.w3c.W3CHttpResponseCodec.decode(W3CHttpResponseCodec.java:133)
at org.openqa.selenium.remote.codec.w3c.W3CHttpResponseCodec.decode(W3CHttpResponseCodec.java:53)
at org.openqa.selenium.remote.HttpCommandExecutor.execute(HttpCommandExecutor.java:184)
at org.openqa.selenium.remote.service.DriverCommandExecutor.invokeExecute(DriverCommandExecutor.java:167)
at org.openqa.selenium.remote.service.DriverCommandExecutor.execute(DriverCommandExecutor.java:142)
at org.openqa.selenium.remote.RemoteWebDriver.execute(RemoteWebDriver.java:547)
at org.openqa.selenium.remote.ElementLocation$ElementFinder$2.findElement(ElementLocation.java:162)
at org.openqa.selenium.remote.ElementLocation.findElement(ElementLocation.java:60)
at org.openqa.selenium.remote.RemoteWebDriver.findElement(RemoteWebDriver.java:365)
at org.openqa.selenium.remote.RemoteWebDriver.findElement(RemoteWebDriver.java:357)
at org.openqa.selenium.support.pagefactory.DefaultElementLocator.findElement(DefaultElementLocator.java:70)
at org.openqa.selenium.support.pagefactory.internal.LocatingElementHandler.invoke(LocatingElementHandler.java:39)
at com.sun.proxy.$Proxy19.click(Unknown Source)
at WebApp.BillGenratorWebApp.Paystub.PaystubWebFormPage.Login(PaystubWebFormPage.java:1425)
at WebApp.BillGenrator.BillGen2022.verifyLoginFunctionalityWithInvalidCred(BillGen2022.java:5893)
at java.base/java.util.ArrayList.forEach(ArrayList.java:1541)
... Removed 30 stack frames]]>
    </failure>
  </testcase> <!-- verifyLoginFunctionalityWithInvalidCred -->
  <testcase classname="WebApp.BillGenrator.BillGen2022" name="verifyLoginFunctionalityWithInvalidCred" time="181.791">
    <failure type="org.openqa.selenium.NoSuchElementException" message="no such element: Unable to locate element: {&amp;quot;method&amp;quot;:&amp;quot;xpath&amp;quot;,&amp;quot;selector&amp;quot;:&amp;quot;//*[text()=&amp;apos;Login&amp;apos;]&amp;quot;}
  (Session info: chrome=111.0.5563.147)
For documentation on this error, please visit: https://selenium.dev/exceptions/#no_such_element
Build info: version: &amp;apos;4.4.0&amp;apos;, revision: &amp;apos;e5c75ed026a&amp;apos;
System info: host: &amp;apos;DESKTOP-6KOFRV4&amp;apos;, ip: &amp;apos;192.168.1.14&amp;apos;, os.name: &amp;apos;Windows 10&amp;apos;, os.arch: &amp;apos;amd64&amp;apos;, os.version: &amp;apos;10.0&amp;apos;, java.version: &amp;apos;11.0.13&amp;apos;
Driver info: org.openqa.selenium.chrome.ChromeDriver
Command: [85f68eacd1732326296e4973d5567a6f, findElement {using=xpath, value=//*[text()=&amp;apos;Login&amp;apos;]}]
Capabilities {acceptInsecureCerts: false, browserName: chrome, browserVersion: 111.0.5563.147, chrome: {chromedriverVersion: 111.0.5563.64 (c710e93d5b63..., userDataDir: C:\Users\Marquee\AppData\Lo...}, goog:chromeOptions: {debuggerAddress: localhost:64155}, networkConnectionEnabled: false, pageLoadStrategy: normal, platformName: WINDOWS, proxy: Proxy(), se:cdp: ws://localhost:64155/devtoo..., se:cdpVersion: 111.0.5563.147, setWindowRect: true, strictFileInteractability: false, timeouts: {implicit: 0, pageLoad: 300000, script: 30000}, unhandledPromptBehavior: dismiss and notify, webauthn:extension:credBlob: true, webauthn:extension:largeBlob: true, webauthn:extension:minPinLength: true, webauthn:extension:prf: true, webauthn:virtualAuthenticators: true}
Session ID: 85f68eacd1732326296e4973d5567a6f">
      <![CDATA[org.openqa.selenium.NoSuchElementException: no such element: Unable to locate element: {"method":"xpath","selector":"//*[text()='Login']"}
  (Session info: chrome=111.0.5563.147)
For documentation on this error, please visit: https://selenium.dev/exceptions/#no_such_element
Build info: version: '4.4.0', revision: 'e5c75ed026a'
System info: host: 'DESKTOP-6KOFRV4', ip: '192.168.1.14', os.name: 'Windows 10', os.arch: 'amd64', os.version: '10.0', java.version: '11.0.13'
Driver info: org.openqa.selenium.chrome.ChromeDriver
Command: [85f68eacd1732326296e4973d5567a6f, findElement {using=xpath, value=//*[text()='Login']}]
Capabilities {acceptInsecureCerts: false, browserName: chrome, browserVersion: 111.0.5563.147, chrome: {chromedriverVersion: 111.0.5563.64 (c710e93d5b63..., userDataDir: C:\Users\Marquee\AppData\Lo...}, goog:chromeOptions: {debuggerAddress: localhost:64155}, networkConnectionEnabled: false, pageLoadStrategy: normal, platformName: WINDOWS, proxy: Proxy(), se:cdp: ws://localhost:64155/devtoo..., se:cdpVersion: 111.0.5563.147, setWindowRect: true, strictFileInteractability: false, timeouts: {implicit: 0, pageLoad: 300000, script: 30000}, unhandledPromptBehavior: dismiss and notify, webauthn:extension:credBlob: true, webauthn:extension:largeBlob: true, webauthn:extension:minPinLength: true, webauthn:extension:prf: true, webauthn:virtualAuthenticators: true}
Session ID: 85f68eacd1732326296e4973d5567a6f
at org.openqa.selenium.remote.codec.w3c.W3CHttpResponseCodec.createException(W3CHttpResponseCodec.java:200)
at org.openqa.selenium.remote.codec.w3c.W3CHttpResponseCodec.decode(W3CHttpResponseCodec.java:133)
at org.openqa.selenium.remote.codec.w3c.W3CHttpResponseCodec.decode(W3CHttpResponseCodec.java:53)
at org.openqa.selenium.remote.HttpCommandExecutor.execute(HttpCommandExecutor.java:184)
at org.openqa.selenium.remote.service.DriverCommandExecutor.invokeExecute(DriverCommandExecutor.java:167)
at org.openqa.selenium.remote.service.DriverCommandExecutor.execute(DriverCommandExecutor.java:142)
at org.openqa.selenium.remote.RemoteWebDriver.execute(RemoteWebDriver.java:547)
at org.openqa.selenium.remote.ElementLocation$ElementFinder$2.findElement(ElementLocation.java:162)
at org.openqa.selenium.remote.ElementLocation.findElement(ElementLocation.java:60)
at org.openqa.selenium.remote.RemoteWebDriver.findElement(RemoteWebDriver.java:365)
at org.openqa.selenium.remote.RemoteWebDriver.findElement(RemoteWebDriver.java:357)
at org.openqa.selenium.support.pagefactory.DefaultElementLocator.findElement(DefaultElementLocator.java:70)
at org.openqa.selenium.support.pagefactory.internal.LocatingElementHandler.invoke(LocatingElementHandler.java:39)
at com.sun.proxy.$Proxy19.click(Unknown Source)
at WebApp.BillGenratorWebApp.Paystub.PaystubWebFormPage.Login(PaystubWebFormPage.java:1425)
at WebApp.BillGenrator.BillGen2022.verifyLoginFunctionalityWithInvalidCred(BillGen2022.java:5893)
at java.base/java.util.ArrayList.forEach(ArrayList.java:1541)
... Removed 30 stack frames]]>
    </failure>
  </testcase> <!-- verifyLoginFunctionalityWithInvalidCred -->
  <testcase classname="WebApp.BillGenrator.BillGen2022" name="verifyPaystubTemplateWithLogin" time="181.81">
    <failure type="org.openqa.selenium.NoSuchElementException" message="no such element: Unable to locate element: {&amp;quot;method&amp;quot;:&amp;quot;xpath&amp;quot;,&amp;quot;selector&amp;quot;:&amp;quot;//*[text()=&amp;apos;Login&amp;apos;]&amp;quot;}
  (Session info: chrome=111.0.5563.147)
For documentation on this error, please visit: https://selenium.dev/exceptions/#no_such_element
Build info: version: &amp;apos;4.4.0&amp;apos;, revision: &amp;apos;e5c75ed026a&amp;apos;
System info: host: &amp;apos;DESKTOP-6KOFRV4&amp;apos;, ip: &amp;apos;192.168.1.14&amp;apos;, os.name: &amp;apos;Windows 10&amp;apos;, os.arch: &amp;apos;amd64&amp;apos;, os.version: &amp;apos;10.0&amp;apos;, java.version: &amp;apos;11.0.13&amp;apos;
Driver info: org.openqa.selenium.chrome.ChromeDriver
Command: [85f68eacd1732326296e4973d5567a6f, findElement {using=xpath, value=//*[text()=&amp;apos;Login&amp;apos;]}]
Capabilities {acceptInsecureCerts: false, browserName: chrome, browserVersion: 111.0.5563.147, chrome: {chromedriverVersion: 111.0.5563.64 (c710e93d5b63..., userDataDir: C:\Users\Marquee\AppData\Lo...}, goog:chromeOptions: {debuggerAddress: localhost:64155}, networkConnectionEnabled: false, pageLoadStrategy: normal, platformName: WINDOWS, proxy: Proxy(), se:cdp: ws://localhost:64155/devtoo..., se:cdpVersion: 111.0.5563.147, setWindowRect: true, strictFileInteractability: false, timeouts: {implicit: 0, pageLoad: 300000, script: 30000}, unhandledPromptBehavior: dismiss and notify, webauthn:extension:credBlob: true, webauthn:extension:largeBlob: true, webauthn:extension:minPinLength: true, webauthn:extension:prf: true, webauthn:virtualAuthenticators: true}
Session ID: 85f68eacd1732326296e4973d5567a6f">
      <![CDATA[org.openqa.selenium.NoSuchElementException: no such element: Unable to locate element: {"method":"xpath","selector":"//*[text()='Login']"}
  (Session info: chrome=111.0.5563.147)
For documentation on this error, please visit: https://selenium.dev/exceptions/#no_such_element
Build info: version: '4.4.0', revision: 'e5c75ed026a'
System info: host: 'DESKTOP-6KOFRV4', ip: '192.168.1.14', os.name: 'Windows 10', os.arch: 'amd64', os.version: '10.0', java.version: '11.0.13'
Driver info: org.openqa.selenium.chrome.ChromeDriver
Command: [85f68eacd1732326296e4973d5567a6f, findElement {using=xpath, value=//*[text()='Login']}]
Capabilities {acceptInsecureCerts: false, browserName: chrome, browserVersion: 111.0.5563.147, chrome: {chromedriverVersion: 111.0.5563.64 (c710e93d5b63..., userDataDir: C:\Users\Marquee\AppData\Lo...}, goog:chromeOptions: {debuggerAddress: localhost:64155}, networkConnectionEnabled: false, pageLoadStrategy: normal, platformName: WINDOWS, proxy: Proxy(), se:cdp: ws://localhost:64155/devtoo..., se:cdpVersion: 111.0.5563.147, setWindowRect: true, strictFileInteractability: false, timeouts: {implicit: 0, pageLoad: 300000, script: 30000}, unhandledPromptBehavior: dismiss and notify, webauthn:extension:credBlob: true, webauthn:extension:largeBlob: true, webauthn:extension:minPinLength: true, webauthn:extension:prf: true, webauthn:virtualAuthenticators: true}
Session ID: 85f68eacd1732326296e4973d5567a6f
at org.openqa.selenium.remote.codec.w3c.W3CHttpResponseCodec.createException(W3CHttpResponseCodec.java:200)
at org.openqa.selenium.remote.codec.w3c.W3CHttpResponseCodec.decode(W3CHttpResponseCodec.java:133)
at org.openqa.selenium.remote.codec.w3c.W3CHttpResponseCodec.decode(W3CHttpResponseCodec.java:53)
at org.openqa.selenium.remote.HttpCommandExecutor.execute(HttpCommandExecutor.java:184)
at org.openqa.selenium.remote.service.DriverCommandExecutor.invokeExecute(DriverCommandExecutor.java:167)
at org.openqa.selenium.remote.service.DriverCommandExecutor.execute(DriverCommandExecutor.java:142)
at org.openqa.selenium.remote.RemoteWebDriver.execute(RemoteWebDriver.java:547)
at org.openqa.selenium.remote.ElementLocation$ElementFinder$2.findElement(ElementLocation.java:162)
at org.openqa.selenium.remote.ElementLocation.findElement(ElementLocation.java:60)
at org.openqa.selenium.remote.RemoteWebDriver.findElement(RemoteWebDriver.java:365)
at org.openqa.selenium.remote.RemoteWebDriver.findElement(RemoteWebDriver.java:357)
at org.openqa.selenium.support.pagefactory.DefaultElementLocator.findElement(DefaultElementLocator.java:70)
at org.openqa.selenium.support.pagefactory.internal.LocatingElementHandler.invoke(LocatingElementHandler.java:39)
at com.sun.proxy.$Proxy19.click(Unknown Source)
at WebApp.BillGenratorWebApp.Paystub.PaystubWebFormPage.Login(PaystubWebFormPage.java:1425)
at WebApp.BillGenrator.BillGen2022.verifyPaystubTemplateWithLogin(BillGen2022.java:5940)
at java.base/java.util.ArrayList.forEach(ArrayList.java:1541)
... Removed 30 stack frames]]>
    </failure>
  </testcase> <!-- verifyPaystubTemplateWithLogin -->
  <testcase classname="WebApp.BillGenrator.BillGen2022" name="verifyDataOfTemplateAfterLogout" time="0.0">
    <skipped/>
  </testcase> <!-- verifyDataOfTemplateAfterLogout -->
  <testcase classname="WebApp.BillGenrator.BillGen2022" name="verifyGmail" time="369.714">
    <failure type="java.lang.AssertionError" message="The following asserts failed:
	How many pay periods have you worked? is not displayed. expected [true] but found [false],
	test name ytd total in paystub 2 is not as per the template saved. expected [528.00] but found [1,254.00],
	Gross Pay total in paystub 2 is not as per the template saved. expected [389,946.20] but found [390,144.20],
	Gross Pay YTD total in paystub 2 is not as per the template saved. expected [389,946.20] but found [390,144.20],
	FICA - Social Security total in paystub 2 is not as per the template saved. expected [9,114.00] but found [0.00],
	SDI total in paystub 2 is not as per the template saved. expected [157.45] but found [0.00],
	SUI total in paystub 2 is not as per the template saved. expected [128.14] but found [0.00],
	FLI total in paystub 2 is not as per the template saved. expected [98.80] but found [0.00],
	Workforce Development total in paystub 2 is not as per the template saved. expected [14.24] but found [0.00],
	Federal Tax ytd total in paystub 2 is not as per the template saved. expected [141,278.90] but found [282,631.06],
	State Tax ytd total in paystub 2 is not as per the template saved. expected [40,579.12] but found [81,179.53],
	Custom deduction ytd total in paystub 2 is not as per the template saved. expected [200.00] but found [400.00],
	deductions total in paystub 2 is not as per the template saved. expected [200,665.15] but found [200,764.36],
	ytd_deductions total in paystub 2 is not as per the template saved. expected [200,665.15] but found [200,764.36],
	net_pay total in paystub 2 is not as per the template saved. expected [189,281.05] but found [189,379.84],
	net_pay ytd total in paystub 2 is not as per the template saved. expected [189,281.05] but found [189,379.84]">
      <![CDATA[java.lang.AssertionError: The following asserts failed:
How many pay periods have you worked? is not displayed. expected [true] but found [false],
test name ytd total in paystub 2 is not as per the template saved. expected [528.00] but found [1,254.00],
Gross Pay total in paystub 2 is not as per the template saved. expected [389,946.20] but found [390,144.20],
Gross Pay YTD total in paystub 2 is not as per the template saved. expected [389,946.20] but found [390,144.20],
FICA - Social Security total in paystub 2 is not as per the template saved. expected [9,114.00] but found [0.00],
SDI total in paystub 2 is not as per the template saved. expected [157.45] but found [0.00],
SUI total in paystub 2 is not as per the template saved. expected [128.14] but found [0.00],
FLI total in paystub 2 is not as per the template saved. expected [98.80] but found [0.00],
Workforce Development total in paystub 2 is not as per the template saved. expected [14.24] but found [0.00],
Federal Tax ytd total in paystub 2 is not as per the template saved. expected [141,278.90] but found [282,631.06],
State Tax ytd total in paystub 2 is not as per the template saved. expected [40,579.12] but found [81,179.53],
Custom deduction ytd total in paystub 2 is not as per the template saved. expected [200.00] but found [400.00],
deductions total in paystub 2 is not as per the template saved. expected [200,665.15] but found [200,764.36],
ytd_deductions total in paystub 2 is not as per the template saved. expected [200,665.15] but found [200,764.36],
net_pay total in paystub 2 is not as per the template saved. expected [189,281.05] but found [189,379.84],
net_pay ytd total in paystub 2 is not as per the template saved. expected [189,281.05] but found [189,379.84]
at WebApp.BillGenrator.BillGen2022.verifyGmail(BillGen2022.java:7149)
at java.base/java.util.ArrayList.forEach(ArrayList.java:1541)
... Removed 29 stack frames]]>
    </failure>
  </testcase> <!-- verifyGmail -->
  <testcase classname="WebApp.BillGenrator.BillGen2022" name="verifyForgotPasswordFunctionality" time="181.867">
    <failure type="org.openqa.selenium.NoSuchElementException" message="no such element: Unable to locate element: {&amp;quot;method&amp;quot;:&amp;quot;xpath&amp;quot;,&amp;quot;selector&amp;quot;:&amp;quot;//*[text()=&amp;apos;Login&amp;apos;]&amp;quot;}
  (Session info: chrome=111.0.5563.147)
For documentation on this error, please visit: https://selenium.dev/exceptions/#no_such_element
Build info: version: &amp;apos;4.4.0&amp;apos;, revision: &amp;apos;e5c75ed026a&amp;apos;
System info: host: &amp;apos;DESKTOP-6KOFRV4&amp;apos;, ip: &amp;apos;192.168.1.14&amp;apos;, os.name: &amp;apos;Windows 10&amp;apos;, os.arch: &amp;apos;amd64&amp;apos;, os.version: &amp;apos;10.0&amp;apos;, java.version: &amp;apos;11.0.13&amp;apos;
Driver info: org.openqa.selenium.chrome.ChromeDriver
Command: [85f68eacd1732326296e4973d5567a6f, findElement {using=xpath, value=//*[text()=&amp;apos;Login&amp;apos;]}]
Capabilities {acceptInsecureCerts: false, browserName: chrome, browserVersion: 111.0.5563.147, chrome: {chromedriverVersion: 111.0.5563.64 (c710e93d5b63..., userDataDir: C:\Users\Marquee\AppData\Lo...}, goog:chromeOptions: {debuggerAddress: localhost:64155}, networkConnectionEnabled: false, pageLoadStrategy: normal, platformName: WINDOWS, proxy: Proxy(), se:cdp: ws://localhost:64155/devtoo..., se:cdpVersion: 111.0.5563.147, setWindowRect: true, strictFileInteractability: false, timeouts: {implicit: 0, pageLoad: 300000, script: 30000}, unhandledPromptBehavior: dismiss and notify, webauthn:extension:credBlob: true, webauthn:extension:largeBlob: true, webauthn:extension:minPinLength: true, webauthn:extension:prf: true, webauthn:virtualAuthenticators: true}
Session ID: 85f68eacd1732326296e4973d5567a6f">
      <![CDATA[org.openqa.selenium.NoSuchElementException: no such element: Unable to locate element: {"method":"xpath","selector":"//*[text()='Login']"}
  (Session info: chrome=111.0.5563.147)
For documentation on this error, please visit: https://selenium.dev/exceptions/#no_such_element
Build info: version: '4.4.0', revision: 'e5c75ed026a'
System info: host: 'DESKTOP-6KOFRV4', ip: '192.168.1.14', os.name: 'Windows 10', os.arch: 'amd64', os.version: '10.0', java.version: '11.0.13'
Driver info: org.openqa.selenium.chrome.ChromeDriver
Command: [85f68eacd1732326296e4973d5567a6f, findElement {using=xpath, value=//*[text()='Login']}]
Capabilities {acceptInsecureCerts: false, browserName: chrome, browserVersion: 111.0.5563.147, chrome: {chromedriverVersion: 111.0.5563.64 (c710e93d5b63..., userDataDir: C:\Users\Marquee\AppData\Lo...}, goog:chromeOptions: {debuggerAddress: localhost:64155}, networkConnectionEnabled: false, pageLoadStrategy: normal, platformName: WINDOWS, proxy: Proxy(), se:cdp: ws://localhost:64155/devtoo..., se:cdpVersion: 111.0.5563.147, setWindowRect: true, strictFileInteractability: false, timeouts: {implicit: 0, pageLoad: 300000, script: 30000}, unhandledPromptBehavior: dismiss and notify, webauthn:extension:credBlob: true, webauthn:extension:largeBlob: true, webauthn:extension:minPinLength: true, webauthn:extension:prf: true, webauthn:virtualAuthenticators: true}
Session ID: 85f68eacd1732326296e4973d5567a6f
at org.openqa.selenium.remote.codec.w3c.W3CHttpResponseCodec.createException(W3CHttpResponseCodec.java:200)
at org.openqa.selenium.remote.codec.w3c.W3CHttpResponseCodec.decode(W3CHttpResponseCodec.java:133)
at org.openqa.selenium.remote.codec.w3c.W3CHttpResponseCodec.decode(W3CHttpResponseCodec.java:53)
at org.openqa.selenium.remote.HttpCommandExecutor.execute(HttpCommandExecutor.java:184)
at org.openqa.selenium.remote.service.DriverCommandExecutor.invokeExecute(DriverCommandExecutor.java:167)
at org.openqa.selenium.remote.service.DriverCommandExecutor.execute(DriverCommandExecutor.java:142)
at org.openqa.selenium.remote.RemoteWebDriver.execute(RemoteWebDriver.java:547)
at org.openqa.selenium.remote.ElementLocation$ElementFinder$2.findElement(ElementLocation.java:162)
at org.openqa.selenium.remote.ElementLocation.findElement(ElementLocation.java:60)
at org.openqa.selenium.remote.RemoteWebDriver.findElement(RemoteWebDriver.java:365)
at org.openqa.selenium.remote.RemoteWebDriver.findElement(RemoteWebDriver.java:357)
at org.openqa.selenium.support.pagefactory.DefaultElementLocator.findElement(DefaultElementLocator.java:70)
at org.openqa.selenium.support.pagefactory.internal.LocatingElementHandler.invoke(LocatingElementHandler.java:39)
at com.sun.proxy.$Proxy19.click(Unknown Source)
at WebApp.BillGenratorWebApp.Paystub.PaystubWebFormPage.Login(PaystubWebFormPage.java:1425)
at WebApp.BillGenrator.BillGen2022.verifyForgotPasswordFunctionality(BillGen2022.java:7158)
at java.base/java.util.ArrayList.forEach(ArrayList.java:1541)
... Removed 30 stack frames]]>
    </failure>
  </testcase> <!-- verifyForgotPasswordFunctionality -->
  <testcase classname="WebApp.BillGenrator.BillGen2022" name="verifyPayPeriodDurationInSemiMonthly" time="0.0">
    <ignored/>
  </testcase> <!-- verifyPayPeriodDurationInSemiMonthly -->
  <testcase classname="WebApp.BillGenrator.BillGen2022" name="getexcelData" time="0.0">
    <ignored/>
  </testcase> <!-- getexcelData -->
  <testcase classname="WebApp.BillGenrator.BillGen2022" name="verifySalaryTotalValueSemiMonthly" time="0.0">
    <ignored/>
  </testcase> <!-- verifySalaryTotalValueSemiMonthly -->
</testsuite> <!-- WebPaystubFormInChrome -->
