<?xml version="1.0" encoding="UTF-8"?>
<!-- Generated by org.testng.reporters.JUnitXMLReporter -->
<testsuite ignored="3" hostname="DESKTOP-6KOFRV4" failures="32" tests="62" name="WebPaystubForm" time="4522.882" errors="0" timestamp="2023-03-30T10:27:44 IST">
  <testcase classname="WebApp.BillGenrator.BillGen2022" name="enterAllInputs" time="71.313">
    <failure type="java.lang.AssertionError" message="The following asserts failed:
	expected [TEST COMPANY NAME
1-234-567-8901
TEST COMPANY STREET ADDRESS1 123456, TESTINNG COMPANY ADDRESS.
TEST COMPANY STREET ADDRESS2 123456, TESTINNG COMPANY ADDRESS.
TEST COMPANYCITY,NM,65432] but found [TEST COMPANY NAME
1-234-567-8901
TEST COMPANY STREET ADDRESS1 123456, TESTINNG COMPANY ADDRESS.
TEST COMPANY STREET ADDRESS2 123456, TESTINNG COMPANY ADDRESS.
TEST COMPANYCITY,NM,65432]">
      <![CDATA[java.lang.AssertionError: The following asserts failed:
expected [TEST COMPANY NAME
1-234-567-8901
TEST COMPANY STREET ADDRESS1 123456, TESTINNG COMPANY ADDRESS.
TEST COMPANY STREET ADDRESS2 123456, TESTINNG COMPANY ADDRESS.
TEST COMPANYCITY,NM,65432] but found [TEST COMPANY NAME
1-234-567-8901
TEST COMPANY STREET ADDRESS1 123456, TESTINNG COMPANY ADDRESS.
TEST COMPANY STREET ADDRESS2 123456, TESTINNG COMPANY ADDRESS.
TEST COMPANYCITY,NM,65432]
at WebApp.BillGenrator.BillGen2022.enterAllInputs(BillGen2022.java:120)
at java.base/java.util.ArrayList.forEach(ArrayList.java:1541)
... Removed 29 stack frames]]>
    </failure>
  </testcase> <!-- enterAllInputs -->
  <testcase classname="WebApp.BillGenrator.BillGen2022" name="verifyFICAMedicareWithGrossPayYTDTotalLessThan200000" time="9.473"/>
  <testcase classname="WebApp.BillGenrator.BillGen2022" name="verifyFICAMedicareWithGrossPayYTDTotalGreaterThan200000" time="9.429"/>
  <testcase classname="WebApp.BillGenrator.BillGen2022" name="verifyFICASocialSecurityCalculations" time="9.368"/>
  <testcase classname="WebApp.BillGenrator.BillGen2022" name="verifyFicaSocialSecurityCalculations" time="11.728"/>
  <testcase classname="WebApp.BillGenrator.BillGen2022" name="VerifyFederalTaxCalculationsonTemplate1" time="13.554"/>
  <testcase classname="WebApp.BillGenrator.BillGen2022" name="VerifyFederalTaxCalculationsWithMarriedOnTemplate1" time="13.634"/>
  <testcase classname="WebApp.BillGenrator.BillGen2022" name="verifyFederalTaxWithAllExemptions" time="149.927"/>
  <testcase classname="WebApp.BillGenrator.BillGen2022" name="VerifyStateTaxCalculationsWithAllStatesOnTemplate1" time="395.856"/>
  <testcase classname="WebApp.BillGenrator.BillGen2022" name="VerifyStateTaxCalculationsWithAllStatesWithSingleOnTemplate1" time="392.623"/>
  <testcase classname="WebApp.BillGenrator.BillGen2022" name="VerifyStateTaxCalculationsWithAllStatesWithSingle2OnTemplate1" time="42.267"/>
  <testcase classname="WebApp.BillGenrator.BillGen2022" name="VerifyStateTaxCalculationsWithAllStatesWithMarriedOnTemplate1" time="392.948"/>
  <testcase classname="WebApp.BillGenrator.BillGen2022" name="VerifySDITaxCalculationsonTemplate1" time="13.77"/>
  <testcase classname="WebApp.BillGenrator.BillGen2022" name="VerifySDITaxCalculationsonTemplate1" time="13.774">
    <failure type="java.lang.AssertionError" message="The SDI Values are wrong for the state Hawaii
	expected [960.00] but found [22.04]">
      <![CDATA[java.lang.AssertionError: The SDI Values are wrong for the state Hawaii
expected [960.00] but found [22.04]
at WebApp.BillGenrator.BillGen2022.VerifySDITaxCalculationsonTemplate1(BillGen2022.java:4416)
at java.base/java.util.ArrayList.forEach(ArrayList.java:1541)
... Removed 28 stack frames]]>
    </failure>
  </testcase> <!-- VerifySDITaxCalculationsonTemplate1 -->
  <testcase classname="WebApp.BillGenrator.BillGen2022" name="VerifySDITaxCalculationsonTemplate1" time="7.728"/>
  <testcase classname="WebApp.BillGenrator.BillGen2022" name="VerifySDITaxCalculationsonTemplate1" time="7.738"/>
  <testcase classname="WebApp.BillGenrator.BillGen2022" name="VerifySDITaxCalculationsonTemplate1" time="7.775"/>
  <testcase classname="WebApp.BillGenrator.BillGen2022" name="Verify_SUI_Tax_Calculations_on_Template1_with_State" time="15.13"/>
  <testcase classname="WebApp.BillGenrator.BillGen2022" name="Verify_SUI_Tax_Calculations_on_Template1_with_State" time="9.139"/>
  <testcase classname="WebApp.BillGenrator.BillGen2022" name="Verify_SUI_Tax_Calculations_on_Template1_with_State" time="9.041"/>
  <testcase classname="WebApp.BillGenrator.BillGen2022" name="Verify_WC_Tax_Calculations_on_Template1_with_State" time="123.937"/>
  <testcase classname="WebApp.BillGenrator.BillGen2022" name="Verify_FLIFLV_Tax_Calculations_on_Template1_with_State" time="16.883"/>
  <testcase classname="WebApp.BillGenrator.BillGen2022" name="calculateWorkforceDevelopment" time="13.047"/>
  <testcase classname="WebApp.BillGenrator.BillGen2022" name="calculateWorkforceDevelopment2" time="11.797"/>
  <testcase classname="WebApp.BillGenrator.BillGen2022" name="calculateWorkforceDevelopment3" time="11.925"/>
  <testcase classname="WebApp.BillGenrator.BillGen2022" name="calculateTotalEarnings" time="30.124"/>
  <testcase classname="WebApp.BillGenrator.BillGen2022" name="verifyContractorTax" time="2.921"/>
  <testcase classname="WebApp.BillGenrator.BillGen2022" name="verifyPaystubsValues" time="117.491"/>
  <testcase classname="WebApp.BillGenrator.BillGen2022" name="verifySalaryTotalValueMonthly" time="4.855">
    <failure type="java.lang.AssertionError" message="The following asserts failed:
	expected [16.67] but found [0.83],
	Salary total calculations are getting wrong. expected [16.67] but found [0.83]">
      <![CDATA[java.lang.AssertionError: The following asserts failed:
expected [16.67] but found [0.83],
Salary total calculations are getting wrong. expected [16.67] but found [0.83]
at WebApp.BillGenrator.BillGen2022.verifySalaryTotalValueMonthly(BillGen2022.java:5287)
at java.base/java.util.ArrayList.forEach(ArrayList.java:1541)
... Removed 29 stack frames]]>
    </failure>
  </testcase> <!-- verifySalaryTotalValueMonthly -->
  <testcase classname="WebApp.BillGenrator.BillGen2022" name="verifySalaryTotalValueDaily" time="5.076">
    <failure type="java.lang.AssertionError" message="The following asserts failed:
	expected [200.00] but found [0.04],
	Salary total calculations for &amp;apos;Daily&amp;apos; are getting wrong. expected [200.00] but found [0.04]">
      <![CDATA[java.lang.AssertionError: The following asserts failed:
expected [200.00] but found [0.04],
Salary total calculations for 'Daily' are getting wrong. expected [200.00] but found [0.04]
at WebApp.BillGenrator.BillGen2022.verifySalaryTotalValueDaily(BillGen2022.java:5304)
at java.base/java.util.ArrayList.forEach(ArrayList.java:1541)
... Removed 29 stack frames]]>
    </failure>
  </testcase> <!-- verifySalaryTotalValueDaily -->
  <testcase classname="WebApp.BillGenrator.BillGen2022" name="verifySalaryTotalValueWeekly" time="4.802">
    <failure type="java.lang.AssertionError" message="The following asserts failed:
	expected [3.85] but found [0.19],
	Salary total calculations for &amp;apos;Weekly&amp;apos; are getting wrong. expected [3.85] but found [0.19]">
      <![CDATA[java.lang.AssertionError: The following asserts failed:
expected [3.85] but found [0.19],
Salary total calculations for 'Weekly' are getting wrong. expected [3.85] but found [0.19]
at WebApp.BillGenrator.BillGen2022.verifySalaryTotalValueWeekly(BillGen2022.java:5321)
at java.base/java.util.ArrayList.forEach(ArrayList.java:1541)
... Removed 29 stack frames]]>
    </failure>
  </testcase> <!-- verifySalaryTotalValueWeekly -->
  <testcase classname="WebApp.BillGenrator.BillGen2022" name="verifySalaryTotalValueBiWeekly" time="5.016">
    <failure type="java.lang.AssertionError" message="The following asserts failed:
	expected [7.69] but found [0.38],
	Salary total calculations for &amp;apos;Bi-Weekly&amp;apos; are getting wrong. expected [7.69] but found [0.38]">
      <![CDATA[java.lang.AssertionError: The following asserts failed:
expected [7.69] but found [0.38],
Salary total calculations for 'Bi-Weekly' are getting wrong. expected [7.69] but found [0.38]
at WebApp.BillGenrator.BillGen2022.verifySalaryTotalValueBiWeekly(BillGen2022.java:5338)
at java.base/java.util.ArrayList.forEach(ArrayList.java:1541)
... Removed 29 stack frames]]>
    </failure>
  </testcase> <!-- verifySalaryTotalValueBiWeekly -->
  <testcase classname="WebApp.BillGenrator.BillGen2022" name="verifySalaryTotalValueQuarterly" time="5.095">
    <failure type="java.lang.AssertionError" message="The following asserts failed:
	expected [50.00] but found [10.00],
	Salary total calculations for &amp;apos;Quarterly&amp;apos; are getting wrong. expected [50.00] but found [10.00],
	expected [6250.00] but found [25000.00],
	Salary total calculations for &amp;apos;Quarterly&amp;apos; are getting wrong. expected [6250.00] but found [25000.00]">
      <![CDATA[java.lang.AssertionError: The following asserts failed:
expected [50.00] but found [10.00],
Salary total calculations for 'Quarterly' are getting wrong. expected [50.00] but found [10.00],
expected [6250.00] but found [25000.00],
Salary total calculations for 'Quarterly' are getting wrong. expected [6250.00] but found [25000.00]
at WebApp.BillGenrator.BillGen2022.verifySalaryTotalValueQuarterly(BillGen2022.java:5372)
at java.base/java.util.ArrayList.forEach(ArrayList.java:1541)
... Removed 29 stack frames]]>
    </failure>
  </testcase> <!-- verifySalaryTotalValueQuarterly -->
  <testcase classname="WebApp.BillGenrator.BillGen2022" name="verifySalaryTotalValueSemiAnnually" time="4.962">
    <failure type="java.lang.AssertionError" message="The following asserts failed:
	expected [100.00] but found [5.00],
	Salary total calculations for &amp;apos;Semi-Annually&amp;apos; are getting wrong. expected [100.00] but found [5.00],
	expected [12500.00] but found [25000.00],
	Salary total calculations for &amp;apos;Semi-Annually&amp;apos; are getting wrong. expected [12500.00] but found [25000.00]">
      <![CDATA[java.lang.AssertionError: The following asserts failed:
expected [100.00] but found [5.00],
Salary total calculations for 'Semi-Annually' are getting wrong. expected [100.00] but found [5.00],
expected [12500.00] but found [25000.00],
Salary total calculations for 'Semi-Annually' are getting wrong. expected [12500.00] but found [25000.00]
at WebApp.BillGenrator.BillGen2022.verifySalaryTotalValueSemiAnnually(BillGen2022.java:5389)
at java.base/java.util.ArrayList.forEach(ArrayList.java:1541)
... Removed 29 stack frames]]>
    </failure>
  </testcase> <!-- verifySalaryTotalValueSemiAnnually -->
  <testcase classname="WebApp.BillGenrator.BillGen2022" name="verifySalaryTotalValueAnnually" time="5.45">
    <failure type="java.lang.AssertionError" message="The following asserts failed:
	expected [200.00] but found [10.00],
	Salary total calculations for &amp;apos;Annually&amp;apos; are getting wrong. expected [200.00] but found [10.00]">
      <![CDATA[java.lang.AssertionError: The following asserts failed:
expected [200.00] but found [10.00],
Salary total calculations for 'Annually' are getting wrong. expected [200.00] but found [10.00]
at WebApp.BillGenrator.BillGen2022.verifySalaryTotalValueAnnually(BillGen2022.java:5406)
at java.base/java.util.ArrayList.forEach(ArrayList.java:1541)
... Removed 29 stack frames]]>
    </failure>
  </testcase> <!-- verifySalaryTotalValueAnnually -->
  <testcase classname="WebApp.BillGenrator.BillGen2022" name="verifyGrossPayTotalInPreviousYTDCalculations" time="10.485"/>
  <testcase classname="WebApp.BillGenrator.BillGen2022" name="verifyPaystubCalculationsOnenteringPreviousYTDCalculations" time="5.83">
    <failure type="java.lang.AssertionError" message="The following asserts failed:
	expected [4,000.00] but found [1,600.00],
	expected [400.00] but found [0.00],
	expected [200.00] but found [0.00],
	expected [300.00] but found [0.00],
	expected [500.00] but found [0.00],
	expected [600.00] but found [0.00],
	expected [700.00] but found [0.00],
	expected [4,000.00] but found [4,800.00],
	expected [400.00] but found [0.00],
	expected [200.00] but found [0.00],
	expected [300.00] but found [0.00],
	expected [500.00] but found [0.00],
	expected [600.00] but found [0.00],
	expected [700.00] but found [0.00]">
      <![CDATA[java.lang.AssertionError: The following asserts failed:
expected [4,000.00] but found [1,600.00],
expected [400.00] but found [0.00],
expected [200.00] but found [0.00],
expected [300.00] but found [0.00],
expected [500.00] but found [0.00],
expected [600.00] but found [0.00],
expected [700.00] but found [0.00],
expected [4,000.00] but found [4,800.00],
expected [400.00] but found [0.00],
expected [200.00] but found [0.00],
expected [300.00] but found [0.00],
expected [500.00] but found [0.00],
expected [600.00] but found [0.00],
expected [700.00] but found [0.00]
at WebApp.BillGenrator.BillGen2022.verifyPaystubCalculationsOnenteringPreviousYTDCalculations(BillGen2022.java:5465)
at java.base/java.util.ArrayList.forEach(ArrayList.java:1541)
... Removed 29 stack frames]]>
    </failure>
  </testcase> <!-- verifyPaystubCalculationsOnenteringPreviousYTDCalculations -->
  <testcase classname="WebApp.BillGenrator.BillGen2022" name="verifyPaystubTotalDeductions" time="13.297"/>
  <testcase classname="WebApp.BillGenrator.BillGen2022" name="verifyPaystubPayPeriodDurations" time="8.692"/>
  <testcase classname="WebApp.BillGenrator.BillGen2022" name="verifyPayPeriodDurations" time="5.313">
    <failure type="java.lang.AssertionError" message="The following asserts failed:
	expected [12/31/2022] but found [null],
	expected [12/31/2022] but found [null],
	expected [12/31/2022] but found [null],
	expected [02/14/2023] but found [null],
	expected [02/14/2023] but found [null],
	expected [02/14/2023] but found [null]">
      <![CDATA[java.lang.AssertionError: The following asserts failed:
expected [12/31/2022] but found [null],
expected [12/31/2022] but found [null],
expected [12/31/2022] but found [null],
expected [02/14/2023] but found [null],
expected [02/14/2023] but found [null],
expected [02/14/2023] but found [null]
at WebApp.BillGenrator.BillGen2022.verifyPayPeriodDurations(BillGen2022.java:5555)
at java.base/java.util.ArrayList.forEach(ArrayList.java:1541)
... Removed 29 stack frames]]>
    </failure>
  </testcase> <!-- verifyPayPeriodDurations -->
  <testcase classname="WebApp.BillGenrator.BillGen2022" name="verifyPayPeriodDuration" time="5.343">
    <failure type="java.lang.AssertionError" message="The following asserts failed:
	expected [12/25/2022] but found [null],
	expected [12/31/2022] but found [null],
	expected [12/31/2022] but found [null]">
      <![CDATA[java.lang.AssertionError: The following asserts failed:
expected [12/25/2022] but found [null],
expected [12/31/2022] but found [null],
expected [12/31/2022] but found [null]
at WebApp.BillGenrator.BillGen2022.verifyPayPeriodDuration(BillGen2022.java:5577)
at java.base/java.util.ArrayList.forEach(ArrayList.java:1541)
... Removed 29 stack frames]]>
    </failure>
  </testcase> <!-- verifyPayPeriodDuration -->
  <testcase classname="WebApp.BillGenrator.BillGen2022" name="verifyPayPeriodDurationInBiWeekly" time="5.456">
    <failure type="java.lang.AssertionError" message="The following asserts failed:
	expected [12/18/2022] but found [null],
	expected [12/31/2022] but found [null],
	expected [12/31/2022] but found [null]">
      <![CDATA[java.lang.AssertionError: The following asserts failed:
expected [12/18/2022] but found [null],
expected [12/31/2022] but found [null],
expected [12/31/2022] but found [null]
at WebApp.BillGenrator.BillGen2022.verifyPayPeriodDurationInBiWeekly(BillGen2022.java:5599)
at java.base/java.util.ArrayList.forEach(ArrayList.java:1541)
... Removed 29 stack frames]]>
    </failure>
  </testcase> <!-- verifyPayPeriodDurationInBiWeekly -->
  <testcase classname="WebApp.BillGenrator.BillGen2022" name="verifyPayPeriodDurationInQuarterly" time="5.368">
    <failure type="java.lang.AssertionError" message="The following asserts failed:
	expected [10/02/2022] but found [null],
	expected [01/01/2023] but found [null],
	expected [01/01/2023] but found [null]">
      <![CDATA[java.lang.AssertionError: The following asserts failed:
expected [10/02/2022] but found [null],
expected [01/01/2023] but found [null],
expected [01/01/2023] but found [null]
at WebApp.BillGenrator.BillGen2022.verifyPayPeriodDurationInQuarterly(BillGen2022.java:5643)
at java.base/java.util.ArrayList.forEach(ArrayList.java:1541)
... Removed 29 stack frames]]>
    </failure>
  </testcase> <!-- verifyPayPeriodDurationInQuarterly -->
  <testcase classname="WebApp.BillGenrator.BillGen2022" name="verifyPayPeriodDurationInSemiAnnually" time="8.193">
    <failure type="java.lang.AssertionError" message="The following asserts failed:
	expected [07/02/2022] but found [07/01/2022],
	expected [01/01/2023] but found [12/31/2022],
	expected [01/01/2023] but found [12/31/2022]">
      <![CDATA[java.lang.AssertionError: The following asserts failed:
expected [07/02/2022] but found [07/01/2022],
expected [01/01/2023] but found [12/31/2022],
expected [01/01/2023] but found [12/31/2022]
at WebApp.BillGenrator.BillGen2022.verifyPayPeriodDurationInSemiAnnually(BillGen2022.java:5666)
at java.base/java.util.ArrayList.forEach(ArrayList.java:1541)
... Removed 29 stack frames]]>
    </failure>
  </testcase> <!-- verifyPayPeriodDurationInSemiAnnually -->
  <testcase classname="WebApp.BillGenrator.BillGen2022" name="verifyPayPeriodDurationInAnnually" time="1.875">
    <failure type="java.lang.AssertionError" message="The following asserts failed:
	expected [12/31/2023] but found [01/01/2023],
	expected [12/31/2023] but found [01/01/2023]">
      <![CDATA[java.lang.AssertionError: The following asserts failed:
expected [12/31/2023] but found [01/01/2023],
expected [12/31/2023] but found [01/01/2023]
at WebApp.BillGenrator.BillGen2022.verifyPayPeriodDurationInAnnually(BillGen2022.java:5678)
at java.base/java.util.ArrayList.forEach(ArrayList.java:1541)
... Removed 29 stack frames]]>
    </failure>
  </testcase> <!-- verifyPayPeriodDurationInAnnually -->
  <testcase classname="WebApp.BillGenrator.BillGen2022" name="verifyPdfData" time="164.409">
    <failure type="java.lang.AssertionError" message="The following asserts failed:
	Number of pages for Paystub 1 expected [1] but found [2],
	Number of pages for Paystub 2 expected [1] but found [2],
	Employer name is not mentioned in pdf expected [true] but found [false],
	EmployerTelephoneNumber is not mentioned in pdf expected [true] but found [false],
	PaystubEmployerStreetAddress1 is not mentioned in pdf expected [true] but found [false],
	PaystubEmployerStreetAddress2 is not mentioned in pdf expected [true] but found [false],
	PaystubCompanyCity is not mentioned in pdf expected [true] but found [false],
	PaystubCompanyState is not mentioned in pdf expected [true] but found [false],
	PaystubEmployerName is not mentioned in pdf expected [true] but found [false],
	PaystubEmployeeID is not mentioned in pdf expected [true] but found [false],
	PaystubEmployeeTelephoneNumber is not mentioned in pdf expected [true] but found [false],
	PaystubEmployeeAddress1 is not mentioned in pdf expected [true] but found [false],
	PaystubEmployeeAddress2 is not mentioned in pdf expected [true] but found [false],
	PaystubEmployeeCity is not mentioned in pdf expected [true] but found [false],
	PaystubEmployeeState is not mentioned in pdf expected [true] but found [false],
	PaystubEmployeeMaritalStatus is not mentioned in pdf expected [true] but found [false]">
      <![CDATA[java.lang.AssertionError: The following asserts failed:
Number of pages for Paystub 1 expected [1] but found [2],
Number of pages for Paystub 2 expected [1] but found [2],
Employer name is not mentioned in pdf expected [true] but found [false],
EmployerTelephoneNumber is not mentioned in pdf expected [true] but found [false],
PaystubEmployerStreetAddress1 is not mentioned in pdf expected [true] but found [false],
PaystubEmployerStreetAddress2 is not mentioned in pdf expected [true] but found [false],
PaystubCompanyCity is not mentioned in pdf expected [true] but found [false],
PaystubCompanyState is not mentioned in pdf expected [true] but found [false],
PaystubEmployerName is not mentioned in pdf expected [true] but found [false],
PaystubEmployeeID is not mentioned in pdf expected [true] but found [false],
PaystubEmployeeTelephoneNumber is not mentioned in pdf expected [true] but found [false],
PaystubEmployeeAddress1 is not mentioned in pdf expected [true] but found [false],
PaystubEmployeeAddress2 is not mentioned in pdf expected [true] but found [false],
PaystubEmployeeCity is not mentioned in pdf expected [true] but found [false],
PaystubEmployeeState is not mentioned in pdf expected [true] but found [false],
PaystubEmployeeMaritalStatus is not mentioned in pdf expected [true] but found [false]
at WebApp.BillGenrator.BillGen2022.verifyPdfData(BillGen2022.java:5815)
at java.base/java.util.ArrayList.forEach(ArrayList.java:1541)
... Removed 29 stack frames]]>
    </failure>
  </testcase> <!-- verifyPdfData -->
  <testcase classname="WebApp.BillGenrator.BillGen2022" name="verifyGrossPayTotalAndYTDTotalOnRemovingCustomEarnings" time="128.97">
    <failure type="java.lang.AssertionError" message="The following asserts failed:
	Custom earning total 1 is wrong expected [864.00] but found [1,152.00],
	Custom earning total 1 is wrong expected [26,760.00] but found [35,680.00],
	Gross Pay YTD Total value is wrong. expected [425,172.97] but found [434,780.97],
	Gross Pay YTD Total value is wrong. expected [424,308.97] but found [433,628.97],
	The Custom earning did not removed second time expected [true] but found [false],
	Gross Pay YTD Total value is wrong. expected [424,308.97] but found [433,628.97]">
      <![CDATA[java.lang.AssertionError: The following asserts failed:
Custom earning total 1 is wrong expected [864.00] but found [1,152.00],
Custom earning total 1 is wrong expected [26,760.00] but found [35,680.00],
Gross Pay YTD Total value is wrong. expected [425,172.97] but found [434,780.97],
Gross Pay YTD Total value is wrong. expected [424,308.97] but found [433,628.97],
The Custom earning did not removed second time expected [true] but found [false],
Gross Pay YTD Total value is wrong. expected [424,308.97] but found [433,628.97]
at WebApp.BillGenrator.BillGen2022.verifyGrossPayTotalAndYTDTotalOnRemovingCustomEarnings(BillGen2022.java:5862)
at java.base/java.util.ArrayList.forEach(ArrayList.java:1541)
... Removed 29 stack frames]]>
    </failure>
  </testcase> <!-- verifyGrossPayTotalAndYTDTotalOnRemovingCustomEarnings -->
  <testcase classname="WebApp.BillGenrator.BillGen2022" name="verifyDeductionTotalAndDeductionYTDTotalOnRemovingCustomEarnings" time="104.567">
    <failure type="java.lang.AssertionError" message="The following asserts failed:
	The custom deduction 2 did not removed expected [true] but found [false],
	Deductions total value is wrong. expected [37.43] but found [60.76]">
      <![CDATA[java.lang.AssertionError: The following asserts failed:
The custom deduction 2 did not removed expected [true] but found [false],
Deductions total value is wrong. expected [37.43] but found [60.76]
at WebApp.BillGenrator.BillGen2022.verifyDeductionTotalAndDeductionYTDTotalOnRemovingCustomEarnings(BillGen2022.java:5883)
at java.base/java.util.ArrayList.forEach(ArrayList.java:1541)
... Removed 29 stack frames]]>
    </failure>
  </testcase> <!-- verifyDeductionTotalAndDeductionYTDTotalOnRemovingCustomEarnings -->
  <testcase classname="WebApp.BillGenrator.BillGen2022" name="verifyLoginFunctionalityWithInvalidCred" time="255.447">
    <failure type="java.lang.AssertionError" message="The following asserts failed:
	Login successfull with invalid cred. expected [false] but found [true]">
      <![CDATA[java.lang.AssertionError: The following asserts failed:
Login successfull with invalid cred. expected [false] but found [true]
at WebApp.BillGenrator.BillGen2022.verifyLoginFunctionalityWithInvalidCred(BillGen2022.java:5903)
at java.base/java.util.ArrayList.forEach(ArrayList.java:1541)
... Removed 29 stack frames]]>
    </failure>
  </testcase> <!-- verifyLoginFunctionalityWithInvalidCred -->
  <testcase classname="WebApp.BillGenrator.BillGen2022" name="verifyLoginFunctionalityWithInvalidCred" time="130.188">
    <failure type="org.openqa.selenium.TimeoutException" message="Expected condition failed: waiting for element to be clickable: [[ChromeDriver: chrome on WINDOWS (1e2386e3306bb47d0cdef6dde24dfbe2)] -&amp;gt; xpath: //*[text()=&amp;apos;Login&amp;apos;]] (tried for 100 second(s) with 500 milliseconds interval)
Build info: version: &amp;apos;4.4.0&amp;apos;, revision: &amp;apos;e5c75ed026a&amp;apos;
System info: host: &amp;apos;DESKTOP-6KOFRV4&amp;apos;, ip: &amp;apos;192.168.1.14&amp;apos;, os.name: &amp;apos;Windows 10&amp;apos;, os.arch: &amp;apos;amd64&amp;apos;, os.version: &amp;apos;10.0&amp;apos;, java.version: &amp;apos;11.0.13&amp;apos;
Driver info: org.openqa.selenium.chrome.ChromeDriver
Capabilities {acceptInsecureCerts: false, browserName: chrome, browserVersion: 111.0.5563.111, chrome: {chromedriverVersion: 111.0.5563.64 (c710e93d5b63..., userDataDir: C:\Users\Marquee\AppData\Lo...}, goog:chromeOptions: {debuggerAddress: localhost:55775}, networkConnectionEnabled: false, pageLoadStrategy: normal, platformName: WINDOWS, proxy: Proxy(), se:cdp: ws://localhost:55775/devtoo..., se:cdpVersion: 111.0.5563.111, setWindowRect: true, strictFileInteractability: false, timeouts: {implicit: 0, pageLoad: 300000, script: 30000}, unhandledPromptBehavior: dismiss and notify, webauthn:extension:credBlob: true, webauthn:extension:largeBlob: true, webauthn:extension:minPinLength: true, webauthn:extension:prf: true, webauthn:virtualAuthenticators: true}
Session ID: 1e2386e3306bb47d0cdef6dde24dfbe2">
      <![CDATA[org.openqa.selenium.TimeoutException: Expected condition failed: waiting for element to be clickable: [[ChromeDriver: chrome on WINDOWS (1e2386e3306bb47d0cdef6dde24dfbe2)] -> xpath: //*[text()='Login']] (tried for 100 second(s) with 500 milliseconds interval)
Build info: version: '4.4.0', revision: 'e5c75ed026a'
System info: host: 'DESKTOP-6KOFRV4', ip: '192.168.1.14', os.name: 'Windows 10', os.arch: 'amd64', os.version: '10.0', java.version: '11.0.13'
Driver info: org.openqa.selenium.chrome.ChromeDriver
Capabilities {acceptInsecureCerts: false, browserName: chrome, browserVersion: 111.0.5563.111, chrome: {chromedriverVersion: 111.0.5563.64 (c710e93d5b63..., userDataDir: C:\Users\Marquee\AppData\Lo...}, goog:chromeOptions: {debuggerAddress: localhost:55775}, networkConnectionEnabled: false, pageLoadStrategy: normal, platformName: WINDOWS, proxy: Proxy(), se:cdp: ws://localhost:55775/devtoo..., se:cdpVersion: 111.0.5563.111, setWindowRect: true, strictFileInteractability: false, timeouts: {implicit: 0, pageLoad: 300000, script: 30000}, unhandledPromptBehavior: dismiss and notify, webauthn:extension:credBlob: true, webauthn:extension:largeBlob: true, webauthn:extension:minPinLength: true, webauthn:extension:prf: true, webauthn:virtualAuthenticators: true}
Session ID: 1e2386e3306bb47d0cdef6dde24dfbe2
at org.openqa.selenium.support.ui.WebDriverWait.timeoutException(WebDriverWait.java:87)
at org.openqa.selenium.support.ui.FluentWait.until(FluentWait.java:231)
at WebApp.BillGenratorWebApp.Paystub.PaystubWebFormPage.Login(PaystubWebFormPage.java:1418)
at WebApp.BillGenrator.BillGen2022.verifyLoginFunctionalityWithInvalidCred(BillGen2022.java:5891)
at java.base/java.util.ArrayList.forEach(ArrayList.java:1541)
... Removed 27 stack frames]]>
    </failure>
  </testcase> <!-- verifyLoginFunctionalityWithInvalidCred -->
  <testcase classname="WebApp.BillGenrator.BillGen2022" name="verifyLoginFunctionalityWithInvalidCred" time="130.145">
    <failure type="org.openqa.selenium.TimeoutException" message="Expected condition failed: waiting for element to be clickable: [[ChromeDriver: chrome on WINDOWS (1e2386e3306bb47d0cdef6dde24dfbe2)] -&amp;gt; xpath: //*[text()=&amp;apos;Login&amp;apos;]] (tried for 100 second(s) with 500 milliseconds interval)
Build info: version: &amp;apos;4.4.0&amp;apos;, revision: &amp;apos;e5c75ed026a&amp;apos;
System info: host: &amp;apos;DESKTOP-6KOFRV4&amp;apos;, ip: &amp;apos;192.168.1.14&amp;apos;, os.name: &amp;apos;Windows 10&amp;apos;, os.arch: &amp;apos;amd64&amp;apos;, os.version: &amp;apos;10.0&amp;apos;, java.version: &amp;apos;11.0.13&amp;apos;
Driver info: org.openqa.selenium.chrome.ChromeDriver
Capabilities {acceptInsecureCerts: false, browserName: chrome, browserVersion: 111.0.5563.111, chrome: {chromedriverVersion: 111.0.5563.64 (c710e93d5b63..., userDataDir: C:\Users\Marquee\AppData\Lo...}, goog:chromeOptions: {debuggerAddress: localhost:55775}, networkConnectionEnabled: false, pageLoadStrategy: normal, platformName: WINDOWS, proxy: Proxy(), se:cdp: ws://localhost:55775/devtoo..., se:cdpVersion: 111.0.5563.111, setWindowRect: true, strictFileInteractability: false, timeouts: {implicit: 0, pageLoad: 300000, script: 30000}, unhandledPromptBehavior: dismiss and notify, webauthn:extension:credBlob: true, webauthn:extension:largeBlob: true, webauthn:extension:minPinLength: true, webauthn:extension:prf: true, webauthn:virtualAuthenticators: true}
Session ID: 1e2386e3306bb47d0cdef6dde24dfbe2">
      <![CDATA[org.openqa.selenium.TimeoutException: Expected condition failed: waiting for element to be clickable: [[ChromeDriver: chrome on WINDOWS (1e2386e3306bb47d0cdef6dde24dfbe2)] -> xpath: //*[text()='Login']] (tried for 100 second(s) with 500 milliseconds interval)
Build info: version: '4.4.0', revision: 'e5c75ed026a'
System info: host: 'DESKTOP-6KOFRV4', ip: '192.168.1.14', os.name: 'Windows 10', os.arch: 'amd64', os.version: '10.0', java.version: '11.0.13'
Driver info: org.openqa.selenium.chrome.ChromeDriver
Capabilities {acceptInsecureCerts: false, browserName: chrome, browserVersion: 111.0.5563.111, chrome: {chromedriverVersion: 111.0.5563.64 (c710e93d5b63..., userDataDir: C:\Users\Marquee\AppData\Lo...}, goog:chromeOptions: {debuggerAddress: localhost:55775}, networkConnectionEnabled: false, pageLoadStrategy: normal, platformName: WINDOWS, proxy: Proxy(), se:cdp: ws://localhost:55775/devtoo..., se:cdpVersion: 111.0.5563.111, setWindowRect: true, strictFileInteractability: false, timeouts: {implicit: 0, pageLoad: 300000, script: 30000}, unhandledPromptBehavior: dismiss and notify, webauthn:extension:credBlob: true, webauthn:extension:largeBlob: true, webauthn:extension:minPinLength: true, webauthn:extension:prf: true, webauthn:virtualAuthenticators: true}
Session ID: 1e2386e3306bb47d0cdef6dde24dfbe2
at org.openqa.selenium.support.ui.WebDriverWait.timeoutException(WebDriverWait.java:87)
at org.openqa.selenium.support.ui.FluentWait.until(FluentWait.java:231)
at WebApp.BillGenratorWebApp.Paystub.PaystubWebFormPage.Login(PaystubWebFormPage.java:1418)
at WebApp.BillGenrator.BillGen2022.verifyLoginFunctionalityWithInvalidCred(BillGen2022.java:5891)
at java.base/java.util.ArrayList.forEach(ArrayList.java:1541)
... Removed 27 stack frames]]>
    </failure>
  </testcase> <!-- verifyLoginFunctionalityWithInvalidCred -->
  <testcase classname="WebApp.BillGenrator.BillGen2022" name="verifyLoginFunctionalityWithInvalidCred" time="130.242">
    <failure type="org.openqa.selenium.TimeoutException" message="Expected condition failed: waiting for element to be clickable: [[ChromeDriver: chrome on WINDOWS (1e2386e3306bb47d0cdef6dde24dfbe2)] -&amp;gt; xpath: //*[text()=&amp;apos;Login&amp;apos;]] (tried for 100 second(s) with 500 milliseconds interval)
Build info: version: &amp;apos;4.4.0&amp;apos;, revision: &amp;apos;e5c75ed026a&amp;apos;
System info: host: &amp;apos;DESKTOP-6KOFRV4&amp;apos;, ip: &amp;apos;192.168.1.14&amp;apos;, os.name: &amp;apos;Windows 10&amp;apos;, os.arch: &amp;apos;amd64&amp;apos;, os.version: &amp;apos;10.0&amp;apos;, java.version: &amp;apos;11.0.13&amp;apos;
Driver info: org.openqa.selenium.chrome.ChromeDriver
Capabilities {acceptInsecureCerts: false, browserName: chrome, browserVersion: 111.0.5563.111, chrome: {chromedriverVersion: 111.0.5563.64 (c710e93d5b63..., userDataDir: C:\Users\Marquee\AppData\Lo...}, goog:chromeOptions: {debuggerAddress: localhost:55775}, networkConnectionEnabled: false, pageLoadStrategy: normal, platformName: WINDOWS, proxy: Proxy(), se:cdp: ws://localhost:55775/devtoo..., se:cdpVersion: 111.0.5563.111, setWindowRect: true, strictFileInteractability: false, timeouts: {implicit: 0, pageLoad: 300000, script: 30000}, unhandledPromptBehavior: dismiss and notify, webauthn:extension:credBlob: true, webauthn:extension:largeBlob: true, webauthn:extension:minPinLength: true, webauthn:extension:prf: true, webauthn:virtualAuthenticators: true}
Session ID: 1e2386e3306bb47d0cdef6dde24dfbe2">
      <![CDATA[org.openqa.selenium.TimeoutException: Expected condition failed: waiting for element to be clickable: [[ChromeDriver: chrome on WINDOWS (1e2386e3306bb47d0cdef6dde24dfbe2)] -> xpath: //*[text()='Login']] (tried for 100 second(s) with 500 milliseconds interval)
Build info: version: '4.4.0', revision: 'e5c75ed026a'
System info: host: 'DESKTOP-6KOFRV4', ip: '192.168.1.14', os.name: 'Windows 10', os.arch: 'amd64', os.version: '10.0', java.version: '11.0.13'
Driver info: org.openqa.selenium.chrome.ChromeDriver
Capabilities {acceptInsecureCerts: false, browserName: chrome, browserVersion: 111.0.5563.111, chrome: {chromedriverVersion: 111.0.5563.64 (c710e93d5b63..., userDataDir: C:\Users\Marquee\AppData\Lo...}, goog:chromeOptions: {debuggerAddress: localhost:55775}, networkConnectionEnabled: false, pageLoadStrategy: normal, platformName: WINDOWS, proxy: Proxy(), se:cdp: ws://localhost:55775/devtoo..., se:cdpVersion: 111.0.5563.111, setWindowRect: true, strictFileInteractability: false, timeouts: {implicit: 0, pageLoad: 300000, script: 30000}, unhandledPromptBehavior: dismiss and notify, webauthn:extension:credBlob: true, webauthn:extension:largeBlob: true, webauthn:extension:minPinLength: true, webauthn:extension:prf: true, webauthn:virtualAuthenticators: true}
Session ID: 1e2386e3306bb47d0cdef6dde24dfbe2
at org.openqa.selenium.support.ui.WebDriverWait.timeoutException(WebDriverWait.java:87)
at org.openqa.selenium.support.ui.FluentWait.until(FluentWait.java:231)
at WebApp.BillGenratorWebApp.Paystub.PaystubWebFormPage.Login(PaystubWebFormPage.java:1418)
at WebApp.BillGenrator.BillGen2022.verifyLoginFunctionalityWithInvalidCred(BillGen2022.java:5891)
at java.base/java.util.ArrayList.forEach(ArrayList.java:1541)
... Removed 27 stack frames]]>
    </failure>
  </testcase> <!-- verifyLoginFunctionalityWithInvalidCred -->
  <testcase classname="WebApp.BillGenrator.BillGen2022" name="verifyLoginFunctionalityWithInvalidCred" time="130.415">
    <failure type="org.openqa.selenium.TimeoutException" message="Expected condition failed: waiting for element to be clickable: [[ChromeDriver: chrome on WINDOWS (1e2386e3306bb47d0cdef6dde24dfbe2)] -&amp;gt; xpath: //*[text()=&amp;apos;Login&amp;apos;]] (tried for 100 second(s) with 500 milliseconds interval)
Build info: version: &amp;apos;4.4.0&amp;apos;, revision: &amp;apos;e5c75ed026a&amp;apos;
System info: host: &amp;apos;DESKTOP-6KOFRV4&amp;apos;, ip: &amp;apos;192.168.1.14&amp;apos;, os.name: &amp;apos;Windows 10&amp;apos;, os.arch: &amp;apos;amd64&amp;apos;, os.version: &amp;apos;10.0&amp;apos;, java.version: &amp;apos;11.0.13&amp;apos;
Driver info: org.openqa.selenium.chrome.ChromeDriver
Capabilities {acceptInsecureCerts: false, browserName: chrome, browserVersion: 111.0.5563.111, chrome: {chromedriverVersion: 111.0.5563.64 (c710e93d5b63..., userDataDir: C:\Users\Marquee\AppData\Lo...}, goog:chromeOptions: {debuggerAddress: localhost:55775}, networkConnectionEnabled: false, pageLoadStrategy: normal, platformName: WINDOWS, proxy: Proxy(), se:cdp: ws://localhost:55775/devtoo..., se:cdpVersion: 111.0.5563.111, setWindowRect: true, strictFileInteractability: false, timeouts: {implicit: 0, pageLoad: 300000, script: 30000}, unhandledPromptBehavior: dismiss and notify, webauthn:extension:credBlob: true, webauthn:extension:largeBlob: true, webauthn:extension:minPinLength: true, webauthn:extension:prf: true, webauthn:virtualAuthenticators: true}
Session ID: 1e2386e3306bb47d0cdef6dde24dfbe2">
      <![CDATA[org.openqa.selenium.TimeoutException: Expected condition failed: waiting for element to be clickable: [[ChromeDriver: chrome on WINDOWS (1e2386e3306bb47d0cdef6dde24dfbe2)] -> xpath: //*[text()='Login']] (tried for 100 second(s) with 500 milliseconds interval)
Build info: version: '4.4.0', revision: 'e5c75ed026a'
System info: host: 'DESKTOP-6KOFRV4', ip: '192.168.1.14', os.name: 'Windows 10', os.arch: 'amd64', os.version: '10.0', java.version: '11.0.13'
Driver info: org.openqa.selenium.chrome.ChromeDriver
Capabilities {acceptInsecureCerts: false, browserName: chrome, browserVersion: 111.0.5563.111, chrome: {chromedriverVersion: 111.0.5563.64 (c710e93d5b63..., userDataDir: C:\Users\Marquee\AppData\Lo...}, goog:chromeOptions: {debuggerAddress: localhost:55775}, networkConnectionEnabled: false, pageLoadStrategy: normal, platformName: WINDOWS, proxy: Proxy(), se:cdp: ws://localhost:55775/devtoo..., se:cdpVersion: 111.0.5563.111, setWindowRect: true, strictFileInteractability: false, timeouts: {implicit: 0, pageLoad: 300000, script: 30000}, unhandledPromptBehavior: dismiss and notify, webauthn:extension:credBlob: true, webauthn:extension:largeBlob: true, webauthn:extension:minPinLength: true, webauthn:extension:prf: true, webauthn:virtualAuthenticators: true}
Session ID: 1e2386e3306bb47d0cdef6dde24dfbe2
at org.openqa.selenium.support.ui.WebDriverWait.timeoutException(WebDriverWait.java:87)
at org.openqa.selenium.support.ui.FluentWait.until(FluentWait.java:231)
at WebApp.BillGenratorWebApp.Paystub.PaystubWebFormPage.Login(PaystubWebFormPage.java:1418)
at WebApp.BillGenrator.BillGen2022.verifyLoginFunctionalityWithInvalidCred(BillGen2022.java:5891)
at java.base/java.util.ArrayList.forEach(ArrayList.java:1541)
... Removed 27 stack frames]]>
    </failure>
  </testcase> <!-- verifyLoginFunctionalityWithInvalidCred -->
  <testcase classname="WebApp.BillGenrator.BillGen2022" name="verifyLoginFunctionalityWithInvalidCred" time="130.278">
    <failure type="org.openqa.selenium.TimeoutException" message="Expected condition failed: waiting for element to be clickable: [[ChromeDriver: chrome on WINDOWS (1e2386e3306bb47d0cdef6dde24dfbe2)] -&amp;gt; xpath: //*[text()=&amp;apos;Login&amp;apos;]] (tried for 100 second(s) with 500 milliseconds interval)
Build info: version: &amp;apos;4.4.0&amp;apos;, revision: &amp;apos;e5c75ed026a&amp;apos;
System info: host: &amp;apos;DESKTOP-6KOFRV4&amp;apos;, ip: &amp;apos;192.168.1.14&amp;apos;, os.name: &amp;apos;Windows 10&amp;apos;, os.arch: &amp;apos;amd64&amp;apos;, os.version: &amp;apos;10.0&amp;apos;, java.version: &amp;apos;11.0.13&amp;apos;
Driver info: org.openqa.selenium.chrome.ChromeDriver
Capabilities {acceptInsecureCerts: false, browserName: chrome, browserVersion: 111.0.5563.111, chrome: {chromedriverVersion: 111.0.5563.64 (c710e93d5b63..., userDataDir: C:\Users\Marquee\AppData\Lo...}, goog:chromeOptions: {debuggerAddress: localhost:55775}, networkConnectionEnabled: false, pageLoadStrategy: normal, platformName: WINDOWS, proxy: Proxy(), se:cdp: ws://localhost:55775/devtoo..., se:cdpVersion: 111.0.5563.111, setWindowRect: true, strictFileInteractability: false, timeouts: {implicit: 0, pageLoad: 300000, script: 30000}, unhandledPromptBehavior: dismiss and notify, webauthn:extension:credBlob: true, webauthn:extension:largeBlob: true, webauthn:extension:minPinLength: true, webauthn:extension:prf: true, webauthn:virtualAuthenticators: true}
Session ID: 1e2386e3306bb47d0cdef6dde24dfbe2">
      <![CDATA[org.openqa.selenium.TimeoutException: Expected condition failed: waiting for element to be clickable: [[ChromeDriver: chrome on WINDOWS (1e2386e3306bb47d0cdef6dde24dfbe2)] -> xpath: //*[text()='Login']] (tried for 100 second(s) with 500 milliseconds interval)
Build info: version: '4.4.0', revision: 'e5c75ed026a'
System info: host: 'DESKTOP-6KOFRV4', ip: '192.168.1.14', os.name: 'Windows 10', os.arch: 'amd64', os.version: '10.0', java.version: '11.0.13'
Driver info: org.openqa.selenium.chrome.ChromeDriver
Capabilities {acceptInsecureCerts: false, browserName: chrome, browserVersion: 111.0.5563.111, chrome: {chromedriverVersion: 111.0.5563.64 (c710e93d5b63..., userDataDir: C:\Users\Marquee\AppData\Lo...}, goog:chromeOptions: {debuggerAddress: localhost:55775}, networkConnectionEnabled: false, pageLoadStrategy: normal, platformName: WINDOWS, proxy: Proxy(), se:cdp: ws://localhost:55775/devtoo..., se:cdpVersion: 111.0.5563.111, setWindowRect: true, strictFileInteractability: false, timeouts: {implicit: 0, pageLoad: 300000, script: 30000}, unhandledPromptBehavior: dismiss and notify, webauthn:extension:credBlob: true, webauthn:extension:largeBlob: true, webauthn:extension:minPinLength: true, webauthn:extension:prf: true, webauthn:virtualAuthenticators: true}
Session ID: 1e2386e3306bb47d0cdef6dde24dfbe2
at org.openqa.selenium.support.ui.WebDriverWait.timeoutException(WebDriverWait.java:87)
at org.openqa.selenium.support.ui.FluentWait.until(FluentWait.java:231)
at WebApp.BillGenratorWebApp.Paystub.PaystubWebFormPage.Login(PaystubWebFormPage.java:1418)
at WebApp.BillGenrator.BillGen2022.verifyLoginFunctionalityWithInvalidCred(BillGen2022.java:5891)
at java.base/java.util.ArrayList.forEach(ArrayList.java:1541)
... Removed 27 stack frames]]>
    </failure>
  </testcase> <!-- verifyLoginFunctionalityWithInvalidCred -->
  <testcase classname="WebApp.BillGenrator.BillGen2022" name="verifyLoginFunctionalityWithInvalidCred" time="130.578">
    <failure type="org.openqa.selenium.TimeoutException" message="Expected condition failed: waiting for element to be clickable: [[ChromeDriver: chrome on WINDOWS (1e2386e3306bb47d0cdef6dde24dfbe2)] -&amp;gt; xpath: //*[text()=&amp;apos;Login&amp;apos;]] (tried for 100 second(s) with 500 milliseconds interval)
Build info: version: &amp;apos;4.4.0&amp;apos;, revision: &amp;apos;e5c75ed026a&amp;apos;
System info: host: &amp;apos;DESKTOP-6KOFRV4&amp;apos;, ip: &amp;apos;192.168.1.14&amp;apos;, os.name: &amp;apos;Windows 10&amp;apos;, os.arch: &amp;apos;amd64&amp;apos;, os.version: &amp;apos;10.0&amp;apos;, java.version: &amp;apos;11.0.13&amp;apos;
Driver info: org.openqa.selenium.chrome.ChromeDriver
Capabilities {acceptInsecureCerts: false, browserName: chrome, browserVersion: 111.0.5563.111, chrome: {chromedriverVersion: 111.0.5563.64 (c710e93d5b63..., userDataDir: C:\Users\Marquee\AppData\Lo...}, goog:chromeOptions: {debuggerAddress: localhost:55775}, networkConnectionEnabled: false, pageLoadStrategy: normal, platformName: WINDOWS, proxy: Proxy(), se:cdp: ws://localhost:55775/devtoo..., se:cdpVersion: 111.0.5563.111, setWindowRect: true, strictFileInteractability: false, timeouts: {implicit: 0, pageLoad: 300000, script: 30000}, unhandledPromptBehavior: dismiss and notify, webauthn:extension:credBlob: true, webauthn:extension:largeBlob: true, webauthn:extension:minPinLength: true, webauthn:extension:prf: true, webauthn:virtualAuthenticators: true}
Session ID: 1e2386e3306bb47d0cdef6dde24dfbe2">
      <![CDATA[org.openqa.selenium.TimeoutException: Expected condition failed: waiting for element to be clickable: [[ChromeDriver: chrome on WINDOWS (1e2386e3306bb47d0cdef6dde24dfbe2)] -> xpath: //*[text()='Login']] (tried for 100 second(s) with 500 milliseconds interval)
Build info: version: '4.4.0', revision: 'e5c75ed026a'
System info: host: 'DESKTOP-6KOFRV4', ip: '192.168.1.14', os.name: 'Windows 10', os.arch: 'amd64', os.version: '10.0', java.version: '11.0.13'
Driver info: org.openqa.selenium.chrome.ChromeDriver
Capabilities {acceptInsecureCerts: false, browserName: chrome, browserVersion: 111.0.5563.111, chrome: {chromedriverVersion: 111.0.5563.64 (c710e93d5b63..., userDataDir: C:\Users\Marquee\AppData\Lo...}, goog:chromeOptions: {debuggerAddress: localhost:55775}, networkConnectionEnabled: false, pageLoadStrategy: normal, platformName: WINDOWS, proxy: Proxy(), se:cdp: ws://localhost:55775/devtoo..., se:cdpVersion: 111.0.5563.111, setWindowRect: true, strictFileInteractability: false, timeouts: {implicit: 0, pageLoad: 300000, script: 30000}, unhandledPromptBehavior: dismiss and notify, webauthn:extension:credBlob: true, webauthn:extension:largeBlob: true, webauthn:extension:minPinLength: true, webauthn:extension:prf: true, webauthn:virtualAuthenticators: true}
Session ID: 1e2386e3306bb47d0cdef6dde24dfbe2
at org.openqa.selenium.support.ui.WebDriverWait.timeoutException(WebDriverWait.java:87)
at org.openqa.selenium.support.ui.FluentWait.until(FluentWait.java:231)
at WebApp.BillGenratorWebApp.Paystub.PaystubWebFormPage.Login(PaystubWebFormPage.java:1418)
at WebApp.BillGenrator.BillGen2022.verifyLoginFunctionalityWithInvalidCred(BillGen2022.java:5891)
at java.base/java.util.ArrayList.forEach(ArrayList.java:1541)
... Removed 27 stack frames]]>
    </failure>
  </testcase> <!-- verifyLoginFunctionalityWithInvalidCred -->
  <testcase classname="WebApp.BillGenrator.BillGen2022" name="verifyLoginFunctionalityWithInvalidCred" time="130.291">
    <failure type="org.openqa.selenium.TimeoutException" message="Expected condition failed: waiting for element to be clickable: [[ChromeDriver: chrome on WINDOWS (1e2386e3306bb47d0cdef6dde24dfbe2)] -&amp;gt; xpath: //*[text()=&amp;apos;Login&amp;apos;]] (tried for 100 second(s) with 500 milliseconds interval)
Build info: version: &amp;apos;4.4.0&amp;apos;, revision: &amp;apos;e5c75ed026a&amp;apos;
System info: host: &amp;apos;DESKTOP-6KOFRV4&amp;apos;, ip: &amp;apos;192.168.1.14&amp;apos;, os.name: &amp;apos;Windows 10&amp;apos;, os.arch: &amp;apos;amd64&amp;apos;, os.version: &amp;apos;10.0&amp;apos;, java.version: &amp;apos;11.0.13&amp;apos;
Driver info: org.openqa.selenium.chrome.ChromeDriver
Capabilities {acceptInsecureCerts: false, browserName: chrome, browserVersion: 111.0.5563.111, chrome: {chromedriverVersion: 111.0.5563.64 (c710e93d5b63..., userDataDir: C:\Users\Marquee\AppData\Lo...}, goog:chromeOptions: {debuggerAddress: localhost:55775}, networkConnectionEnabled: false, pageLoadStrategy: normal, platformName: WINDOWS, proxy: Proxy(), se:cdp: ws://localhost:55775/devtoo..., se:cdpVersion: 111.0.5563.111, setWindowRect: true, strictFileInteractability: false, timeouts: {implicit: 0, pageLoad: 300000, script: 30000}, unhandledPromptBehavior: dismiss and notify, webauthn:extension:credBlob: true, webauthn:extension:largeBlob: true, webauthn:extension:minPinLength: true, webauthn:extension:prf: true, webauthn:virtualAuthenticators: true}
Session ID: 1e2386e3306bb47d0cdef6dde24dfbe2">
      <![CDATA[org.openqa.selenium.TimeoutException: Expected condition failed: waiting for element to be clickable: [[ChromeDriver: chrome on WINDOWS (1e2386e3306bb47d0cdef6dde24dfbe2)] -> xpath: //*[text()='Login']] (tried for 100 second(s) with 500 milliseconds interval)
Build info: version: '4.4.0', revision: 'e5c75ed026a'
System info: host: 'DESKTOP-6KOFRV4', ip: '192.168.1.14', os.name: 'Windows 10', os.arch: 'amd64', os.version: '10.0', java.version: '11.0.13'
Driver info: org.openqa.selenium.chrome.ChromeDriver
Capabilities {acceptInsecureCerts: false, browserName: chrome, browserVersion: 111.0.5563.111, chrome: {chromedriverVersion: 111.0.5563.64 (c710e93d5b63..., userDataDir: C:\Users\Marquee\AppData\Lo...}, goog:chromeOptions: {debuggerAddress: localhost:55775}, networkConnectionEnabled: false, pageLoadStrategy: normal, platformName: WINDOWS, proxy: Proxy(), se:cdp: ws://localhost:55775/devtoo..., se:cdpVersion: 111.0.5563.111, setWindowRect: true, strictFileInteractability: false, timeouts: {implicit: 0, pageLoad: 300000, script: 30000}, unhandledPromptBehavior: dismiss and notify, webauthn:extension:credBlob: true, webauthn:extension:largeBlob: true, webauthn:extension:minPinLength: true, webauthn:extension:prf: true, webauthn:virtualAuthenticators: true}
Session ID: 1e2386e3306bb47d0cdef6dde24dfbe2
at org.openqa.selenium.support.ui.WebDriverWait.timeoutException(WebDriverWait.java:87)
at org.openqa.selenium.support.ui.FluentWait.until(FluentWait.java:231)
at WebApp.BillGenratorWebApp.Paystub.PaystubWebFormPage.Login(PaystubWebFormPage.java:1418)
at WebApp.BillGenrator.BillGen2022.verifyLoginFunctionalityWithInvalidCred(BillGen2022.java:5891)
at java.base/java.util.ArrayList.forEach(ArrayList.java:1541)
... Removed 27 stack frames]]>
    </failure>
  </testcase> <!-- verifyLoginFunctionalityWithInvalidCred -->
  <testcase classname="WebApp.BillGenrator.BillGen2022" name="verifyLoginFunctionalityWithInvalidCred" time="130.338">
    <failure type="org.openqa.selenium.TimeoutException" message="Expected condition failed: waiting for element to be clickable: [[ChromeDriver: chrome on WINDOWS (1e2386e3306bb47d0cdef6dde24dfbe2)] -&amp;gt; xpath: //*[text()=&amp;apos;Login&amp;apos;]] (tried for 100 second(s) with 500 milliseconds interval)
Build info: version: &amp;apos;4.4.0&amp;apos;, revision: &amp;apos;e5c75ed026a&amp;apos;
System info: host: &amp;apos;DESKTOP-6KOFRV4&amp;apos;, ip: &amp;apos;192.168.1.14&amp;apos;, os.name: &amp;apos;Windows 10&amp;apos;, os.arch: &amp;apos;amd64&amp;apos;, os.version: &amp;apos;10.0&amp;apos;, java.version: &amp;apos;11.0.13&amp;apos;
Driver info: org.openqa.selenium.chrome.ChromeDriver
Capabilities {acceptInsecureCerts: false, browserName: chrome, browserVersion: 111.0.5563.111, chrome: {chromedriverVersion: 111.0.5563.64 (c710e93d5b63..., userDataDir: C:\Users\Marquee\AppData\Lo...}, goog:chromeOptions: {debuggerAddress: localhost:55775}, networkConnectionEnabled: false, pageLoadStrategy: normal, platformName: WINDOWS, proxy: Proxy(), se:cdp: ws://localhost:55775/devtoo..., se:cdpVersion: 111.0.5563.111, setWindowRect: true, strictFileInteractability: false, timeouts: {implicit: 0, pageLoad: 300000, script: 30000}, unhandledPromptBehavior: dismiss and notify, webauthn:extension:credBlob: true, webauthn:extension:largeBlob: true, webauthn:extension:minPinLength: true, webauthn:extension:prf: true, webauthn:virtualAuthenticators: true}
Session ID: 1e2386e3306bb47d0cdef6dde24dfbe2">
      <![CDATA[org.openqa.selenium.TimeoutException: Expected condition failed: waiting for element to be clickable: [[ChromeDriver: chrome on WINDOWS (1e2386e3306bb47d0cdef6dde24dfbe2)] -> xpath: //*[text()='Login']] (tried for 100 second(s) with 500 milliseconds interval)
Build info: version: '4.4.0', revision: 'e5c75ed026a'
System info: host: 'DESKTOP-6KOFRV4', ip: '192.168.1.14', os.name: 'Windows 10', os.arch: 'amd64', os.version: '10.0', java.version: '11.0.13'
Driver info: org.openqa.selenium.chrome.ChromeDriver
Capabilities {acceptInsecureCerts: false, browserName: chrome, browserVersion: 111.0.5563.111, chrome: {chromedriverVersion: 111.0.5563.64 (c710e93d5b63..., userDataDir: C:\Users\Marquee\AppData\Lo...}, goog:chromeOptions: {debuggerAddress: localhost:55775}, networkConnectionEnabled: false, pageLoadStrategy: normal, platformName: WINDOWS, proxy: Proxy(), se:cdp: ws://localhost:55775/devtoo..., se:cdpVersion: 111.0.5563.111, setWindowRect: true, strictFileInteractability: false, timeouts: {implicit: 0, pageLoad: 300000, script: 30000}, unhandledPromptBehavior: dismiss and notify, webauthn:extension:credBlob: true, webauthn:extension:largeBlob: true, webauthn:extension:minPinLength: true, webauthn:extension:prf: true, webauthn:virtualAuthenticators: true}
Session ID: 1e2386e3306bb47d0cdef6dde24dfbe2
at org.openqa.selenium.support.ui.WebDriverWait.timeoutException(WebDriverWait.java:87)
at org.openqa.selenium.support.ui.FluentWait.until(FluentWait.java:231)
at WebApp.BillGenratorWebApp.Paystub.PaystubWebFormPage.Login(PaystubWebFormPage.java:1418)
at WebApp.BillGenrator.BillGen2022.verifyLoginFunctionalityWithInvalidCred(BillGen2022.java:5891)
at java.base/java.util.ArrayList.forEach(ArrayList.java:1541)
... Removed 27 stack frames]]>
    </failure>
  </testcase> <!-- verifyLoginFunctionalityWithInvalidCred -->
  <testcase classname="WebApp.BillGenrator.BillGen2022" name="verifyLoginFunctionalityWithInvalidCred" time="130.587">
    <failure type="org.openqa.selenium.TimeoutException" message="Expected condition failed: waiting for element to be clickable: [[ChromeDriver: chrome on WINDOWS (1e2386e3306bb47d0cdef6dde24dfbe2)] -&amp;gt; xpath: //*[text()=&amp;apos;Login&amp;apos;]] (tried for 100 second(s) with 500 milliseconds interval)
Build info: version: &amp;apos;4.4.0&amp;apos;, revision: &amp;apos;e5c75ed026a&amp;apos;
System info: host: &amp;apos;DESKTOP-6KOFRV4&amp;apos;, ip: &amp;apos;192.168.1.14&amp;apos;, os.name: &amp;apos;Windows 10&amp;apos;, os.arch: &amp;apos;amd64&amp;apos;, os.version: &amp;apos;10.0&amp;apos;, java.version: &amp;apos;11.0.13&amp;apos;
Driver info: org.openqa.selenium.chrome.ChromeDriver
Capabilities {acceptInsecureCerts: false, browserName: chrome, browserVersion: 111.0.5563.111, chrome: {chromedriverVersion: 111.0.5563.64 (c710e93d5b63..., userDataDir: C:\Users\Marquee\AppData\Lo...}, goog:chromeOptions: {debuggerAddress: localhost:55775}, networkConnectionEnabled: false, pageLoadStrategy: normal, platformName: WINDOWS, proxy: Proxy(), se:cdp: ws://localhost:55775/devtoo..., se:cdpVersion: 111.0.5563.111, setWindowRect: true, strictFileInteractability: false, timeouts: {implicit: 0, pageLoad: 300000, script: 30000}, unhandledPromptBehavior: dismiss and notify, webauthn:extension:credBlob: true, webauthn:extension:largeBlob: true, webauthn:extension:minPinLength: true, webauthn:extension:prf: true, webauthn:virtualAuthenticators: true}
Session ID: 1e2386e3306bb47d0cdef6dde24dfbe2">
      <![CDATA[org.openqa.selenium.TimeoutException: Expected condition failed: waiting for element to be clickable: [[ChromeDriver: chrome on WINDOWS (1e2386e3306bb47d0cdef6dde24dfbe2)] -> xpath: //*[text()='Login']] (tried for 100 second(s) with 500 milliseconds interval)
Build info: version: '4.4.0', revision: 'e5c75ed026a'
System info: host: 'DESKTOP-6KOFRV4', ip: '192.168.1.14', os.name: 'Windows 10', os.arch: 'amd64', os.version: '10.0', java.version: '11.0.13'
Driver info: org.openqa.selenium.chrome.ChromeDriver
Capabilities {acceptInsecureCerts: false, browserName: chrome, browserVersion: 111.0.5563.111, chrome: {chromedriverVersion: 111.0.5563.64 (c710e93d5b63..., userDataDir: C:\Users\Marquee\AppData\Lo...}, goog:chromeOptions: {debuggerAddress: localhost:55775}, networkConnectionEnabled: false, pageLoadStrategy: normal, platformName: WINDOWS, proxy: Proxy(), se:cdp: ws://localhost:55775/devtoo..., se:cdpVersion: 111.0.5563.111, setWindowRect: true, strictFileInteractability: false, timeouts: {implicit: 0, pageLoad: 300000, script: 30000}, unhandledPromptBehavior: dismiss and notify, webauthn:extension:credBlob: true, webauthn:extension:largeBlob: true, webauthn:extension:minPinLength: true, webauthn:extension:prf: true, webauthn:virtualAuthenticators: true}
Session ID: 1e2386e3306bb47d0cdef6dde24dfbe2
at org.openqa.selenium.support.ui.WebDriverWait.timeoutException(WebDriverWait.java:87)
at org.openqa.selenium.support.ui.FluentWait.until(FluentWait.java:231)
at WebApp.BillGenratorWebApp.Paystub.PaystubWebFormPage.Login(PaystubWebFormPage.java:1418)
at WebApp.BillGenrator.BillGen2022.verifyLoginFunctionalityWithInvalidCred(BillGen2022.java:5891)
at java.base/java.util.ArrayList.forEach(ArrayList.java:1541)
... Removed 27 stack frames]]>
    </failure>
  </testcase> <!-- verifyLoginFunctionalityWithInvalidCred -->
  <testcase classname="WebApp.BillGenrator.BillGen2022" name="verifyPaystubTemplateWithLogin" time="130.554">
    <failure type="org.openqa.selenium.TimeoutException" message="Expected condition failed: waiting for element to be clickable: [[ChromeDriver: chrome on WINDOWS (1e2386e3306bb47d0cdef6dde24dfbe2)] -&amp;gt; xpath: //*[text()=&amp;apos;Login&amp;apos;]] (tried for 100 second(s) with 500 milliseconds interval)
Build info: version: &amp;apos;4.4.0&amp;apos;, revision: &amp;apos;e5c75ed026a&amp;apos;
System info: host: &amp;apos;DESKTOP-6KOFRV4&amp;apos;, ip: &amp;apos;192.168.1.14&amp;apos;, os.name: &amp;apos;Windows 10&amp;apos;, os.arch: &amp;apos;amd64&amp;apos;, os.version: &amp;apos;10.0&amp;apos;, java.version: &amp;apos;11.0.13&amp;apos;
Driver info: org.openqa.selenium.chrome.ChromeDriver
Capabilities {acceptInsecureCerts: false, browserName: chrome, browserVersion: 111.0.5563.111, chrome: {chromedriverVersion: 111.0.5563.64 (c710e93d5b63..., userDataDir: C:\Users\Marquee\AppData\Lo...}, goog:chromeOptions: {debuggerAddress: localhost:55775}, networkConnectionEnabled: false, pageLoadStrategy: normal, platformName: WINDOWS, proxy: Proxy(), se:cdp: ws://localhost:55775/devtoo..., se:cdpVersion: 111.0.5563.111, setWindowRect: true, strictFileInteractability: false, timeouts: {implicit: 0, pageLoad: 300000, script: 30000}, unhandledPromptBehavior: dismiss and notify, webauthn:extension:credBlob: true, webauthn:extension:largeBlob: true, webauthn:extension:minPinLength: true, webauthn:extension:prf: true, webauthn:virtualAuthenticators: true}
Session ID: 1e2386e3306bb47d0cdef6dde24dfbe2">
      <![CDATA[org.openqa.selenium.TimeoutException: Expected condition failed: waiting for element to be clickable: [[ChromeDriver: chrome on WINDOWS (1e2386e3306bb47d0cdef6dde24dfbe2)] -> xpath: //*[text()='Login']] (tried for 100 second(s) with 500 milliseconds interval)
Build info: version: '4.4.0', revision: 'e5c75ed026a'
System info: host: 'DESKTOP-6KOFRV4', ip: '192.168.1.14', os.name: 'Windows 10', os.arch: 'amd64', os.version: '10.0', java.version: '11.0.13'
Driver info: org.openqa.selenium.chrome.ChromeDriver
Capabilities {acceptInsecureCerts: false, browserName: chrome, browserVersion: 111.0.5563.111, chrome: {chromedriverVersion: 111.0.5563.64 (c710e93d5b63..., userDataDir: C:\Users\Marquee\AppData\Lo...}, goog:chromeOptions: {debuggerAddress: localhost:55775}, networkConnectionEnabled: false, pageLoadStrategy: normal, platformName: WINDOWS, proxy: Proxy(), se:cdp: ws://localhost:55775/devtoo..., se:cdpVersion: 111.0.5563.111, setWindowRect: true, strictFileInteractability: false, timeouts: {implicit: 0, pageLoad: 300000, script: 30000}, unhandledPromptBehavior: dismiss and notify, webauthn:extension:credBlob: true, webauthn:extension:largeBlob: true, webauthn:extension:minPinLength: true, webauthn:extension:prf: true, webauthn:virtualAuthenticators: true}
Session ID: 1e2386e3306bb47d0cdef6dde24dfbe2
at org.openqa.selenium.support.ui.WebDriverWait.timeoutException(WebDriverWait.java:87)
at org.openqa.selenium.support.ui.FluentWait.until(FluentWait.java:231)
at WebApp.BillGenratorWebApp.Paystub.PaystubWebFormPage.Login(PaystubWebFormPage.java:1418)
at WebApp.BillGenrator.BillGen2022.verifyPaystubTemplateWithLogin(BillGen2022.java:5938)
at java.base/java.util.ArrayList.forEach(ArrayList.java:1541)
... Removed 27 stack frames]]>
    </failure>
  </testcase> <!-- verifyPaystubTemplateWithLogin -->
  <testcase classname="WebApp.BillGenrator.BillGen2022" name="verifyDataOfTemplateAfterLogout" time="0.0">
    <skipped/>
  </testcase> <!-- verifyDataOfTemplateAfterLogout -->
  <testcase classname="WebApp.BillGenrator.BillGen2022" name="verifyGmail" time="67.005">
    <failure type="java.lang.AssertionError" message="The following asserts failed:
	How many pay periods have you worked? is not displayed. expected [true] but found [false],
	test name ytd total in paystub 2 is not as per the template saved. expected [528.00] but found [1,254.00],
	Gross Pay total in paystub 2 is not as per the template saved. expected [389,946.20] but found [390,144.20],
	Gross Pay YTD total in paystub 2 is not as per the template saved. expected [389,946.20] but found [390,144.20],
	FICA - Social Security total in paystub 2 is not as per the template saved. expected [9,114.00] but found [0.00],
	SDI total in paystub 2 is not as per the template saved. expected [157.45] but found [0.00],
	SUI total in paystub 2 is not as per the template saved. expected [128.14] but found [0.00],
	FLI total in paystub 2 is not as per the template saved. expected [98.80] but found [0.00],
	Workforce Development total in paystub 2 is not as per the template saved. expected [14.24] but found [0.00],
	Federal Tax ytd total in paystub 2 is not as per the template saved. expected [141,278.90] but found [282,631.06],
	State Tax ytd total in paystub 2 is not as per the template saved. expected [40,579.12] but found [81,179.53],
	Custom deduction ytd total in paystub 2 is not as per the template saved. expected [200.00] but found [400.00],
	deductions total in paystub 2 is not as per the template saved. expected [200,665.15] but found [200,764.36],
	ytd_deductions total in paystub 2 is not as per the template saved. expected [200,665.15] but found [200,764.36],
	net_pay total in paystub 2 is not as per the template saved. expected [189,281.05] but found [189,379.84],
	net_pay ytd total in paystub 2 is not as per the template saved. expected [189,281.05] but found [189,379.84]">
      <![CDATA[java.lang.AssertionError: The following asserts failed:
How many pay periods have you worked? is not displayed. expected [true] but found [false],
test name ytd total in paystub 2 is not as per the template saved. expected [528.00] but found [1,254.00],
Gross Pay total in paystub 2 is not as per the template saved. expected [389,946.20] but found [390,144.20],
Gross Pay YTD total in paystub 2 is not as per the template saved. expected [389,946.20] but found [390,144.20],
FICA - Social Security total in paystub 2 is not as per the template saved. expected [9,114.00] but found [0.00],
SDI total in paystub 2 is not as per the template saved. expected [157.45] but found [0.00],
SUI total in paystub 2 is not as per the template saved. expected [128.14] but found [0.00],
FLI total in paystub 2 is not as per the template saved. expected [98.80] but found [0.00],
Workforce Development total in paystub 2 is not as per the template saved. expected [14.24] but found [0.00],
Federal Tax ytd total in paystub 2 is not as per the template saved. expected [141,278.90] but found [282,631.06],
State Tax ytd total in paystub 2 is not as per the template saved. expected [40,579.12] but found [81,179.53],
Custom deduction ytd total in paystub 2 is not as per the template saved. expected [200.00] but found [400.00],
deductions total in paystub 2 is not as per the template saved. expected [200,665.15] but found [200,764.36],
ytd_deductions total in paystub 2 is not as per the template saved. expected [200,665.15] but found [200,764.36],
net_pay total in paystub 2 is not as per the template saved. expected [189,281.05] but found [189,379.84],
net_pay ytd total in paystub 2 is not as per the template saved. expected [189,281.05] but found [189,379.84]
at WebApp.BillGenrator.BillGen2022.verifyGmail(BillGen2022.java:7147)
at java.base/java.util.ArrayList.forEach(ArrayList.java:1541)
... Removed 29 stack frames]]>
    </failure>
  </testcase> <!-- verifyGmail -->
  <testcase classname="WebApp.BillGenrator.BillGen2022" name="verifyForgotPasswordFunctionality" time="130.191">
    <failure type="org.openqa.selenium.TimeoutException" message="Expected condition failed: waiting for element to be clickable: [[ChromeDriver: chrome on WINDOWS (1e2386e3306bb47d0cdef6dde24dfbe2)] -&amp;gt; xpath: //*[text()=&amp;apos;Login&amp;apos;]] (tried for 100 second(s) with 500 milliseconds interval)
Build info: version: &amp;apos;4.4.0&amp;apos;, revision: &amp;apos;e5c75ed026a&amp;apos;
System info: host: &amp;apos;DESKTOP-6KOFRV4&amp;apos;, ip: &amp;apos;192.168.1.14&amp;apos;, os.name: &amp;apos;Windows 10&amp;apos;, os.arch: &amp;apos;amd64&amp;apos;, os.version: &amp;apos;10.0&amp;apos;, java.version: &amp;apos;11.0.13&amp;apos;
Driver info: org.openqa.selenium.chrome.ChromeDriver
Capabilities {acceptInsecureCerts: false, browserName: chrome, browserVersion: 111.0.5563.111, chrome: {chromedriverVersion: 111.0.5563.64 (c710e93d5b63..., userDataDir: C:\Users\Marquee\AppData\Lo...}, goog:chromeOptions: {debuggerAddress: localhost:55775}, networkConnectionEnabled: false, pageLoadStrategy: normal, platformName: WINDOWS, proxy: Proxy(), se:cdp: ws://localhost:55775/devtoo..., se:cdpVersion: 111.0.5563.111, setWindowRect: true, strictFileInteractability: false, timeouts: {implicit: 0, pageLoad: 300000, script: 30000}, unhandledPromptBehavior: dismiss and notify, webauthn:extension:credBlob: true, webauthn:extension:largeBlob: true, webauthn:extension:minPinLength: true, webauthn:extension:prf: true, webauthn:virtualAuthenticators: true}
Session ID: 1e2386e3306bb47d0cdef6dde24dfbe2">
      <![CDATA[org.openqa.selenium.TimeoutException: Expected condition failed: waiting for element to be clickable: [[ChromeDriver: chrome on WINDOWS (1e2386e3306bb47d0cdef6dde24dfbe2)] -> xpath: //*[text()='Login']] (tried for 100 second(s) with 500 milliseconds interval)
Build info: version: '4.4.0', revision: 'e5c75ed026a'
System info: host: 'DESKTOP-6KOFRV4', ip: '192.168.1.14', os.name: 'Windows 10', os.arch: 'amd64', os.version: '10.0', java.version: '11.0.13'
Driver info: org.openqa.selenium.chrome.ChromeDriver
Capabilities {acceptInsecureCerts: false, browserName: chrome, browserVersion: 111.0.5563.111, chrome: {chromedriverVersion: 111.0.5563.64 (c710e93d5b63..., userDataDir: C:\Users\Marquee\AppData\Lo...}, goog:chromeOptions: {debuggerAddress: localhost:55775}, networkConnectionEnabled: false, pageLoadStrategy: normal, platformName: WINDOWS, proxy: Proxy(), se:cdp: ws://localhost:55775/devtoo..., se:cdpVersion: 111.0.5563.111, setWindowRect: true, strictFileInteractability: false, timeouts: {implicit: 0, pageLoad: 300000, script: 30000}, unhandledPromptBehavior: dismiss and notify, webauthn:extension:credBlob: true, webauthn:extension:largeBlob: true, webauthn:extension:minPinLength: true, webauthn:extension:prf: true, webauthn:virtualAuthenticators: true}
Session ID: 1e2386e3306bb47d0cdef6dde24dfbe2
at org.openqa.selenium.support.ui.WebDriverWait.timeoutException(WebDriverWait.java:87)
at org.openqa.selenium.support.ui.FluentWait.until(FluentWait.java:231)
at WebApp.BillGenratorWebApp.Paystub.PaystubWebFormPage.Login(PaystubWebFormPage.java:1418)
at WebApp.BillGenrator.BillGen2022.verifyForgotPasswordFunctionality(BillGen2022.java:7156)
at java.base/java.util.ArrayList.forEach(ArrayList.java:1541)
... Removed 27 stack frames]]>
    </failure>
  </testcase> <!-- verifyForgotPasswordFunctionality -->
  <testcase classname="WebApp.BillGenrator.BillGen2022" name="verifyPayPeriodDurationInSemiMonthly" time="0.0">
    <ignored/>
  </testcase> <!-- verifyPayPeriodDurationInSemiMonthly -->
  <testcase classname="WebApp.BillGenrator.BillGen2022" name="getexcelData" time="0.0">
    <ignored/>
  </testcase> <!-- getexcelData -->
  <testcase classname="WebApp.BillGenrator.BillGen2022" name="verifySalaryTotalValueSemiMonthly" time="0.0">
    <ignored/>
  </testcase> <!-- verifySalaryTotalValueSemiMonthly -->
</testsuite> <!-- WebPaystubForm -->
