<?xml version="1.0" encoding="UTF-8"?>
<!-- Generated by org.testng.reporters.JUnitXMLReporter -->
<testsuite ignored="0" hostname="DESKTOP-UT7SPS9" failures="0" tests="1" name="Default test" time="3.37" errors="0" timestamp="2021-08-26T12:22:42 IST">
  <testcase classname="Test.Test99GuruLogin" name="@BeforeTest setup" time="3.265">
    <failure type="org.openqa.selenium.SessionNotCreatedException" message="session not created: This version of ChromeDriver only supports Chrome version 87
Current browser version is 92.0.4515.159 with binary path C:\Program Files (x86)\Google\Chrome\Application\chrome.exe
Build info: version: &amp;apos;3.141.59&amp;apos;, revision: &amp;apos;e82be7d358&amp;apos;, time: &amp;apos;2018-11-14T08:25:48&amp;apos;
System info: host: &amp;apos;DESKTOP-UT7SPS9&amp;apos;, ip: &amp;apos;192.168.0.105&amp;apos;, os.name: &amp;apos;Windows 10&amp;apos;, os.arch: &amp;apos;amd64&amp;apos;, os.version: &amp;apos;10.0&amp;apos;, java.version: &amp;apos;11.0.12&amp;apos;
Driver info: driver.version: ChromeDriver
remote stacktrace: Backtrace:
	Ordinal0 [0x008EC0C3+3326147]
	Ordinal0 [0x007D0851+2164817]
	Ordinal0 [0x00657298+619160]
	Ordinal0 [0x005D1D92+73106]
	Ordinal0 [0x005CE119+57625]
	Ordinal0 [0x005CC38A+50058]
	Ordinal0 [0x005F5F3E+220990]
	Ordinal0 [0x005F5CAC+220332]
	Ordinal0 [0x005F189B+202907]
	Ordinal0 [0x005D3DF4+81396]
	Ordinal0 [0x005D4DEE+85486]
	Ordinal0 [0x005D4D79+85369]
	Ordinal0 [0x007E85DC+2262492]
	GetHandleVerifier [0x00A72874+1487204]
	GetHandleVerifier [0x00A723CD+1486013]
	GetHandleVerifier [0x00A7A368+1518680]
	GetHandleVerifier [0x00A72F4E+1488958]
	Ordinal0 [0x007DED0D+2223373]
	Ordinal0 [0x007EA12B+2269483]
	Ordinal0 [0x007EA26F+2269807]
	Ordinal0 [0x007FECB8+2354360]
	BaseThreadInitThunk [0x75C2FA29+25]
	RtlGetAppContainerNamedObjectPath [0x77407A7E+286]
	RtlGetAppContainerNamedObjectPath [0x77407A4E+238]
">
      <![CDATA[org.openqa.selenium.SessionNotCreatedException: session not created: This version of ChromeDriver only supports Chrome version 87
Current browser version is 92.0.4515.159 with binary path C:\Program Files (x86)\Google\Chrome\Application\chrome.exe
Build info: version: '3.141.59', revision: 'e82be7d358', time: '2018-11-14T08:25:48'
System info: host: 'DESKTOP-UT7SPS9', ip: '192.168.0.105', os.name: 'Windows 10', os.arch: 'amd64', os.version: '10.0', java.version: '11.0.12'
Driver info: driver.version: ChromeDriver
remote stacktrace: Backtrace:
Ordinal0 [0x008EC0C3+3326147]
Ordinal0 [0x007D0851+2164817]
Ordinal0 [0x00657298+619160]
Ordinal0 [0x005D1D92+73106]
Ordinal0 [0x005CE119+57625]
Ordinal0 [0x005CC38A+50058]
Ordinal0 [0x005F5F3E+220990]
Ordinal0 [0x005F5CAC+220332]
Ordinal0 [0x005F189B+202907]
Ordinal0 [0x005D3DF4+81396]
Ordinal0 [0x005D4DEE+85486]
Ordinal0 [0x005D4D79+85369]
Ordinal0 [0x007E85DC+2262492]
GetHandleVerifier [0x00A72874+1487204]
GetHandleVerifier [0x00A723CD+1486013]
GetHandleVerifier [0x00A7A368+1518680]
GetHandleVerifier [0x00A72F4E+1488958]
Ordinal0 [0x007DED0D+2223373]
Ordinal0 [0x007EA12B+2269483]
Ordinal0 [0x007EA26F+2269807]
Ordinal0 [0x007FECB8+2354360]
BaseThreadInitThunk [0x75C2FA29+25]
RtlGetAppContainerNamedObjectPath [0x77407A7E+286]
RtlGetAppContainerNamedObjectPath [0x77407A4E+238]

at java.base/jdk.internal.reflect.NativeConstructorAccessorImpl.newInstance0(Native Method)
at java.base/jdk.internal.reflect.NativeConstructorAccessorImpl.newInstance(NativeConstructorAccessorImpl.java:62)
at java.base/jdk.internal.reflect.DelegatingConstructorAccessorImpl.newInstance(DelegatingConstructorAccessorImpl.java:45)
at java.base/java.lang.reflect.Constructor.newInstance(Constructor.java:490)
at org.openqa.selenium.remote.W3CHandshakeResponse.lambda$errorHandler$0(W3CHandshakeResponse.java:62)
at org.openqa.selenium.remote.HandshakeResponse.lambda$getResponseFunction$0(HandshakeResponse.java:30)
at org.openqa.selenium.remote.ProtocolHandshake.lambda$createSession$0(ProtocolHandshake.java:126)
at java.base/java.util.stream.ReferencePipeline$3$1.accept(ReferencePipeline.java:195)
at java.base/java.util.Spliterators$ArraySpliterator.tryAdvance(Spliterators.java:958)
at java.base/java.util.stream.ReferencePipeline.forEachWithCancel(ReferencePipeline.java:127)
at java.base/java.util.stream.AbstractPipeline.copyIntoWithCancel(AbstractPipeline.java:502)
at java.base/java.util.stream.AbstractPipeline.copyInto(AbstractPipeline.java:488)
at java.base/java.util.stream.AbstractPipeline.wrapAndCopyInto(AbstractPipeline.java:474)
at java.base/java.util.stream.FindOps$FindOp.evaluateSequential(FindOps.java:150)
at java.base/java.util.stream.AbstractPipeline.evaluate(AbstractPipeline.java:234)
at java.base/java.util.stream.ReferencePipeline.findFirst(ReferencePipeline.java:543)
at org.openqa.selenium.remote.ProtocolHandshake.createSession(ProtocolHandshake.java:128)
at org.openqa.selenium.remote.ProtocolHandshake.createSession(ProtocolHandshake.java:74)
at org.openqa.selenium.remote.HttpCommandExecutor.execute(HttpCommandExecutor.java:136)
at org.openqa.selenium.remote.service.DriverCommandExecutor.execute(DriverCommandExecutor.java:83)
at org.openqa.selenium.remote.RemoteWebDriver.execute(RemoteWebDriver.java:552)
at org.openqa.selenium.remote.RemoteWebDriver.startSession(RemoteWebDriver.java:213)
at org.openqa.selenium.remote.RemoteWebDriver.<init>(RemoteWebDriver.java:131)
at org.openqa.selenium.chrome.ChromeDriver.<init>(ChromeDriver.java:181)
at org.openqa.selenium.chrome.ChromeDriver.<init>(ChromeDriver.java:168)
at org.openqa.selenium.chrome.ChromeDriver.<init>(ChromeDriver.java:123)
at Test.Test99GuruLogin.setup(Test99GuruLogin.java:29)
at java.base/jdk.internal.reflect.NativeMethodAccessorImpl.invoke0(Native Method)
at java.base/jdk.internal.reflect.NativeMethodAccessorImpl.invoke(NativeMethodAccessorImpl.java:62)
at java.base/jdk.internal.reflect.DelegatingMethodAccessorImpl.invoke(DelegatingMethodAccessorImpl.java:43)
at java.base/java.lang.reflect.Method.invoke(Method.java:566)
at org.testng.internal.MethodInvocationHelper.invokeMethod(MethodInvocationHelper.java:132)
at org.testng.internal.MethodInvocationHelper.invokeMethodConsideringTimeout(MethodInvocationHelper.java:61)
at org.testng.internal.ConfigInvoker.invokeConfigurationMethod(ConfigInvoker.java:366)
at org.testng.internal.ConfigInvoker.invokeConfigurations(ConfigInvoker.java:320)
at org.testng.TestRunner.invokeTestConfigurations(TestRunner.java:617)
at org.testng.TestRunner.beforeRun(TestRunner.java:607)
at org.testng.TestRunner.run(TestRunner.java:578)
at org.testng.SuiteRunner.runTest(SuiteRunner.java:384)
at org.testng.SuiteRunner.runSequentially(SuiteRunner.java:378)
at org.testng.SuiteRunner.privateRun(SuiteRunner.java:337)
at org.testng.SuiteRunner.run(SuiteRunner.java:286)
at org.testng.SuiteRunnerWorker.runSuite(SuiteRunnerWorker.java:53)
at org.testng.SuiteRunnerWorker.run(SuiteRunnerWorker.java:96)
at org.testng.TestNG.runSuitesSequentially(TestNG.java:1218)
at org.testng.TestNG.runSuitesLocally(TestNG.java:1140)
at org.testng.TestNG.runSuites(TestNG.java:1069)
at org.testng.TestNG.run(TestNG.java:1037)
at org.testng.remote.AbstractRemoteTestNG.run(AbstractRemoteTestNG.java:115)
at org.testng.remote.RemoteTestNG.initAndRun(RemoteTestNG.java:251)
at org.testng.remote.RemoteTestNG.main(RemoteTestNG.java:77)
]]>
    </failure>
  </testcase> <!-- @BeforeTest setup -->
  <testcase classname="Test.Test99GuruLogin" name="test_Home_Page_Appear_Correct" time="0.0">
    <skipped/>
  </testcase> <!-- test_Home_Page_Appear_Correct -->
</testsuite> <!-- Default test -->
