<?xml version="1.0" encoding="UTF-8"?>
<!-- Generated by org.testng.reporters.JUnitXMLReporter -->
<testsuite ignored="0" hostname="DESKTOP-6KOFRV4" failures="7" tests="12" name="Test" time="9.94" errors="0" timestamp="2022-03-01T11:53:08 IST">
  <testcase classname="LoanQuoTest.LoanQuo.LoginPageTest" name="Verify_Company_Name_and_Year_Of_The_Login_Page" time="0.119"/>
  <testcase classname="LoanQuoTest.LoanQuo.LoginPageTest" name="Verify_validations_on_Login_When_No_Values_Entered" time="0.297"/>
  <testcase classname="LoanQuoTest.LoanQuo.LoginPageTest" name="Verify_Login_With_All_Invalid_Inputs_Along_With_Validation_messages" time="0.243">
    <failure type="java.lang.AssertionError" message="The following asserts failed:
	expected [Atleast 6 characters.] but found [Atleast 6 characters]">
      <![CDATA[java.lang.AssertionError: The following asserts failed:
expected [Atleast 6 characters.] but found [Atleast 6 characters]
at LoanQuoTest.LoanQuo.LoginPageTest.Verify_Login_With_All_Invalid_Inputs_Along_With_Validation_messages(LoginPageTest.java:51)
at java.base/java.util.ArrayList.forEach(ArrayList.java:1511)
... Removed 29 stack frames]]>
    </failure>
  </testcase> <!-- Verify_Login_With_All_Invalid_Inputs_Along_With_Validation_messages -->
  <testcase classname="LoanQuoTest.LoanQuo.LoginPageTest" name="Verify_Login_With_All_Invalid_Inputs_Along_With_Validation_messages" time="0.286">
    <failure type="java.lang.AssertionError" message="The following asserts failed:
	expected [Atleast 6 characters.] but found [Atleast 6 characters]">
      <![CDATA[java.lang.AssertionError: The following asserts failed:
expected [Atleast 6 characters.] but found [Atleast 6 characters]
at LoanQuoTest.LoanQuo.LoginPageTest.Verify_Login_With_All_Invalid_Inputs_Along_With_Validation_messages(LoginPageTest.java:51)
at java.base/java.util.ArrayList.forEach(ArrayList.java:1511)
... Removed 29 stack frames]]>
    </failure>
  </testcase> <!-- Verify_Login_With_All_Invalid_Inputs_Along_With_Validation_messages -->
  <testcase classname="LoanQuoTest.LoanQuo.LoginPageTest" name="Verify_Login_With_All_Invalid_Inputs_Along_With_Validation_messages" time="0.278">
    <failure type="java.lang.AssertionError" message="The following asserts failed:
	expected [Atleast 6 characters.] but found [Atleast 6 characters]">
      <![CDATA[java.lang.AssertionError: The following asserts failed:
expected [Atleast 6 characters.] but found [Atleast 6 characters]
at LoanQuoTest.LoanQuo.LoginPageTest.Verify_Login_With_All_Invalid_Inputs_Along_With_Validation_messages(LoginPageTest.java:51)
at java.base/java.util.ArrayList.forEach(ArrayList.java:1511)
... Removed 29 stack frames]]>
    </failure>
  </testcase> <!-- Verify_Login_With_All_Invalid_Inputs_Along_With_Validation_messages -->
  <testcase classname="LoanQuoTest.LoanQuo.LoginPageTest" name="Verify_Login_With_All_Invalid_Inputs_Along_With_Validation_messages" time="0.258">
    <failure type="java.lang.AssertionError" message="The following asserts failed:
	expected [Atleast 6 characters.] but found [Atleast 6 characters]">
      <![CDATA[java.lang.AssertionError: The following asserts failed:
expected [Atleast 6 characters.] but found [Atleast 6 characters]
at LoanQuoTest.LoanQuo.LoginPageTest.Verify_Login_With_All_Invalid_Inputs_Along_With_Validation_messages(LoginPageTest.java:51)
at java.base/java.util.ArrayList.forEach(ArrayList.java:1511)
... Removed 29 stack frames]]>
    </failure>
  </testcase> <!-- Verify_Login_With_All_Invalid_Inputs_Along_With_Validation_messages -->
  <testcase classname="LoanQuoTest.LoanQuo.LoginPageTest" name="Verify_Login_With_All_Invalid_Inputs_Along_With_Validation_messages" time="0.262">
    <failure type="java.lang.AssertionError" message="The following asserts failed:
	expected [Atleast 6 characters.] but found [Atleast 6 characters]">
      <![CDATA[java.lang.AssertionError: The following asserts failed:
expected [Atleast 6 characters.] but found [Atleast 6 characters]
at LoanQuoTest.LoanQuo.LoginPageTest.Verify_Login_With_All_Invalid_Inputs_Along_With_Validation_messages(LoginPageTest.java:51)
at java.base/java.util.ArrayList.forEach(ArrayList.java:1511)
... Removed 29 stack frames]]>
    </failure>
  </testcase> <!-- Verify_Login_With_All_Invalid_Inputs_Along_With_Validation_messages -->
  <testcase classname="LoanQuoTest.LoanQuo.LoginPageTest" name="Verify_Login_With_All_Invalid_Inputs_Along_With_Validation_messages" time="0.267">
    <failure type="java.lang.AssertionError" message="The following asserts failed:
	expected [Atleast 6 characters.] but found [Atleast 6 characters]">
      <![CDATA[java.lang.AssertionError: The following asserts failed:
expected [Atleast 6 characters.] but found [Atleast 6 characters]
at LoanQuoTest.LoanQuo.LoginPageTest.Verify_Login_With_All_Invalid_Inputs_Along_With_Validation_messages(LoginPageTest.java:51)
at java.base/java.util.ArrayList.forEach(ArrayList.java:1511)
... Removed 29 stack frames]]>
    </failure>
  </testcase> <!-- Verify_Login_With_All_Invalid_Inputs_Along_With_Validation_messages -->
  <testcase classname="LoanQuoTest.LoanQuo.LoginPageTest" name="Verify_Login_With_All_Invalid_Inputs_Along_With_Validation_messages" time="0.26">
    <failure type="java.lang.AssertionError" message="The following asserts failed:
	expected [please enter valid email.] but found [],
	expected [Atleast 6 characters.] but found [Atleast 6 characters]">
      <![CDATA[java.lang.AssertionError: The following asserts failed:
expected [please enter valid email.] but found [],
expected [Atleast 6 characters.] but found [Atleast 6 characters]
at LoanQuoTest.LoanQuo.LoginPageTest.Verify_Login_With_All_Invalid_Inputs_Along_With_Validation_messages(LoginPageTest.java:51)
at java.base/java.util.ArrayList.forEach(ArrayList.java:1511)
... Removed 29 stack frames]]>
    </failure>
  </testcase> <!-- Verify_Login_With_All_Invalid_Inputs_Along_With_Validation_messages -->
  <testcase classname="LoanQuoTest.LoanQuo.LoginPageTest" name="Check_Password_AstrickByDefault" time="0.055"/>
  <testcase classname="LoanQuoTest.LoanQuo.LoginPageTest" name="Verify_Eye_Toggle_ButtonFunctionality" time="0.109"/>
  <testcase classname="LoanQuoTest.LoanQuo.LoginPageTest" name="Verify_Login_With_Valid_Inputs" time="0.302"/>
</testsuite> <!-- Test -->
