<?xml version="1.0" encoding="UTF-8"?>
<!-- Generated by org.testng.reporters.JUnitXMLReporter -->
<testsuite ignored="0" hostname="DESKTOP-6KOFRV4" failures="3" tests="12" name="Test" time="15.983" errors="0" timestamp="2022-03-04T11:53:52 IST">
  <testcase classname="LoanQuoTest.LoanQuo.LoginPageTest" name="Verify_Company_Name_and_Year_Of_The_Login_Page" time="0.144"/>
  <testcase classname="LoanQuoTest.LoanQuo.LoginPageTest" name="Verify_validations_on_Login_When_No_Values_Entered" time="0.324">
    <failure type="java.lang.AssertionError" message="The following asserts failed:
	expected [Please enter password.] but found [Please enter password]">
      <![CDATA[java.lang.AssertionError: The following asserts failed:
expected [Please enter password.] but found [Please enter password]
at LoanQuoTest.LoanQuo.LoginPageTest.Verify_validations_on_Login_When_No_Values_Entered(LoginPageTest.java:92)
at java.base/java.util.ArrayList.forEach(ArrayList.java:1511)
... Removed 33 stack frames]]>
    </failure>
  </testcase> <!-- Verify_validations_on_Login_When_No_Values_Entered -->
  <testcase classname="LoanQuoTest.LoanQuo.LoginPageTest" name="Verify_Login_With_All_Invalid_Inputs_Along_With_Validation_messages" time="0.275">
    <failure type="java.lang.AssertionError" message="The following asserts failed:
	expected [Atleast 6 characters.] but found [Atleast 6 characters]">
      <![CDATA[java.lang.AssertionError: The following asserts failed:
expected [Atleast 6 characters.] but found [Atleast 6 characters]
at LoanQuoTest.LoanQuo.LoginPageTest.Verify_Login_With_All_Invalid_Inputs_Along_With_Validation_messages(LoginPageTest.java:74)
at java.base/java.util.ArrayList.forEach(ArrayList.java:1511)
... Removed 33 stack frames]]>
    </failure>
  </testcase> <!-- Verify_Login_With_All_Invalid_Inputs_Along_With_Validation_messages -->
  <testcase classname="LoanQuoTest.LoanQuo.LoginPageTest" name="Verify_Login_With_All_Invalid_Inputs_Along_With_Validation_messages" time="0.409"/>
  <testcase classname="LoanQuoTest.LoanQuo.LoginPageTest" name="Verify_Login_With_All_Invalid_Inputs_Along_With_Validation_messages" time="0.268"/>
  <testcase classname="LoanQuoTest.LoanQuo.LoginPageTest" name="Verify_Login_With_All_Invalid_Inputs_Along_With_Validation_messages" time="0.269"/>
  <testcase classname="LoanQuoTest.LoanQuo.LoginPageTest" name="Verify_Login_With_All_Invalid_Inputs_Along_With_Validation_messages" time="0.266"/>
  <testcase classname="LoanQuoTest.LoanQuo.LoginPageTest" name="Verify_Login_With_All_Invalid_Inputs_Along_With_Validation_messages" time="0.356"/>
  <testcase classname="LoanQuoTest.LoanQuo.LoginPageTest" name="Verify_Login_With_All_Invalid_Inputs_Along_With_Validation_messages" time="0.288">
    <failure type="java.lang.AssertionError" message="The following asserts failed:
	expected [please enter valid email.] but found []">
      <![CDATA[java.lang.AssertionError: The following asserts failed:
expected [please enter valid email.] but found []
at LoanQuoTest.LoanQuo.LoginPageTest.Verify_Login_With_All_Invalid_Inputs_Along_With_Validation_messages(LoginPageTest.java:74)
at java.base/java.util.ArrayList.forEach(ArrayList.java:1511)
... Removed 33 stack frames]]>
    </failure>
  </testcase> <!-- Verify_Login_With_All_Invalid_Inputs_Along_With_Validation_messages -->
  <testcase classname="LoanQuoTest.LoanQuo.LoginPageTest" name="Check_Password_AstrickByDefault" time="0.099"/>
  <testcase classname="LoanQuoTest.LoanQuo.LoginPageTest" name="Verify_Eye_Toggle_ButtonFunctionality" time="0.118"/>
  <testcase classname="LoanQuoTest.LoanQuo.LoginPageTest" name="Verify_Login_With_Valid_Inputs" time="4.234"/>
</testsuite> <!-- Test -->
