<?xml version="1.0" encoding="UTF-8"?>
<!-- Generated by org.testng.reporters.JUnitReportReporter -->
<testsuite hostname="DESKTOP-6KOFRV4" failures="1" tests="27" name="WebApp.BillGenrator.BillGen2023" time="469.725" errors="0" timestamp="2023-04-05T04:00:33 IST" skipped="1">
  <testcase classname="WebApp.BillGenrator.BillGen2023" name="verifyFICAMedicareWithGrossPayYTDTotalLessThan20000" time="7.105"/>
  <system-out/>
  <testcase classname="WebApp.BillGenrator.BillGen2023" name="verifyFederalWithGrossPayYTDTotal40000" time="7.020"/>
  <system-out/>
  <testcase classname="WebApp.BillGenrator.BillGen2023" name="verifyFICAMedicareWithGrossPayYTDTotalLessThan200000" time="8.143"/>
  <system-out/>
  <testcase classname="WebApp.BillGenrator.BillGen2023" name="verifyFICAMedicareWithGrossPayYTDTotalGreaterThan200000" time="6.381"/>
  <system-out/>
  <testcase classname="WebApp.BillGenrator.BillGen2023" name="verifyFICASocialSecurityCalculations" time="6.242"/>
  <system-out/>
  <testcase classname="WebApp.BillGenrator.BillGen2023" name="verifyFicaSocialSecurityCalculations" time="8.519"/>
  <system-out/>
  <testcase classname="WebApp.BillGenrator.BillGen2023" name="VerifyFederalTaxCalculationsonTemplate1" time="9.991"/>
  <system-out/>
  <testcase classname="WebApp.BillGenrator.BillGen2023" name="VerifyFederalTaxCalculationsWithMarriedOnTemplate1" time="11.003">
    <failure message="The following asserts failed:
	expected [22,905.42] but found [22,905.40],
	expected [22,905.42] but found [22,905.40]" type="java.lang.AssertionError">
      <![CDATA[java.lang.AssertionError: The following asserts failed:
expected [22,905.42] but found [22,905.40],
expected [22,905.42] but found [22,905.40]
at org.testng.asserts.SoftAssert.assertAll(SoftAssert.java:46)
at org.testng.asserts.SoftAssert.assertAll(SoftAssert.java:30)
at WebApp.BillGenrator.BillGen2023.VerifyFederalTaxCalculationsWithMarriedOnTemplate1(BillGen2023.java:164)
at java.base/jdk.internal.reflect.NativeMethodAccessorImpl.invoke0(Native Method)
at java.base/jdk.internal.reflect.NativeMethodAccessorImpl.invoke(NativeMethodAccessorImpl.java:62)
at java.base/jdk.internal.reflect.DelegatingMethodAccessorImpl.invoke(DelegatingMethodAccessorImpl.java:43)
at java.base/java.lang.reflect.Method.invoke(Method.java:566)
at org.testng.internal.invokers.MethodInvocationHelper.invokeMethod(MethodInvocationHelper.java:139)
at org.testng.internal.invokers.TestInvoker.invokeMethod(TestInvoker.java:677)
at org.testng.internal.invokers.TestInvoker.invokeTestMethod(TestInvoker.java:221)
at org.testng.internal.invokers.MethodRunner.runInSequence(MethodRunner.java:50)
at org.testng.internal.invokers.TestInvoker$MethodInvocationAgent.invoke(TestInvoker.java:962)
at org.testng.internal.invokers.TestInvoker.invokeTestMethods(TestInvoker.java:194)
at org.testng.internal.invokers.TestMethodWorker.invokeTestMethods(TestMethodWorker.java:148)
at org.testng.internal.invokers.TestMethodWorker.run(TestMethodWorker.java:128)
at java.base/java.util.ArrayList.forEach(ArrayList.java:1541)
at org.testng.TestRunner.privateRun(TestRunner.java:806)
at org.testng.TestRunner.run(TestRunner.java:601)
at org.testng.SuiteRunner.runTest(SuiteRunner.java:433)
at org.testng.SuiteRunner.runSequentially(SuiteRunner.java:427)
at org.testng.SuiteRunner.privateRun(SuiteRunner.java:387)
at org.testng.SuiteRunner.run(SuiteRunner.java:330)
at org.testng.SuiteRunnerWorker.runSuite(SuiteRunnerWorker.java:52)
at org.testng.SuiteRunnerWorker.run(SuiteRunnerWorker.java:95)
at org.testng.TestNG.runSuitesSequentially(TestNG.java:1256)
at org.testng.TestNG.runSuitesLocally(TestNG.java:1176)
at org.testng.TestNG.runSuites(TestNG.java:1099)
at org.testng.TestNG.run(TestNG.java:1067)
at org.apache.maven.surefire.testng.TestNGExecutor.run(TestNGExecutor.java:324)
at org.apache.maven.surefire.testng.TestNGXmlTestSuite.execute(TestNGXmlTestSuite.java:74)
at org.apache.maven.surefire.testng.TestNGProvider.invoke(TestNGProvider.java:123)
at org.apache.maven.surefire.booter.ForkedBooter.runSuitesInProcess(ForkedBooter.java:456)
at org.apache.maven.surefire.booter.ForkedBooter.execute(ForkedBooter.java:169)
at org.apache.maven.surefire.booter.ForkedBooter.run(ForkedBooter.java:595)
at org.apache.maven.surefire.booter.ForkedBooter.main(ForkedBooter.java:581)
]]>
    </failure>
  </testcase> <!-- VerifyFederalTaxCalculationsWithMarriedOnTemplate1 -->
  <system-out/>
  <testcase classname="WebApp.BillGenrator.BillGen2023" name="verifyFederalTaxWithAllExemptions" time="24.242"/>
  <system-out/>
  <testcase classname="WebApp.BillGenrator.BillGen2023" name="VerifyStateTaxCalculationsWithAllStatesOnTemplate1" time="45.462"/>
  <system-out/>
  <testcase classname="WebApp.BillGenrator.BillGen2023" name="VerifyStateTaxCalculationsWithAllStatesWithSingleOnTemplate1" time="44.902"/>
  <system-out/>
  <testcase classname="WebApp.BillGenrator.BillGen2023" name="VerifyStateTaxCalculationsWithAllStatesWithSingle2OnTemplate1" time="45.371"/>
  <system-out/>
  <testcase classname="WebApp.BillGenrator.BillGen2023" name="VerifyStateTaxCalculationsWithAllStatesWithMarriedOnTemplate1" time="45.697"/>
  <system-out/>
  <testcase classname="WebApp.BillGenrator.BillGen2023" name="VerifySDITaxCalculationsonTemplate1" time="10.903"/>
  <system-out/>
  <testcase classname="WebApp.BillGenrator.BillGen2023" name="VerifySDITaxCalculationsonTemplate1" time="11.000"/>
  <system-out/>
  <testcase classname="WebApp.BillGenrator.BillGen2023" name="VerifySDITaxCalculationsonTemplate1" time="10.915"/>
  <system-out/>
  <testcase classname="WebApp.BillGenrator.BillGen2023" name="VerifySDITaxCalculationsonTemplate1" time="10.973"/>
  <system-out/>
  <testcase classname="WebApp.BillGenrator.BillGen2023" name="VerifySDITaxCalculationsonTemplate1" time="10.936"/>
  <system-out/>
  <testcase classname="WebApp.BillGenrator.BillGen2023" name="Verify_SUI_Tax_Calculations_on_Template1_with_State" time="12.500"/>
  <system-out/>
  <testcase classname="WebApp.BillGenrator.BillGen2023" name="Verify_SUI_Tax_Calculations_on_Template1_with_State" time="12.193"/>
  <system-out/>
  <testcase classname="WebApp.BillGenrator.BillGen2023" name="Verify_SUI_Tax_Calculations_on_Template1_with_State" time="12.260"/>
  <system-out/>
  <testcase classname="WebApp.BillGenrator.BillGen2023" name="Verify_WC_Tax_Calculations_on_Template1_with_State" time="72.596"/>
  <system-out/>
  <testcase classname="WebApp.BillGenrator.BillGen2023" name="Verify_FLIFLV_Tax_Calculations_on_Template1_with_State" time="12.726"/>
  <system-out/>
  <testcase classname="WebApp.BillGenrator.BillGen2023" name="calculateWorkforceDevelopment" time="8.599"/>
  <system-out/>
  <testcase classname="WebApp.BillGenrator.BillGen2023" name="calculateWorkforceDevelopment2" time="7.014"/>
  <system-out/>
  <testcase classname="WebApp.BillGenrator.BillGen2023" name="calculateWorkforceDevelopment3" time="7.032"/>
  <system-out/>
  <testcase classname="WebApp.BillGenrator.BillGen2023" name="getexcelData">
    <skipped/>
  </testcase> <!-- getexcelData -->
  <system-out/>
</testsuite> <!-- WebApp.BillGenrator.BillGen2023 -->
