<?xml version="1.0" encoding="UTF-8"?>
<!-- Generated by org.testng.reporters.JUnitXMLReporter -->
<testsuite ignored="0" hostname="ShashankLapi" failures="1" tests="6" name="Test" time="0.1" errors="0" timestamp="2021-07-03T23:39:49 IST">
  <testcase classname="ForPractice.MavenPractice.AppiumTest" name="Appium1" time="0.01"/>
  <testcase classname="ForPractice.MavenPractice.AppiumTest" name="Appium2" time="0.006">
    <failure type="java.lang.AssertionError" message="expected [false] but found [true]">
      <![CDATA[java.lang.AssertionError: expected [false] but found [true]
at ForPractice.MavenPractice.AppiumTest.Appium2(AppiumTest.java:21)
at java.base/java.util.ArrayList.forEach(ArrayList.java:1541)
... Removed 31 stack frames]]>
    </failure>
  </testcase> <!-- Appium2 -->
  <testcase classname="ForPractice.MavenPractice.RestAPITest" name="RestAPITest1" time="0.005"/>
  <testcase classname="ForPractice.MavenPractice.RestAPITest" name="RestAPITest2" time="0.002"/>
  <testcase classname="ForPractice.MavenPractice.seleniumTest" name="selenium1" time="0.002"/>
  <testcase classname="ForPractice.MavenPractice.seleniumTest" name="selenium2" time="0.002"/>
</testsuite> <!-- Test -->
