<?xml version="1.0" encoding="UTF-8"?>
<!-- Generated by org.testng.reporters.JUnitXMLReporter -->
<testsuite ignored="1" hostname="DESKTOP-6KOFRV4" failures="5" tests="25" name="WebPaystubForm" time="365.877" errors="0" timestamp="2023-02-03T20:07:23 IST">
  <testcase classname="WebApp.BillGenrator.WebPaystubForm" name="VerifyFederalTaxCalculationsWithMarriedOnTemplate1" time="8.526"/>
  <testcase classname="WebApp.BillGenrator.WebPaystubForm" name="VerifyFederalTaxCalculationsonTemplate1" time="8.577"/>
  <testcase classname="WebApp.BillGenrator.WebPaystubForm" name="VerifySDITaxCalculationsonTemplate1" time="9.011"/>
  <testcase classname="WebApp.BillGenrator.WebPaystubForm" name="VerifySDITaxCalculationsonTemplate1" time="8.777"/>
  <testcase classname="WebApp.BillGenrator.WebPaystubForm" name="VerifySDITaxCalculationsonTemplate1" time="8.702"/>
  <testcase classname="WebApp.BillGenrator.WebPaystubForm" name="VerifySDITaxCalculationsonTemplate1" time="5.668">
    <failure type="org.openqa.selenium.ElementClickInterceptedException" message="element click intercepted: Element &amp;lt;input type=&amp;quot;text&amp;quot; name=&amp;quot;tips_total&amp;quot; id=&amp;quot;tips_total&amp;quot; disabled=&amp;quot;&amp;quot; class=&amp;quot;form-control form_control border-blue&amp;quot; value=&amp;quot;0.00&amp;quot;&amp;gt; is not clickable at point (687, 790). Other element would receive the click: &amp;lt;section class=&amp;quot;loader-wrapper&amp;quot; id=&amp;quot;show_loader&amp;quot; style=&amp;quot;display: block; opacity: 0.00221902;&amp;quot;&amp;gt;...&amp;lt;/section&amp;gt;
  (Session info: chrome=109.0.5414.120)
Build info: version: &amp;apos;4.4.0&amp;apos;, revision: &amp;apos;e5c75ed026a&amp;apos;
System info: host: &amp;apos;DESKTOP-6KOFRV4&amp;apos;, ip: &amp;apos;192.168.1.14&amp;apos;, os.name: &amp;apos;Windows 10&amp;apos;, os.arch: &amp;apos;amd64&amp;apos;, os.version: &amp;apos;10.0&amp;apos;, java.version: &amp;apos;11.0.13&amp;apos;
Driver info: org.openqa.selenium.chrome.ChromeDriver
Command: [2b62d5d82d9ad7f8b4f6ccb83b6fd8af, clickElement {id=378670bf-af78-45a5-8bb2-684143fc6c43}]
Capabilities {acceptInsecureCerts: false, browserName: chrome, browserVersion: 109.0.5414.120, chrome: {chromedriverVersion: 108.0.5359.71 (1e0e3868ee06..., userDataDir: C:\Users\Marquee\AppData\Lo...}, goog:chromeOptions: {debuggerAddress: localhost:65077}, networkConnectionEnabled: false, pageLoadStrategy: normal, platformName: WINDOWS, proxy: Proxy(), se:cdp: ws://localhost:65077/devtoo..., se:cdpVersion: 109.0.5414.120, setWindowRect: true, strictFileInteractability: false, timeouts: {implicit: 0, pageLoad: 300000, script: 30000}, unhandledPromptBehavior: dismiss and notify, webauthn:extension:credBlob: true, webauthn:extension:largeBlob: true, webauthn:virtualAuthenticators: true}
Element: [[ChromeDriver: chrome on WINDOWS (2b62d5d82d9ad7f8b4f6ccb83b6fd8af)] -&amp;gt; xpath: //*[@id=&amp;apos;tips_total&amp;apos;]]
Session ID: 2b62d5d82d9ad7f8b4f6ccb83b6fd8af">
      <![CDATA[org.openqa.selenium.ElementClickInterceptedException: element click intercepted: Element <input type="text" name="tips_total" id="tips_total" disabled="" class="form-control form_control border-blue" value="0.00"> is not clickable at point (687, 790). Other element would receive the click: <section class="loader-wrapper" id="show_loader" style="display: block; opacity: 0.00221902;">...</section>
  (Session info: chrome=109.0.5414.120)
Build info: version: '4.4.0', revision: 'e5c75ed026a'
System info: host: 'DESKTOP-6KOFRV4', ip: '192.168.1.14', os.name: 'Windows 10', os.arch: 'amd64', os.version: '10.0', java.version: '11.0.13'
Driver info: org.openqa.selenium.chrome.ChromeDriver
Command: [2b62d5d82d9ad7f8b4f6ccb83b6fd8af, clickElement {id=378670bf-af78-45a5-8bb2-684143fc6c43}]
Capabilities {acceptInsecureCerts: false, browserName: chrome, browserVersion: 109.0.5414.120, chrome: {chromedriverVersion: 108.0.5359.71 (1e0e3868ee06..., userDataDir: C:\Users\Marquee\AppData\Lo...}, goog:chromeOptions: {debuggerAddress: localhost:65077}, networkConnectionEnabled: false, pageLoadStrategy: normal, platformName: WINDOWS, proxy: Proxy(), se:cdp: ws://localhost:65077/devtoo..., se:cdpVersion: 109.0.5414.120, setWindowRect: true, strictFileInteractability: false, timeouts: {implicit: 0, pageLoad: 300000, script: 30000}, unhandledPromptBehavior: dismiss and notify, webauthn:extension:credBlob: true, webauthn:extension:largeBlob: true, webauthn:virtualAuthenticators: true}
Element: [[ChromeDriver: chrome on WINDOWS (2b62d5d82d9ad7f8b4f6ccb83b6fd8af)] -> xpath: //*[@id='tips_total']]
Session ID: 2b62d5d82d9ad7f8b4f6ccb83b6fd8af
at org.openqa.selenium.remote.codec.w3c.W3CHttpResponseCodec.createException(W3CHttpResponseCodec.java:200)
at org.openqa.selenium.remote.codec.w3c.W3CHttpResponseCodec.decode(W3CHttpResponseCodec.java:133)
at org.openqa.selenium.remote.codec.w3c.W3CHttpResponseCodec.decode(W3CHttpResponseCodec.java:53)
at org.openqa.selenium.remote.HttpCommandExecutor.execute(HttpCommandExecutor.java:184)
at org.openqa.selenium.remote.service.DriverCommandExecutor.invokeExecute(DriverCommandExecutor.java:167)
at org.openqa.selenium.remote.service.DriverCommandExecutor.execute(DriverCommandExecutor.java:142)
at org.openqa.selenium.remote.RemoteWebDriver.execute(RemoteWebDriver.java:547)
at org.openqa.selenium.remote.RemoteWebElement.execute(RemoteWebElement.java:257)
at org.openqa.selenium.remote.RemoteWebElement.click(RemoteWebElement.java:78)
at WebApp.BillGenratorWebApp.Paystub.PaystubWebFormPage.enterRegularHours(PaystubWebFormPage.java:374)
at WebApp.BillGenrator.WebPaystubForm.VerifySDITaxCalculationsonTemplate1(WebPaystubForm.java:1078)
at java.base/java.util.ArrayList.forEach(ArrayList.java:1541)
... Removed 35 stack frames]]>
    </failure>
  </testcase> <!-- VerifySDITaxCalculationsonTemplate1 -->
  <testcase classname="WebApp.BillGenrator.WebPaystubForm" name="VerifySDITaxCalculationsonTemplate1" time="2.778">
    <failure type="org.openqa.selenium.ElementClickInterceptedException" message="element click intercepted: Element &amp;lt;input type=&amp;quot;text&amp;quot; name=&amp;quot;pay_period_start&amp;quot; id=&amp;quot;pay_period_start&amp;quot; class=&amp;quot;form-control form_control border-blue pay_period_start&amp;quot;&amp;gt; is not clickable at point (683, 485). Other element would receive the click: &amp;lt;section class=&amp;quot;loader-wrapper&amp;quot; id=&amp;quot;show_loader&amp;quot; style=&amp;quot;display: block; opacity: 0.628145;&amp;quot;&amp;gt;...&amp;lt;/section&amp;gt;
  (Session info: chrome=109.0.5414.120)
Build info: version: &amp;apos;4.4.0&amp;apos;, revision: &amp;apos;e5c75ed026a&amp;apos;
System info: host: &amp;apos;DESKTOP-6KOFRV4&amp;apos;, ip: &amp;apos;192.168.1.14&amp;apos;, os.name: &amp;apos;Windows 10&amp;apos;, os.arch: &amp;apos;amd64&amp;apos;, os.version: &amp;apos;10.0&amp;apos;, java.version: &amp;apos;11.0.13&amp;apos;
Driver info: org.openqa.selenium.chrome.ChromeDriver
Command: [2b62d5d82d9ad7f8b4f6ccb83b6fd8af, clickElement {id=7a6c7f77-0cab-4fd6-a2f5-8d46da824b43}]
Capabilities {acceptInsecureCerts: false, browserName: chrome, browserVersion: 109.0.5414.120, chrome: {chromedriverVersion: 108.0.5359.71 (1e0e3868ee06..., userDataDir: C:\Users\Marquee\AppData\Lo...}, goog:chromeOptions: {debuggerAddress: localhost:65077}, networkConnectionEnabled: false, pageLoadStrategy: normal, platformName: WINDOWS, proxy: Proxy(), se:cdp: ws://localhost:65077/devtoo..., se:cdpVersion: 109.0.5414.120, setWindowRect: true, strictFileInteractability: false, timeouts: {implicit: 0, pageLoad: 300000, script: 30000}, unhandledPromptBehavior: dismiss and notify, webauthn:extension:credBlob: true, webauthn:extension:largeBlob: true, webauthn:virtualAuthenticators: true}
Element: [[ChromeDriver: chrome on WINDOWS (2b62d5d82d9ad7f8b4f6ccb83b6fd8af)] -&amp;gt; css selector: #pay_period_start]
Session ID: 2b62d5d82d9ad7f8b4f6ccb83b6fd8af">
      <![CDATA[org.openqa.selenium.ElementClickInterceptedException: element click intercepted: Element <input type="text" name="pay_period_start" id="pay_period_start" class="form-control form_control border-blue pay_period_start"> is not clickable at point (683, 485). Other element would receive the click: <section class="loader-wrapper" id="show_loader" style="display: block; opacity: 0.628145;">...</section>
  (Session info: chrome=109.0.5414.120)
Build info: version: '4.4.0', revision: 'e5c75ed026a'
System info: host: 'DESKTOP-6KOFRV4', ip: '192.168.1.14', os.name: 'Windows 10', os.arch: 'amd64', os.version: '10.0', java.version: '11.0.13'
Driver info: org.openqa.selenium.chrome.ChromeDriver
Command: [2b62d5d82d9ad7f8b4f6ccb83b6fd8af, clickElement {id=7a6c7f77-0cab-4fd6-a2f5-8d46da824b43}]
Capabilities {acceptInsecureCerts: false, browserName: chrome, browserVersion: 109.0.5414.120, chrome: {chromedriverVersion: 108.0.5359.71 (1e0e3868ee06..., userDataDir: C:\Users\Marquee\AppData\Lo...}, goog:chromeOptions: {debuggerAddress: localhost:65077}, networkConnectionEnabled: false, pageLoadStrategy: normal, platformName: WINDOWS, proxy: Proxy(), se:cdp: ws://localhost:65077/devtoo..., se:cdpVersion: 109.0.5414.120, setWindowRect: true, strictFileInteractability: false, timeouts: {implicit: 0, pageLoad: 300000, script: 30000}, unhandledPromptBehavior: dismiss and notify, webauthn:extension:credBlob: true, webauthn:extension:largeBlob: true, webauthn:virtualAuthenticators: true}
Element: [[ChromeDriver: chrome on WINDOWS (2b62d5d82d9ad7f8b4f6ccb83b6fd8af)] -> css selector: #pay_period_start]
Session ID: 2b62d5d82d9ad7f8b4f6ccb83b6fd8af
at org.openqa.selenium.remote.codec.w3c.W3CHttpResponseCodec.createException(W3CHttpResponseCodec.java:200)
at org.openqa.selenium.remote.codec.w3c.W3CHttpResponseCodec.decode(W3CHttpResponseCodec.java:133)
at org.openqa.selenium.remote.codec.w3c.W3CHttpResponseCodec.decode(W3CHttpResponseCodec.java:53)
at org.openqa.selenium.remote.HttpCommandExecutor.execute(HttpCommandExecutor.java:184)
at org.openqa.selenium.remote.service.DriverCommandExecutor.invokeExecute(DriverCommandExecutor.java:167)
at org.openqa.selenium.remote.service.DriverCommandExecutor.execute(DriverCommandExecutor.java:142)
at org.openqa.selenium.remote.RemoteWebDriver.execute(RemoteWebDriver.java:547)
at org.openqa.selenium.remote.RemoteWebElement.execute(RemoteWebElement.java:257)
at org.openqa.selenium.remote.RemoteWebElement.click(RemoteWebElement.java:78)
at WebApp.BillGenratorWebApp.Paystub.PaystubWebFormPage.enterPay_period_start(PaystubWebFormPage.java:345)
at WebApp.BillGenrator.WebPaystubForm.VerifySDITaxCalculationsonTemplate1(WebPaystubForm.java:1076)
at java.base/java.util.ArrayList.forEach(ArrayList.java:1541)
... Removed 35 stack frames]]>
    </failure>
  </testcase> <!-- VerifySDITaxCalculationsonTemplate1 -->
  <testcase classname="WebApp.BillGenrator.WebPaystubForm" name="VerifyStateTaxCalculationsWithAllStatesOnTemplate1" time="3.183">
    <failure type="org.openqa.selenium.WebDriverException" message="unknown error: failed to change window state to &amp;apos;normal&amp;apos;, current state is &amp;apos;maximized&amp;apos;
  (Session info: chrome=109.0.5414.120)
Build info: version: &amp;apos;4.4.0&amp;apos;, revision: &amp;apos;e5c75ed026a&amp;apos;
System info: host: &amp;apos;DESKTOP-6KOFRV4&amp;apos;, ip: &amp;apos;192.168.1.14&amp;apos;, os.name: &amp;apos;Windows 10&amp;apos;, os.arch: &amp;apos;amd64&amp;apos;, os.version: &amp;apos;10.0&amp;apos;, java.version: &amp;apos;11.0.13&amp;apos;
Driver info: org.openqa.selenium.chrome.ChromeDriver
Command: [2b62d5d82d9ad7f8b4f6ccb83b6fd8af, maximizeCurrentWindow {}]
Capabilities {acceptInsecureCerts: false, browserName: chrome, browserVersion: 109.0.5414.120, chrome: {chromedriverVersion: 108.0.5359.71 (1e0e3868ee06..., userDataDir: C:\Users\Marquee\AppData\Lo...}, goog:chromeOptions: {debuggerAddress: localhost:65077}, networkConnectionEnabled: false, pageLoadStrategy: normal, platformName: WINDOWS, proxy: Proxy(), se:cdp: ws://localhost:65077/devtoo..., se:cdpVersion: 109.0.5414.120, setWindowRect: true, strictFileInteractability: false, timeouts: {implicit: 0, pageLoad: 300000, script: 30000}, unhandledPromptBehavior: dismiss and notify, webauthn:extension:credBlob: true, webauthn:extension:largeBlob: true, webauthn:virtualAuthenticators: true}
Session ID: 2b62d5d82d9ad7f8b4f6ccb83b6fd8af">
      <![CDATA[org.openqa.selenium.WebDriverException: unknown error: failed to change window state to 'normal', current state is 'maximized'
  (Session info: chrome=109.0.5414.120)
Build info: version: '4.4.0', revision: 'e5c75ed026a'
System info: host: 'DESKTOP-6KOFRV4', ip: '192.168.1.14', os.name: 'Windows 10', os.arch: 'amd64', os.version: '10.0', java.version: '11.0.13'
Driver info: org.openqa.selenium.chrome.ChromeDriver
Command: [2b62d5d82d9ad7f8b4f6ccb83b6fd8af, maximizeCurrentWindow {}]
Capabilities {acceptInsecureCerts: false, browserName: chrome, browserVersion: 109.0.5414.120, chrome: {chromedriverVersion: 108.0.5359.71 (1e0e3868ee06..., userDataDir: C:\Users\Marquee\AppData\Lo...}, goog:chromeOptions: {debuggerAddress: localhost:65077}, networkConnectionEnabled: false, pageLoadStrategy: normal, platformName: WINDOWS, proxy: Proxy(), se:cdp: ws://localhost:65077/devtoo..., se:cdpVersion: 109.0.5414.120, setWindowRect: true, strictFileInteractability: false, timeouts: {implicit: 0, pageLoad: 300000, script: 30000}, unhandledPromptBehavior: dismiss and notify, webauthn:extension:credBlob: true, webauthn:extension:largeBlob: true, webauthn:virtualAuthenticators: true}
Session ID: 2b62d5d82d9ad7f8b4f6ccb83b6fd8af
at org.openqa.selenium.remote.codec.w3c.W3CHttpResponseCodec.createException(W3CHttpResponseCodec.java:200)
at org.openqa.selenium.remote.codec.w3c.W3CHttpResponseCodec.decode(W3CHttpResponseCodec.java:133)
at org.openqa.selenium.remote.codec.w3c.W3CHttpResponseCodec.decode(W3CHttpResponseCodec.java:53)
at org.openqa.selenium.remote.HttpCommandExecutor.execute(HttpCommandExecutor.java:184)
at org.openqa.selenium.remote.service.DriverCommandExecutor.invokeExecute(DriverCommandExecutor.java:167)
at org.openqa.selenium.remote.service.DriverCommandExecutor.execute(DriverCommandExecutor.java:142)
at org.openqa.selenium.remote.RemoteWebDriver.execute(RemoteWebDriver.java:547)
at org.openqa.selenium.remote.RemoteWebDriver.execute(RemoteWebDriver.java:602)
at org.openqa.selenium.remote.RemoteWebDriver.execute(RemoteWebDriver.java:606)
at org.openqa.selenium.remote.RemoteWebDriver$RemoteWebDriverOptions$RemoteWindow.maximize(RemoteWebDriver.java:1002)
at WebApp.BillGenrator.WebPaystubForm.VerifyStateTaxCalculationsWithAllStatesOnTemplate1(WebPaystubForm.java:206)
at java.base/java.util.ArrayList.forEach(ArrayList.java:1541)
... Removed 35 stack frames]]>
    </failure>
  </testcase> <!-- VerifyStateTaxCalculationsWithAllStatesOnTemplate1 -->
  <testcase classname="WebApp.BillGenrator.WebPaystubForm" name="VerifyStateTaxCalculationsWithAllStatesWithMarriedOnTemplate1" time="44.299"/>
  <testcase classname="WebApp.BillGenrator.WebPaystubForm" name="VerifyStateTaxCalculationsWithAllStatesWithSingle2OnTemplate1" time="43.993"/>
  <testcase classname="WebApp.BillGenrator.WebPaystubForm" name="VerifyStateTaxCalculationsWithAllStatesWithSingleOnTemplate1" time="44.237"/>
  <testcase classname="WebApp.BillGenrator.WebPaystubForm" name="Verify_FLIFLV_Tax_Calculations_on_Template1_with_State" time="10.3"/>
  <testcase classname="WebApp.BillGenrator.WebPaystubForm" name="Verify_SUI_Tax_Calculations_on_Template1_with_State" time="9.997"/>
  <testcase classname="WebApp.BillGenrator.WebPaystubForm" name="Verify_SUI_Tax_Calculations_on_Template1_with_State" time="9.784"/>
  <testcase classname="WebApp.BillGenrator.WebPaystubForm" name="Verify_SUI_Tax_Calculations_on_Template1_with_State" time="9.595"/>
  <testcase classname="WebApp.BillGenrator.WebPaystubForm" name="Verify_WC_Tax_Calculations_on_Template1_with_State" time="72.233"/>
  <testcase classname="WebApp.BillGenrator.WebPaystubForm" name="calculateTotalEarnings" time="21.189">
    <failure type="java.lang.AssertionError" message="The following asserts failed:
	RegularTotal at template2 is wrong expected [600.00] but found [],
	RegularYTDTotal at template2 is wrong expected [600.00] but found [],
	OverTimeTotal at template2 is wrong expected [900.00] but found [],
	OverTimeYTDTotal at template2 is wrong expected [900.00] but found [],
	HolidayTotal at template2 is wrong expected [1,200.00] but found [],
	HolidayYTDTotal at template2 is wrong expected [1,200.00] but found [],
	VacationTotal at template2 is wrong expected [1,500.00] but found [],
	VacationYTDTotal at template2 is wrong expected [1,500.00] but found [],
	BonusTotal at template2 is wrong expected [1,800.00] but found [],
	BonusYTDTotal at template2 is wrong expected [1,800.00] but found [],
	FloatTotal at template2 is wrong expected [2,100.00] but found [],
	FloatYTDTotal at template2 is wrong expected [2,100.00] but found [],
	TipsTotal at template2 is wrong expected [30.00] but found [],
	TipsYTDTotal at template2 is wrong expected [30.00] but found []">
      <![CDATA[java.lang.AssertionError: The following asserts failed:
RegularTotal at template2 is wrong expected [600.00] but found [],
RegularYTDTotal at template2 is wrong expected [600.00] but found [],
OverTimeTotal at template2 is wrong expected [900.00] but found [],
OverTimeYTDTotal at template2 is wrong expected [900.00] but found [],
HolidayTotal at template2 is wrong expected [1,200.00] but found [],
HolidayYTDTotal at template2 is wrong expected [1,200.00] but found [],
VacationTotal at template2 is wrong expected [1,500.00] but found [],
VacationYTDTotal at template2 is wrong expected [1,500.00] but found [],
BonusTotal at template2 is wrong expected [1,800.00] but found [],
BonusYTDTotal at template2 is wrong expected [1,800.00] but found [],
FloatTotal at template2 is wrong expected [2,100.00] but found [],
FloatYTDTotal at template2 is wrong expected [2,100.00] but found [],
TipsTotal at template2 is wrong expected [30.00] but found [],
TipsYTDTotal at template2 is wrong expected [30.00] but found []
at WebApp.BillGenrator.WebPaystubForm.calculateTotalEarnings(WebPaystubForm.java:1478)
at java.base/java.util.ArrayList.forEach(ArrayList.java:1541)
... Removed 33 stack frames]]>
    </failure>
  </testcase> <!-- calculateTotalEarnings -->
  <testcase classname="WebApp.BillGenrator.WebPaystubForm" name="calculateWorkforceDevelopment" time="6.281"/>
  <testcase classname="WebApp.BillGenrator.WebPaystubForm" name="calculateWorkforceDevelopment2" time="5.092"/>
  <testcase classname="WebApp.BillGenrator.WebPaystubForm" name="calculateWorkforceDevelopment3" time="5.128"/>
  <testcase classname="WebApp.BillGenrator.WebPaystubForm" name="enterAllInputs" time="5.27"/>
  <testcase classname="WebApp.BillGenrator.WebPaystubForm" name="verifyFICAMedicareWithGrossPayYTDTotalGreaterThan200000" time="2.481"/>
  <testcase classname="WebApp.BillGenrator.WebPaystubForm" name="verifyFICAMedicareWithGrossPayYTDTotalLessThan200000" time="3.816"/>
  <testcase classname="WebApp.BillGenrator.WebPaystubForm" name="verifyFICASocialSecurityCalculations" time="3.624">
    <failure type="java.lang.AssertionError" message="expected [74.40] but found []">
      <![CDATA[java.lang.AssertionError: expected [74.40] but found []
at WebApp.BillGenrator.WebPaystubForm.verifyFICASocialSecurityCalculations(WebPaystubForm.java:135)
at java.base/java.util.ArrayList.forEach(ArrayList.java:1541)
... Removed 37 stack frames]]>
    </failure>
  </testcase> <!-- verifyFICASocialSecurityCalculations -->
  <testcase classname="WebApp.BillGenrator.WebPaystubForm" name="verifyFicaSocialSecurityCalculations" time="6.42"/>
  <testcase classname="WebApp.BillGenrator.WebPaystubForm" name="getexcelData" time="0.0">
    <ignored/>
  </testcase> <!-- getexcelData -->
</testsuite> <!-- WebPaystubForm -->
