<html>
<head>
<title>TestNG:  WebPaystubForm</title>
<link href="../testng.css" rel="stylesheet" type="text/css" />
<link href="../my-testng.css" rel="stylesheet" type="text/css" />

<style type="text/css">
.log { display: none;} 
.stack-trace { display: none;} 
</style>
<script type="text/javascript">
<!--
function flip(e) {
  current = e.style.display;
  if (current == 'block') {
    e.style.display = 'none';
    return 0;
  }
  else {
    e.style.display = 'block';
    return 1;
  }
}

function toggleBox(szDivId, elem, msg1, msg2)
{
  var res = -1;  if (document.getElementById) {
    res = flip(document.getElementById(szDivId));
  }
  else if (document.all) {
    // this is the way old msie versions work
    res = flip(document.all[szDivId]);
  }
  if(elem) {
    if(res == 0) elem.innerHTML = msg1; else elem.innerHTML = msg2;
  }

}

function toggleAllBoxes() {
  if (document.getElementsByTagName) {
    d = document.getElementsByTagName('div');
    for (i = 0; i < d.length; i++) {
      if (d[i].className == 'log') {
        flip(d[i]);
      }
    }
  }
}

// -->
</script>

</head>
<body>
<h2 align='center'>WebPaystubForm</h2><table border='1' align="center">
<tr>
<td>Tests passed/Failed/Skipped:</td><td>20/5/0</td>
</tr><tr>
<td>Started on:</td><td>Fri Feb 03 20:01:17 IST 2023</td>
</tr>
<tr><td>Total time:</td><td>365 seconds (365877 ms)</td>
</tr><tr>
<td>Included groups:</td><td></td>
</tr><tr>
<td>Excluded groups:</td><td></td>
</tr>
</table><p/>
<small><i>(Hover the method name to see the test class name)</i></small><p/>
<table width='100%' border='1' class='invocation-failed'>
<tr><td colspan='4' align='center'><b>FAILED TESTS</b></td></tr>
<tr><td><b>Test method</b></td>
<td><b>Attribute(s)</b></td>
<td width="30%"><b>Exception</b></td>
<td width="10%"><b>Time (seconds)</b></td>
<td><b>Instance</b></td>
</tr>
<tr>
<td title='WebApp.BillGenrator.WebPaystubForm.calculateTotalEarnings()'><b>calculateTotalEarnings</b><br>Test class: WebApp.BillGenrator.WebPaystubForm<br>Test method: Verify Total calculations for all type of earnings in all Templates</td>
<td><div><pre>java.lang.AssertionError: The following asserts failed:
	RegularTotal at template2 is wrong expected [600.00] but found [],
	RegularYTDTotal at template2 is wrong expected [600.00] but found [],
	OverTimeTotal at template2 is wrong expected [900.00] but found [],
	OverTimeYTDTotal at template2 is wrong expected [900.00] but found [],
	HolidayTotal at template2 is wrong expected [1,200.00] but found [],
	HolidayYTDTotal at template2 is wrong expected [1,200.00] but found [],
	VacationTotal at template2 is wrong expected [1,500.00] but found [],
	VacationYTDTotal at template2 is wrong expected [1,500.00] but found [],
	BonusTotal at template2 is wrong expected [1,800.00] but found [],
	BonusYTDTotal at template2 is wrong expected [1,800.00] but found [],
	FloatTotal at template2 is wrong expected [2,100.00] but found [],
	FloatYTDTotal at template2 is wrong expected [2,100.00] but found [],
	TipsTotal at template2 is wrong expected [30.00] but found [],
	TipsYTDTotal at template2 is wrong expected [30.00] but found []
	at WebApp.BillGenrator.WebPaystubForm.calculateTotalEarnings(WebPaystubForm.java:1478)
	at java.base/java.util.ArrayList.forEach(ArrayList.java:1541)
... Removed 33 stack frames</pre></div><a href='#' onClick='toggleBox("stack-trace794565100", this, "Click to show all stack frames", "Click to hide stack frames")'>Click to show all stack frames</a>
<div class='stack-trace' id='stack-trace794565100'><pre>java.lang.AssertionError: The following asserts failed:
	RegularTotal at template2 is wrong expected [600.00] but found [],
	RegularYTDTotal at template2 is wrong expected [600.00] but found [],
	OverTimeTotal at template2 is wrong expected [900.00] but found [],
	OverTimeYTDTotal at template2 is wrong expected [900.00] but found [],
	HolidayTotal at template2 is wrong expected [1,200.00] but found [],
	HolidayYTDTotal at template2 is wrong expected [1,200.00] but found [],
	VacationTotal at template2 is wrong expected [1,500.00] but found [],
	VacationYTDTotal at template2 is wrong expected [1,500.00] but found [],
	BonusTotal at template2 is wrong expected [1,800.00] but found [],
	BonusYTDTotal at template2 is wrong expected [1,800.00] but found [],
	FloatTotal at template2 is wrong expected [2,100.00] but found [],
	FloatYTDTotal at template2 is wrong expected [2,100.00] but found [],
	TipsTotal at template2 is wrong expected [30.00] but found [],
	TipsYTDTotal at template2 is wrong expected [30.00] but found []
	at org.testng.asserts.SoftAssert.assertAll(SoftAssert.java:46)
	at org.testng.asserts.SoftAssert.assertAll(SoftAssert.java:30)
	at WebApp.BillGenrator.WebPaystubForm.calculateTotalEarnings(WebPaystubForm.java:1478)
	at java.base/jdk.internal.reflect.NativeMethodAccessorImpl.invoke0(Native Method)
	at java.base/jdk.internal.reflect.NativeMethodAccessorImpl.invoke(NativeMethodAccessorImpl.java:62)
	at java.base/jdk.internal.reflect.DelegatingMethodAccessorImpl.invoke(DelegatingMethodAccessorImpl.java:43)
	at java.base/java.lang.reflect.Method.invoke(Method.java:566)
	at org.testng.internal.invokers.MethodInvocationHelper.invokeMethod(MethodInvocationHelper.java:139)
	at org.testng.internal.invokers.TestInvoker.invokeMethod(TestInvoker.java:677)
	at org.testng.internal.invokers.TestInvoker.invokeTestMethod(TestInvoker.java:221)
	at org.testng.internal.invokers.MethodRunner.runInSequence(MethodRunner.java:50)
	at org.testng.internal.invokers.TestInvoker$MethodInvocationAgent.invoke(TestInvoker.java:962)
	at org.testng.internal.invokers.TestInvoker.invokeTestMethods(TestInvoker.java:194)
	at org.testng.internal.invokers.TestMethodWorker.invokeTestMethods(TestMethodWorker.java:148)
	at org.testng.internal.invokers.TestMethodWorker.run(TestMethodWorker.java:128)
	at java.base/java.util.ArrayList.forEach(ArrayList.java:1541)
	at org.testng.TestRunner.privateRun(TestRunner.java:806)
	at org.testng.TestRunner.run(TestRunner.java:601)
	at org.testng.SuiteRunner.runTest(SuiteRunner.java:433)
	at org.testng.SuiteRunner.runSequentially(SuiteRunner.java:427)
	at org.testng.SuiteRunner.privateRun(SuiteRunner.java:387)
	at org.testng.SuiteRunner.run(SuiteRunner.java:330)
	at org.testng.SuiteRunnerWorker.runSuite(SuiteRunnerWorker.java:52)
	at org.testng.SuiteRunnerWorker.run(SuiteRunnerWorker.java:95)
	at org.testng.TestNG.runSuitesSequentially(TestNG.java:1256)
	at org.testng.TestNG.runSuitesLocally(TestNG.java:1176)
	at org.testng.TestNG.runSuites(TestNG.java:1099)
	at org.testng.TestNG.run(TestNG.java:1067)
	at org.apache.maven.surefire.testng.TestNGExecutor.run(TestNGExecutor.java:324)
	at org.apache.maven.surefire.testng.TestNGXmlTestSuite.execute(TestNGXmlTestSuite.java:74)
	at org.apache.maven.surefire.testng.TestNGProvider.invoke(TestNGProvider.java:123)
	at org.apache.maven.surefire.booter.ForkedBooter.runSuitesInProcess(ForkedBooter.java:456)
	at org.apache.maven.surefire.booter.ForkedBooter.execute(ForkedBooter.java:169)
	at org.apache.maven.surefire.booter.ForkedBooter.run(ForkedBooter.java:595)
	at org.apache.maven.surefire.booter.ForkedBooter.main(ForkedBooter.java:581)
</pre></div></td>
<td>21</td>
<td>WebApp.BillGenrator.WebPaystubForm@38831718</td></tr>
<tr>
<td title='WebApp.BillGenrator.WebPaystubForm.VerifySDITaxCalculationsonTemplate1()'><b>VerifySDITaxCalculationsonTemplate1</b><br>Test class: WebApp.BillGenrator.WebPaystubForm<br>Test method: Verify SDI tax calculations with martial status as 'Single' for the state= 'California' with ytdtotal as '400','800',8000,80000<br>Parameters: New York</td>
<td><div><pre>org.openqa.selenium.ElementClickInterceptedException: element click intercepted: Element &lt;input type=&quot;text&quot; name=&quot;tips_total&quot; id=&quot;tips_total&quot; disabled=&quot;&quot; class=&quot;form-control form_control border-blue&quot; value=&quot;0.00&quot;&gt; is not clickable at point (687, 790). Other element would receive the click: &lt;section class=&quot;loader-wrapper&quot; id=&quot;show_loader&quot; style=&quot;display: block; opacity: 0.00221902;&quot;&gt;...&lt;/section&gt;
  (Session info: chrome=109.0.5414.120)
Build info: version: &apos;4.4.0&apos;, revision: &apos;e5c75ed026a&apos;
System info: host: &apos;DESKTOP-6KOFRV4&apos;, ip: &apos;192.168.1.14&apos;, os.name: &apos;Windows 10&apos;, os.arch: &apos;amd64&apos;, os.version: &apos;10.0&apos;, java.version: &apos;11.0.13&apos;
Driver info: org.openqa.selenium.chrome.ChromeDriver
Command: [2b62d5d82d9ad7f8b4f6ccb83b6fd8af, clickElement {id=378670bf-af78-45a5-8bb2-684143fc6c43}]
Capabilities {acceptInsecureCerts: false, browserName: chrome, browserVersion: 109.0.5414.120, chrome: {chromedriverVersion: 108.0.5359.71 (1e0e3868ee06..., userDataDir: C:\Users\Marquee\AppData\Lo...}, goog:chromeOptions: {debuggerAddress: localhost:65077}, networkConnectionEnabled: false, pageLoadStrategy: normal, platformName: WINDOWS, proxy: Proxy(), se:cdp: ws://localhost:65077/devtoo..., se:cdpVersion: 109.0.5414.120, setWindowRect: true, strictFileInteractability: false, timeouts: {implicit: 0, pageLoad: 300000, script: 30000}, unhandledPromptBehavior: dismiss and notify, webauthn:extension:credBlob: true, webauthn:extension:largeBlob: true, webauthn:virtualAuthenticators: true}
Element: [[ChromeDriver: chrome on WINDOWS (2b62d5d82d9ad7f8b4f6ccb83b6fd8af)] -&gt; xpath: //*[@id=&apos;tips_total&apos;]]
Session ID: 2b62d5d82d9ad7f8b4f6ccb83b6fd8af
	at org.openqa.selenium.remote.codec.w3c.W3CHttpResponseCodec.createException(W3CHttpResponseCodec.java:200)
	at org.openqa.selenium.remote.codec.w3c.W3CHttpResponseCodec.decode(W3CHttpResponseCodec.java:133)
	at org.openqa.selenium.remote.codec.w3c.W3CHttpResponseCodec.decode(W3CHttpResponseCodec.java:53)
	at org.openqa.selenium.remote.HttpCommandExecutor.execute(HttpCommandExecutor.java:184)
	at org.openqa.selenium.remote.service.DriverCommandExecutor.invokeExecute(DriverCommandExecutor.java:167)
	at org.openqa.selenium.remote.service.DriverCommandExecutor.execute(DriverCommandExecutor.java:142)
	at org.openqa.selenium.remote.RemoteWebDriver.execute(RemoteWebDriver.java:547)
	at org.openqa.selenium.remote.RemoteWebElement.execute(RemoteWebElement.java:257)
	at org.openqa.selenium.remote.RemoteWebElement.click(RemoteWebElement.java:78)
	at WebApp.BillGenratorWebApp.Paystub.PaystubWebFormPage.enterRegularHours(PaystubWebFormPage.java:374)
	at WebApp.BillGenrator.WebPaystubForm.VerifySDITaxCalculationsonTemplate1(WebPaystubForm.java:1078)
	at java.base/java.util.ArrayList.forEach(ArrayList.java:1541)
... Removed 35 stack frames</pre></div><a href='#' onClick='toggleBox("stack-trace12799954", this, "Click to show all stack frames", "Click to hide stack frames")'>Click to show all stack frames</a>
<div class='stack-trace' id='stack-trace12799954'><pre>org.openqa.selenium.ElementClickInterceptedException: element click intercepted: Element &lt;input type=&quot;text&quot; name=&quot;tips_total&quot; id=&quot;tips_total&quot; disabled=&quot;&quot; class=&quot;form-control form_control border-blue&quot; value=&quot;0.00&quot;&gt; is not clickable at point (687, 790). Other element would receive the click: &lt;section class=&quot;loader-wrapper&quot; id=&quot;show_loader&quot; style=&quot;display: block; opacity: 0.00221902;&quot;&gt;...&lt;/section&gt;
  (Session info: chrome=109.0.5414.120)
Build info: version: &apos;4.4.0&apos;, revision: &apos;e5c75ed026a&apos;
System info: host: &apos;DESKTOP-6KOFRV4&apos;, ip: &apos;192.168.1.14&apos;, os.name: &apos;Windows 10&apos;, os.arch: &apos;amd64&apos;, os.version: &apos;10.0&apos;, java.version: &apos;11.0.13&apos;
Driver info: org.openqa.selenium.chrome.ChromeDriver
Command: [2b62d5d82d9ad7f8b4f6ccb83b6fd8af, clickElement {id=378670bf-af78-45a5-8bb2-684143fc6c43}]
Capabilities {acceptInsecureCerts: false, browserName: chrome, browserVersion: 109.0.5414.120, chrome: {chromedriverVersion: 108.0.5359.71 (1e0e3868ee06..., userDataDir: C:\Users\Marquee\AppData\Lo...}, goog:chromeOptions: {debuggerAddress: localhost:65077}, networkConnectionEnabled: false, pageLoadStrategy: normal, platformName: WINDOWS, proxy: Proxy(), se:cdp: ws://localhost:65077/devtoo..., se:cdpVersion: 109.0.5414.120, setWindowRect: true, strictFileInteractability: false, timeouts: {implicit: 0, pageLoad: 300000, script: 30000}, unhandledPromptBehavior: dismiss and notify, webauthn:extension:credBlob: true, webauthn:extension:largeBlob: true, webauthn:virtualAuthenticators: true}
Element: [[ChromeDriver: chrome on WINDOWS (2b62d5d82d9ad7f8b4f6ccb83b6fd8af)] -&gt; xpath: //*[@id=&apos;tips_total&apos;]]
Session ID: 2b62d5d82d9ad7f8b4f6ccb83b6fd8af
	at java.base/jdk.internal.reflect.NativeConstructorAccessorImpl.newInstance0(Native Method)
	at java.base/jdk.internal.reflect.NativeConstructorAccessorImpl.newInstance(NativeConstructorAccessorImpl.java:62)
	at java.base/jdk.internal.reflect.DelegatingConstructorAccessorImpl.newInstance(DelegatingConstructorAccessorImpl.java:45)
	at java.base/java.lang.reflect.Constructor.newInstance(Constructor.java:490)
	at org.openqa.selenium.remote.codec.w3c.W3CHttpResponseCodec.createException(W3CHttpResponseCodec.java:200)
	at org.openqa.selenium.remote.codec.w3c.W3CHttpResponseCodec.decode(W3CHttpResponseCodec.java:133)
	at org.openqa.selenium.remote.codec.w3c.W3CHttpResponseCodec.decode(W3CHttpResponseCodec.java:53)
	at org.openqa.selenium.remote.HttpCommandExecutor.execute(HttpCommandExecutor.java:184)
	at org.openqa.selenium.remote.service.DriverCommandExecutor.invokeExecute(DriverCommandExecutor.java:167)
	at org.openqa.selenium.remote.service.DriverCommandExecutor.execute(DriverCommandExecutor.java:142)
	at org.openqa.selenium.remote.RemoteWebDriver.execute(RemoteWebDriver.java:547)
	at org.openqa.selenium.remote.RemoteWebElement.execute(RemoteWebElement.java:257)
	at org.openqa.selenium.remote.RemoteWebElement.click(RemoteWebElement.java:78)
	at WebApp.BillGenratorWebApp.Paystub.PaystubWebFormPage.enterRegularHours(PaystubWebFormPage.java:374)
	at WebApp.BillGenrator.WebPaystubForm.VerifySDITaxCalculationsonTemplate1(WebPaystubForm.java:1078)
	at java.base/jdk.internal.reflect.NativeMethodAccessorImpl.invoke0(Native Method)
	at java.base/jdk.internal.reflect.NativeMethodAccessorImpl.invoke(NativeMethodAccessorImpl.java:62)
	at java.base/jdk.internal.reflect.DelegatingMethodAccessorImpl.invoke(DelegatingMethodAccessorImpl.java:43)
	at java.base/java.lang.reflect.Method.invoke(Method.java:566)
	at org.testng.internal.invokers.MethodInvocationHelper.invokeMethod(MethodInvocationHelper.java:139)
	at org.testng.internal.invokers.TestInvoker.invokeMethod(TestInvoker.java:677)
	at org.testng.internal.invokers.TestInvoker.invokeTestMethod(TestInvoker.java:221)
	at org.testng.internal.invokers.MethodRunner.runInSequence(MethodRunner.java:50)
	at org.testng.internal.invokers.TestInvoker$MethodInvocationAgent.invoke(TestInvoker.java:962)
	at org.testng.internal.invokers.TestInvoker.invokeTestMethods(TestInvoker.java:194)
	at org.testng.internal.invokers.TestMethodWorker.invokeTestMethods(TestMethodWorker.java:148)
	at org.testng.internal.invokers.TestMethodWorker.run(TestMethodWorker.java:128)
	at java.base/java.util.ArrayList.forEach(ArrayList.java:1541)
	at org.testng.TestRunner.privateRun(TestRunner.java:806)
	at org.testng.TestRunner.run(TestRunner.java:601)
	at org.testng.SuiteRunner.runTest(SuiteRunner.java:433)
	at org.testng.SuiteRunner.runSequentially(SuiteRunner.java:427)
	at org.testng.SuiteRunner.privateRun(SuiteRunner.java:387)
	at org.testng.SuiteRunner.run(SuiteRunner.java:330)
	at org.testng.SuiteRunnerWorker.runSuite(SuiteRunnerWorker.java:52)
	at org.testng.SuiteRunnerWorker.run(SuiteRunnerWorker.java:95)
	at org.testng.TestNG.runSuitesSequentially(TestNG.java:1256)
	at org.testng.TestNG.runSuitesLocally(TestNG.java:1176)
	at org.testng.TestNG.runSuites(TestNG.java:1099)
	at org.testng.TestNG.run(TestNG.java:1067)
	at org.apache.maven.surefire.testng.TestNGExecutor.run(TestNGExecutor.java:324)
	at org.apache.maven.surefire.testng.TestNGXmlTestSuite.execute(TestNGXmlTestSuite.java:74)
	at org.apache.maven.surefire.testng.TestNGProvider.invoke(TestNGProvider.java:123)
	at org.apache.maven.surefire.booter.ForkedBooter.runSuitesInProcess(ForkedBooter.java:456)
	at org.apache.maven.surefire.booter.ForkedBooter.execute(ForkedBooter.java:169)
	at org.apache.maven.surefire.booter.ForkedBooter.run(ForkedBooter.java:595)
	at org.apache.maven.surefire.booter.ForkedBooter.main(ForkedBooter.java:581)
</pre></div></td>
<td>5</td>
<td>WebApp.BillGenrator.WebPaystubForm@38831718</td></tr>
<tr>
<td title='WebApp.BillGenrator.WebPaystubForm.VerifyStateTaxCalculationsWithAllStatesOnTemplate1()'><b>VerifyStateTaxCalculationsWithAllStatesOnTemplate1</b><br>Test class: WebApp.BillGenrator.WebPaystubForm<br>Test method: Verify State tax calculations for all states with martial status as 'Married' with ytdtotal as '800' and year is 2022</td>
<td><div><pre>org.openqa.selenium.WebDriverException: unknown error: failed to change window state to &apos;normal&apos;, current state is &apos;maximized&apos;
  (Session info: chrome=109.0.5414.120)
Build info: version: &apos;4.4.0&apos;, revision: &apos;e5c75ed026a&apos;
System info: host: &apos;DESKTOP-6KOFRV4&apos;, ip: &apos;192.168.1.14&apos;, os.name: &apos;Windows 10&apos;, os.arch: &apos;amd64&apos;, os.version: &apos;10.0&apos;, java.version: &apos;11.0.13&apos;
Driver info: org.openqa.selenium.chrome.ChromeDriver
Command: [2b62d5d82d9ad7f8b4f6ccb83b6fd8af, maximizeCurrentWindow {}]
Capabilities {acceptInsecureCerts: false, browserName: chrome, browserVersion: 109.0.5414.120, chrome: {chromedriverVersion: 108.0.5359.71 (1e0e3868ee06..., userDataDir: C:\Users\Marquee\AppData\Lo...}, goog:chromeOptions: {debuggerAddress: localhost:65077}, networkConnectionEnabled: false, pageLoadStrategy: normal, platformName: WINDOWS, proxy: Proxy(), se:cdp: ws://localhost:65077/devtoo..., se:cdpVersion: 109.0.5414.120, setWindowRect: true, strictFileInteractability: false, timeouts: {implicit: 0, pageLoad: 300000, script: 30000}, unhandledPromptBehavior: dismiss and notify, webauthn:extension:credBlob: true, webauthn:extension:largeBlob: true, webauthn:virtualAuthenticators: true}
Session ID: 2b62d5d82d9ad7f8b4f6ccb83b6fd8af
	at org.openqa.selenium.remote.codec.w3c.W3CHttpResponseCodec.createException(W3CHttpResponseCodec.java:200)
	at org.openqa.selenium.remote.codec.w3c.W3CHttpResponseCodec.decode(W3CHttpResponseCodec.java:133)
	at org.openqa.selenium.remote.codec.w3c.W3CHttpResponseCodec.decode(W3CHttpResponseCodec.java:53)
	at org.openqa.selenium.remote.HttpCommandExecutor.execute(HttpCommandExecutor.java:184)
	at org.openqa.selenium.remote.service.DriverCommandExecutor.invokeExecute(DriverCommandExecutor.java:167)
	at org.openqa.selenium.remote.service.DriverCommandExecutor.execute(DriverCommandExecutor.java:142)
	at org.openqa.selenium.remote.RemoteWebDriver.execute(RemoteWebDriver.java:547)
	at org.openqa.selenium.remote.RemoteWebDriver.execute(RemoteWebDriver.java:602)
	at org.openqa.selenium.remote.RemoteWebDriver.execute(RemoteWebDriver.java:606)
	at org.openqa.selenium.remote.RemoteWebDriver$RemoteWebDriverOptions$RemoteWindow.maximize(RemoteWebDriver.java:1002)
	at WebApp.BillGenrator.WebPaystubForm.VerifyStateTaxCalculationsWithAllStatesOnTemplate1(WebPaystubForm.java:206)
	at java.base/java.util.ArrayList.forEach(ArrayList.java:1541)
... Removed 35 stack frames</pre></div><a href='#' onClick='toggleBox("stack-trace736734672", this, "Click to show all stack frames", "Click to hide stack frames")'>Click to show all stack frames</a>
<div class='stack-trace' id='stack-trace736734672'><pre>org.openqa.selenium.WebDriverException: unknown error: failed to change window state to &apos;normal&apos;, current state is &apos;maximized&apos;
  (Session info: chrome=109.0.5414.120)
Build info: version: &apos;4.4.0&apos;, revision: &apos;e5c75ed026a&apos;
System info: host: &apos;DESKTOP-6KOFRV4&apos;, ip: &apos;192.168.1.14&apos;, os.name: &apos;Windows 10&apos;, os.arch: &apos;amd64&apos;, os.version: &apos;10.0&apos;, java.version: &apos;11.0.13&apos;
Driver info: org.openqa.selenium.chrome.ChromeDriver
Command: [2b62d5d82d9ad7f8b4f6ccb83b6fd8af, maximizeCurrentWindow {}]
Capabilities {acceptInsecureCerts: false, browserName: chrome, browserVersion: 109.0.5414.120, chrome: {chromedriverVersion: 108.0.5359.71 (1e0e3868ee06..., userDataDir: C:\Users\Marquee\AppData\Lo...}, goog:chromeOptions: {debuggerAddress: localhost:65077}, networkConnectionEnabled: false, pageLoadStrategy: normal, platformName: WINDOWS, proxy: Proxy(), se:cdp: ws://localhost:65077/devtoo..., se:cdpVersion: 109.0.5414.120, setWindowRect: true, strictFileInteractability: false, timeouts: {implicit: 0, pageLoad: 300000, script: 30000}, unhandledPromptBehavior: dismiss and notify, webauthn:extension:credBlob: true, webauthn:extension:largeBlob: true, webauthn:virtualAuthenticators: true}
Session ID: 2b62d5d82d9ad7f8b4f6ccb83b6fd8af
	at java.base/jdk.internal.reflect.NativeConstructorAccessorImpl.newInstance0(Native Method)
	at java.base/jdk.internal.reflect.NativeConstructorAccessorImpl.newInstance(NativeConstructorAccessorImpl.java:62)
	at java.base/jdk.internal.reflect.DelegatingConstructorAccessorImpl.newInstance(DelegatingConstructorAccessorImpl.java:45)
	at java.base/java.lang.reflect.Constructor.newInstance(Constructor.java:490)
	at org.openqa.selenium.remote.codec.w3c.W3CHttpResponseCodec.createException(W3CHttpResponseCodec.java:200)
	at org.openqa.selenium.remote.codec.w3c.W3CHttpResponseCodec.decode(W3CHttpResponseCodec.java:133)
	at org.openqa.selenium.remote.codec.w3c.W3CHttpResponseCodec.decode(W3CHttpResponseCodec.java:53)
	at org.openqa.selenium.remote.HttpCommandExecutor.execute(HttpCommandExecutor.java:184)
	at org.openqa.selenium.remote.service.DriverCommandExecutor.invokeExecute(DriverCommandExecutor.java:167)
	at org.openqa.selenium.remote.service.DriverCommandExecutor.execute(DriverCommandExecutor.java:142)
	at org.openqa.selenium.remote.RemoteWebDriver.execute(RemoteWebDriver.java:547)
	at org.openqa.selenium.remote.RemoteWebDriver.execute(RemoteWebDriver.java:602)
	at org.openqa.selenium.remote.RemoteWebDriver.execute(RemoteWebDriver.java:606)
	at org.openqa.selenium.remote.RemoteWebDriver$RemoteWebDriverOptions$RemoteWindow.maximize(RemoteWebDriver.java:1002)
	at WebApp.BillGenrator.WebPaystubForm.VerifyStateTaxCalculationsWithAllStatesOnTemplate1(WebPaystubForm.java:206)
	at java.base/jdk.internal.reflect.NativeMethodAccessorImpl.invoke0(Native Method)
	at java.base/jdk.internal.reflect.NativeMethodAccessorImpl.invoke(NativeMethodAccessorImpl.java:62)
	at java.base/jdk.internal.reflect.DelegatingMethodAccessorImpl.invoke(DelegatingMethodAccessorImpl.java:43)
	at java.base/java.lang.reflect.Method.invoke(Method.java:566)
	at org.testng.internal.invokers.MethodInvocationHelper.invokeMethod(MethodInvocationHelper.java:139)
	at org.testng.internal.invokers.TestInvoker.invokeMethod(TestInvoker.java:677)
	at org.testng.internal.invokers.TestInvoker.invokeTestMethod(TestInvoker.java:221)
	at org.testng.internal.invokers.MethodRunner.runInSequence(MethodRunner.java:50)
	at org.testng.internal.invokers.TestInvoker$MethodInvocationAgent.invoke(TestInvoker.java:962)
	at org.testng.internal.invokers.TestInvoker.invokeTestMethods(TestInvoker.java:194)
	at org.testng.internal.invokers.TestMethodWorker.invokeTestMethods(TestMethodWorker.java:148)
	at org.testng.internal.invokers.TestMethodWorker.run(TestMethodWorker.java:128)
	at java.base/java.util.ArrayList.forEach(ArrayList.java:1541)
	at org.testng.TestRunner.privateRun(TestRunner.java:806)
	at org.testng.TestRunner.run(TestRunner.java:601)
	at org.testng.SuiteRunner.runTest(SuiteRunner.java:433)
	at org.testng.SuiteRunner.runSequentially(SuiteRunner.java:427)
	at org.testng.SuiteRunner.privateRun(SuiteRunner.java:387)
	at org.testng.SuiteRunner.run(SuiteRunner.java:330)
	at org.testng.SuiteRunnerWorker.runSuite(SuiteRunnerWorker.java:52)
	at org.testng.SuiteRunnerWorker.run(SuiteRunnerWorker.java:95)
	at org.testng.TestNG.runSuitesSequentially(TestNG.java:1256)
	at org.testng.TestNG.runSuitesLocally(TestNG.java:1176)
	at org.testng.TestNG.runSuites(TestNG.java:1099)
	at org.testng.TestNG.run(TestNG.java:1067)
	at org.apache.maven.surefire.testng.TestNGExecutor.run(TestNGExecutor.java:324)
	at org.apache.maven.surefire.testng.TestNGXmlTestSuite.execute(TestNGXmlTestSuite.java:74)
	at org.apache.maven.surefire.testng.TestNGProvider.invoke(TestNGProvider.java:123)
	at org.apache.maven.surefire.booter.ForkedBooter.runSuitesInProcess(ForkedBooter.java:456)
	at org.apache.maven.surefire.booter.ForkedBooter.execute(ForkedBooter.java:169)
	at org.apache.maven.surefire.booter.ForkedBooter.run(ForkedBooter.java:595)
	at org.apache.maven.surefire.booter.ForkedBooter.main(ForkedBooter.java:581)
</pre></div></td>
<td>3</td>
<td>WebApp.BillGenrator.WebPaystubForm@38831718</td></tr>
<tr>
<td title='WebApp.BillGenrator.WebPaystubForm.verifyFICASocialSecurityCalculations()'><b>verifyFICASocialSecurityCalculations</b><br>Test class: WebApp.BillGenrator.WebPaystubForm<br>Test method: Verify FICA-Social-Security Calculations when social is less than 9114 for the year 2022</td>
<td><div><pre>java.lang.AssertionError: expected [74.40] but found []
	at WebApp.BillGenrator.WebPaystubForm.verifyFICASocialSecurityCalculations(WebPaystubForm.java:135)
	at java.base/java.util.ArrayList.forEach(ArrayList.java:1541)
... Removed 37 stack frames</pre></div><a href='#' onClick='toggleBox("stack-trace1856766023", this, "Click to show all stack frames", "Click to hide stack frames")'>Click to show all stack frames</a>
<div class='stack-trace' id='stack-trace1856766023'><pre>java.lang.AssertionError: expected [74.40] but found []
	at org.testng.Assert.fail(Assert.java:110)
	at org.testng.Assert.failNotEquals(Assert.java:1413)
	at org.testng.Assert.assertEqualsImpl(Assert.java:149)
	at org.testng.Assert.assertEquals(Assert.java:131)
	at org.testng.Assert.assertEquals(Assert.java:655)
	at org.testng.Assert.assertEquals(Assert.java:665)
	at WebApp.BillGenrator.WebPaystubForm.verifyFICASocialSecurityCalculations(WebPaystubForm.java:135)
	at java.base/jdk.internal.reflect.NativeMethodAccessorImpl.invoke0(Native Method)
	at java.base/jdk.internal.reflect.NativeMethodAccessorImpl.invoke(NativeMethodAccessorImpl.java:62)
	at java.base/jdk.internal.reflect.DelegatingMethodAccessorImpl.invoke(DelegatingMethodAccessorImpl.java:43)
	at java.base/java.lang.reflect.Method.invoke(Method.java:566)
	at org.testng.internal.invokers.MethodInvocationHelper.invokeMethod(MethodInvocationHelper.java:139)
	at org.testng.internal.invokers.TestInvoker.invokeMethod(TestInvoker.java:677)
	at org.testng.internal.invokers.TestInvoker.invokeTestMethod(TestInvoker.java:221)
	at org.testng.internal.invokers.MethodRunner.runInSequence(MethodRunner.java:50)
	at org.testng.internal.invokers.TestInvoker$MethodInvocationAgent.invoke(TestInvoker.java:962)
	at org.testng.internal.invokers.TestInvoker.invokeTestMethods(TestInvoker.java:194)
	at org.testng.internal.invokers.TestMethodWorker.invokeTestMethods(TestMethodWorker.java:148)
	at org.testng.internal.invokers.TestMethodWorker.run(TestMethodWorker.java:128)
	at java.base/java.util.ArrayList.forEach(ArrayList.java:1541)
	at org.testng.TestRunner.privateRun(TestRunner.java:806)
	at org.testng.TestRunner.run(TestRunner.java:601)
	at org.testng.SuiteRunner.runTest(SuiteRunner.java:433)
	at org.testng.SuiteRunner.runSequentially(SuiteRunner.java:427)
	at org.testng.SuiteRunner.privateRun(SuiteRunner.java:387)
	at org.testng.SuiteRunner.run(SuiteRunner.java:330)
	at org.testng.SuiteRunnerWorker.runSuite(SuiteRunnerWorker.java:52)
	at org.testng.SuiteRunnerWorker.run(SuiteRunnerWorker.java:95)
	at org.testng.TestNG.runSuitesSequentially(TestNG.java:1256)
	at org.testng.TestNG.runSuitesLocally(TestNG.java:1176)
	at org.testng.TestNG.runSuites(TestNG.java:1099)
	at org.testng.TestNG.run(TestNG.java:1067)
	at org.apache.maven.surefire.testng.TestNGExecutor.run(TestNGExecutor.java:324)
	at org.apache.maven.surefire.testng.TestNGXmlTestSuite.execute(TestNGXmlTestSuite.java:74)
	at org.apache.maven.surefire.testng.TestNGProvider.invoke(TestNGProvider.java:123)
	at org.apache.maven.surefire.booter.ForkedBooter.runSuitesInProcess(ForkedBooter.java:456)
	at org.apache.maven.surefire.booter.ForkedBooter.execute(ForkedBooter.java:169)
	at org.apache.maven.surefire.booter.ForkedBooter.run(ForkedBooter.java:595)
	at org.apache.maven.surefire.booter.ForkedBooter.main(ForkedBooter.java:581)
</pre></div></td>
<td>3</td>
<td>WebApp.BillGenrator.WebPaystubForm@38831718</td></tr>
<tr>
<td title='WebApp.BillGenrator.WebPaystubForm.VerifySDITaxCalculationsonTemplate1()'><b>VerifySDITaxCalculationsonTemplate1</b><br>Test class: WebApp.BillGenrator.WebPaystubForm<br>Test method: Verify SDI tax calculations with martial status as 'Single' for the state= 'California' with ytdtotal as '400','800',8000,80000<br>Parameters: Rhode Island</td>
<td><div><pre>org.openqa.selenium.ElementClickInterceptedException: element click intercepted: Element &lt;input type=&quot;text&quot; name=&quot;pay_period_start&quot; id=&quot;pay_period_start&quot; class=&quot;form-control form_control border-blue pay_period_start&quot;&gt; is not clickable at point (683, 485). Other element would receive the click: &lt;section class=&quot;loader-wrapper&quot; id=&quot;show_loader&quot; style=&quot;display: block; opacity: 0.628145;&quot;&gt;...&lt;/section&gt;
  (Session info: chrome=109.0.5414.120)
Build info: version: &apos;4.4.0&apos;, revision: &apos;e5c75ed026a&apos;
System info: host: &apos;DESKTOP-6KOFRV4&apos;, ip: &apos;192.168.1.14&apos;, os.name: &apos;Windows 10&apos;, os.arch: &apos;amd64&apos;, os.version: &apos;10.0&apos;, java.version: &apos;11.0.13&apos;
Driver info: org.openqa.selenium.chrome.ChromeDriver
Command: [2b62d5d82d9ad7f8b4f6ccb83b6fd8af, clickElement {id=7a6c7f77-0cab-4fd6-a2f5-8d46da824b43}]
Capabilities {acceptInsecureCerts: false, browserName: chrome, browserVersion: 109.0.5414.120, chrome: {chromedriverVersion: 108.0.5359.71 (1e0e3868ee06..., userDataDir: C:\Users\Marquee\AppData\Lo...}, goog:chromeOptions: {debuggerAddress: localhost:65077}, networkConnectionEnabled: false, pageLoadStrategy: normal, platformName: WINDOWS, proxy: Proxy(), se:cdp: ws://localhost:65077/devtoo..., se:cdpVersion: 109.0.5414.120, setWindowRect: true, strictFileInteractability: false, timeouts: {implicit: 0, pageLoad: 300000, script: 30000}, unhandledPromptBehavior: dismiss and notify, webauthn:extension:credBlob: true, webauthn:extension:largeBlob: true, webauthn:virtualAuthenticators: true}
Element: [[ChromeDriver: chrome on WINDOWS (2b62d5d82d9ad7f8b4f6ccb83b6fd8af)] -&gt; css selector: #pay_period_start]
Session ID: 2b62d5d82d9ad7f8b4f6ccb83b6fd8af
	at org.openqa.selenium.remote.codec.w3c.W3CHttpResponseCodec.createException(W3CHttpResponseCodec.java:200)
	at org.openqa.selenium.remote.codec.w3c.W3CHttpResponseCodec.decode(W3CHttpResponseCodec.java:133)
	at org.openqa.selenium.remote.codec.w3c.W3CHttpResponseCodec.decode(W3CHttpResponseCodec.java:53)
	at org.openqa.selenium.remote.HttpCommandExecutor.execute(HttpCommandExecutor.java:184)
	at org.openqa.selenium.remote.service.DriverCommandExecutor.invokeExecute(DriverCommandExecutor.java:167)
	at org.openqa.selenium.remote.service.DriverCommandExecutor.execute(DriverCommandExecutor.java:142)
	at org.openqa.selenium.remote.RemoteWebDriver.execute(RemoteWebDriver.java:547)
	at org.openqa.selenium.remote.RemoteWebElement.execute(RemoteWebElement.java:257)
	at org.openqa.selenium.remote.RemoteWebElement.click(RemoteWebElement.java:78)
	at WebApp.BillGenratorWebApp.Paystub.PaystubWebFormPage.enterPay_period_start(PaystubWebFormPage.java:345)
	at WebApp.BillGenrator.WebPaystubForm.VerifySDITaxCalculationsonTemplate1(WebPaystubForm.java:1076)
	at java.base/java.util.ArrayList.forEach(ArrayList.java:1541)
... Removed 35 stack frames</pre></div><a href='#' onClick='toggleBox("stack-trace1340904400", this, "Click to show all stack frames", "Click to hide stack frames")'>Click to show all stack frames</a>
<div class='stack-trace' id='stack-trace1340904400'><pre>org.openqa.selenium.ElementClickInterceptedException: element click intercepted: Element &lt;input type=&quot;text&quot; name=&quot;pay_period_start&quot; id=&quot;pay_period_start&quot; class=&quot;form-control form_control border-blue pay_period_start&quot;&gt; is not clickable at point (683, 485). Other element would receive the click: &lt;section class=&quot;loader-wrapper&quot; id=&quot;show_loader&quot; style=&quot;display: block; opacity: 0.628145;&quot;&gt;...&lt;/section&gt;
  (Session info: chrome=109.0.5414.120)
Build info: version: &apos;4.4.0&apos;, revision: &apos;e5c75ed026a&apos;
System info: host: &apos;DESKTOP-6KOFRV4&apos;, ip: &apos;192.168.1.14&apos;, os.name: &apos;Windows 10&apos;, os.arch: &apos;amd64&apos;, os.version: &apos;10.0&apos;, java.version: &apos;11.0.13&apos;
Driver info: org.openqa.selenium.chrome.ChromeDriver
Command: [2b62d5d82d9ad7f8b4f6ccb83b6fd8af, clickElement {id=7a6c7f77-0cab-4fd6-a2f5-8d46da824b43}]
Capabilities {acceptInsecureCerts: false, browserName: chrome, browserVersion: 109.0.5414.120, chrome: {chromedriverVersion: 108.0.5359.71 (1e0e3868ee06..., userDataDir: C:\Users\Marquee\AppData\Lo...}, goog:chromeOptions: {debuggerAddress: localhost:65077}, networkConnectionEnabled: false, pageLoadStrategy: normal, platformName: WINDOWS, proxy: Proxy(), se:cdp: ws://localhost:65077/devtoo..., se:cdpVersion: 109.0.5414.120, setWindowRect: true, strictFileInteractability: false, timeouts: {implicit: 0, pageLoad: 300000, script: 30000}, unhandledPromptBehavior: dismiss and notify, webauthn:extension:credBlob: true, webauthn:extension:largeBlob: true, webauthn:virtualAuthenticators: true}
Element: [[ChromeDriver: chrome on WINDOWS (2b62d5d82d9ad7f8b4f6ccb83b6fd8af)] -&gt; css selector: #pay_period_start]
Session ID: 2b62d5d82d9ad7f8b4f6ccb83b6fd8af
	at java.base/jdk.internal.reflect.NativeConstructorAccessorImpl.newInstance0(Native Method)
	at java.base/jdk.internal.reflect.NativeConstructorAccessorImpl.newInstance(NativeConstructorAccessorImpl.java:62)
	at java.base/jdk.internal.reflect.DelegatingConstructorAccessorImpl.newInstance(DelegatingConstructorAccessorImpl.java:45)
	at java.base/java.lang.reflect.Constructor.newInstance(Constructor.java:490)
	at org.openqa.selenium.remote.codec.w3c.W3CHttpResponseCodec.createException(W3CHttpResponseCodec.java:200)
	at org.openqa.selenium.remote.codec.w3c.W3CHttpResponseCodec.decode(W3CHttpResponseCodec.java:133)
	at org.openqa.selenium.remote.codec.w3c.W3CHttpResponseCodec.decode(W3CHttpResponseCodec.java:53)
	at org.openqa.selenium.remote.HttpCommandExecutor.execute(HttpCommandExecutor.java:184)
	at org.openqa.selenium.remote.service.DriverCommandExecutor.invokeExecute(DriverCommandExecutor.java:167)
	at org.openqa.selenium.remote.service.DriverCommandExecutor.execute(DriverCommandExecutor.java:142)
	at org.openqa.selenium.remote.RemoteWebDriver.execute(RemoteWebDriver.java:547)
	at org.openqa.selenium.remote.RemoteWebElement.execute(RemoteWebElement.java:257)
	at org.openqa.selenium.remote.RemoteWebElement.click(RemoteWebElement.java:78)
	at WebApp.BillGenratorWebApp.Paystub.PaystubWebFormPage.enterPay_period_start(PaystubWebFormPage.java:345)
	at WebApp.BillGenrator.WebPaystubForm.VerifySDITaxCalculationsonTemplate1(WebPaystubForm.java:1076)
	at java.base/jdk.internal.reflect.NativeMethodAccessorImpl.invoke0(Native Method)
	at java.base/jdk.internal.reflect.NativeMethodAccessorImpl.invoke(NativeMethodAccessorImpl.java:62)
	at java.base/jdk.internal.reflect.DelegatingMethodAccessorImpl.invoke(DelegatingMethodAccessorImpl.java:43)
	at java.base/java.lang.reflect.Method.invoke(Method.java:566)
	at org.testng.internal.invokers.MethodInvocationHelper.invokeMethod(MethodInvocationHelper.java:139)
	at org.testng.internal.invokers.TestInvoker.invokeMethod(TestInvoker.java:677)
	at org.testng.internal.invokers.TestInvoker.invokeTestMethod(TestInvoker.java:221)
	at org.testng.internal.invokers.MethodRunner.runInSequence(MethodRunner.java:50)
	at org.testng.internal.invokers.TestInvoker$MethodInvocationAgent.invoke(TestInvoker.java:962)
	at org.testng.internal.invokers.TestInvoker.invokeTestMethods(TestInvoker.java:194)
	at org.testng.internal.invokers.TestMethodWorker.invokeTestMethods(TestMethodWorker.java:148)
	at org.testng.internal.invokers.TestMethodWorker.run(TestMethodWorker.java:128)
	at java.base/java.util.ArrayList.forEach(ArrayList.java:1541)
	at org.testng.TestRunner.privateRun(TestRunner.java:806)
	at org.testng.TestRunner.run(TestRunner.java:601)
	at org.testng.SuiteRunner.runTest(SuiteRunner.java:433)
	at org.testng.SuiteRunner.runSequentially(SuiteRunner.java:427)
	at org.testng.SuiteRunner.privateRun(SuiteRunner.java:387)
	at org.testng.SuiteRunner.run(SuiteRunner.java:330)
	at org.testng.SuiteRunnerWorker.runSuite(SuiteRunnerWorker.java:52)
	at org.testng.SuiteRunnerWorker.run(SuiteRunnerWorker.java:95)
	at org.testng.TestNG.runSuitesSequentially(TestNG.java:1256)
	at org.testng.TestNG.runSuitesLocally(TestNG.java:1176)
	at org.testng.TestNG.runSuites(TestNG.java:1099)
	at org.testng.TestNG.run(TestNG.java:1067)
	at org.apache.maven.surefire.testng.TestNGExecutor.run(TestNGExecutor.java:324)
	at org.apache.maven.surefire.testng.TestNGXmlTestSuite.execute(TestNGXmlTestSuite.java:74)
	at org.apache.maven.surefire.testng.TestNGProvider.invoke(TestNGProvider.java:123)
	at org.apache.maven.surefire.booter.ForkedBooter.runSuitesInProcess(ForkedBooter.java:456)
	at org.apache.maven.surefire.booter.ForkedBooter.execute(ForkedBooter.java:169)
	at org.apache.maven.surefire.booter.ForkedBooter.run(ForkedBooter.java:595)
	at org.apache.maven.surefire.booter.ForkedBooter.main(ForkedBooter.java:581)
</pre></div></td>
<td>2</td>
<td>WebApp.BillGenrator.WebPaystubForm@38831718</td></tr>
</table><p>
<table width='100%' border='1' class='invocation-passed'>
<tr><td colspan='4' align='center'><b>PASSED TESTS</b></td></tr>
<tr><td><b>Test method</b></td>
<td><b>Attribute(s)</b></td>
<td width="30%"><b>Exception</b></td>
<td width="10%"><b>Time (seconds)</b></td>
<td><b>Instance</b></td>
</tr>
<tr>
<td title='WebApp.BillGenrator.WebPaystubForm.Verify_SUI_Tax_Calculations_on_Template1_with_State()'><b>Verify_SUI_Tax_Calculations_on_Template1_with_State</b><br>Test class: WebApp.BillGenrator.WebPaystubForm<br>Test method: Verify SUI tax calculations with martial status as 'Single' with ytdtotal as '400','800','8000','80000'<br>Parameters: New Jersey</td>
<td></td>
<td>9</td>
<td>WebApp.BillGenrator.WebPaystubForm@38831718</td></tr>
<tr>
<td title='WebApp.BillGenrator.WebPaystubForm.verifyFicaSocialSecurityCalculations()'><b>verifyFicaSocialSecurityCalculations</b><br>Test class: WebApp.BillGenrator.WebPaystubForm<br>Test method: Verify FICA-Social-Security Calculations when social is greater than 9114 for the year 2022 on all preview page.</td>
<td></td>
<td>6</td>
<td>WebApp.BillGenrator.WebPaystubForm@38831718</td></tr>
<tr>
<td title='WebApp.BillGenrator.WebPaystubForm.VerifyStateTaxCalculationsWithAllStatesWithSingleOnTemplate1()'><b>VerifyStateTaxCalculationsWithAllStatesWithSingleOnTemplate1</b><br>Test class: WebApp.BillGenrator.WebPaystubForm<br>Test method: Verify State tax calculations for all states with martial status as 'Single' with ytdtotal as '800' and year is 2022</td>
<td></td>
<td>44</td>
<td>WebApp.BillGenrator.WebPaystubForm@38831718</td></tr>
<tr>
<td title='WebApp.BillGenrator.WebPaystubForm.VerifyStateTaxCalculationsWithAllStatesWithMarriedOnTemplate1()'><b>VerifyStateTaxCalculationsWithAllStatesWithMarriedOnTemplate1</b><br>Test class: WebApp.BillGenrator.WebPaystubForm<br>Test method: Verify State tax calculations for all states with martial status as 'Married' with ytdtotal as '8000' and year is 2022</td>
<td></td>
<td>44</td>
<td>WebApp.BillGenrator.WebPaystubForm@38831718</td></tr>
<tr>
<td title='WebApp.BillGenrator.WebPaystubForm.VerifySDITaxCalculationsonTemplate1()'><b>VerifySDITaxCalculationsonTemplate1</b><br>Test class: WebApp.BillGenrator.WebPaystubForm<br>Test method: Verify SDI tax calculations with martial status as 'Single' for the state= 'California' with ytdtotal as '400','800',8000,80000<br>Parameters: California</td>
<td></td>
<td>9</td>
<td>WebApp.BillGenrator.WebPaystubForm@38831718</td></tr>
<tr>
<td title='WebApp.BillGenrator.WebPaystubForm.VerifySDITaxCalculationsonTemplate1()'><b>VerifySDITaxCalculationsonTemplate1</b><br>Test class: WebApp.BillGenrator.WebPaystubForm<br>Test method: Verify SDI tax calculations with martial status as 'Single' for the state= 'California' with ytdtotal as '400','800',8000,80000<br>Parameters: New Jersey</td>
<td></td>
<td>8</td>
<td>WebApp.BillGenrator.WebPaystubForm@38831718</td></tr>
<tr>
<td title='WebApp.BillGenrator.WebPaystubForm.Verify_SUI_Tax_Calculations_on_Template1_with_State()'><b>Verify_SUI_Tax_Calculations_on_Template1_with_State</b><br>Test class: WebApp.BillGenrator.WebPaystubForm<br>Test method: Verify SUI tax calculations with martial status as 'Single' with ytdtotal as '400','800','8000','80000'<br>Parameters: Alaska</td>
<td></td>
<td>9</td>
<td>WebApp.BillGenrator.WebPaystubForm@38831718</td></tr>
<tr>
<td title='WebApp.BillGenrator.WebPaystubForm.VerifyFederalTaxCalculationsonTemplate1()'><b>VerifyFederalTaxCalculationsonTemplate1</b><br>Test class: WebApp.BillGenrator.WebPaystubForm<br>Test method: Verify federal tax calculations with martial status as 'Single'</td>
<td></td>
<td>8</td>
<td>WebApp.BillGenrator.WebPaystubForm@38831718</td></tr>
<tr>
<td title='WebApp.BillGenrator.WebPaystubForm.VerifyStateTaxCalculationsWithAllStatesWithSingle2OnTemplate1()'><b>VerifyStateTaxCalculationsWithAllStatesWithSingle2OnTemplate1</b><br>Test class: WebApp.BillGenrator.WebPaystubForm<br>Test method: Verify State tax calculations for all states with martial status as 'Single' with ytdtotal as '8000' and year is 2022</td>
<td></td>
<td>43</td>
<td>WebApp.BillGenrator.WebPaystubForm@38831718</td></tr>
<tr>
<td title='WebApp.BillGenrator.WebPaystubForm.calculateWorkforceDevelopment()'><b>calculateWorkforceDevelopment</b><br>Test class: WebApp.BillGenrator.WebPaystubForm<br>Test method: Verify Workforce Development tax when Gross Pay YTD total is less than 33500</td>
<td></td>
<td>6</td>
<td>WebApp.BillGenrator.WebPaystubForm@38831718</td></tr>
<tr>
<td title='WebApp.BillGenrator.WebPaystubForm.calculateWorkforceDevelopment3()'><b>calculateWorkforceDevelopment3</b><br>Test class: WebApp.BillGenrator.WebPaystubForm<br>Test method: Verify Workforce Development tax when Gross Pay YTD total is greater than 33500</td>
<td></td>
<td>5</td>
<td>WebApp.BillGenrator.WebPaystubForm@38831718</td></tr>
<tr>
<td title='WebApp.BillGenrator.WebPaystubForm.VerifyFederalTaxCalculationsWithMarriedOnTemplate1()'><b>VerifyFederalTaxCalculationsWithMarriedOnTemplate1</b><br>Test class: WebApp.BillGenrator.WebPaystubForm<br>Test method: Verify federal tax calculations with martial status as 'Married'</td>
<td></td>
<td>8</td>
<td>WebApp.BillGenrator.WebPaystubForm@38831718</td></tr>
<tr>
<td title='WebApp.BillGenrator.WebPaystubForm.Verify_SUI_Tax_Calculations_on_Template1_with_State()'><b>Verify_SUI_Tax_Calculations_on_Template1_with_State</b><br>Test class: WebApp.BillGenrator.WebPaystubForm<br>Test method: Verify SUI tax calculations with martial status as 'Single' with ytdtotal as '400','800','8000','80000'<br>Parameters: Pennsylvania</td>
<td></td>
<td>9</td>
<td>WebApp.BillGenrator.WebPaystubForm@38831718</td></tr>
<tr>
<td title='WebApp.BillGenrator.WebPaystubForm.verifyFICAMedicareWithGrossPayYTDTotalGreaterThan200000()'><b>verifyFICAMedicareWithGrossPayYTDTotalGreaterThan200000</b><br>Test class: WebApp.BillGenrator.WebPaystubForm<br>Test method: Verify FICAMedicare With GrossPay YTDTotal Greater Than 200000</td>
<td></td>
<td>2</td>
<td>WebApp.BillGenrator.WebPaystubForm@38831718</td></tr>
<tr>
<td title='WebApp.BillGenrator.WebPaystubForm.verifyFICAMedicareWithGrossPayYTDTotalLessThan200000()'><b>verifyFICAMedicareWithGrossPayYTDTotalLessThan200000</b><br>Test class: WebApp.BillGenrator.WebPaystubForm<br>Test method: Verify FICA Medicare With Gross PayYTD Total Less Than 200000</td>
<td></td>
<td>3</td>
<td>WebApp.BillGenrator.WebPaystubForm@38831718</td></tr>
<tr>
<td title='WebApp.BillGenrator.WebPaystubForm.enterAllInputs()'><b>enterAllInputs</b><br>Test class: WebApp.BillGenrator.WebPaystubForm<br>Test method: Enter all the inputs in paystub form.</td>
<td></td>
<td>5</td>
<td>WebApp.BillGenrator.WebPaystubForm@38831718</td></tr>
<tr>
<td title='WebApp.BillGenrator.WebPaystubForm.calculateWorkforceDevelopment2()'><b>calculateWorkforceDevelopment2</b><br>Test class: WebApp.BillGenrator.WebPaystubForm<br>Test method: Verify Workforce Development tax when Gross Pay YTD total is equal to 33500</td>
<td></td>
<td>5</td>
<td>WebApp.BillGenrator.WebPaystubForm@38831718</td></tr>
<tr>
<td title='WebApp.BillGenrator.WebPaystubForm.VerifySDITaxCalculationsonTemplate1()'><b>VerifySDITaxCalculationsonTemplate1</b><br>Test class: WebApp.BillGenrator.WebPaystubForm<br>Test method: Verify SDI tax calculations with martial status as 'Single' for the state= 'California' with ytdtotal as '400','800',8000,80000<br>Parameters: Hawaii</td>
<td></td>
<td>8</td>
<td>WebApp.BillGenrator.WebPaystubForm@38831718</td></tr>
<tr>
<td title='WebApp.BillGenrator.WebPaystubForm.Verify_WC_Tax_Calculations_on_Template1_with_State()'><b>Verify_WC_Tax_Calculations_on_Template1_with_State</b><br>Test class: WebApp.BillGenrator.WebPaystubForm<br>Test method: Verify WC tax calculations with martial status as 'Single' with ytdtotal as '400','800','8000','80000' with all 'How often you paid'</td>
<td></td>
<td>72</td>
<td>WebApp.BillGenrator.WebPaystubForm@38831718</td></tr>
<tr>
<td title='WebApp.BillGenrator.WebPaystubForm.Verify_FLIFLV_Tax_Calculations_on_Template1_with_State()'><b>Verify_FLIFLV_Tax_Calculations_on_Template1_with_State</b><br>Test class: WebApp.BillGenrator.WebPaystubForm<br>Test method: Verify FLI-FLV tax calculations with martial status as 'Single' with ytdtotal as '400','800','8000','80000'</td>
<td></td>
<td>10</td>
<td>WebApp.BillGenrator.WebPaystubForm@38831718</td></tr>
</table><p>
</body>
</html>