<html>
<head>
<title>TestNG:  WebPaystubFormInChrome</title>
<link href="../testng.css" rel="stylesheet" type="text/css" />
<link href="../my-testng.css" rel="stylesheet" type="text/css" />

<style type="text/css">
.log { display: none;} 
.stack-trace { display: none;} 
</style>
<script type="text/javascript">
<!--
function flip(e) {
  current = e.style.display;
  if (current == 'block') {
    e.style.display = 'none';
    return 0;
  }
  else {
    e.style.display = 'block';
    return 1;
  }
}

function toggleBox(szDivId, elem, msg1, msg2)
{
  var res = -1;  if (document.getElementById) {
    res = flip(document.getElementById(szDivId));
  }
  else if (document.all) {
    // this is the way old msie versions work
    res = flip(document.all[szDivId]);
  }
  if(elem) {
    if(res == 0) elem.innerHTML = msg1; else elem.innerHTML = msg2;
  }

}

function toggleAllBoxes() {
  if (document.getElementsByTagName) {
    d = document.getElementsByTagName('div');
    for (i = 0; i < d.length; i++) {
      if (d[i].className == 'log') {
        flip(d[i]);
      }
    }
  }
}

// -->
</script>

</head>
<body>
<h2 align='center'>WebPaystubFormInChrome</h2><table border='1' align="center">
<tr>
<td>Tests passed/Failed/Skipped:</td><td>63/24/1</td>
</tr><tr>
<td>Started on:</td><td>Wed Apr 05 03:00:11 IST 2023</td>
</tr>
<tr><td>Total time:</td><td>3621 seconds (3621684 ms)</td>
</tr><tr>
<td>Included groups:</td><td></td>
</tr><tr>
<td>Excluded groups:</td><td></td>
</tr>
</table><p/>
<small><i>(Hover the method name to see the test class name)</i></small><p/>
<table width='100%' border='1' class='invocation-failed'>
<tr><td colspan='4' align='center'><b>FAILED TESTS</b></td></tr>
<tr><td><b>Test method</b></td>
<td><b>Attribute(s)</b></td>
<td width="30%"><b>Exception</b></td>
<td width="10%"><b>Time (seconds)</b></td>
<td><b>Instance</b></td>
</tr>
<tr>
<td title='WebApp.BillGenrator.BillGen2023.VerifyFederalTaxCalculationsWithMarriedOnTemplate1()'><b>VerifyFederalTaxCalculationsWithMarriedOnTemplate1</b><br>Test class: WebApp.BillGenrator.BillGen2023<br>Test method: 7.	Verify federal tax calculations with martial status as 'Married'</td>
<td><div><pre>java.lang.AssertionError: The following asserts failed:
	expected [22,905.42] but found [22,905.40],
	expected [22,905.42] but found [22,905.40]
	at WebApp.BillGenrator.BillGen2023.VerifyFederalTaxCalculationsWithMarriedOnTemplate1(BillGen2023.java:164)
	at java.base/java.util.ArrayList.forEach(ArrayList.java:1541)
... Removed 33 stack frames</pre></div><a href='#' onClick='toggleBox("stack-trace1654027284", this, "Click to show all stack frames", "Click to hide stack frames")'>Click to show all stack frames</a>
<div class='stack-trace' id='stack-trace1654027284'><pre>java.lang.AssertionError: The following asserts failed:
	expected [22,905.42] but found [22,905.40],
	expected [22,905.42] but found [22,905.40]
	at org.testng.asserts.SoftAssert.assertAll(SoftAssert.java:46)
	at org.testng.asserts.SoftAssert.assertAll(SoftAssert.java:30)
	at WebApp.BillGenrator.BillGen2023.VerifyFederalTaxCalculationsWithMarriedOnTemplate1(BillGen2023.java:164)
	at java.base/jdk.internal.reflect.NativeMethodAccessorImpl.invoke0(Native Method)
	at java.base/jdk.internal.reflect.NativeMethodAccessorImpl.invoke(NativeMethodAccessorImpl.java:62)
	at java.base/jdk.internal.reflect.DelegatingMethodAccessorImpl.invoke(DelegatingMethodAccessorImpl.java:43)
	at java.base/java.lang.reflect.Method.invoke(Method.java:566)
	at org.testng.internal.invokers.MethodInvocationHelper.invokeMethod(MethodInvocationHelper.java:139)
	at org.testng.internal.invokers.TestInvoker.invokeMethod(TestInvoker.java:677)
	at org.testng.internal.invokers.TestInvoker.invokeTestMethod(TestInvoker.java:221)
	at org.testng.internal.invokers.MethodRunner.runInSequence(MethodRunner.java:50)
	at org.testng.internal.invokers.TestInvoker$MethodInvocationAgent.invoke(TestInvoker.java:962)
	at org.testng.internal.invokers.TestInvoker.invokeTestMethods(TestInvoker.java:194)
	at org.testng.internal.invokers.TestMethodWorker.invokeTestMethods(TestMethodWorker.java:148)
	at org.testng.internal.invokers.TestMethodWorker.run(TestMethodWorker.java:128)
	at java.base/java.util.ArrayList.forEach(ArrayList.java:1541)
	at org.testng.TestRunner.privateRun(TestRunner.java:806)
	at org.testng.TestRunner.run(TestRunner.java:601)
	at org.testng.SuiteRunner.runTest(SuiteRunner.java:433)
	at org.testng.SuiteRunner.runSequentially(SuiteRunner.java:427)
	at org.testng.SuiteRunner.privateRun(SuiteRunner.java:387)
	at org.testng.SuiteRunner.run(SuiteRunner.java:330)
	at org.testng.SuiteRunnerWorker.runSuite(SuiteRunnerWorker.java:52)
	at org.testng.SuiteRunnerWorker.run(SuiteRunnerWorker.java:95)
	at org.testng.TestNG.runSuitesSequentially(TestNG.java:1256)
	at org.testng.TestNG.runSuitesLocally(TestNG.java:1176)
	at org.testng.TestNG.runSuites(TestNG.java:1099)
	at org.testng.TestNG.run(TestNG.java:1067)
	at org.apache.maven.surefire.testng.TestNGExecutor.run(TestNGExecutor.java:324)
	at org.apache.maven.surefire.testng.TestNGXmlTestSuite.execute(TestNGXmlTestSuite.java:74)
	at org.apache.maven.surefire.testng.TestNGProvider.invoke(TestNGProvider.java:123)
	at org.apache.maven.surefire.booter.ForkedBooter.runSuitesInProcess(ForkedBooter.java:456)
	at org.apache.maven.surefire.booter.ForkedBooter.execute(ForkedBooter.java:169)
	at org.apache.maven.surefire.booter.ForkedBooter.run(ForkedBooter.java:595)
	at org.apache.maven.surefire.booter.ForkedBooter.main(ForkedBooter.java:581)
</pre></div></td>
<td>9</td>
<td>WebApp.BillGenrator.BillGen2023@2dca0d64</td></tr>
<tr>
<td title='WebApp.BillGenrator.BillGen2022.verifySalaryTotalValueBiWeekly()'><b>verifySalaryTotalValueBiWeekly</b><br>Test class: WebApp.BillGenrator.BillGen2022<br>Test method: 26. Verify the Salary Total value With payment type as 'Salary'. and How often you paied is set to 'Bi-Weekly (ex: every other Wednesday)'</td>
<td><div><pre>java.lang.AssertionError: The following asserts failed:
	expected [7.69] but found [0.38],
	Salary total calculations for &apos;Bi-Weekly&apos; are getting wrong. expected [7.69] but found [0.38]
	at WebApp.BillGenrator.BillGen2022.verifySalaryTotalValueBiWeekly(BillGen2022.java:5340)
	at java.base/java.util.ArrayList.forEach(ArrayList.java:1541)
... Removed 33 stack frames</pre></div><a href='#' onClick='toggleBox("stack-trace940740561", this, "Click to show all stack frames", "Click to hide stack frames")'>Click to show all stack frames</a>
<div class='stack-trace' id='stack-trace940740561'><pre>java.lang.AssertionError: The following asserts failed:
	expected [7.69] but found [0.38],
	Salary total calculations for &apos;Bi-Weekly&apos; are getting wrong. expected [7.69] but found [0.38]
	at org.testng.asserts.SoftAssert.assertAll(SoftAssert.java:46)
	at org.testng.asserts.SoftAssert.assertAll(SoftAssert.java:30)
	at WebApp.BillGenrator.BillGen2022.verifySalaryTotalValueBiWeekly(BillGen2022.java:5340)
	at java.base/jdk.internal.reflect.NativeMethodAccessorImpl.invoke0(Native Method)
	at java.base/jdk.internal.reflect.NativeMethodAccessorImpl.invoke(NativeMethodAccessorImpl.java:62)
	at java.base/jdk.internal.reflect.DelegatingMethodAccessorImpl.invoke(DelegatingMethodAccessorImpl.java:43)
	at java.base/java.lang.reflect.Method.invoke(Method.java:566)
	at org.testng.internal.invokers.MethodInvocationHelper.invokeMethod(MethodInvocationHelper.java:139)
	at org.testng.internal.invokers.TestInvoker.invokeMethod(TestInvoker.java:677)
	at org.testng.internal.invokers.TestInvoker.invokeTestMethod(TestInvoker.java:221)
	at org.testng.internal.invokers.MethodRunner.runInSequence(MethodRunner.java:50)
	at org.testng.internal.invokers.TestInvoker$MethodInvocationAgent.invoke(TestInvoker.java:962)
	at org.testng.internal.invokers.TestInvoker.invokeTestMethods(TestInvoker.java:194)
	at org.testng.internal.invokers.TestMethodWorker.invokeTestMethods(TestMethodWorker.java:148)
	at org.testng.internal.invokers.TestMethodWorker.run(TestMethodWorker.java:128)
	at java.base/java.util.ArrayList.forEach(ArrayList.java:1541)
	at org.testng.TestRunner.privateRun(TestRunner.java:806)
	at org.testng.TestRunner.run(TestRunner.java:601)
	at org.testng.SuiteRunner.runTest(SuiteRunner.java:433)
	at org.testng.SuiteRunner.runSequentially(SuiteRunner.java:427)
	at org.testng.SuiteRunner.privateRun(SuiteRunner.java:387)
	at org.testng.SuiteRunner.run(SuiteRunner.java:330)
	at org.testng.SuiteRunnerWorker.runSuite(SuiteRunnerWorker.java:52)
	at org.testng.SuiteRunnerWorker.run(SuiteRunnerWorker.java:95)
	at org.testng.TestNG.runSuitesSequentially(TestNG.java:1256)
	at org.testng.TestNG.runSuitesLocally(TestNG.java:1176)
	at org.testng.TestNG.runSuites(TestNG.java:1099)
	at org.testng.TestNG.run(TestNG.java:1067)
	at org.apache.maven.surefire.testng.TestNGExecutor.run(TestNGExecutor.java:324)
	at org.apache.maven.surefire.testng.TestNGXmlTestSuite.execute(TestNGXmlTestSuite.java:74)
	at org.apache.maven.surefire.testng.TestNGProvider.invoke(TestNGProvider.java:123)
	at org.apache.maven.surefire.booter.ForkedBooter.runSuitesInProcess(ForkedBooter.java:456)
	at org.apache.maven.surefire.booter.ForkedBooter.execute(ForkedBooter.java:169)
	at org.apache.maven.surefire.booter.ForkedBooter.run(ForkedBooter.java:595)
	at org.apache.maven.surefire.booter.ForkedBooter.main(ForkedBooter.java:581)
</pre></div></td>
<td>5</td>
<td>WebApp.BillGenrator.BillGen2022@37091312</td></tr>
<tr>
<td title='WebApp.BillGenrator.BillGen2022.verifyPdfData()'><b>verifyPdfData</b><br>Test class: WebApp.BillGenrator.BillGen2022<br>Test method: 42. Verify the pdf file downloaded with the data added.</td>
<td><div><pre>java.lang.AssertionError: The following asserts failed:
	Number of pages for Paystub 1 expected [1] but found [2],
	Number of pages for Paystub 2 expected [1] but found [2],
	Employer name is not mentioned in pdf expected [true] but found [false],
	EmployerTelephoneNumber is not mentioned in pdf expected [true] but found [false],
	PaystubEmployerStreetAddress1 is not mentioned in pdf expected [true] but found [false],
	PaystubEmployerStreetAddress2 is not mentioned in pdf expected [true] but found [false],
	PaystubCompanyCity is not mentioned in pdf expected [true] but found [false],
	PaystubCompanyState is not mentioned in pdf expected [true] but found [false],
	PaystubEmployerName is not mentioned in pdf expected [true] but found [false],
	PaystubEmployeeID is not mentioned in pdf expected [true] but found [false],
	PaystubEmployeeTelephoneNumber is not mentioned in pdf expected [true] but found [false],
	PaystubEmployeeAddress1 is not mentioned in pdf expected [true] but found [false],
	PaystubEmployeeAddress2 is not mentioned in pdf expected [true] but found [false],
	PaystubEmployeeCity is not mentioned in pdf expected [true] but found [false],
	PaystubEmployeeState is not mentioned in pdf expected [true] but found [false],
	PaystubEmployeeMaritalStatus is not mentioned in pdf expected [true] but found [false]
	at WebApp.BillGenrator.BillGen2022.verifyPdfData(BillGen2022.java:5817)
	at java.base/java.util.ArrayList.forEach(ArrayList.java:1541)
... Removed 33 stack frames</pre></div><a href='#' onClick='toggleBox("stack-trace1834010778", this, "Click to show all stack frames", "Click to hide stack frames")'>Click to show all stack frames</a>
<div class='stack-trace' id='stack-trace1834010778'><pre>java.lang.AssertionError: The following asserts failed:
	Number of pages for Paystub 1 expected [1] but found [2],
	Number of pages for Paystub 2 expected [1] but found [2],
	Employer name is not mentioned in pdf expected [true] but found [false],
	EmployerTelephoneNumber is not mentioned in pdf expected [true] but found [false],
	PaystubEmployerStreetAddress1 is not mentioned in pdf expected [true] but found [false],
	PaystubEmployerStreetAddress2 is not mentioned in pdf expected [true] but found [false],
	PaystubCompanyCity is not mentioned in pdf expected [true] but found [false],
	PaystubCompanyState is not mentioned in pdf expected [true] but found [false],
	PaystubEmployerName is not mentioned in pdf expected [true] but found [false],
	PaystubEmployeeID is not mentioned in pdf expected [true] but found [false],
	PaystubEmployeeTelephoneNumber is not mentioned in pdf expected [true] but found [false],
	PaystubEmployeeAddress1 is not mentioned in pdf expected [true] but found [false],
	PaystubEmployeeAddress2 is not mentioned in pdf expected [true] but found [false],
	PaystubEmployeeCity is not mentioned in pdf expected [true] but found [false],
	PaystubEmployeeState is not mentioned in pdf expected [true] but found [false],
	PaystubEmployeeMaritalStatus is not mentioned in pdf expected [true] but found [false]
	at org.testng.asserts.SoftAssert.assertAll(SoftAssert.java:46)
	at org.testng.asserts.SoftAssert.assertAll(SoftAssert.java:30)
	at WebApp.BillGenrator.BillGen2022.verifyPdfData(BillGen2022.java:5817)
	at java.base/jdk.internal.reflect.NativeMethodAccessorImpl.invoke0(Native Method)
	at java.base/jdk.internal.reflect.NativeMethodAccessorImpl.invoke(NativeMethodAccessorImpl.java:62)
	at java.base/jdk.internal.reflect.DelegatingMethodAccessorImpl.invoke(DelegatingMethodAccessorImpl.java:43)
	at java.base/java.lang.reflect.Method.invoke(Method.java:566)
	at org.testng.internal.invokers.MethodInvocationHelper.invokeMethod(MethodInvocationHelper.java:139)
	at org.testng.internal.invokers.TestInvoker.invokeMethod(TestInvoker.java:677)
	at org.testng.internal.invokers.TestInvoker.invokeTestMethod(TestInvoker.java:221)
	at org.testng.internal.invokers.MethodRunner.runInSequence(MethodRunner.java:50)
	at org.testng.internal.invokers.TestInvoker$MethodInvocationAgent.invoke(TestInvoker.java:962)
	at org.testng.internal.invokers.TestInvoker.invokeTestMethods(TestInvoker.java:194)
	at org.testng.internal.invokers.TestMethodWorker.invokeTestMethods(TestMethodWorker.java:148)
	at org.testng.internal.invokers.TestMethodWorker.run(TestMethodWorker.java:128)
	at java.base/java.util.ArrayList.forEach(ArrayList.java:1541)
	at org.testng.TestRunner.privateRun(TestRunner.java:806)
	at org.testng.TestRunner.run(TestRunner.java:601)
	at org.testng.SuiteRunner.runTest(SuiteRunner.java:433)
	at org.testng.SuiteRunner.runSequentially(SuiteRunner.java:427)
	at org.testng.SuiteRunner.privateRun(SuiteRunner.java:387)
	at org.testng.SuiteRunner.run(SuiteRunner.java:330)
	at org.testng.SuiteRunnerWorker.runSuite(SuiteRunnerWorker.java:52)
	at org.testng.SuiteRunnerWorker.run(SuiteRunnerWorker.java:95)
	at org.testng.TestNG.runSuitesSequentially(TestNG.java:1256)
	at org.testng.TestNG.runSuitesLocally(TestNG.java:1176)
	at org.testng.TestNG.runSuites(TestNG.java:1099)
	at org.testng.TestNG.run(TestNG.java:1067)
	at org.apache.maven.surefire.testng.TestNGExecutor.run(TestNGExecutor.java:324)
	at org.apache.maven.surefire.testng.TestNGXmlTestSuite.execute(TestNGXmlTestSuite.java:74)
	at org.apache.maven.surefire.testng.TestNGProvider.invoke(TestNGProvider.java:123)
	at org.apache.maven.surefire.booter.ForkedBooter.runSuitesInProcess(ForkedBooter.java:456)
	at org.apache.maven.surefire.booter.ForkedBooter.execute(ForkedBooter.java:169)
	at org.apache.maven.surefire.booter.ForkedBooter.run(ForkedBooter.java:595)
	at org.apache.maven.surefire.booter.ForkedBooter.main(ForkedBooter.java:581)
</pre></div></td>
<td>167</td>
<td>WebApp.BillGenrator.BillGen2022@37091312</td></tr>
<tr>
<td title='WebApp.BillGenrator.BillGen2022.VerifySDITaxCalculationsonTemplate1()'><b>VerifySDITaxCalculationsonTemplate1</b><br>Test class: WebApp.BillGenrator.BillGen2022<br>Test method: 13. Verify SDI tax calculations with martial status as 'Single' for the state= 'California' with ytdtotal as '400','800','8000','80000'<br>Parameters: Hawaii</td>
<td><div><pre>java.lang.AssertionError: The SDI Values are wrong for the state Hawaii
	expected [960.00] but found [22.04]
	at WebApp.BillGenrator.BillGen2022.VerifySDITaxCalculationsonTemplate1(BillGen2022.java:4418)
	at java.base/java.util.ArrayList.forEach(ArrayList.java:1541)
... Removed 32 stack frames</pre></div><a href='#' onClick='toggleBox("stack-trace219209885", this, "Click to show all stack frames", "Click to hide stack frames")'>Click to show all stack frames</a>
<div class='stack-trace' id='stack-trace219209885'><pre>java.lang.AssertionError: The SDI Values are wrong for the state Hawaii
	expected [960.00] but found [22.04]
	at org.testng.asserts.SoftAssert.assertAll(SoftAssert.java:46)
	at WebApp.BillGenrator.BillGen2022.VerifySDITaxCalculationsonTemplate1(BillGen2022.java:4418)
	at java.base/jdk.internal.reflect.NativeMethodAccessorImpl.invoke0(Native Method)
	at java.base/jdk.internal.reflect.NativeMethodAccessorImpl.invoke(NativeMethodAccessorImpl.java:62)
	at java.base/jdk.internal.reflect.DelegatingMethodAccessorImpl.invoke(DelegatingMethodAccessorImpl.java:43)
	at java.base/java.lang.reflect.Method.invoke(Method.java:566)
	at org.testng.internal.invokers.MethodInvocationHelper.invokeMethod(MethodInvocationHelper.java:139)
	at org.testng.internal.invokers.TestInvoker.invokeMethod(TestInvoker.java:677)
	at org.testng.internal.invokers.TestInvoker.invokeTestMethod(TestInvoker.java:221)
	at org.testng.internal.invokers.MethodRunner.runInSequence(MethodRunner.java:50)
	at org.testng.internal.invokers.TestInvoker$MethodInvocationAgent.invoke(TestInvoker.java:962)
	at org.testng.internal.invokers.TestInvoker.invokeTestMethods(TestInvoker.java:194)
	at org.testng.internal.invokers.TestMethodWorker.invokeTestMethods(TestMethodWorker.java:148)
	at org.testng.internal.invokers.TestMethodWorker.run(TestMethodWorker.java:128)
	at java.base/java.util.ArrayList.forEach(ArrayList.java:1541)
	at org.testng.TestRunner.privateRun(TestRunner.java:806)
	at org.testng.TestRunner.run(TestRunner.java:601)
	at org.testng.SuiteRunner.runTest(SuiteRunner.java:433)
	at org.testng.SuiteRunner.runSequentially(SuiteRunner.java:427)
	at org.testng.SuiteRunner.privateRun(SuiteRunner.java:387)
	at org.testng.SuiteRunner.run(SuiteRunner.java:330)
	at org.testng.SuiteRunnerWorker.runSuite(SuiteRunnerWorker.java:52)
	at org.testng.SuiteRunnerWorker.run(SuiteRunnerWorker.java:95)
	at org.testng.TestNG.runSuitesSequentially(TestNG.java:1256)
	at org.testng.TestNG.runSuitesLocally(TestNG.java:1176)
	at org.testng.TestNG.runSuites(TestNG.java:1099)
	at org.testng.TestNG.run(TestNG.java:1067)
	at org.apache.maven.surefire.testng.TestNGExecutor.run(TestNGExecutor.java:324)
	at org.apache.maven.surefire.testng.TestNGXmlTestSuite.execute(TestNGXmlTestSuite.java:74)
	at org.apache.maven.surefire.testng.TestNGProvider.invoke(TestNGProvider.java:123)
	at org.apache.maven.surefire.booter.ForkedBooter.runSuitesInProcess(ForkedBooter.java:456)
	at org.apache.maven.surefire.booter.ForkedBooter.execute(ForkedBooter.java:169)
	at org.apache.maven.surefire.booter.ForkedBooter.run(ForkedBooter.java:595)
	at org.apache.maven.surefire.booter.ForkedBooter.main(ForkedBooter.java:581)
</pre></div></td>
<td>13</td>
<td>WebApp.BillGenrator.BillGen2022@37091312</td></tr>
<tr>
<td title='WebApp.BillGenrator.BillGen2022.verifyGmail()'><b>verifyGmail</b><br>Test class: WebApp.BillGenrator.BillGen2022<br>Test method: 48 Verify the saved template data from acceccing the gmail link</td>
<td><div><pre>java.lang.ExceptionInInitializerError
	at com.google.api.services.gmail.Gmail$Builder.build(Gmail.java:11221)
	at GmailCall.GMail.getService(GMail.java:108)
	at GmailCall.GMail.getGmailData(GMail.java:159)
	at GmailCall.GMail.getMailData(GMail.java:275)
	at WebApp.BillGenrator.BillGen2022.verifyGmail(BillGen2022.java:6799)
	at java.base/java.util.ArrayList.forEach(ArrayList.java:1541)
Caused by: java.lang.IllegalStateException: You are currently running with version 2.0.0 of google-api-client. You need at least version 1.31.1 of google-api-client to run version 1.32.1 of the Gmail API library.
	at com.google.common.base.Preconditions.checkState(Preconditions.java:534)
	at com.google.api.client.util.Preconditions.checkState(Preconditions.java:113)
	at com.google.api.services.gmail.Gmail.&lt;clinit&gt;(Gmail.java:44)
	... 37 more
... Removed 31 stack frames</pre></div><a href='#' onClick='toggleBox("stack-trace554047179", this, "Click to show all stack frames", "Click to hide stack frames")'>Click to show all stack frames</a>
<div class='stack-trace' id='stack-trace554047179'><pre>java.lang.ExceptionInInitializerError
	at com.google.api.services.gmail.Gmail$Builder.build(Gmail.java:11221)
	at GmailCall.GMail.getService(GMail.java:108)
	at GmailCall.GMail.getGmailData(GMail.java:159)
	at GmailCall.GMail.getMailData(GMail.java:275)
	at WebApp.BillGenrator.BillGen2022.verifyGmail(BillGen2022.java:6799)
	at java.base/jdk.internal.reflect.NativeMethodAccessorImpl.invoke0(Native Method)
	at java.base/jdk.internal.reflect.NativeMethodAccessorImpl.invoke(NativeMethodAccessorImpl.java:62)
	at java.base/jdk.internal.reflect.DelegatingMethodAccessorImpl.invoke(DelegatingMethodAccessorImpl.java:43)
	at java.base/java.lang.reflect.Method.invoke(Method.java:566)
	at org.testng.internal.invokers.MethodInvocationHelper.invokeMethod(MethodInvocationHelper.java:139)
	at org.testng.internal.invokers.TestInvoker.invokeMethod(TestInvoker.java:677)
	at org.testng.internal.invokers.TestInvoker.invokeTestMethod(TestInvoker.java:221)
	at org.testng.internal.invokers.MethodRunner.runInSequence(MethodRunner.java:50)
	at org.testng.internal.invokers.TestInvoker$MethodInvocationAgent.invoke(TestInvoker.java:962)
	at org.testng.internal.invokers.TestInvoker.invokeTestMethods(TestInvoker.java:194)
	at org.testng.internal.invokers.TestMethodWorker.invokeTestMethods(TestMethodWorker.java:148)
	at org.testng.internal.invokers.TestMethodWorker.run(TestMethodWorker.java:128)
	at java.base/java.util.ArrayList.forEach(ArrayList.java:1541)
	at org.testng.TestRunner.privateRun(TestRunner.java:806)
	at org.testng.TestRunner.run(TestRunner.java:601)
	at org.testng.SuiteRunner.runTest(SuiteRunner.java:433)
	at org.testng.SuiteRunner.runSequentially(SuiteRunner.java:427)
	at org.testng.SuiteRunner.privateRun(SuiteRunner.java:387)
	at org.testng.SuiteRunner.run(SuiteRunner.java:330)
	at org.testng.SuiteRunnerWorker.runSuite(SuiteRunnerWorker.java:52)
	at org.testng.SuiteRunnerWorker.run(SuiteRunnerWorker.java:95)
	at org.testng.TestNG.runSuitesSequentially(TestNG.java:1256)
	at org.testng.TestNG.runSuitesLocally(TestNG.java:1176)
	at org.testng.TestNG.runSuites(TestNG.java:1099)
	at org.testng.TestNG.run(TestNG.java:1067)
	at org.apache.maven.surefire.testng.TestNGExecutor.run(TestNGExecutor.java:324)
	at org.apache.maven.surefire.testng.TestNGXmlTestSuite.execute(TestNGXmlTestSuite.java:74)
	at org.apache.maven.surefire.testng.TestNGProvider.invoke(TestNGProvider.java:123)
	at org.apache.maven.surefire.booter.ForkedBooter.runSuitesInProcess(ForkedBooter.java:456)
	at org.apache.maven.surefire.booter.ForkedBooter.execute(ForkedBooter.java:169)
	at org.apache.maven.surefire.booter.ForkedBooter.run(ForkedBooter.java:595)
	at org.apache.maven.surefire.booter.ForkedBooter.main(ForkedBooter.java:581)
Caused by: java.lang.IllegalStateException: You are currently running with version 2.0.0 of google-api-client. You need at least version 1.31.1 of google-api-client to run version 1.32.1 of the Gmail API library.
	at com.google.common.base.Preconditions.checkState(Preconditions.java:534)
	at com.google.api.client.util.Preconditions.checkState(Preconditions.java:113)
	at com.google.api.services.gmail.Gmail.&lt;clinit&gt;(Gmail.java:44)
	... 37 more
</pre></div></td>
<td>54</td>
<td>WebApp.BillGenrator.BillGen2022@37091312</td></tr>
<tr>
<td title='WebApp.BillGenrator.BillGen2022.verifyPaystubTemplateWithLogin()'><b>verifyPaystubTemplateWithLogin</b><br>Test class: WebApp.BillGenrator.BillGen2022<br>Test method: 46 Verify the template created retrives all the data saved when user is allready logged in.</td>
<td><div><pre>org.openqa.selenium.ElementNotInteractableException: element not interactable
  (Session info: chrome=111.0.5563.147)
Build info: version: &apos;4.4.0&apos;, revision: &apos;e5c75ed026a&apos;
System info: host: &apos;DESKTOP-6KOFRV4&apos;, ip: &apos;192.168.1.2&apos;, os.name: &apos;Windows 10&apos;, os.arch: &apos;amd64&apos;, os.version: &apos;10.0&apos;, java.version: &apos;11.0.13&apos;
Driver info: org.openqa.selenium.chrome.ChromeDriver
Command: [5b2cb6f504726c4a7783e6a90f5182a3, sendKeysToElement {id=6228da85-faa1-4ec7-af3b-bbea5189fecf, value=[Ljava.lang.CharSequence;@192ddec}]
Capabilities {acceptInsecureCerts: false, browserName: chrome, browserVersion: 111.0.5563.147, chrome: {chromedriverVersion: 111.0.5563.64 (c710e93d5b63..., userDataDir: C:\Users\Marquee\AppData\Lo...}, goog:chromeOptions: {debuggerAddress: localhost:50638}, networkConnectionEnabled: false, pageLoadStrategy: normal, platformName: WINDOWS, proxy: Proxy(), se:cdp: ws://localhost:50638/devtoo..., se:cdpVersion: 111.0.5563.147, setWindowRect: true, strictFileInteractability: false, timeouts: {implicit: 0, pageLoad: 300000, script: 30000}, unhandledPromptBehavior: dismiss and notify, webauthn:extension:credBlob: true, webauthn:extension:largeBlob: true, webauthn:extension:minPinLength: true, webauthn:extension:prf: true, webauthn:virtualAuthenticators: true}
Element: [[ChromeDriver: chrome on WINDOWS (5b2cb6f504726c4a7783e6a90f5182a3)] -&gt; id: employer_name]
Session ID: 5b2cb6f504726c4a7783e6a90f5182a3
	at org.openqa.selenium.remote.codec.w3c.W3CHttpResponseCodec.createException(W3CHttpResponseCodec.java:200)
	at org.openqa.selenium.remote.codec.w3c.W3CHttpResponseCodec.decode(W3CHttpResponseCodec.java:133)
	at org.openqa.selenium.remote.codec.w3c.W3CHttpResponseCodec.decode(W3CHttpResponseCodec.java:53)
	at org.openqa.selenium.remote.HttpCommandExecutor.execute(HttpCommandExecutor.java:184)
	at org.openqa.selenium.remote.service.DriverCommandExecutor.invokeExecute(DriverCommandExecutor.java:167)
	at org.openqa.selenium.remote.service.DriverCommandExecutor.execute(DriverCommandExecutor.java:142)
	at org.openqa.selenium.remote.RemoteWebDriver.execute(RemoteWebDriver.java:547)
	at org.openqa.selenium.remote.RemoteWebElement.execute(RemoteWebElement.java:257)
	at org.openqa.selenium.remote.RemoteWebElement.sendKeys(RemoteWebElement.java:113)
	at org.openqa.selenium.support.pagefactory.internal.LocatingElementHandler.invoke(LocatingElementHandler.java:52)
	at com.sun.proxy.$Proxy16.sendKeys(Unknown Source)
	at WebApp.BillGenratorWebApp.Paystub.PaystubWebFormPage.enterEmployer_name(PaystubWebFormPage.java:560)
	at WebApp.BillGenrator.BillGen2022.verifyPaystubTemplateWithLogin(BillGen2022.java:5945)
	at java.base/java.util.ArrayList.forEach(ArrayList.java:1541)
... Removed 38 stack frames</pre></div><a href='#' onClick='toggleBox("stack-trace888602148", this, "Click to show all stack frames", "Click to hide stack frames")'>Click to show all stack frames</a>
<div class='stack-trace' id='stack-trace888602148'><pre>org.openqa.selenium.ElementNotInteractableException: element not interactable
  (Session info: chrome=111.0.5563.147)
Build info: version: &apos;4.4.0&apos;, revision: &apos;e5c75ed026a&apos;
System info: host: &apos;DESKTOP-6KOFRV4&apos;, ip: &apos;192.168.1.2&apos;, os.name: &apos;Windows 10&apos;, os.arch: &apos;amd64&apos;, os.version: &apos;10.0&apos;, java.version: &apos;11.0.13&apos;
Driver info: org.openqa.selenium.chrome.ChromeDriver
Command: [5b2cb6f504726c4a7783e6a90f5182a3, sendKeysToElement {id=6228da85-faa1-4ec7-af3b-bbea5189fecf, value=[Ljava.lang.CharSequence;@192ddec}]
Capabilities {acceptInsecureCerts: false, browserName: chrome, browserVersion: 111.0.5563.147, chrome: {chromedriverVersion: 111.0.5563.64 (c710e93d5b63..., userDataDir: C:\Users\Marquee\AppData\Lo...}, goog:chromeOptions: {debuggerAddress: localhost:50638}, networkConnectionEnabled: false, pageLoadStrategy: normal, platformName: WINDOWS, proxy: Proxy(), se:cdp: ws://localhost:50638/devtoo..., se:cdpVersion: 111.0.5563.147, setWindowRect: true, strictFileInteractability: false, timeouts: {implicit: 0, pageLoad: 300000, script: 30000}, unhandledPromptBehavior: dismiss and notify, webauthn:extension:credBlob: true, webauthn:extension:largeBlob: true, webauthn:extension:minPinLength: true, webauthn:extension:prf: true, webauthn:virtualAuthenticators: true}
Element: [[ChromeDriver: chrome on WINDOWS (5b2cb6f504726c4a7783e6a90f5182a3)] -&gt; id: employer_name]
Session ID: 5b2cb6f504726c4a7783e6a90f5182a3
	at java.base/jdk.internal.reflect.NativeConstructorAccessorImpl.newInstance0(Native Method)
	at java.base/jdk.internal.reflect.NativeConstructorAccessorImpl.newInstance(NativeConstructorAccessorImpl.java:62)
	at java.base/jdk.internal.reflect.DelegatingConstructorAccessorImpl.newInstance(DelegatingConstructorAccessorImpl.java:45)
	at java.base/java.lang.reflect.Constructor.newInstance(Constructor.java:490)
	at org.openqa.selenium.remote.codec.w3c.W3CHttpResponseCodec.createException(W3CHttpResponseCodec.java:200)
	at org.openqa.selenium.remote.codec.w3c.W3CHttpResponseCodec.decode(W3CHttpResponseCodec.java:133)
	at org.openqa.selenium.remote.codec.w3c.W3CHttpResponseCodec.decode(W3CHttpResponseCodec.java:53)
	at org.openqa.selenium.remote.HttpCommandExecutor.execute(HttpCommandExecutor.java:184)
	at org.openqa.selenium.remote.service.DriverCommandExecutor.invokeExecute(DriverCommandExecutor.java:167)
	at org.openqa.selenium.remote.service.DriverCommandExecutor.execute(DriverCommandExecutor.java:142)
	at org.openqa.selenium.remote.RemoteWebDriver.execute(RemoteWebDriver.java:547)
	at org.openqa.selenium.remote.RemoteWebElement.execute(RemoteWebElement.java:257)
	at org.openqa.selenium.remote.RemoteWebElement.sendKeys(RemoteWebElement.java:113)
	at jdk.internal.reflect.GeneratedMethodAccessor13.invoke(Unknown Source)
	at java.base/jdk.internal.reflect.DelegatingMethodAccessorImpl.invoke(DelegatingMethodAccessorImpl.java:43)
	at java.base/java.lang.reflect.Method.invoke(Method.java:566)
	at org.openqa.selenium.support.pagefactory.internal.LocatingElementHandler.invoke(LocatingElementHandler.java:52)
	at com.sun.proxy.$Proxy16.sendKeys(Unknown Source)
	at WebApp.BillGenratorWebApp.Paystub.PaystubWebFormPage.enterEmployer_name(PaystubWebFormPage.java:560)
	at WebApp.BillGenrator.BillGen2022.verifyPaystubTemplateWithLogin(BillGen2022.java:5945)
	at java.base/jdk.internal.reflect.NativeMethodAccessorImpl.invoke0(Native Method)
	at java.base/jdk.internal.reflect.NativeMethodAccessorImpl.invoke(NativeMethodAccessorImpl.java:62)
	at java.base/jdk.internal.reflect.DelegatingMethodAccessorImpl.invoke(DelegatingMethodAccessorImpl.java:43)
	at java.base/java.lang.reflect.Method.invoke(Method.java:566)
	at org.testng.internal.invokers.MethodInvocationHelper.invokeMethod(MethodInvocationHelper.java:139)
	at org.testng.internal.invokers.TestInvoker.invokeMethod(TestInvoker.java:677)
	at org.testng.internal.invokers.TestInvoker.invokeTestMethod(TestInvoker.java:221)
	at org.testng.internal.invokers.MethodRunner.runInSequence(MethodRunner.java:50)
	at org.testng.internal.invokers.TestInvoker$MethodInvocationAgent.invoke(TestInvoker.java:962)
	at org.testng.internal.invokers.TestInvoker.invokeTestMethods(TestInvoker.java:194)
	at org.testng.internal.invokers.TestMethodWorker.invokeTestMethods(TestMethodWorker.java:148)
	at org.testng.internal.invokers.TestMethodWorker.run(TestMethodWorker.java:128)
	at java.base/java.util.ArrayList.forEach(ArrayList.java:1541)
	at org.testng.TestRunner.privateRun(TestRunner.java:806)
	at org.testng.TestRunner.run(TestRunner.java:601)
	at org.testng.SuiteRunner.runTest(SuiteRunner.java:433)
	at org.testng.SuiteRunner.runSequentially(SuiteRunner.java:427)
	at org.testng.SuiteRunner.privateRun(SuiteRunner.java:387)
	at org.testng.SuiteRunner.run(SuiteRunner.java:330)
	at org.testng.SuiteRunnerWorker.runSuite(SuiteRunnerWorker.java:52)
	at org.testng.SuiteRunnerWorker.run(SuiteRunnerWorker.java:95)
	at org.testng.TestNG.runSuitesSequentially(TestNG.java:1256)
	at org.testng.TestNG.runSuitesLocally(TestNG.java:1176)
	at org.testng.TestNG.runSuites(TestNG.java:1099)
	at org.testng.TestNG.run(TestNG.java:1067)
	at org.apache.maven.surefire.testng.TestNGExecutor.run(TestNGExecutor.java:324)
	at org.apache.maven.surefire.testng.TestNGXmlTestSuite.execute(TestNGXmlTestSuite.java:74)
	at org.apache.maven.surefire.testng.TestNGProvider.invoke(TestNGProvider.java:123)
	at org.apache.maven.surefire.booter.ForkedBooter.runSuitesInProcess(ForkedBooter.java:456)
	at org.apache.maven.surefire.booter.ForkedBooter.execute(ForkedBooter.java:169)
	at org.apache.maven.surefire.booter.ForkedBooter.run(ForkedBooter.java:595)
	at org.apache.maven.surefire.booter.ForkedBooter.main(ForkedBooter.java:581)
</pre></div></td>
<td>3</td>
<td>WebApp.BillGenrator.BillGen2022@37091312</td></tr>
<tr>
<td title='WebApp.BillGenrator.BillGen2022.verifyPaystubCalculationsOnenteringPreviousYTDCalculations()'><b>verifyPaystubCalculationsOnenteringPreviousYTDCalculations</b><br>Test class: WebApp.BillGenrator.BillGen2022<br>Test method: 32. Verify Paystub Calculations On entering Previous YTD Calculations</td>
<td><div><pre>java.lang.AssertionError: The following asserts failed:
	expected [4,000.00] but found [1,600.00],
	expected [400.00] but found [0.00],
	expected [200.00] but found [0.00],
	expected [300.00] but found [0.00],
	expected [500.00] but found [0.00],
	expected [600.00] but found [0.00],
	expected [700.00] but found [0.00],
	expected [4,000.00] but found [4,800.00],
	expected [400.00] but found [0.00],
	expected [200.00] but found [0.00],
	expected [300.00] but found [0.00],
	expected [500.00] but found [0.00],
	expected [600.00] but found [0.00],
	expected [700.00] but found [0.00]
	at WebApp.BillGenrator.BillGen2022.verifyPaystubCalculationsOnenteringPreviousYTDCalculations(BillGen2022.java:5467)
	at java.base/java.util.ArrayList.forEach(ArrayList.java:1541)
... Removed 33 stack frames</pre></div><a href='#' onClick='toggleBox("stack-trace1630069691", this, "Click to show all stack frames", "Click to hide stack frames")'>Click to show all stack frames</a>
<div class='stack-trace' id='stack-trace1630069691'><pre>java.lang.AssertionError: The following asserts failed:
	expected [4,000.00] but found [1,600.00],
	expected [400.00] but found [0.00],
	expected [200.00] but found [0.00],
	expected [300.00] but found [0.00],
	expected [500.00] but found [0.00],
	expected [600.00] but found [0.00],
	expected [700.00] but found [0.00],
	expected [4,000.00] but found [4,800.00],
	expected [400.00] but found [0.00],
	expected [200.00] but found [0.00],
	expected [300.00] but found [0.00],
	expected [500.00] but found [0.00],
	expected [600.00] but found [0.00],
	expected [700.00] but found [0.00]
	at org.testng.asserts.SoftAssert.assertAll(SoftAssert.java:46)
	at org.testng.asserts.SoftAssert.assertAll(SoftAssert.java:30)
	at WebApp.BillGenrator.BillGen2022.verifyPaystubCalculationsOnenteringPreviousYTDCalculations(BillGen2022.java:5467)
	at java.base/jdk.internal.reflect.NativeMethodAccessorImpl.invoke0(Native Method)
	at java.base/jdk.internal.reflect.NativeMethodAccessorImpl.invoke(NativeMethodAccessorImpl.java:62)
	at java.base/jdk.internal.reflect.DelegatingMethodAccessorImpl.invoke(DelegatingMethodAccessorImpl.java:43)
	at java.base/java.lang.reflect.Method.invoke(Method.java:566)
	at org.testng.internal.invokers.MethodInvocationHelper.invokeMethod(MethodInvocationHelper.java:139)
	at org.testng.internal.invokers.TestInvoker.invokeMethod(TestInvoker.java:677)
	at org.testng.internal.invokers.TestInvoker.invokeTestMethod(TestInvoker.java:221)
	at org.testng.internal.invokers.MethodRunner.runInSequence(MethodRunner.java:50)
	at org.testng.internal.invokers.TestInvoker$MethodInvocationAgent.invoke(TestInvoker.java:962)
	at org.testng.internal.invokers.TestInvoker.invokeTestMethods(TestInvoker.java:194)
	at org.testng.internal.invokers.TestMethodWorker.invokeTestMethods(TestMethodWorker.java:148)
	at org.testng.internal.invokers.TestMethodWorker.run(TestMethodWorker.java:128)
	at java.base/java.util.ArrayList.forEach(ArrayList.java:1541)
	at org.testng.TestRunner.privateRun(TestRunner.java:806)
	at org.testng.TestRunner.run(TestRunner.java:601)
	at org.testng.SuiteRunner.runTest(SuiteRunner.java:433)
	at org.testng.SuiteRunner.runSequentially(SuiteRunner.java:427)
	at org.testng.SuiteRunner.privateRun(SuiteRunner.java:387)
	at org.testng.SuiteRunner.run(SuiteRunner.java:330)
	at org.testng.SuiteRunnerWorker.runSuite(SuiteRunnerWorker.java:52)
	at org.testng.SuiteRunnerWorker.run(SuiteRunnerWorker.java:95)
	at org.testng.TestNG.runSuitesSequentially(TestNG.java:1256)
	at org.testng.TestNG.runSuitesLocally(TestNG.java:1176)
	at org.testng.TestNG.runSuites(TestNG.java:1099)
	at org.testng.TestNG.run(TestNG.java:1067)
	at org.apache.maven.surefire.testng.TestNGExecutor.run(TestNGExecutor.java:324)
	at org.apache.maven.surefire.testng.TestNGXmlTestSuite.execute(TestNGXmlTestSuite.java:74)
	at org.apache.maven.surefire.testng.TestNGProvider.invoke(TestNGProvider.java:123)
	at org.apache.maven.surefire.booter.ForkedBooter.runSuitesInProcess(ForkedBooter.java:456)
	at org.apache.maven.surefire.booter.ForkedBooter.execute(ForkedBooter.java:169)
	at org.apache.maven.surefire.booter.ForkedBooter.run(ForkedBooter.java:595)
	at org.apache.maven.surefire.booter.ForkedBooter.main(ForkedBooter.java:581)
</pre></div></td>
<td>5</td>
<td>WebApp.BillGenrator.BillGen2022@37091312</td></tr>
<tr>
<td title='WebApp.BillGenrator.BillGen2022.verifyPayPeriodDurationInSemiAnnually()'><b>verifyPayPeriodDurationInSemiAnnually</b><br>Test class: WebApp.BillGenrator.BillGen2022<br>Test method: 40. Verify Pay period durations when 'How often are you paid?' is set to 'Semi-Annually' </td>
<td><div><pre>java.lang.AssertionError: The following asserts failed:
	expected [07/02/2022] but found [07/01/2022],
	expected [01/01/2023] but found [12/31/2022],
	expected [01/01/2023] but found [12/31/2022]
	at WebApp.BillGenrator.BillGen2022.verifyPayPeriodDurationInSemiAnnually(BillGen2022.java:5668)
	at java.base/java.util.ArrayList.forEach(ArrayList.java:1541)
... Removed 33 stack frames</pre></div><a href='#' onClick='toggleBox("stack-trace1670075165", this, "Click to show all stack frames", "Click to hide stack frames")'>Click to show all stack frames</a>
<div class='stack-trace' id='stack-trace1670075165'><pre>java.lang.AssertionError: The following asserts failed:
	expected [07/02/2022] but found [07/01/2022],
	expected [01/01/2023] but found [12/31/2022],
	expected [01/01/2023] but found [12/31/2022]
	at org.testng.asserts.SoftAssert.assertAll(SoftAssert.java:46)
	at org.testng.asserts.SoftAssert.assertAll(SoftAssert.java:30)
	at WebApp.BillGenrator.BillGen2022.verifyPayPeriodDurationInSemiAnnually(BillGen2022.java:5668)
	at java.base/jdk.internal.reflect.NativeMethodAccessorImpl.invoke0(Native Method)
	at java.base/jdk.internal.reflect.NativeMethodAccessorImpl.invoke(NativeMethodAccessorImpl.java:62)
	at java.base/jdk.internal.reflect.DelegatingMethodAccessorImpl.invoke(DelegatingMethodAccessorImpl.java:43)
	at java.base/java.lang.reflect.Method.invoke(Method.java:566)
	at org.testng.internal.invokers.MethodInvocationHelper.invokeMethod(MethodInvocationHelper.java:139)
	at org.testng.internal.invokers.TestInvoker.invokeMethod(TestInvoker.java:677)
	at org.testng.internal.invokers.TestInvoker.invokeTestMethod(TestInvoker.java:221)
	at org.testng.internal.invokers.MethodRunner.runInSequence(MethodRunner.java:50)
	at org.testng.internal.invokers.TestInvoker$MethodInvocationAgent.invoke(TestInvoker.java:962)
	at org.testng.internal.invokers.TestInvoker.invokeTestMethods(TestInvoker.java:194)
	at org.testng.internal.invokers.TestMethodWorker.invokeTestMethods(TestMethodWorker.java:148)
	at org.testng.internal.invokers.TestMethodWorker.run(TestMethodWorker.java:128)
	at java.base/java.util.ArrayList.forEach(ArrayList.java:1541)
	at org.testng.TestRunner.privateRun(TestRunner.java:806)
	at org.testng.TestRunner.run(TestRunner.java:601)
	at org.testng.SuiteRunner.runTest(SuiteRunner.java:433)
	at org.testng.SuiteRunner.runSequentially(SuiteRunner.java:427)
	at org.testng.SuiteRunner.privateRun(SuiteRunner.java:387)
	at org.testng.SuiteRunner.run(SuiteRunner.java:330)
	at org.testng.SuiteRunnerWorker.runSuite(SuiteRunnerWorker.java:52)
	at org.testng.SuiteRunnerWorker.run(SuiteRunnerWorker.java:95)
	at org.testng.TestNG.runSuitesSequentially(TestNG.java:1256)
	at org.testng.TestNG.runSuitesLocally(TestNG.java:1176)
	at org.testng.TestNG.runSuites(TestNG.java:1099)
	at org.testng.TestNG.run(TestNG.java:1067)
	at org.apache.maven.surefire.testng.TestNGExecutor.run(TestNGExecutor.java:324)
	at org.apache.maven.surefire.testng.TestNGXmlTestSuite.execute(TestNGXmlTestSuite.java:74)
	at org.apache.maven.surefire.testng.TestNGProvider.invoke(TestNGProvider.java:123)
	at org.apache.maven.surefire.booter.ForkedBooter.runSuitesInProcess(ForkedBooter.java:456)
	at org.apache.maven.surefire.booter.ForkedBooter.execute(ForkedBooter.java:169)
	at org.apache.maven.surefire.booter.ForkedBooter.run(ForkedBooter.java:595)
	at org.apache.maven.surefire.booter.ForkedBooter.main(ForkedBooter.java:581)
</pre></div></td>
<td>7</td>
<td>WebApp.BillGenrator.BillGen2022@37091312</td></tr>
<tr>
<td title='WebApp.BillGenrator.BillGen2022.verifyPayPeriodDurations()'><b>verifyPayPeriodDurations</b><br>Test class: WebApp.BillGenrator.BillGen2022<br>Test method: 35. Verify Pay period durations when 'How often are you paid?' is set to 'Daily' </td>
<td><div><pre>java.lang.AssertionError: The following asserts failed:
	expected [12/31/2022] but found [null],
	expected [12/31/2022] but found [null],
	expected [12/31/2022] but found [null],
	expected [02/14/2023] but found [null],
	expected [02/14/2023] but found [null],
	expected [02/14/2023] but found [null]
	at WebApp.BillGenrator.BillGen2022.verifyPayPeriodDurations(BillGen2022.java:5557)
	at java.base/java.util.ArrayList.forEach(ArrayList.java:1541)
... Removed 33 stack frames</pre></div><a href='#' onClick='toggleBox("stack-trace1815066294", this, "Click to show all stack frames", "Click to hide stack frames")'>Click to show all stack frames</a>
<div class='stack-trace' id='stack-trace1815066294'><pre>java.lang.AssertionError: The following asserts failed:
	expected [12/31/2022] but found [null],
	expected [12/31/2022] but found [null],
	expected [12/31/2022] but found [null],
	expected [02/14/2023] but found [null],
	expected [02/14/2023] but found [null],
	expected [02/14/2023] but found [null]
	at org.testng.asserts.SoftAssert.assertAll(SoftAssert.java:46)
	at org.testng.asserts.SoftAssert.assertAll(SoftAssert.java:30)
	at WebApp.BillGenrator.BillGen2022.verifyPayPeriodDurations(BillGen2022.java:5557)
	at java.base/jdk.internal.reflect.NativeMethodAccessorImpl.invoke0(Native Method)
	at java.base/jdk.internal.reflect.NativeMethodAccessorImpl.invoke(NativeMethodAccessorImpl.java:62)
	at java.base/jdk.internal.reflect.DelegatingMethodAccessorImpl.invoke(DelegatingMethodAccessorImpl.java:43)
	at java.base/java.lang.reflect.Method.invoke(Method.java:566)
	at org.testng.internal.invokers.MethodInvocationHelper.invokeMethod(MethodInvocationHelper.java:139)
	at org.testng.internal.invokers.TestInvoker.invokeMethod(TestInvoker.java:677)
	at org.testng.internal.invokers.TestInvoker.invokeTestMethod(TestInvoker.java:221)
	at org.testng.internal.invokers.MethodRunner.runInSequence(MethodRunner.java:50)
	at org.testng.internal.invokers.TestInvoker$MethodInvocationAgent.invoke(TestInvoker.java:962)
	at org.testng.internal.invokers.TestInvoker.invokeTestMethods(TestInvoker.java:194)
	at org.testng.internal.invokers.TestMethodWorker.invokeTestMethods(TestMethodWorker.java:148)
	at org.testng.internal.invokers.TestMethodWorker.run(TestMethodWorker.java:128)
	at java.base/java.util.ArrayList.forEach(ArrayList.java:1541)
	at org.testng.TestRunner.privateRun(TestRunner.java:806)
	at org.testng.TestRunner.run(TestRunner.java:601)
	at org.testng.SuiteRunner.runTest(SuiteRunner.java:433)
	at org.testng.SuiteRunner.runSequentially(SuiteRunner.java:427)
	at org.testng.SuiteRunner.privateRun(SuiteRunner.java:387)
	at org.testng.SuiteRunner.run(SuiteRunner.java:330)
	at org.testng.SuiteRunnerWorker.runSuite(SuiteRunnerWorker.java:52)
	at org.testng.SuiteRunnerWorker.run(SuiteRunnerWorker.java:95)
	at org.testng.TestNG.runSuitesSequentially(TestNG.java:1256)
	at org.testng.TestNG.runSuitesLocally(TestNG.java:1176)
	at org.testng.TestNG.runSuites(TestNG.java:1099)
	at org.testng.TestNG.run(TestNG.java:1067)
	at org.apache.maven.surefire.testng.TestNGExecutor.run(TestNGExecutor.java:324)
	at org.apache.maven.surefire.testng.TestNGXmlTestSuite.execute(TestNGXmlTestSuite.java:74)
	at org.apache.maven.surefire.testng.TestNGProvider.invoke(TestNGProvider.java:123)
	at org.apache.maven.surefire.booter.ForkedBooter.runSuitesInProcess(ForkedBooter.java:456)
	at org.apache.maven.surefire.booter.ForkedBooter.execute(ForkedBooter.java:169)
	at org.apache.maven.surefire.booter.ForkedBooter.run(ForkedBooter.java:595)
	at org.apache.maven.surefire.booter.ForkedBooter.main(ForkedBooter.java:581)
</pre></div></td>
<td>5</td>
<td>WebApp.BillGenrator.BillGen2022@37091312</td></tr>
<tr>
<td title='WebApp.BillGenrator.BillGen2022.verifyPayPeriodDurationInAnnually()'><b>verifyPayPeriodDurationInAnnually</b><br>Test class: WebApp.BillGenrator.BillGen2022<br>Test method: 41. Verify Pay period durations when 'How often are you paid?' is set to 'Annually' </td>
<td><div><pre>java.lang.AssertionError: The following asserts failed:
	expected [12/31/2023] but found [01/01/2023],
	expected [12/31/2023] but found [01/01/2023]
	at WebApp.BillGenrator.BillGen2022.verifyPayPeriodDurationInAnnually(BillGen2022.java:5680)
	at java.base/java.util.ArrayList.forEach(ArrayList.java:1541)
... Removed 33 stack frames</pre></div><a href='#' onClick='toggleBox("stack-trace1224848860", this, "Click to show all stack frames", "Click to hide stack frames")'>Click to show all stack frames</a>
<div class='stack-trace' id='stack-trace1224848860'><pre>java.lang.AssertionError: The following asserts failed:
	expected [12/31/2023] but found [01/01/2023],
	expected [12/31/2023] but found [01/01/2023]
	at org.testng.asserts.SoftAssert.assertAll(SoftAssert.java:46)
	at org.testng.asserts.SoftAssert.assertAll(SoftAssert.java:30)
	at WebApp.BillGenrator.BillGen2022.verifyPayPeriodDurationInAnnually(BillGen2022.java:5680)
	at java.base/jdk.internal.reflect.NativeMethodAccessorImpl.invoke0(Native Method)
	at java.base/jdk.internal.reflect.NativeMethodAccessorImpl.invoke(NativeMethodAccessorImpl.java:62)
	at java.base/jdk.internal.reflect.DelegatingMethodAccessorImpl.invoke(DelegatingMethodAccessorImpl.java:43)
	at java.base/java.lang.reflect.Method.invoke(Method.java:566)
	at org.testng.internal.invokers.MethodInvocationHelper.invokeMethod(MethodInvocationHelper.java:139)
	at org.testng.internal.invokers.TestInvoker.invokeMethod(TestInvoker.java:677)
	at org.testng.internal.invokers.TestInvoker.invokeTestMethod(TestInvoker.java:221)
	at org.testng.internal.invokers.MethodRunner.runInSequence(MethodRunner.java:50)
	at org.testng.internal.invokers.TestInvoker$MethodInvocationAgent.invoke(TestInvoker.java:962)
	at org.testng.internal.invokers.TestInvoker.invokeTestMethods(TestInvoker.java:194)
	at org.testng.internal.invokers.TestMethodWorker.invokeTestMethods(TestMethodWorker.java:148)
	at org.testng.internal.invokers.TestMethodWorker.run(TestMethodWorker.java:128)
	at java.base/java.util.ArrayList.forEach(ArrayList.java:1541)
	at org.testng.TestRunner.privateRun(TestRunner.java:806)
	at org.testng.TestRunner.run(TestRunner.java:601)
	at org.testng.SuiteRunner.runTest(SuiteRunner.java:433)
	at org.testng.SuiteRunner.runSequentially(SuiteRunner.java:427)
	at org.testng.SuiteRunner.privateRun(SuiteRunner.java:387)
	at org.testng.SuiteRunner.run(SuiteRunner.java:330)
	at org.testng.SuiteRunnerWorker.runSuite(SuiteRunnerWorker.java:52)
	at org.testng.SuiteRunnerWorker.run(SuiteRunnerWorker.java:95)
	at org.testng.TestNG.runSuitesSequentially(TestNG.java:1256)
	at org.testng.TestNG.runSuitesLocally(TestNG.java:1176)
	at org.testng.TestNG.runSuites(TestNG.java:1099)
	at org.testng.TestNG.run(TestNG.java:1067)
	at org.apache.maven.surefire.testng.TestNGExecutor.run(TestNGExecutor.java:324)
	at org.apache.maven.surefire.testng.TestNGXmlTestSuite.execute(TestNGXmlTestSuite.java:74)
	at org.apache.maven.surefire.testng.TestNGProvider.invoke(TestNGProvider.java:123)
	at org.apache.maven.surefire.booter.ForkedBooter.runSuitesInProcess(ForkedBooter.java:456)
	at org.apache.maven.surefire.booter.ForkedBooter.execute(ForkedBooter.java:169)
	at org.apache.maven.surefire.booter.ForkedBooter.run(ForkedBooter.java:595)
	at org.apache.maven.surefire.booter.ForkedBooter.main(ForkedBooter.java:581)
</pre></div></td>
<td>1</td>
<td>WebApp.BillGenrator.BillGen2022@37091312</td></tr>
<tr>
<td title='WebApp.BillGenrator.BillGen2022.verifyGrossPayTotalAndYTDTotalOnRemovingCustomEarnings()'><b>verifyGrossPayTotalAndYTDTotalOnRemovingCustomEarnings</b><br>Test class: WebApp.BillGenrator.BillGen2022<br>Test method: 43. Verify gross payTotal and YTDTotal calculations on removing the custom earnings.</td>
<td><div><pre>java.lang.AssertionError: The following asserts failed:
	Custom earning total 1 is wrong expected [864.00] but found [1,152.00],
	Custom earning total 1 is wrong expected [26,760.00] but found [35,680.00],
	Gross Pay YTD Total value is wrong. expected [425,172.97] but found [434,780.97],
	Gross Pay YTD Total value is wrong. expected [424,308.97] but found [433,628.97],
	The Custom earning did not removed second time expected [true] but found [false],
	Gross Pay YTD Total value is wrong. expected [424,308.97] but found [433,628.97]
	at WebApp.BillGenrator.BillGen2022.verifyGrossPayTotalAndYTDTotalOnRemovingCustomEarnings(BillGen2022.java:5864)
	at java.base/java.util.ArrayList.forEach(ArrayList.java:1541)
... Removed 33 stack frames</pre></div><a href='#' onClick='toggleBox("stack-trace1415251206", this, "Click to show all stack frames", "Click to hide stack frames")'>Click to show all stack frames</a>
<div class='stack-trace' id='stack-trace1415251206'><pre>java.lang.AssertionError: The following asserts failed:
	Custom earning total 1 is wrong expected [864.00] but found [1,152.00],
	Custom earning total 1 is wrong expected [26,760.00] but found [35,680.00],
	Gross Pay YTD Total value is wrong. expected [425,172.97] but found [434,780.97],
	Gross Pay YTD Total value is wrong. expected [424,308.97] but found [433,628.97],
	The Custom earning did not removed second time expected [true] but found [false],
	Gross Pay YTD Total value is wrong. expected [424,308.97] but found [433,628.97]
	at org.testng.asserts.SoftAssert.assertAll(SoftAssert.java:46)
	at org.testng.asserts.SoftAssert.assertAll(SoftAssert.java:30)
	at WebApp.BillGenrator.BillGen2022.verifyGrossPayTotalAndYTDTotalOnRemovingCustomEarnings(BillGen2022.java:5864)
	at java.base/jdk.internal.reflect.NativeMethodAccessorImpl.invoke0(Native Method)
	at java.base/jdk.internal.reflect.NativeMethodAccessorImpl.invoke(NativeMethodAccessorImpl.java:62)
	at java.base/jdk.internal.reflect.DelegatingMethodAccessorImpl.invoke(DelegatingMethodAccessorImpl.java:43)
	at java.base/java.lang.reflect.Method.invoke(Method.java:566)
	at org.testng.internal.invokers.MethodInvocationHelper.invokeMethod(MethodInvocationHelper.java:139)
	at org.testng.internal.invokers.TestInvoker.invokeMethod(TestInvoker.java:677)
	at org.testng.internal.invokers.TestInvoker.invokeTestMethod(TestInvoker.java:221)
	at org.testng.internal.invokers.MethodRunner.runInSequence(MethodRunner.java:50)
	at org.testng.internal.invokers.TestInvoker$MethodInvocationAgent.invoke(TestInvoker.java:962)
	at org.testng.internal.invokers.TestInvoker.invokeTestMethods(TestInvoker.java:194)
	at org.testng.internal.invokers.TestMethodWorker.invokeTestMethods(TestMethodWorker.java:148)
	at org.testng.internal.invokers.TestMethodWorker.run(TestMethodWorker.java:128)
	at java.base/java.util.ArrayList.forEach(ArrayList.java:1541)
	at org.testng.TestRunner.privateRun(TestRunner.java:806)
	at org.testng.TestRunner.run(TestRunner.java:601)
	at org.testng.SuiteRunner.runTest(SuiteRunner.java:433)
	at org.testng.SuiteRunner.runSequentially(SuiteRunner.java:427)
	at org.testng.SuiteRunner.privateRun(SuiteRunner.java:387)
	at org.testng.SuiteRunner.run(SuiteRunner.java:330)
	at org.testng.SuiteRunnerWorker.runSuite(SuiteRunnerWorker.java:52)
	at org.testng.SuiteRunnerWorker.run(SuiteRunnerWorker.java:95)
	at org.testng.TestNG.runSuitesSequentially(TestNG.java:1256)
	at org.testng.TestNG.runSuitesLocally(TestNG.java:1176)
	at org.testng.TestNG.runSuites(TestNG.java:1099)
	at org.testng.TestNG.run(TestNG.java:1067)
	at org.apache.maven.surefire.testng.TestNGExecutor.run(TestNGExecutor.java:324)
	at org.apache.maven.surefire.testng.TestNGXmlTestSuite.execute(TestNGXmlTestSuite.java:74)
	at org.apache.maven.surefire.testng.TestNGProvider.invoke(TestNGProvider.java:123)
	at org.apache.maven.surefire.booter.ForkedBooter.runSuitesInProcess(ForkedBooter.java:456)
	at org.apache.maven.surefire.booter.ForkedBooter.execute(ForkedBooter.java:169)
	at org.apache.maven.surefire.booter.ForkedBooter.run(ForkedBooter.java:595)
	at org.apache.maven.surefire.booter.ForkedBooter.main(ForkedBooter.java:581)
</pre></div></td>
<td>127</td>
<td>WebApp.BillGenrator.BillGen2022@37091312</td></tr>
<tr>
<td title='WebApp.BillGenrator.BillGen2022.verifySalaryTotalValueDaily()'><b>verifySalaryTotalValueDaily</b><br>Test class: WebApp.BillGenrator.BillGen2022<br>Test method: 24. Verify the Salary Total value With payment type as 'Salary'. and How often you paied is set to 'Daily'</td>
<td><div><pre>java.lang.AssertionError: The following asserts failed:
	expected [200.00] but found [0.04],
	Salary total calculations for &apos;Daily&apos; are getting wrong. expected [200.00] but found [0.04]
	at WebApp.BillGenrator.BillGen2022.verifySalaryTotalValueDaily(BillGen2022.java:5306)
	at java.base/java.util.ArrayList.forEach(ArrayList.java:1541)
... Removed 33 stack frames</pre></div><a href='#' onClick='toggleBox("stack-trace297444703", this, "Click to show all stack frames", "Click to hide stack frames")'>Click to show all stack frames</a>
<div class='stack-trace' id='stack-trace297444703'><pre>java.lang.AssertionError: The following asserts failed:
	expected [200.00] but found [0.04],
	Salary total calculations for &apos;Daily&apos; are getting wrong. expected [200.00] but found [0.04]
	at org.testng.asserts.SoftAssert.assertAll(SoftAssert.java:46)
	at org.testng.asserts.SoftAssert.assertAll(SoftAssert.java:30)
	at WebApp.BillGenrator.BillGen2022.verifySalaryTotalValueDaily(BillGen2022.java:5306)
	at java.base/jdk.internal.reflect.NativeMethodAccessorImpl.invoke0(Native Method)
	at java.base/jdk.internal.reflect.NativeMethodAccessorImpl.invoke(NativeMethodAccessorImpl.java:62)
	at java.base/jdk.internal.reflect.DelegatingMethodAccessorImpl.invoke(DelegatingMethodAccessorImpl.java:43)
	at java.base/java.lang.reflect.Method.invoke(Method.java:566)
	at org.testng.internal.invokers.MethodInvocationHelper.invokeMethod(MethodInvocationHelper.java:139)
	at org.testng.internal.invokers.TestInvoker.invokeMethod(TestInvoker.java:677)
	at org.testng.internal.invokers.TestInvoker.invokeTestMethod(TestInvoker.java:221)
	at org.testng.internal.invokers.MethodRunner.runInSequence(MethodRunner.java:50)
	at org.testng.internal.invokers.TestInvoker$MethodInvocationAgent.invoke(TestInvoker.java:962)
	at org.testng.internal.invokers.TestInvoker.invokeTestMethods(TestInvoker.java:194)
	at org.testng.internal.invokers.TestMethodWorker.invokeTestMethods(TestMethodWorker.java:148)
	at org.testng.internal.invokers.TestMethodWorker.run(TestMethodWorker.java:128)
	at java.base/java.util.ArrayList.forEach(ArrayList.java:1541)
	at org.testng.TestRunner.privateRun(TestRunner.java:806)
	at org.testng.TestRunner.run(TestRunner.java:601)
	at org.testng.SuiteRunner.runTest(SuiteRunner.java:433)
	at org.testng.SuiteRunner.runSequentially(SuiteRunner.java:427)
	at org.testng.SuiteRunner.privateRun(SuiteRunner.java:387)
	at org.testng.SuiteRunner.run(SuiteRunner.java:330)
	at org.testng.SuiteRunnerWorker.runSuite(SuiteRunnerWorker.java:52)
	at org.testng.SuiteRunnerWorker.run(SuiteRunnerWorker.java:95)
	at org.testng.TestNG.runSuitesSequentially(TestNG.java:1256)
	at org.testng.TestNG.runSuitesLocally(TestNG.java:1176)
	at org.testng.TestNG.runSuites(TestNG.java:1099)
	at org.testng.TestNG.run(TestNG.java:1067)
	at org.apache.maven.surefire.testng.TestNGExecutor.run(TestNGExecutor.java:324)
	at org.apache.maven.surefire.testng.TestNGXmlTestSuite.execute(TestNGXmlTestSuite.java:74)
	at org.apache.maven.surefire.testng.TestNGProvider.invoke(TestNGProvider.java:123)
	at org.apache.maven.surefire.booter.ForkedBooter.runSuitesInProcess(ForkedBooter.java:456)
	at org.apache.maven.surefire.booter.ForkedBooter.execute(ForkedBooter.java:169)
	at org.apache.maven.surefire.booter.ForkedBooter.run(ForkedBooter.java:595)
	at org.apache.maven.surefire.booter.ForkedBooter.main(ForkedBooter.java:581)
</pre></div></td>
<td>5</td>
<td>WebApp.BillGenrator.BillGen2022@37091312</td></tr>
<tr>
<td title='WebApp.BillGenrator.BillGen2022.verifySalaryTotalValueQuarterly()'><b>verifySalaryTotalValueQuarterly</b><br>Test class: WebApp.BillGenrator.BillGen2022<br>Test method: 28. Verify the Salary Total value With payment type as 'Salary'. and How often you paied is set to 'Quarterly'</td>
<td><div><pre>java.lang.AssertionError: The following asserts failed:
	expected [50.00] but found [2.50],
	Salary total calculations for &apos;Quarterly&apos; are getting wrong. expected [50.00] but found [2.50],
	expected [6250.00] but found [25000.00],
	Salary total calculations for &apos;Quarterly&apos; are getting wrong. expected [6250.00] but found [25000.00]
	at WebApp.BillGenrator.BillGen2022.verifySalaryTotalValueQuarterly(BillGen2022.java:5374)
	at java.base/java.util.ArrayList.forEach(ArrayList.java:1541)
... Removed 33 stack frames</pre></div><a href='#' onClick='toggleBox("stack-trace354380282", this, "Click to show all stack frames", "Click to hide stack frames")'>Click to show all stack frames</a>
<div class='stack-trace' id='stack-trace354380282'><pre>java.lang.AssertionError: The following asserts failed:
	expected [50.00] but found [2.50],
	Salary total calculations for &apos;Quarterly&apos; are getting wrong. expected [50.00] but found [2.50],
	expected [6250.00] but found [25000.00],
	Salary total calculations for &apos;Quarterly&apos; are getting wrong. expected [6250.00] but found [25000.00]
	at org.testng.asserts.SoftAssert.assertAll(SoftAssert.java:46)
	at org.testng.asserts.SoftAssert.assertAll(SoftAssert.java:30)
	at WebApp.BillGenrator.BillGen2022.verifySalaryTotalValueQuarterly(BillGen2022.java:5374)
	at java.base/jdk.internal.reflect.NativeMethodAccessorImpl.invoke0(Native Method)
	at java.base/jdk.internal.reflect.NativeMethodAccessorImpl.invoke(NativeMethodAccessorImpl.java:62)
	at java.base/jdk.internal.reflect.DelegatingMethodAccessorImpl.invoke(DelegatingMethodAccessorImpl.java:43)
	at java.base/java.lang.reflect.Method.invoke(Method.java:566)
	at org.testng.internal.invokers.MethodInvocationHelper.invokeMethod(MethodInvocationHelper.java:139)
	at org.testng.internal.invokers.TestInvoker.invokeMethod(TestInvoker.java:677)
	at org.testng.internal.invokers.TestInvoker.invokeTestMethod(TestInvoker.java:221)
	at org.testng.internal.invokers.MethodRunner.runInSequence(MethodRunner.java:50)
	at org.testng.internal.invokers.TestInvoker$MethodInvocationAgent.invoke(TestInvoker.java:962)
	at org.testng.internal.invokers.TestInvoker.invokeTestMethods(TestInvoker.java:194)
	at org.testng.internal.invokers.TestMethodWorker.invokeTestMethods(TestMethodWorker.java:148)
	at org.testng.internal.invokers.TestMethodWorker.run(TestMethodWorker.java:128)
	at java.base/java.util.ArrayList.forEach(ArrayList.java:1541)
	at org.testng.TestRunner.privateRun(TestRunner.java:806)
	at org.testng.TestRunner.run(TestRunner.java:601)
	at org.testng.SuiteRunner.runTest(SuiteRunner.java:433)
	at org.testng.SuiteRunner.runSequentially(SuiteRunner.java:427)
	at org.testng.SuiteRunner.privateRun(SuiteRunner.java:387)
	at org.testng.SuiteRunner.run(SuiteRunner.java:330)
	at org.testng.SuiteRunnerWorker.runSuite(SuiteRunnerWorker.java:52)
	at org.testng.SuiteRunnerWorker.run(SuiteRunnerWorker.java:95)
	at org.testng.TestNG.runSuitesSequentially(TestNG.java:1256)
	at org.testng.TestNG.runSuitesLocally(TestNG.java:1176)
	at org.testng.TestNG.runSuites(TestNG.java:1099)
	at org.testng.TestNG.run(TestNG.java:1067)
	at org.apache.maven.surefire.testng.TestNGExecutor.run(TestNGExecutor.java:324)
	at org.apache.maven.surefire.testng.TestNGXmlTestSuite.execute(TestNGXmlTestSuite.java:74)
	at org.apache.maven.surefire.testng.TestNGProvider.invoke(TestNGProvider.java:123)
	at org.apache.maven.surefire.booter.ForkedBooter.runSuitesInProcess(ForkedBooter.java:456)
	at org.apache.maven.surefire.booter.ForkedBooter.execute(ForkedBooter.java:169)
	at org.apache.maven.surefire.booter.ForkedBooter.run(ForkedBooter.java:595)
	at org.apache.maven.surefire.booter.ForkedBooter.main(ForkedBooter.java:581)
</pre></div></td>
<td>4</td>
<td>WebApp.BillGenrator.BillGen2022@37091312</td></tr>
<tr>
<td title='WebApp.BillGenrator.BillGen2022.verifySalaryTotalValueMonthly()'><b>verifySalaryTotalValueMonthly</b><br>Test class: WebApp.BillGenrator.BillGen2022<br>Test method: 23. Verify the Salary Total value With payment type as 'Salary'. and How often you paied is set to 'Monthly'</td>
<td><div><pre>java.lang.AssertionError: The following asserts failed:
	expected [16.67] but found [0.83],
	Salary total calculations are getting wrong. expected [16.67] but found [0.83]
	at WebApp.BillGenrator.BillGen2022.verifySalaryTotalValueMonthly(BillGen2022.java:5289)
	at java.base/java.util.ArrayList.forEach(ArrayList.java:1541)
... Removed 33 stack frames</pre></div><a href='#' onClick='toggleBox("stack-trace741723677", this, "Click to show all stack frames", "Click to hide stack frames")'>Click to show all stack frames</a>
<div class='stack-trace' id='stack-trace741723677'><pre>java.lang.AssertionError: The following asserts failed:
	expected [16.67] but found [0.83],
	Salary total calculations are getting wrong. expected [16.67] but found [0.83]
	at org.testng.asserts.SoftAssert.assertAll(SoftAssert.java:46)
	at org.testng.asserts.SoftAssert.assertAll(SoftAssert.java:30)
	at WebApp.BillGenrator.BillGen2022.verifySalaryTotalValueMonthly(BillGen2022.java:5289)
	at java.base/jdk.internal.reflect.NativeMethodAccessorImpl.invoke0(Native Method)
	at java.base/jdk.internal.reflect.NativeMethodAccessorImpl.invoke(NativeMethodAccessorImpl.java:62)
	at java.base/jdk.internal.reflect.DelegatingMethodAccessorImpl.invoke(DelegatingMethodAccessorImpl.java:43)
	at java.base/java.lang.reflect.Method.invoke(Method.java:566)
	at org.testng.internal.invokers.MethodInvocationHelper.invokeMethod(MethodInvocationHelper.java:139)
	at org.testng.internal.invokers.TestInvoker.invokeMethod(TestInvoker.java:677)
	at org.testng.internal.invokers.TestInvoker.invokeTestMethod(TestInvoker.java:221)
	at org.testng.internal.invokers.MethodRunner.runInSequence(MethodRunner.java:50)
	at org.testng.internal.invokers.TestInvoker$MethodInvocationAgent.invoke(TestInvoker.java:962)
	at org.testng.internal.invokers.TestInvoker.invokeTestMethods(TestInvoker.java:194)
	at org.testng.internal.invokers.TestMethodWorker.invokeTestMethods(TestMethodWorker.java:148)
	at org.testng.internal.invokers.TestMethodWorker.run(TestMethodWorker.java:128)
	at java.base/java.util.ArrayList.forEach(ArrayList.java:1541)
	at org.testng.TestRunner.privateRun(TestRunner.java:806)
	at org.testng.TestRunner.run(TestRunner.java:601)
	at org.testng.SuiteRunner.runTest(SuiteRunner.java:433)
	at org.testng.SuiteRunner.runSequentially(SuiteRunner.java:427)
	at org.testng.SuiteRunner.privateRun(SuiteRunner.java:387)
	at org.testng.SuiteRunner.run(SuiteRunner.java:330)
	at org.testng.SuiteRunnerWorker.runSuite(SuiteRunnerWorker.java:52)
	at org.testng.SuiteRunnerWorker.run(SuiteRunnerWorker.java:95)
	at org.testng.TestNG.runSuitesSequentially(TestNG.java:1256)
	at org.testng.TestNG.runSuitesLocally(TestNG.java:1176)
	at org.testng.TestNG.runSuites(TestNG.java:1099)
	at org.testng.TestNG.run(TestNG.java:1067)
	at org.apache.maven.surefire.testng.TestNGExecutor.run(TestNGExecutor.java:324)
	at org.apache.maven.surefire.testng.TestNGXmlTestSuite.execute(TestNGXmlTestSuite.java:74)
	at org.apache.maven.surefire.testng.TestNGProvider.invoke(TestNGProvider.java:123)
	at org.apache.maven.surefire.booter.ForkedBooter.runSuitesInProcess(ForkedBooter.java:456)
	at org.apache.maven.surefire.booter.ForkedBooter.execute(ForkedBooter.java:169)
	at org.apache.maven.surefire.booter.ForkedBooter.run(ForkedBooter.java:595)
	at org.apache.maven.surefire.booter.ForkedBooter.main(ForkedBooter.java:581)
</pre></div></td>
<td>4</td>
<td>WebApp.BillGenrator.BillGen2022@37091312</td></tr>
<tr>
<td title='WebApp.BillGenrator.BillGen2022.verifyPayPeriodDuration()'><b>verifyPayPeriodDuration</b><br>Test class: WebApp.BillGenrator.BillGen2022<br>Test method: 36. Verify Pay period durations when 'How often are you paid?' is set to 'Weekly' </td>
<td><div><pre>java.lang.AssertionError: The following asserts failed:
	expected [12/25/2022] but found [null],
	expected [12/31/2022] but found [null],
	expected [12/31/2022] but found [null]
	at WebApp.BillGenrator.BillGen2022.verifyPayPeriodDuration(BillGen2022.java:5579)
	at java.base/java.util.ArrayList.forEach(ArrayList.java:1541)
... Removed 33 stack frames</pre></div><a href='#' onClick='toggleBox("stack-trace201487208", this, "Click to show all stack frames", "Click to hide stack frames")'>Click to show all stack frames</a>
<div class='stack-trace' id='stack-trace201487208'><pre>java.lang.AssertionError: The following asserts failed:
	expected [12/25/2022] but found [null],
	expected [12/31/2022] but found [null],
	expected [12/31/2022] but found [null]
	at org.testng.asserts.SoftAssert.assertAll(SoftAssert.java:46)
	at org.testng.asserts.SoftAssert.assertAll(SoftAssert.java:30)
	at WebApp.BillGenrator.BillGen2022.verifyPayPeriodDuration(BillGen2022.java:5579)
	at java.base/jdk.internal.reflect.NativeMethodAccessorImpl.invoke0(Native Method)
	at java.base/jdk.internal.reflect.NativeMethodAccessorImpl.invoke(NativeMethodAccessorImpl.java:62)
	at java.base/jdk.internal.reflect.DelegatingMethodAccessorImpl.invoke(DelegatingMethodAccessorImpl.java:43)
	at java.base/java.lang.reflect.Method.invoke(Method.java:566)
	at org.testng.internal.invokers.MethodInvocationHelper.invokeMethod(MethodInvocationHelper.java:139)
	at org.testng.internal.invokers.TestInvoker.invokeMethod(TestInvoker.java:677)
	at org.testng.internal.invokers.TestInvoker.invokeTestMethod(TestInvoker.java:221)
	at org.testng.internal.invokers.MethodRunner.runInSequence(MethodRunner.java:50)
	at org.testng.internal.invokers.TestInvoker$MethodInvocationAgent.invoke(TestInvoker.java:962)
	at org.testng.internal.invokers.TestInvoker.invokeTestMethods(TestInvoker.java:194)
	at org.testng.internal.invokers.TestMethodWorker.invokeTestMethods(TestMethodWorker.java:148)
	at org.testng.internal.invokers.TestMethodWorker.run(TestMethodWorker.java:128)
	at java.base/java.util.ArrayList.forEach(ArrayList.java:1541)
	at org.testng.TestRunner.privateRun(TestRunner.java:806)
	at org.testng.TestRunner.run(TestRunner.java:601)
	at org.testng.SuiteRunner.runTest(SuiteRunner.java:433)
	at org.testng.SuiteRunner.runSequentially(SuiteRunner.java:427)
	at org.testng.SuiteRunner.privateRun(SuiteRunner.java:387)
	at org.testng.SuiteRunner.run(SuiteRunner.java:330)
	at org.testng.SuiteRunnerWorker.runSuite(SuiteRunnerWorker.java:52)
	at org.testng.SuiteRunnerWorker.run(SuiteRunnerWorker.java:95)
	at org.testng.TestNG.runSuitesSequentially(TestNG.java:1256)
	at org.testng.TestNG.runSuitesLocally(TestNG.java:1176)
	at org.testng.TestNG.runSuites(TestNG.java:1099)
	at org.testng.TestNG.run(TestNG.java:1067)
	at org.apache.maven.surefire.testng.TestNGExecutor.run(TestNGExecutor.java:324)
	at org.apache.maven.surefire.testng.TestNGXmlTestSuite.execute(TestNGXmlTestSuite.java:74)
	at org.apache.maven.surefire.testng.TestNGProvider.invoke(TestNGProvider.java:123)
	at org.apache.maven.surefire.booter.ForkedBooter.runSuitesInProcess(ForkedBooter.java:456)
	at org.apache.maven.surefire.booter.ForkedBooter.execute(ForkedBooter.java:169)
	at org.apache.maven.surefire.booter.ForkedBooter.run(ForkedBooter.java:595)
	at org.apache.maven.surefire.booter.ForkedBooter.main(ForkedBooter.java:581)
</pre></div></td>
<td>5</td>
<td>WebApp.BillGenrator.BillGen2022@37091312</td></tr>
<tr>
<td title='WebApp.BillGenrator.BillGen2022.verifyDeductionTotalAndDeductionYTDTotalOnRemovingCustomEarnings()'><b>verifyDeductionTotalAndDeductionYTDTotalOnRemovingCustomEarnings</b><br>Test class: WebApp.BillGenrator.BillGen2022<br>Test method: 44. Verify gross DEDUCTION TOTAL and Deduction YTDTotal calculations on removing the custom deductions</td>
<td><div><pre>java.lang.AssertionError: The following asserts failed:
	The custom deduction 2 did not removed expected [true] but found [false],
	Deductions total value is wrong. expected [37.43] but found [60.76]
	at WebApp.BillGenrator.BillGen2022.verifyDeductionTotalAndDeductionYTDTotalOnRemovingCustomEarnings(BillGen2022.java:5885)
	at java.base/java.util.ArrayList.forEach(ArrayList.java:1541)
... Removed 33 stack frames</pre></div><a href='#' onClick='toggleBox("stack-trace1937913391", this, "Click to show all stack frames", "Click to hide stack frames")'>Click to show all stack frames</a>
<div class='stack-trace' id='stack-trace1937913391'><pre>java.lang.AssertionError: The following asserts failed:
	The custom deduction 2 did not removed expected [true] but found [false],
	Deductions total value is wrong. expected [37.43] but found [60.76]
	at org.testng.asserts.SoftAssert.assertAll(SoftAssert.java:46)
	at org.testng.asserts.SoftAssert.assertAll(SoftAssert.java:30)
	at WebApp.BillGenrator.BillGen2022.verifyDeductionTotalAndDeductionYTDTotalOnRemovingCustomEarnings(BillGen2022.java:5885)
	at java.base/jdk.internal.reflect.NativeMethodAccessorImpl.invoke0(Native Method)
	at java.base/jdk.internal.reflect.NativeMethodAccessorImpl.invoke(NativeMethodAccessorImpl.java:62)
	at java.base/jdk.internal.reflect.DelegatingMethodAccessorImpl.invoke(DelegatingMethodAccessorImpl.java:43)
	at java.base/java.lang.reflect.Method.invoke(Method.java:566)
	at org.testng.internal.invokers.MethodInvocationHelper.invokeMethod(MethodInvocationHelper.java:139)
	at org.testng.internal.invokers.TestInvoker.invokeMethod(TestInvoker.java:677)
	at org.testng.internal.invokers.TestInvoker.invokeTestMethod(TestInvoker.java:221)
	at org.testng.internal.invokers.MethodRunner.runInSequence(MethodRunner.java:50)
	at org.testng.internal.invokers.TestInvoker$MethodInvocationAgent.invoke(TestInvoker.java:962)
	at org.testng.internal.invokers.TestInvoker.invokeTestMethods(TestInvoker.java:194)
	at org.testng.internal.invokers.TestMethodWorker.invokeTestMethods(TestMethodWorker.java:148)
	at org.testng.internal.invokers.TestMethodWorker.run(TestMethodWorker.java:128)
	at java.base/java.util.ArrayList.forEach(ArrayList.java:1541)
	at org.testng.TestRunner.privateRun(TestRunner.java:806)
	at org.testng.TestRunner.run(TestRunner.java:601)
	at org.testng.SuiteRunner.runTest(SuiteRunner.java:433)
	at org.testng.SuiteRunner.runSequentially(SuiteRunner.java:427)
	at org.testng.SuiteRunner.privateRun(SuiteRunner.java:387)
	at org.testng.SuiteRunner.run(SuiteRunner.java:330)
	at org.testng.SuiteRunnerWorker.runSuite(SuiteRunnerWorker.java:52)
	at org.testng.SuiteRunnerWorker.run(SuiteRunnerWorker.java:95)
	at org.testng.TestNG.runSuitesSequentially(TestNG.java:1256)
	at org.testng.TestNG.runSuitesLocally(TestNG.java:1176)
	at org.testng.TestNG.runSuites(TestNG.java:1099)
	at org.testng.TestNG.run(TestNG.java:1067)
	at org.apache.maven.surefire.testng.TestNGExecutor.run(TestNGExecutor.java:324)
	at org.apache.maven.surefire.testng.TestNGXmlTestSuite.execute(TestNGXmlTestSuite.java:74)
	at org.apache.maven.surefire.testng.TestNGProvider.invoke(TestNGProvider.java:123)
	at org.apache.maven.surefire.booter.ForkedBooter.runSuitesInProcess(ForkedBooter.java:456)
	at org.apache.maven.surefire.booter.ForkedBooter.execute(ForkedBooter.java:169)
	at org.apache.maven.surefire.booter.ForkedBooter.run(ForkedBooter.java:595)
	at org.apache.maven.surefire.booter.ForkedBooter.main(ForkedBooter.java:581)
</pre></div></td>
<td>104</td>
<td>WebApp.BillGenrator.BillGen2022@37091312</td></tr>
<tr>
<td title='WebApp.BillGenrator.BillGen2022.verifyPayPeriodDurationInBiWeekly()'><b>verifyPayPeriodDurationInBiWeekly</b><br>Test class: WebApp.BillGenrator.BillGen2022<br>Test method: 37. Verify Pay period durations when 'How often are you paid?' is set to 'Bi-Weekly' </td>
<td><div><pre>java.lang.AssertionError: The following asserts failed:
	expected [12/18/2022] but found [null],
	expected [12/31/2022] but found [null],
	expected [12/31/2022] but found [null]
	at WebApp.BillGenrator.BillGen2022.verifyPayPeriodDurationInBiWeekly(BillGen2022.java:5601)
	at java.base/java.util.ArrayList.forEach(ArrayList.java:1541)
... Removed 33 stack frames</pre></div><a href='#' onClick='toggleBox("stack-trace462916793", this, "Click to show all stack frames", "Click to hide stack frames")'>Click to show all stack frames</a>
<div class='stack-trace' id='stack-trace462916793'><pre>java.lang.AssertionError: The following asserts failed:
	expected [12/18/2022] but found [null],
	expected [12/31/2022] but found [null],
	expected [12/31/2022] but found [null]
	at org.testng.asserts.SoftAssert.assertAll(SoftAssert.java:46)
	at org.testng.asserts.SoftAssert.assertAll(SoftAssert.java:30)
	at WebApp.BillGenrator.BillGen2022.verifyPayPeriodDurationInBiWeekly(BillGen2022.java:5601)
	at java.base/jdk.internal.reflect.NativeMethodAccessorImpl.invoke0(Native Method)
	at java.base/jdk.internal.reflect.NativeMethodAccessorImpl.invoke(NativeMethodAccessorImpl.java:62)
	at java.base/jdk.internal.reflect.DelegatingMethodAccessorImpl.invoke(DelegatingMethodAccessorImpl.java:43)
	at java.base/java.lang.reflect.Method.invoke(Method.java:566)
	at org.testng.internal.invokers.MethodInvocationHelper.invokeMethod(MethodInvocationHelper.java:139)
	at org.testng.internal.invokers.TestInvoker.invokeMethod(TestInvoker.java:677)
	at org.testng.internal.invokers.TestInvoker.invokeTestMethod(TestInvoker.java:221)
	at org.testng.internal.invokers.MethodRunner.runInSequence(MethodRunner.java:50)
	at org.testng.internal.invokers.TestInvoker$MethodInvocationAgent.invoke(TestInvoker.java:962)
	at org.testng.internal.invokers.TestInvoker.invokeTestMethods(TestInvoker.java:194)
	at org.testng.internal.invokers.TestMethodWorker.invokeTestMethods(TestMethodWorker.java:148)
	at org.testng.internal.invokers.TestMethodWorker.run(TestMethodWorker.java:128)
	at java.base/java.util.ArrayList.forEach(ArrayList.java:1541)
	at org.testng.TestRunner.privateRun(TestRunner.java:806)
	at org.testng.TestRunner.run(TestRunner.java:601)
	at org.testng.SuiteRunner.runTest(SuiteRunner.java:433)
	at org.testng.SuiteRunner.runSequentially(SuiteRunner.java:427)
	at org.testng.SuiteRunner.privateRun(SuiteRunner.java:387)
	at org.testng.SuiteRunner.run(SuiteRunner.java:330)
	at org.testng.SuiteRunnerWorker.runSuite(SuiteRunnerWorker.java:52)
	at org.testng.SuiteRunnerWorker.run(SuiteRunnerWorker.java:95)
	at org.testng.TestNG.runSuitesSequentially(TestNG.java:1256)
	at org.testng.TestNG.runSuitesLocally(TestNG.java:1176)
	at org.testng.TestNG.runSuites(TestNG.java:1099)
	at org.testng.TestNG.run(TestNG.java:1067)
	at org.apache.maven.surefire.testng.TestNGExecutor.run(TestNGExecutor.java:324)
	at org.apache.maven.surefire.testng.TestNGXmlTestSuite.execute(TestNGXmlTestSuite.java:74)
	at org.apache.maven.surefire.testng.TestNGProvider.invoke(TestNGProvider.java:123)
	at org.apache.maven.surefire.booter.ForkedBooter.runSuitesInProcess(ForkedBooter.java:456)
	at org.apache.maven.surefire.booter.ForkedBooter.execute(ForkedBooter.java:169)
	at org.apache.maven.surefire.booter.ForkedBooter.run(ForkedBooter.java:595)
	at org.apache.maven.surefire.booter.ForkedBooter.main(ForkedBooter.java:581)
</pre></div></td>
<td>5</td>
<td>WebApp.BillGenrator.BillGen2022@37091312</td></tr>
<tr>
<td title='WebApp.BillGenrator.BillGen2022.verifyPayPeriodDurationInQuarterly()'><b>verifyPayPeriodDurationInQuarterly</b><br>Test class: WebApp.BillGenrator.BillGen2022<br>Test method: 39. Verify Pay period durations when 'How often are you paid?' is set to 'Quarterly' </td>
<td><div><pre>java.lang.AssertionError: The following asserts failed:
	expected [10/02/2022] but found [null],
	expected [01/01/2023] but found [null],
	expected [01/01/2023] but found [null]
	at WebApp.BillGenrator.BillGen2022.verifyPayPeriodDurationInQuarterly(BillGen2022.java:5645)
	at java.base/java.util.ArrayList.forEach(ArrayList.java:1541)
... Removed 33 stack frames</pre></div><a href='#' onClick='toggleBox("stack-trace968427478", this, "Click to show all stack frames", "Click to hide stack frames")'>Click to show all stack frames</a>
<div class='stack-trace' id='stack-trace968427478'><pre>java.lang.AssertionError: The following asserts failed:
	expected [10/02/2022] but found [null],
	expected [01/01/2023] but found [null],
	expected [01/01/2023] but found [null]
	at org.testng.asserts.SoftAssert.assertAll(SoftAssert.java:46)
	at org.testng.asserts.SoftAssert.assertAll(SoftAssert.java:30)
	at WebApp.BillGenrator.BillGen2022.verifyPayPeriodDurationInQuarterly(BillGen2022.java:5645)
	at java.base/jdk.internal.reflect.NativeMethodAccessorImpl.invoke0(Native Method)
	at java.base/jdk.internal.reflect.NativeMethodAccessorImpl.invoke(NativeMethodAccessorImpl.java:62)
	at java.base/jdk.internal.reflect.DelegatingMethodAccessorImpl.invoke(DelegatingMethodAccessorImpl.java:43)
	at java.base/java.lang.reflect.Method.invoke(Method.java:566)
	at org.testng.internal.invokers.MethodInvocationHelper.invokeMethod(MethodInvocationHelper.java:139)
	at org.testng.internal.invokers.TestInvoker.invokeMethod(TestInvoker.java:677)
	at org.testng.internal.invokers.TestInvoker.invokeTestMethod(TestInvoker.java:221)
	at org.testng.internal.invokers.MethodRunner.runInSequence(MethodRunner.java:50)
	at org.testng.internal.invokers.TestInvoker$MethodInvocationAgent.invoke(TestInvoker.java:962)
	at org.testng.internal.invokers.TestInvoker.invokeTestMethods(TestInvoker.java:194)
	at org.testng.internal.invokers.TestMethodWorker.invokeTestMethods(TestMethodWorker.java:148)
	at org.testng.internal.invokers.TestMethodWorker.run(TestMethodWorker.java:128)
	at java.base/java.util.ArrayList.forEach(ArrayList.java:1541)
	at org.testng.TestRunner.privateRun(TestRunner.java:806)
	at org.testng.TestRunner.run(TestRunner.java:601)
	at org.testng.SuiteRunner.runTest(SuiteRunner.java:433)
	at org.testng.SuiteRunner.runSequentially(SuiteRunner.java:427)
	at org.testng.SuiteRunner.privateRun(SuiteRunner.java:387)
	at org.testng.SuiteRunner.run(SuiteRunner.java:330)
	at org.testng.SuiteRunnerWorker.runSuite(SuiteRunnerWorker.java:52)
	at org.testng.SuiteRunnerWorker.run(SuiteRunnerWorker.java:95)
	at org.testng.TestNG.runSuitesSequentially(TestNG.java:1256)
	at org.testng.TestNG.runSuitesLocally(TestNG.java:1176)
	at org.testng.TestNG.runSuites(TestNG.java:1099)
	at org.testng.TestNG.run(TestNG.java:1067)
	at org.apache.maven.surefire.testng.TestNGExecutor.run(TestNGExecutor.java:324)
	at org.apache.maven.surefire.testng.TestNGXmlTestSuite.execute(TestNGXmlTestSuite.java:74)
	at org.apache.maven.surefire.testng.TestNGProvider.invoke(TestNGProvider.java:123)
	at org.apache.maven.surefire.booter.ForkedBooter.runSuitesInProcess(ForkedBooter.java:456)
	at org.apache.maven.surefire.booter.ForkedBooter.execute(ForkedBooter.java:169)
	at org.apache.maven.surefire.booter.ForkedBooter.run(ForkedBooter.java:595)
	at org.apache.maven.surefire.booter.ForkedBooter.main(ForkedBooter.java:581)
</pre></div></td>
<td>5</td>
<td>WebApp.BillGenrator.BillGen2022@37091312</td></tr>
<tr>
<td title='WebApp.BillGenrator.BillGen2022.verifySalaryTotalValueSemiAnnually()'><b>verifySalaryTotalValueSemiAnnually</b><br>Test class: WebApp.BillGenrator.BillGen2022<br>Test method: 29. Verify the Salary Total value With payment type as 'Salary'. and How often you paied is set to 'Semi-Annually'</td>
<td><div><pre>java.lang.AssertionError: The following asserts failed:
	expected [100.00] but found [5.00],
	Salary total calculations for &apos;Semi-Annually&apos; are getting wrong. expected [100.00] but found [5.00],
	expected [12500.00] but found [25000.00],
	Salary total calculations for &apos;Semi-Annually&apos; are getting wrong. expected [12500.00] but found [25000.00]
	at WebApp.BillGenrator.BillGen2022.verifySalaryTotalValueSemiAnnually(BillGen2022.java:5391)
	at java.base/java.util.ArrayList.forEach(ArrayList.java:1541)
... Removed 33 stack frames</pre></div><a href='#' onClick='toggleBox("stack-trace1344581717", this, "Click to show all stack frames", "Click to hide stack frames")'>Click to show all stack frames</a>
<div class='stack-trace' id='stack-trace1344581717'><pre>java.lang.AssertionError: The following asserts failed:
	expected [100.00] but found [5.00],
	Salary total calculations for &apos;Semi-Annually&apos; are getting wrong. expected [100.00] but found [5.00],
	expected [12500.00] but found [25000.00],
	Salary total calculations for &apos;Semi-Annually&apos; are getting wrong. expected [12500.00] but found [25000.00]
	at org.testng.asserts.SoftAssert.assertAll(SoftAssert.java:46)
	at org.testng.asserts.SoftAssert.assertAll(SoftAssert.java:30)
	at WebApp.BillGenrator.BillGen2022.verifySalaryTotalValueSemiAnnually(BillGen2022.java:5391)
	at java.base/jdk.internal.reflect.NativeMethodAccessorImpl.invoke0(Native Method)
	at java.base/jdk.internal.reflect.NativeMethodAccessorImpl.invoke(NativeMethodAccessorImpl.java:62)
	at java.base/jdk.internal.reflect.DelegatingMethodAccessorImpl.invoke(DelegatingMethodAccessorImpl.java:43)
	at java.base/java.lang.reflect.Method.invoke(Method.java:566)
	at org.testng.internal.invokers.MethodInvocationHelper.invokeMethod(MethodInvocationHelper.java:139)
	at org.testng.internal.invokers.TestInvoker.invokeMethod(TestInvoker.java:677)
	at org.testng.internal.invokers.TestInvoker.invokeTestMethod(TestInvoker.java:221)
	at org.testng.internal.invokers.MethodRunner.runInSequence(MethodRunner.java:50)
	at org.testng.internal.invokers.TestInvoker$MethodInvocationAgent.invoke(TestInvoker.java:962)
	at org.testng.internal.invokers.TestInvoker.invokeTestMethods(TestInvoker.java:194)
	at org.testng.internal.invokers.TestMethodWorker.invokeTestMethods(TestMethodWorker.java:148)
	at org.testng.internal.invokers.TestMethodWorker.run(TestMethodWorker.java:128)
	at java.base/java.util.ArrayList.forEach(ArrayList.java:1541)
	at org.testng.TestRunner.privateRun(TestRunner.java:806)
	at org.testng.TestRunner.run(TestRunner.java:601)
	at org.testng.SuiteRunner.runTest(SuiteRunner.java:433)
	at org.testng.SuiteRunner.runSequentially(SuiteRunner.java:427)
	at org.testng.SuiteRunner.privateRun(SuiteRunner.java:387)
	at org.testng.SuiteRunner.run(SuiteRunner.java:330)
	at org.testng.SuiteRunnerWorker.runSuite(SuiteRunnerWorker.java:52)
	at org.testng.SuiteRunnerWorker.run(SuiteRunnerWorker.java:95)
	at org.testng.TestNG.runSuitesSequentially(TestNG.java:1256)
	at org.testng.TestNG.runSuitesLocally(TestNG.java:1176)
	at org.testng.TestNG.runSuites(TestNG.java:1099)
	at org.testng.TestNG.run(TestNG.java:1067)
	at org.apache.maven.surefire.testng.TestNGExecutor.run(TestNGExecutor.java:324)
	at org.apache.maven.surefire.testng.TestNGXmlTestSuite.execute(TestNGXmlTestSuite.java:74)
	at org.apache.maven.surefire.testng.TestNGProvider.invoke(TestNGProvider.java:123)
	at org.apache.maven.surefire.booter.ForkedBooter.runSuitesInProcess(ForkedBooter.java:456)
	at org.apache.maven.surefire.booter.ForkedBooter.execute(ForkedBooter.java:169)
	at org.apache.maven.surefire.booter.ForkedBooter.run(ForkedBooter.java:595)
	at org.apache.maven.surefire.booter.ForkedBooter.main(ForkedBooter.java:581)
</pre></div></td>
<td>5</td>
<td>WebApp.BillGenrator.BillGen2022@37091312</td></tr>
<tr>
<td title='WebApp.BillGenrator.BillGen2022.verifySalaryTotalValueWeekly()'><b>verifySalaryTotalValueWeekly</b><br>Test class: WebApp.BillGenrator.BillGen2022<br>Test method: 25. Verify the Salary Total value With payment type as 'Salary'. and How often you paied is set to 'Weekly (ex: every Friday)'</td>
<td><div><pre>java.lang.AssertionError: The following asserts failed:
	expected [3.85] but found [0.19],
	Salary total calculations for &apos;Weekly&apos; are getting wrong. expected [3.85] but found [0.19]
	at WebApp.BillGenrator.BillGen2022.verifySalaryTotalValueWeekly(BillGen2022.java:5323)
	at java.base/java.util.ArrayList.forEach(ArrayList.java:1541)
... Removed 33 stack frames</pre></div><a href='#' onClick='toggleBox("stack-trace1932324191", this, "Click to show all stack frames", "Click to hide stack frames")'>Click to show all stack frames</a>
<div class='stack-trace' id='stack-trace1932324191'><pre>java.lang.AssertionError: The following asserts failed:
	expected [3.85] but found [0.19],
	Salary total calculations for &apos;Weekly&apos; are getting wrong. expected [3.85] but found [0.19]
	at org.testng.asserts.SoftAssert.assertAll(SoftAssert.java:46)
	at org.testng.asserts.SoftAssert.assertAll(SoftAssert.java:30)
	at WebApp.BillGenrator.BillGen2022.verifySalaryTotalValueWeekly(BillGen2022.java:5323)
	at java.base/jdk.internal.reflect.NativeMethodAccessorImpl.invoke0(Native Method)
	at java.base/jdk.internal.reflect.NativeMethodAccessorImpl.invoke(NativeMethodAccessorImpl.java:62)
	at java.base/jdk.internal.reflect.DelegatingMethodAccessorImpl.invoke(DelegatingMethodAccessorImpl.java:43)
	at java.base/java.lang.reflect.Method.invoke(Method.java:566)
	at org.testng.internal.invokers.MethodInvocationHelper.invokeMethod(MethodInvocationHelper.java:139)
	at org.testng.internal.invokers.TestInvoker.invokeMethod(TestInvoker.java:677)
	at org.testng.internal.invokers.TestInvoker.invokeTestMethod(TestInvoker.java:221)
	at org.testng.internal.invokers.MethodRunner.runInSequence(MethodRunner.java:50)
	at org.testng.internal.invokers.TestInvoker$MethodInvocationAgent.invoke(TestInvoker.java:962)
	at org.testng.internal.invokers.TestInvoker.invokeTestMethods(TestInvoker.java:194)
	at org.testng.internal.invokers.TestMethodWorker.invokeTestMethods(TestMethodWorker.java:148)
	at org.testng.internal.invokers.TestMethodWorker.run(TestMethodWorker.java:128)
	at java.base/java.util.ArrayList.forEach(ArrayList.java:1541)
	at org.testng.TestRunner.privateRun(TestRunner.java:806)
	at org.testng.TestRunner.run(TestRunner.java:601)
	at org.testng.SuiteRunner.runTest(SuiteRunner.java:433)
	at org.testng.SuiteRunner.runSequentially(SuiteRunner.java:427)
	at org.testng.SuiteRunner.privateRun(SuiteRunner.java:387)
	at org.testng.SuiteRunner.run(SuiteRunner.java:330)
	at org.testng.SuiteRunnerWorker.runSuite(SuiteRunnerWorker.java:52)
	at org.testng.SuiteRunnerWorker.run(SuiteRunnerWorker.java:95)
	at org.testng.TestNG.runSuitesSequentially(TestNG.java:1256)
	at org.testng.TestNG.runSuitesLocally(TestNG.java:1176)
	at org.testng.TestNG.runSuites(TestNG.java:1099)
	at org.testng.TestNG.run(TestNG.java:1067)
	at org.apache.maven.surefire.testng.TestNGExecutor.run(TestNGExecutor.java:324)
	at org.apache.maven.surefire.testng.TestNGXmlTestSuite.execute(TestNGXmlTestSuite.java:74)
	at org.apache.maven.surefire.testng.TestNGProvider.invoke(TestNGProvider.java:123)
	at org.apache.maven.surefire.booter.ForkedBooter.runSuitesInProcess(ForkedBooter.java:456)
	at org.apache.maven.surefire.booter.ForkedBooter.execute(ForkedBooter.java:169)
	at org.apache.maven.surefire.booter.ForkedBooter.run(ForkedBooter.java:595)
	at org.apache.maven.surefire.booter.ForkedBooter.main(ForkedBooter.java:581)
</pre></div></td>
<td>5</td>
<td>WebApp.BillGenrator.BillGen2022@37091312</td></tr>
<tr>
<td title='WebApp.BillGenrator.BillGen2022.enterAllInputs()'><b>enterAllInputs</b><br>Test class: WebApp.BillGenrator.BillGen2022<br>Test method: 1. Enter all the inputs in paystub form and observe the Templates1 shows all the info entered properly. in first paystub</td>
<td><div><pre>java.lang.AssertionError: The following asserts failed:
	expected [TEST COMPANY NAME
1-234-567-8901
TEST COMPANY STREET ADDRESS1 123456, TESTINNG COMPANY ADDRESS.
TEST COMPANY STREET ADDRESS2 123456, TESTINNG COMPANY ADDRESS.
TEST COMPANYCITY,NM,65432] but found [TEST COMPANY NAME
1-234-567-8901
TEST COMPANY STREET ADDRESS1 123456, TESTINNG COMPANY ADDRESS.
TEST COMPANY STREET ADDRESS2 123456, TESTINNG COMPANY ADDRESS.
TEST COMPANYCITY,NM,65432]
	at WebApp.BillGenrator.BillGen2022.enterAllInputs(BillGen2022.java:122)
	at java.base/java.util.ArrayList.forEach(ArrayList.java:1541)
... Removed 33 stack frames</pre></div><a href='#' onClick='toggleBox("stack-trace340246258", this, "Click to show all stack frames", "Click to hide stack frames")'>Click to show all stack frames</a>
<div class='stack-trace' id='stack-trace340246258'><pre>java.lang.AssertionError: The following asserts failed:
	expected [TEST COMPANY NAME
1-234-567-8901
TEST COMPANY STREET ADDRESS1 123456, TESTINNG COMPANY ADDRESS.
TEST COMPANY STREET ADDRESS2 123456, TESTINNG COMPANY ADDRESS.
TEST COMPANYCITY,NM,65432] but found [TEST COMPANY NAME
1-234-567-8901
TEST COMPANY STREET ADDRESS1 123456, TESTINNG COMPANY ADDRESS.
TEST COMPANY STREET ADDRESS2 123456, TESTINNG COMPANY ADDRESS.
TEST COMPANYCITY,NM,65432]
	at org.testng.asserts.SoftAssert.assertAll(SoftAssert.java:46)
	at org.testng.asserts.SoftAssert.assertAll(SoftAssert.java:30)
	at WebApp.BillGenrator.BillGen2022.enterAllInputs(BillGen2022.java:122)
	at java.base/jdk.internal.reflect.NativeMethodAccessorImpl.invoke0(Native Method)
	at java.base/jdk.internal.reflect.NativeMethodAccessorImpl.invoke(NativeMethodAccessorImpl.java:62)
	at java.base/jdk.internal.reflect.DelegatingMethodAccessorImpl.invoke(DelegatingMethodAccessorImpl.java:43)
	at java.base/java.lang.reflect.Method.invoke(Method.java:566)
	at org.testng.internal.invokers.MethodInvocationHelper.invokeMethod(MethodInvocationHelper.java:139)
	at org.testng.internal.invokers.TestInvoker.invokeMethod(TestInvoker.java:677)
	at org.testng.internal.invokers.TestInvoker.invokeTestMethod(TestInvoker.java:221)
	at org.testng.internal.invokers.MethodRunner.runInSequence(MethodRunner.java:50)
	at org.testng.internal.invokers.TestInvoker$MethodInvocationAgent.invoke(TestInvoker.java:962)
	at org.testng.internal.invokers.TestInvoker.invokeTestMethods(TestInvoker.java:194)
	at org.testng.internal.invokers.TestMethodWorker.invokeTestMethods(TestMethodWorker.java:148)
	at org.testng.internal.invokers.TestMethodWorker.run(TestMethodWorker.java:128)
	at java.base/java.util.ArrayList.forEach(ArrayList.java:1541)
	at org.testng.TestRunner.privateRun(TestRunner.java:806)
	at org.testng.TestRunner.run(TestRunner.java:601)
	at org.testng.SuiteRunner.runTest(SuiteRunner.java:433)
	at org.testng.SuiteRunner.runSequentially(SuiteRunner.java:427)
	at org.testng.SuiteRunner.privateRun(SuiteRunner.java:387)
	at org.testng.SuiteRunner.run(SuiteRunner.java:330)
	at org.testng.SuiteRunnerWorker.runSuite(SuiteRunnerWorker.java:52)
	at org.testng.SuiteRunnerWorker.run(SuiteRunnerWorker.java:95)
	at org.testng.TestNG.runSuitesSequentially(TestNG.java:1256)
	at org.testng.TestNG.runSuitesLocally(TestNG.java:1176)
	at org.testng.TestNG.runSuites(TestNG.java:1099)
	at org.testng.TestNG.run(TestNG.java:1067)
	at org.apache.maven.surefire.testng.TestNGExecutor.run(TestNGExecutor.java:324)
	at org.apache.maven.surefire.testng.TestNGXmlTestSuite.execute(TestNGXmlTestSuite.java:74)
	at org.apache.maven.surefire.testng.TestNGProvider.invoke(TestNGProvider.java:123)
	at org.apache.maven.surefire.booter.ForkedBooter.runSuitesInProcess(ForkedBooter.java:456)
	at org.apache.maven.surefire.booter.ForkedBooter.execute(ForkedBooter.java:169)
	at org.apache.maven.surefire.booter.ForkedBooter.run(ForkedBooter.java:595)
	at org.apache.maven.surefire.booter.ForkedBooter.main(ForkedBooter.java:581)
</pre></div></td>
<td>54</td>
<td>WebApp.BillGenrator.BillGen2022@37091312</td></tr>
<tr>
<td title='WebApp.BillGenrator.BillGen2022.verifyLoginFunctionalityWithInvalidCred()'><b>verifyLoginFunctionalityWithInvalidCred</b><br>Test class: WebApp.BillGenrator.BillGen2022<br>Test method: 45 Verify validation of the login module on providing invalid inputs for the login<br>Parameters: , </td>
<td><div><pre>java.lang.AssertionError: The following asserts failed:
	Login successfull with invalid cred. expected [false] but found [true]
	at WebApp.BillGenrator.BillGen2022.verifyLoginFunctionalityWithInvalidCred(BillGen2022.java:5906)
	at java.base/java.util.ArrayList.forEach(ArrayList.java:1541)
... Removed 33 stack frames</pre></div><a href='#' onClick='toggleBox("stack-trace1400798214", this, "Click to show all stack frames", "Click to hide stack frames")'>Click to show all stack frames</a>
<div class='stack-trace' id='stack-trace1400798214'><pre>java.lang.AssertionError: The following asserts failed:
	Login successfull with invalid cred. expected [false] but found [true]
	at org.testng.asserts.SoftAssert.assertAll(SoftAssert.java:46)
	at org.testng.asserts.SoftAssert.assertAll(SoftAssert.java:30)
	at WebApp.BillGenrator.BillGen2022.verifyLoginFunctionalityWithInvalidCred(BillGen2022.java:5906)
	at java.base/jdk.internal.reflect.NativeMethodAccessorImpl.invoke0(Native Method)
	at java.base/jdk.internal.reflect.NativeMethodAccessorImpl.invoke(NativeMethodAccessorImpl.java:62)
	at java.base/jdk.internal.reflect.DelegatingMethodAccessorImpl.invoke(DelegatingMethodAccessorImpl.java:43)
	at java.base/java.lang.reflect.Method.invoke(Method.java:566)
	at org.testng.internal.invokers.MethodInvocationHelper.invokeMethod(MethodInvocationHelper.java:139)
	at org.testng.internal.invokers.TestInvoker.invokeMethod(TestInvoker.java:677)
	at org.testng.internal.invokers.TestInvoker.invokeTestMethod(TestInvoker.java:221)
	at org.testng.internal.invokers.MethodRunner.runInSequence(MethodRunner.java:50)
	at org.testng.internal.invokers.TestInvoker$MethodInvocationAgent.invoke(TestInvoker.java:962)
	at org.testng.internal.invokers.TestInvoker.invokeTestMethods(TestInvoker.java:194)
	at org.testng.internal.invokers.TestMethodWorker.invokeTestMethods(TestMethodWorker.java:148)
	at org.testng.internal.invokers.TestMethodWorker.run(TestMethodWorker.java:128)
	at java.base/java.util.ArrayList.forEach(ArrayList.java:1541)
	at org.testng.TestRunner.privateRun(TestRunner.java:806)
	at org.testng.TestRunner.run(TestRunner.java:601)
	at org.testng.SuiteRunner.runTest(SuiteRunner.java:433)
	at org.testng.SuiteRunner.runSequentially(SuiteRunner.java:427)
	at org.testng.SuiteRunner.privateRun(SuiteRunner.java:387)
	at org.testng.SuiteRunner.run(SuiteRunner.java:330)
	at org.testng.SuiteRunnerWorker.runSuite(SuiteRunnerWorker.java:52)
	at org.testng.SuiteRunnerWorker.run(SuiteRunnerWorker.java:95)
	at org.testng.TestNG.runSuitesSequentially(TestNG.java:1256)
	at org.testng.TestNG.runSuitesLocally(TestNG.java:1176)
	at org.testng.TestNG.runSuites(TestNG.java:1099)
	at org.testng.TestNG.run(TestNG.java:1067)
	at org.apache.maven.surefire.testng.TestNGExecutor.run(TestNGExecutor.java:324)
	at org.apache.maven.surefire.testng.TestNGXmlTestSuite.execute(TestNGXmlTestSuite.java:74)
	at org.apache.maven.surefire.testng.TestNGProvider.invoke(TestNGProvider.java:123)
	at org.apache.maven.surefire.booter.ForkedBooter.runSuitesInProcess(ForkedBooter.java:456)
	at org.apache.maven.surefire.booter.ForkedBooter.execute(ForkedBooter.java:169)
	at org.apache.maven.surefire.booter.ForkedBooter.run(ForkedBooter.java:595)
	at org.apache.maven.surefire.booter.ForkedBooter.main(ForkedBooter.java:581)
</pre></div></td>
<td>377</td>
<td>WebApp.BillGenrator.BillGen2022@37091312</td></tr>
<tr>
<td title='WebApp.BillGenrator.BillGen2022.verifySalaryTotalValueAnnually()'><b>verifySalaryTotalValueAnnually</b><br>Test class: WebApp.BillGenrator.BillGen2022<br>Test method: 30. Verify the Salary Total value With payment type as 'Salary'. and How often you paied is set to 'Annually'</td>
<td><div><pre>java.lang.AssertionError: The following asserts failed:
	expected [200.00] but found [10.00],
	Salary total calculations for &apos;Annually&apos; are getting wrong. expected [200.00] but found [10.00]
	at WebApp.BillGenrator.BillGen2022.verifySalaryTotalValueAnnually(BillGen2022.java:5408)
	at java.base/java.util.ArrayList.forEach(ArrayList.java:1541)
... Removed 33 stack frames</pre></div><a href='#' onClick='toggleBox("stack-trace1213813671", this, "Click to show all stack frames", "Click to hide stack frames")'>Click to show all stack frames</a>
<div class='stack-trace' id='stack-trace1213813671'><pre>java.lang.AssertionError: The following asserts failed:
	expected [200.00] but found [10.00],
	Salary total calculations for &apos;Annually&apos; are getting wrong. expected [200.00] but found [10.00]
	at org.testng.asserts.SoftAssert.assertAll(SoftAssert.java:46)
	at org.testng.asserts.SoftAssert.assertAll(SoftAssert.java:30)
	at WebApp.BillGenrator.BillGen2022.verifySalaryTotalValueAnnually(BillGen2022.java:5408)
	at java.base/jdk.internal.reflect.NativeMethodAccessorImpl.invoke0(Native Method)
	at java.base/jdk.internal.reflect.NativeMethodAccessorImpl.invoke(NativeMethodAccessorImpl.java:62)
	at java.base/jdk.internal.reflect.DelegatingMethodAccessorImpl.invoke(DelegatingMethodAccessorImpl.java:43)
	at java.base/java.lang.reflect.Method.invoke(Method.java:566)
	at org.testng.internal.invokers.MethodInvocationHelper.invokeMethod(MethodInvocationHelper.java:139)
	at org.testng.internal.invokers.TestInvoker.invokeMethod(TestInvoker.java:677)
	at org.testng.internal.invokers.TestInvoker.invokeTestMethod(TestInvoker.java:221)
	at org.testng.internal.invokers.MethodRunner.runInSequence(MethodRunner.java:50)
	at org.testng.internal.invokers.TestInvoker$MethodInvocationAgent.invoke(TestInvoker.java:962)
	at org.testng.internal.invokers.TestInvoker.invokeTestMethods(TestInvoker.java:194)
	at org.testng.internal.invokers.TestMethodWorker.invokeTestMethods(TestMethodWorker.java:148)
	at org.testng.internal.invokers.TestMethodWorker.run(TestMethodWorker.java:128)
	at java.base/java.util.ArrayList.forEach(ArrayList.java:1541)
	at org.testng.TestRunner.privateRun(TestRunner.java:806)
	at org.testng.TestRunner.run(TestRunner.java:601)
	at org.testng.SuiteRunner.runTest(SuiteRunner.java:433)
	at org.testng.SuiteRunner.runSequentially(SuiteRunner.java:427)
	at org.testng.SuiteRunner.privateRun(SuiteRunner.java:387)
	at org.testng.SuiteRunner.run(SuiteRunner.java:330)
	at org.testng.SuiteRunnerWorker.runSuite(SuiteRunnerWorker.java:52)
	at org.testng.SuiteRunnerWorker.run(SuiteRunnerWorker.java:95)
	at org.testng.TestNG.runSuitesSequentially(TestNG.java:1256)
	at org.testng.TestNG.runSuitesLocally(TestNG.java:1176)
	at org.testng.TestNG.runSuites(TestNG.java:1099)
	at org.testng.TestNG.run(TestNG.java:1067)
	at org.apache.maven.surefire.testng.TestNGExecutor.run(TestNGExecutor.java:324)
	at org.apache.maven.surefire.testng.TestNGXmlTestSuite.execute(TestNGXmlTestSuite.java:74)
	at org.apache.maven.surefire.testng.TestNGProvider.invoke(TestNGProvider.java:123)
	at org.apache.maven.surefire.booter.ForkedBooter.runSuitesInProcess(ForkedBooter.java:456)
	at org.apache.maven.surefire.booter.ForkedBooter.execute(ForkedBooter.java:169)
	at org.apache.maven.surefire.booter.ForkedBooter.run(ForkedBooter.java:595)
	at org.apache.maven.surefire.booter.ForkedBooter.main(ForkedBooter.java:581)
</pre></div></td>
<td>4</td>
<td>WebApp.BillGenrator.BillGen2022@37091312</td></tr>
<tr>
<td title='WebApp.BillGenrator.BillGen2022.verifyForgotPasswordFunctionality()'><b>verifyForgotPasswordFunctionality</b><br>Test class: WebApp.BillGenrator.BillGen2022<br>Test method: 49 Verify the forgot password functionality with valid input</td>
<td><div><pre>java.lang.NoClassDefFoundError: Could not initialize class com.google.api.services.gmail.Gmail
	at com.google.api.services.gmail.Gmail$Builder.build(Gmail.java:11221)
	at GmailCall.GMail.getService(GMail.java:108)
	at GmailCall.GMail.getGmailData(GMail.java:159)
	at GmailCall.GMail.getMailData(GMail.java:275)
	at WebApp.BillGenrator.BillGen2022.verifyForgotPasswordFunctionality(BillGen2022.java:7163)
	at java.base/java.util.ArrayList.forEach(ArrayList.java:1541)
... Removed 31 stack frames</pre></div><a href='#' onClick='toggleBox("stack-trace1792251757", this, "Click to show all stack frames", "Click to hide stack frames")'>Click to show all stack frames</a>
<div class='stack-trace' id='stack-trace1792251757'><pre>java.lang.NoClassDefFoundError: Could not initialize class com.google.api.services.gmail.Gmail
	at com.google.api.services.gmail.Gmail$Builder.build(Gmail.java:11221)
	at GmailCall.GMail.getService(GMail.java:108)
	at GmailCall.GMail.getGmailData(GMail.java:159)
	at GmailCall.GMail.getMailData(GMail.java:275)
	at WebApp.BillGenrator.BillGen2022.verifyForgotPasswordFunctionality(BillGen2022.java:7163)
	at java.base/jdk.internal.reflect.NativeMethodAccessorImpl.invoke0(Native Method)
	at java.base/jdk.internal.reflect.NativeMethodAccessorImpl.invoke(NativeMethodAccessorImpl.java:62)
	at java.base/jdk.internal.reflect.DelegatingMethodAccessorImpl.invoke(DelegatingMethodAccessorImpl.java:43)
	at java.base/java.lang.reflect.Method.invoke(Method.java:566)
	at org.testng.internal.invokers.MethodInvocationHelper.invokeMethod(MethodInvocationHelper.java:139)
	at org.testng.internal.invokers.TestInvoker.invokeMethod(TestInvoker.java:677)
	at org.testng.internal.invokers.TestInvoker.invokeTestMethod(TestInvoker.java:221)
	at org.testng.internal.invokers.MethodRunner.runInSequence(MethodRunner.java:50)
	at org.testng.internal.invokers.TestInvoker$MethodInvocationAgent.invoke(TestInvoker.java:962)
	at org.testng.internal.invokers.TestInvoker.invokeTestMethods(TestInvoker.java:194)
	at org.testng.internal.invokers.TestMethodWorker.invokeTestMethods(TestMethodWorker.java:148)
	at org.testng.internal.invokers.TestMethodWorker.run(TestMethodWorker.java:128)
	at java.base/java.util.ArrayList.forEach(ArrayList.java:1541)
	at org.testng.TestRunner.privateRun(TestRunner.java:806)
	at org.testng.TestRunner.run(TestRunner.java:601)
	at org.testng.SuiteRunner.runTest(SuiteRunner.java:433)
	at org.testng.SuiteRunner.runSequentially(SuiteRunner.java:427)
	at org.testng.SuiteRunner.privateRun(SuiteRunner.java:387)
	at org.testng.SuiteRunner.run(SuiteRunner.java:330)
	at org.testng.SuiteRunnerWorker.runSuite(SuiteRunnerWorker.java:52)
	at org.testng.SuiteRunnerWorker.run(SuiteRunnerWorker.java:95)
	at org.testng.TestNG.runSuitesSequentially(TestNG.java:1256)
	at org.testng.TestNG.runSuitesLocally(TestNG.java:1176)
	at org.testng.TestNG.runSuites(TestNG.java:1099)
	at org.testng.TestNG.run(TestNG.java:1067)
	at org.apache.maven.surefire.testng.TestNGExecutor.run(TestNGExecutor.java:324)
	at org.apache.maven.surefire.testng.TestNGXmlTestSuite.execute(TestNGXmlTestSuite.java:74)
	at org.apache.maven.surefire.testng.TestNGProvider.invoke(TestNGProvider.java:123)
	at org.apache.maven.surefire.booter.ForkedBooter.runSuitesInProcess(ForkedBooter.java:456)
	at org.apache.maven.surefire.booter.ForkedBooter.execute(ForkedBooter.java:169)
	at org.apache.maven.surefire.booter.ForkedBooter.run(ForkedBooter.java:595)
	at org.apache.maven.surefire.booter.ForkedBooter.main(ForkedBooter.java:581)
</pre></div></td>
<td>5</td>
<td>WebApp.BillGenrator.BillGen2022@37091312</td></tr>
</table><p>
<table width='100%' border='1' class='invocation-passed'>
<tr><td colspan='4' align='center'><b>PASSED TESTS</b></td></tr>
<tr><td><b>Test method</b></td>
<td><b>Attribute(s)</b></td>
<td width="30%"><b>Exception</b></td>
<td width="10%"><b>Time (seconds)</b></td>
<td><b>Instance</b></td>
</tr>
<tr>
<td title='WebApp.BillGenrator.BillGen2022.verifyGrossPayTotalInPreviousYTDCalculations()'><b>verifyGrossPayTotalInPreviousYTDCalculations</b><br>Test class: WebApp.BillGenrator.BillGen2022<br>Test method: 31. Verify 'Enter in previous YTD calculations?' gross paytotal value</td>
<td></td>
<td>10</td>
<td>WebApp.BillGenrator.BillGen2022@37091312</td></tr>
<tr>
<td title='WebApp.BillGenrator.BillGen2023.verifyFICAMedicareWithGrossPayYTDTotalLessThan20000()'><b>verifyFICAMedicareWithGrossPayYTDTotalLessThan20000</b><br>Test class: WebApp.BillGenrator.BillGen2023<br>Test method: 1. Verify Fica Medicare total tax With Gross PayYTD Total equal to 40000</td>
<td></td>
<td>5</td>
<td>WebApp.BillGenrator.BillGen2023@2dca0d64</td></tr>
<tr>
<td title='WebApp.BillGenrator.BillGen2022.verifyLoginFunctionalityWithInvalidCred()'><b>verifyLoginFunctionalityWithInvalidCred</b><br>Test class: WebApp.BillGenrator.BillGen2022<br>Test method: 45 Verify validation of the login module on providing invalid inputs for the login<br>Parameters: test@com., 123</td>
<td></td>
<td>3</td>
<td>WebApp.BillGenrator.BillGen2022@37091312</td></tr>
<tr>
<td title='WebApp.BillGenrator.BillGen2023.Verify_SUI_Tax_Calculations_on_Template1_with_State()'><b>Verify_SUI_Tax_Calculations_on_Template1_with_State</b><br>Test class: WebApp.BillGenrator.BillGen2023<br>Test method: 14. Verify SUI tax calculations with martial status as 'Single' with ytdtotal as '400','800','8000','80000'<br>Parameters: Pennsylvania</td>
<td></td>
<td>10</td>
<td>WebApp.BillGenrator.BillGen2023@2dca0d64</td></tr>
<tr>
<td title='WebApp.BillGenrator.BillGen2023.VerifyStateTaxCalculationsWithAllStatesWithSingleOnTemplate1()'><b>VerifyStateTaxCalculationsWithAllStatesWithSingleOnTemplate1</b><br>Test class: WebApp.BillGenrator.BillGen2023<br>Test method: 10. Verify State tax calculations for all states with martial status as 'Single' with ytdtotal as '800' and year is 2023</td>
<td></td>
<td>43</td>
<td>WebApp.BillGenrator.BillGen2023@2dca0d64</td></tr>
<tr>
<td title='WebApp.BillGenrator.BillGen2023.verifyFICAMedicareWithGrossPayYTDTotalGreaterThan200000()'><b>verifyFICAMedicareWithGrossPayYTDTotalGreaterThan200000</b><br>Test class: WebApp.BillGenrator.BillGen2023<br>Test method: 3. Verify FICAMedicare With GrossPay YTDTotal Greater Than 200000</td>
<td></td>
<td>4</td>
<td>WebApp.BillGenrator.BillGen2023@2dca0d64</td></tr>
<tr>
<td title='WebApp.BillGenrator.BillGen2022.Verify_SUI_Tax_Calculations_on_Template1_with_State()'><b>Verify_SUI_Tax_Calculations_on_Template1_with_State</b><br>Test class: WebApp.BillGenrator.BillGen2022<br>Test method: 14. Verify SUI tax calculations with martial status as 'Single' with ytdtotal as '400','800','8000','80000'<br>Parameters: New Jersey</td>
<td></td>
<td>9</td>
<td>WebApp.BillGenrator.BillGen2022@37091312</td></tr>
<tr>
<td title='WebApp.BillGenrator.BillGen2022.VerifySDITaxCalculationsonTemplate1()'><b>VerifySDITaxCalculationsonTemplate1</b><br>Test class: WebApp.BillGenrator.BillGen2022<br>Test method: 13. Verify SDI tax calculations with martial status as 'Single' for the state= 'California' with ytdtotal as '400','800','8000','80000'<br>Parameters: New York</td>
<td></td>
<td>8</td>
<td>WebApp.BillGenrator.BillGen2022@37091312</td></tr>
<tr>
<td title='WebApp.BillGenrator.BillGen2022.verifyLoginFunctionalityWithInvalidCred()'><b>verifyLoginFunctionalityWithInvalidCred</b><br>Test class: WebApp.BillGenrator.BillGen2022<br>Test method: 45 Verify validation of the login module on providing invalid inputs for the login<br>Parameters: shashank.marquee@gmail.com, 123</td>
<td></td>
<td>3</td>
<td>WebApp.BillGenrator.BillGen2022@37091312</td></tr>
<tr>
<td title='WebApp.BillGenrator.BillGen2022.VerifyStateTaxCalculationsWithAllStatesWithMarriedOnTemplate1()'><b>VerifyStateTaxCalculationsWithAllStatesWithMarriedOnTemplate1</b><br>Test class: WebApp.BillGenrator.BillGen2022<br>Test method: 12. Verify State tax calculations for all states with martial status as 'Married' with ytdtotal as '8000' and year is 2022</td>
<td></td>
<td>393</td>
<td>WebApp.BillGenrator.BillGen2022@37091312</td></tr>
<tr>
<td title='WebApp.BillGenrator.BillGen2022.verifyLoginFunctionalityWithInvalidCred()'><b>verifyLoginFunctionalityWithInvalidCred</b><br>Test class: WebApp.BillGenrator.BillGen2022<br>Test method: 45 Verify validation of the login module on providing invalid inputs for the login<br>Parameters: username2gmail.com, 12345</td>
<td></td>
<td>3</td>
<td>WebApp.BillGenrator.BillGen2022@37091312</td></tr>
<tr>
<td title='WebApp.BillGenrator.BillGen2022.verifyFICASocialSecurityCalculations()'><b>verifyFICASocialSecurityCalculations</b><br>Test class: WebApp.BillGenrator.BillGen2022<br>Test method: 4. Verify FICA-Social-Security Calculations when social is less than 9114 for the year 2022</td>
<td></td>
<td>9</td>
<td>WebApp.BillGenrator.BillGen2022@37091312</td></tr>
<tr>
<td title='WebApp.BillGenrator.BillGen2022.verifyFicaSocialSecurityCalculations()'><b>verifyFicaSocialSecurityCalculations</b><br>Test class: WebApp.BillGenrator.BillGen2022<br>Test method: 5. Verify FICA-Social-Security Calculations when social is greater than 9114 for the year 2022 on all preview page.</td>
<td></td>
<td>11</td>
<td>WebApp.BillGenrator.BillGen2022@37091312</td></tr>
<tr>
<td title='WebApp.BillGenrator.BillGen2022.verifyPaystubTotalDeductions()'><b>verifyPaystubTotalDeductions</b><br>Test class: WebApp.BillGenrator.BillGen2022<br>Test method: 33. Verify Total calculations of all the deductions with single paystub</td>
<td></td>
<td>13</td>
<td>WebApp.BillGenrator.BillGen2022@37091312</td></tr>
<tr>
<td title='WebApp.BillGenrator.BillGen2023.verifyFICAMedicareWithGrossPayYTDTotalLessThan200000()'><b>verifyFICAMedicareWithGrossPayYTDTotalLessThan200000</b><br>Test class: WebApp.BillGenrator.BillGen2023<br>Test method: 2. Verify FICA Medicare With Gross PayYTD Total Less Than 200000</td>
<td></td>
<td>6</td>
<td>WebApp.BillGenrator.BillGen2023@2dca0d64</td></tr>
<tr>
<td title='WebApp.BillGenrator.BillGen2022.VerifySDITaxCalculationsonTemplate1()'><b>VerifySDITaxCalculationsonTemplate1</b><br>Test class: WebApp.BillGenrator.BillGen2022<br>Test method: 13. Verify SDI tax calculations with martial status as 'Single' for the state= 'California' with ytdtotal as '400','800','8000','80000'<br>Parameters: California</td>
<td></td>
<td>13</td>
<td>WebApp.BillGenrator.BillGen2022@37091312</td></tr>
<tr>
<td title='WebApp.BillGenrator.BillGen2022.calculateWorkforceDevelopment2()'><b>calculateWorkforceDevelopment2</b><br>Test class: WebApp.BillGenrator.BillGen2022<br>Test method: 18. Verify Workforce Development tax when Gross Pay YTD total is equal to 33500</td>
<td></td>
<td>11</td>
<td>WebApp.BillGenrator.BillGen2022@37091312</td></tr>
<tr>
<td title='WebApp.BillGenrator.BillGen2022.VerifyFederalTaxCalculationsWithMarriedOnTemplate1()'><b>VerifyFederalTaxCalculationsWithMarriedOnTemplate1</b><br>Test class: WebApp.BillGenrator.BillGen2022<br>Test method: 7.	Verify federal tax calculations with martial status as 'Married' in year '2022</td>
<td></td>
<td>13</td>
<td>WebApp.BillGenrator.BillGen2022@37091312</td></tr>
<tr>
<td title='WebApp.BillGenrator.BillGen2022.verifyLoginFunctionalityWithInvalidCred()'><b>verifyLoginFunctionalityWithInvalidCred</b><br>Test class: WebApp.BillGenrator.BillGen2022<br>Test method: 45 Verify validation of the login module on providing invalid inputs for the login<br>Parameters: username1@gmailcom, 123</td>
<td></td>
<td>3</td>
<td>WebApp.BillGenrator.BillGen2022@37091312</td></tr>
<tr>
<td title='WebApp.BillGenrator.BillGen2023.Verify_SUI_Tax_Calculations_on_Template1_with_State()'><b>Verify_SUI_Tax_Calculations_on_Template1_with_State</b><br>Test class: WebApp.BillGenrator.BillGen2023<br>Test method: 14. Verify SUI tax calculations with martial status as 'Single' with ytdtotal as '400','800','8000','80000'<br>Parameters: New Jersey</td>
<td></td>
<td>10</td>
<td>WebApp.BillGenrator.BillGen2023@2dca0d64</td></tr>
<tr>
<td title='WebApp.BillGenrator.BillGen2022.verifyPaystubPayPeriodDurations()'><b>verifyPaystubPayPeriodDurations</b><br>Test class: WebApp.BillGenrator.BillGen2022<br>Test method: 34. Verify Pay period durations when 'How often are you paid?' is set to 'Monthly' </td>
<td></td>
<td>8</td>
<td>WebApp.BillGenrator.BillGen2022@37091312</td></tr>
<tr>
<td title='WebApp.BillGenrator.BillGen2023.VerifySDITaxCalculationsonTemplate1()'><b>VerifySDITaxCalculationsonTemplate1</b><br>Test class: WebApp.BillGenrator.BillGen2023<br>Test method: 13. Verify SDI tax calculations with martial status as 'Single' for the state with ytdtotal as '400','800','8000','80000'<br>Parameters: California</td>
<td></td>
<td>9</td>
<td>WebApp.BillGenrator.BillGen2023@2dca0d64</td></tr>
<tr>
<td title='WebApp.BillGenrator.BillGen2022.VerifyFederalTaxCalculationsonTemplate1()'><b>VerifyFederalTaxCalculationsonTemplate1</b><br>Test class: WebApp.BillGenrator.BillGen2022<br>Test method: 6. Verify federal tax calculations with martial status as 'Single' year=2022</td>
<td></td>
<td>13</td>
<td>WebApp.BillGenrator.BillGen2022@37091312</td></tr>
<tr>
<td title='WebApp.BillGenrator.BillGen2022.VerifySDITaxCalculationsonTemplate1()'><b>VerifySDITaxCalculationsonTemplate1</b><br>Test class: WebApp.BillGenrator.BillGen2022<br>Test method: 13. Verify SDI tax calculations with martial status as 'Single' for the state= 'California' with ytdtotal as '400','800','8000','80000'<br>Parameters: Rhode Island</td>
<td></td>
<td>7</td>
<td>WebApp.BillGenrator.BillGen2022@37091312</td></tr>
<tr>
<td title='WebApp.BillGenrator.BillGen2023.VerifySDITaxCalculationsonTemplate1()'><b>VerifySDITaxCalculationsonTemplate1</b><br>Test class: WebApp.BillGenrator.BillGen2023<br>Test method: 13. Verify SDI tax calculations with martial status as 'Single' for the state with ytdtotal as '400','800','8000','80000'<br>Parameters: New Jersey</td>
<td></td>
<td>9</td>
<td>WebApp.BillGenrator.BillGen2023@2dca0d64</td></tr>
<tr>
<td title='WebApp.BillGenrator.BillGen2023.Verify_WC_Tax_Calculations_on_Template1_with_State()'><b>Verify_WC_Tax_Calculations_on_Template1_with_State</b><br>Test class: WebApp.BillGenrator.BillGen2023<br>Test method: 15. Verify WC tax calculations with martial status as 'Single' with ytdtotal as '400','800','8000','80000' with all 'How often you paid'</td>
<td></td>
<td>70</td>
<td>WebApp.BillGenrator.BillGen2023@2dca0d64</td></tr>
<tr>
<td title='WebApp.BillGenrator.BillGen2023.calculateWorkforceDevelopment3()'><b>calculateWorkforceDevelopment3</b><br>Test class: WebApp.BillGenrator.BillGen2023<br>Test method: 19. Verify Workforce Development tax when Gross Pay YTD total is greater than 33500</td>
<td></td>
<td>5</td>
<td>WebApp.BillGenrator.BillGen2023@2dca0d64</td></tr>
<tr>
<td title='WebApp.BillGenrator.BillGen2022.calculateWorkforceDevelopment()'><b>calculateWorkforceDevelopment</b><br>Test class: WebApp.BillGenrator.BillGen2022<br>Test method: 17. Verify Workforce Development tax when Gross Pay YTD total is less than 33500</td>
<td></td>
<td>12</td>
<td>WebApp.BillGenrator.BillGen2022@37091312</td></tr>
<tr>
<td title='WebApp.BillGenrator.BillGen2023.VerifySDITaxCalculationsonTemplate1()'><b>VerifySDITaxCalculationsonTemplate1</b><br>Test class: WebApp.BillGenrator.BillGen2023<br>Test method: 13. Verify SDI tax calculations with martial status as 'Single' for the state with ytdtotal as '400','800','8000','80000'<br>Parameters: New York</td>
<td></td>
<td>9</td>
<td>WebApp.BillGenrator.BillGen2023@2dca0d64</td></tr>
<tr>
<td title='WebApp.BillGenrator.BillGen2022.VerifySDITaxCalculationsonTemplate1()'><b>VerifySDITaxCalculationsonTemplate1</b><br>Test class: WebApp.BillGenrator.BillGen2022<br>Test method: 13. Verify SDI tax calculations with martial status as 'Single' for the state= 'California' with ytdtotal as '400','800','8000','80000'<br>Parameters: New Jersey</td>
<td></td>
<td>7</td>
<td>WebApp.BillGenrator.BillGen2022@37091312</td></tr>
<tr>
<td title='WebApp.BillGenrator.BillGen2022.verifyContractorTax()'><b>verifyContractorTax</b><br>Test class: WebApp.BillGenrator.BillGen2022<br>Test method: 21. Verify Contractor does not have any tax deduction</td>
<td></td>
<td>2</td>
<td>WebApp.BillGenrator.BillGen2022@37091312</td></tr>
<tr>
<td title='WebApp.BillGenrator.BillGen2023.verifyFicaSocialSecurityCalculations()'><b>verifyFicaSocialSecurityCalculations</b><br>Test class: WebApp.BillGenrator.BillGen2023<br>Test method: 5. Verify FICA-Social-Security Calculations when social is greater than 9114 for the year 2023 on all preview page.</td>
<td></td>
<td>6</td>
<td>WebApp.BillGenrator.BillGen2023@2dca0d64</td></tr>
<tr>
<td title='WebApp.BillGenrator.BillGen2022.calculateWorkforceDevelopment3()'><b>calculateWorkforceDevelopment3</b><br>Test class: WebApp.BillGenrator.BillGen2022<br>Test method: 19. Verify Workforce Development tax when Gross Pay YTD total is greater than 33500</td>
<td></td>
<td>11</td>
<td>WebApp.BillGenrator.BillGen2022@37091312</td></tr>
<tr>
<td title='WebApp.BillGenrator.BillGen2022.verifyPaystubsValues()'><b>verifyPaystubsValues</b><br>Test class: WebApp.BillGenrator.BillGen2022<br>Test method: 22. Verify the number of paystubs needed when 'How many pay periods have you worked?' is set from 22 value to 10 when 'Were you hired in the past 52 weeks?' is set to 'Yes'.</td>
<td></td>
<td>110</td>
<td>WebApp.BillGenrator.BillGen2022@37091312</td></tr>
<tr>
<td title='WebApp.BillGenrator.BillGen2023.VerifyStateTaxCalculationsWithAllStatesWithSingle2OnTemplate1()'><b>VerifyStateTaxCalculationsWithAllStatesWithSingle2OnTemplate1</b><br>Test class: WebApp.BillGenrator.BillGen2023<br>Test method: 11. Verify State tax calculations for all states with martial status as 'Single' with ytdtotal as '8000' and year is 2023</td>
<td></td>
<td>43</td>
<td>WebApp.BillGenrator.BillGen2023@2dca0d64</td></tr>
<tr>
<td title='WebApp.BillGenrator.BillGen2022.verifyFederalTaxWithAllExemptions()'><b>verifyFederalTaxWithAllExemptions</b><br>Test class: WebApp.BillGenrator.BillGen2022<br>Test method: 8. Verify Federal Tax calculations for all exemptions with maratial status as 'Single' and 'Married' and year'2022</td>
<td></td>
<td>149</td>
<td>WebApp.BillGenrator.BillGen2022@37091312</td></tr>
<tr>
<td title='WebApp.BillGenrator.BillGen2023.VerifyStateTaxCalculationsWithAllStatesWithMarriedOnTemplate1()'><b>VerifyStateTaxCalculationsWithAllStatesWithMarriedOnTemplate1</b><br>Test class: WebApp.BillGenrator.BillGen2023<br>Test method: 12. Verify State tax calculations for all states with martial status as 'Married' with ytdtotal as '8000' and year is 2023</td>
<td></td>
<td>44</td>
<td>WebApp.BillGenrator.BillGen2023@2dca0d64</td></tr>
<tr>
<td title='WebApp.BillGenrator.BillGen2023.VerifyStateTaxCalculationsWithAllStatesOnTemplate1()'><b>VerifyStateTaxCalculationsWithAllStatesOnTemplate1</b><br>Test class: WebApp.BillGenrator.BillGen2023<br>Test method: 9. Verify State tax calculations for all states with martial status as 'Married' with ytdtotal as '800' and year is 2022</td>
<td></td>
<td>43</td>
<td>WebApp.BillGenrator.BillGen2023@2dca0d64</td></tr>
<tr>
<td title='WebApp.BillGenrator.BillGen2023.verifyFederalTaxWithAllExemptions()'><b>verifyFederalTaxWithAllExemptions</b><br>Test class: WebApp.BillGenrator.BillGen2023<br>Test method: 8. Verify Federal Tax calculations for all exemptions with maratial status as 'Single'</td>
<td></td>
<td>22</td>
<td>WebApp.BillGenrator.BillGen2023@2dca0d64</td></tr>
<tr>
<td title='WebApp.BillGenrator.BillGen2023.Verify_SUI_Tax_Calculations_on_Template1_with_State()'><b>Verify_SUI_Tax_Calculations_on_Template1_with_State</b><br>Test class: WebApp.BillGenrator.BillGen2023<br>Test method: 14. Verify SUI tax calculations with martial status as 'Single' with ytdtotal as '400','800','8000','80000'<br>Parameters: Alaska</td>
<td></td>
<td>10</td>
<td>WebApp.BillGenrator.BillGen2023@2dca0d64</td></tr>
<tr>
<td title='WebApp.BillGenrator.BillGen2022.Verify_FLIFLV_Tax_Calculations_on_Template1_with_State()'><b>Verify_FLIFLV_Tax_Calculations_on_Template1_with_State</b><br>Test class: WebApp.BillGenrator.BillGen2022<br>Test method: 16. Verify FLI-FLV tax calculations with martial status as 'Single' with ytdtotal as '400','800','8000','80000'</td>
<td></td>
<td>17</td>
<td>WebApp.BillGenrator.BillGen2022@37091312</td></tr>
<tr>
<td title='WebApp.BillGenrator.BillGen2022.Verify_SUI_Tax_Calculations_on_Template1_with_State()'><b>Verify_SUI_Tax_Calculations_on_Template1_with_State</b><br>Test class: WebApp.BillGenrator.BillGen2022<br>Test method: 14. Verify SUI tax calculations with martial status as 'Single' with ytdtotal as '400','800','8000','80000'<br>Parameters: Alaska</td>
<td></td>
<td>15</td>
<td>WebApp.BillGenrator.BillGen2022@37091312</td></tr>
<tr>
<td title='WebApp.BillGenrator.BillGen2023.verifyFICASocialSecurityCalculations()'><b>verifyFICASocialSecurityCalculations</b><br>Test class: WebApp.BillGenrator.BillGen2023<br>Test method: 4. Verify FICA-Social-Security Calculations when social is less than 9114 for the year 2023</td>
<td></td>
<td>4</td>
<td>WebApp.BillGenrator.BillGen2023@2dca0d64</td></tr>
<tr>
<td title='WebApp.BillGenrator.BillGen2022.verifyLoginFunctionalityWithInvalidCred()'><b>verifyLoginFunctionalityWithInvalidCred</b><br>Test class: WebApp.BillGenrator.BillGen2022<br>Test method: 45 Verify validation of the login module on providing invalid inputs for the login<br>Parameters: @test.com, 1234</td>
<td></td>
<td>3</td>
<td>WebApp.BillGenrator.BillGen2022@37091312</td></tr>
<tr>
<td title='WebApp.BillGenrator.BillGen2023.VerifySDITaxCalculationsonTemplate1()'><b>VerifySDITaxCalculationsonTemplate1</b><br>Test class: WebApp.BillGenrator.BillGen2023<br>Test method: 13. Verify SDI tax calculations with martial status as 'Single' for the state with ytdtotal as '400','800','8000','80000'<br>Parameters: Rhode Island</td>
<td></td>
<td>9</td>
<td>WebApp.BillGenrator.BillGen2023@2dca0d64</td></tr>
<tr>
<td title='WebApp.BillGenrator.BillGen2022.calculateTotalEarnings()'><b>calculateTotalEarnings</b><br>Test class: WebApp.BillGenrator.BillGen2022<br>Test method: 20. Verify Total calculations for all type of earnings in all Templates</td>
<td></td>
<td>29</td>
<td>WebApp.BillGenrator.BillGen2022@37091312</td></tr>
<tr>
<td title='WebApp.BillGenrator.BillGen2022.verifyLoginFunctionalityWithInvalidCred()'><b>verifyLoginFunctionalityWithInvalidCred</b><br>Test class: WebApp.BillGenrator.BillGen2022<br>Test method: 45 Verify validation of the login module on providing invalid inputs for the login<br>Parameters: username1@@gmailcom, 123</td>
<td></td>
<td>3</td>
<td>WebApp.BillGenrator.BillGen2022@37091312</td></tr>
<tr>
<td title='WebApp.BillGenrator.BillGen2022.verifyFICAMedicareWithGrossPayYTDTotalGreaterThan200000()'><b>verifyFICAMedicareWithGrossPayYTDTotalGreaterThan200000</b><br>Test class: WebApp.BillGenrator.BillGen2022<br>Test method: 3. Verify FICAMedicare With GrossPay YTDTotal Greater Than 200000</td>
<td></td>
<td>9</td>
<td>WebApp.BillGenrator.BillGen2022@37091312</td></tr>
<tr>
<td title='WebApp.BillGenrator.BillGen2022.VerifyStateTaxCalculationsWithAllStatesWithSingleOnTemplate1()'><b>VerifyStateTaxCalculationsWithAllStatesWithSingleOnTemplate1</b><br>Test class: WebApp.BillGenrator.BillGen2022<br>Test method: 10. Verify State tax calculations for all states with martial status as 'Single' with ytdtotal as '800' and year is 2022</td>
<td></td>
<td>392</td>
<td>WebApp.BillGenrator.BillGen2022@37091312</td></tr>
<tr>
<td title='WebApp.BillGenrator.BillGen2023.VerifyFederalTaxCalculationsonTemplate1()'><b>VerifyFederalTaxCalculationsonTemplate1</b><br>Test class: WebApp.BillGenrator.BillGen2023<br>Test method: 6. Verify federal tax calculations with martial status as 'Single'</td>
<td></td>
<td>8</td>
<td>WebApp.BillGenrator.BillGen2023@2dca0d64</td></tr>
<tr>
<td title='WebApp.BillGenrator.BillGen2022.VerifyStateTaxCalculationsWithAllStatesOnTemplate1()'><b>VerifyStateTaxCalculationsWithAllStatesOnTemplate1</b><br>Test class: WebApp.BillGenrator.BillGen2022<br>Test method: 9. Verify State tax calculations for all states with martial status as 'Married' with ytdtotal as '800' and year is 2022</td>
<td></td>
<td>395</td>
<td>WebApp.BillGenrator.BillGen2022@37091312</td></tr>
<tr>
<td title='WebApp.BillGenrator.BillGen2022.Verify_SUI_Tax_Calculations_on_Template1_with_State()'><b>Verify_SUI_Tax_Calculations_on_Template1_with_State</b><br>Test class: WebApp.BillGenrator.BillGen2022<br>Test method: 14. Verify SUI tax calculations with martial status as 'Single' with ytdtotal as '400','800','8000','80000'<br>Parameters: Pennsylvania</td>
<td></td>
<td>9</td>
<td>WebApp.BillGenrator.BillGen2022@37091312</td></tr>
<tr>
<td title='WebApp.BillGenrator.BillGen2022.VerifyStateTaxCalculationsWithAllStatesWithSingle2OnTemplate1()'><b>VerifyStateTaxCalculationsWithAllStatesWithSingle2OnTemplate1</b><br>Test class: WebApp.BillGenrator.BillGen2022<br>Test method: 11. Verify State tax calculations for all states with martial status as 'Single' with ytdtotal as '8000' and year is 2022</td>
<td></td>
<td>41</td>
<td>WebApp.BillGenrator.BillGen2022@37091312</td></tr>
<tr>
<td title='WebApp.BillGenrator.BillGen2022.verifyLoginFunctionalityWithInvalidCred()'><b>verifyLoginFunctionalityWithInvalidCred</b><br>Test class: WebApp.BillGenrator.BillGen2022<br>Test method: 45 Verify validation of the login module on providing invalid inputs for the login<br>Parameters: tester.marqueetest@gmail.com, Marquee123456</td>
<td></td>
<td>3</td>
<td>WebApp.BillGenrator.BillGen2022@37091312</td></tr>
<tr>
<td title='WebApp.BillGenrator.BillGen2022.verifyLoginFunctionalityWithInvalidCred()'><b>verifyLoginFunctionalityWithInvalidCred</b><br>Test class: WebApp.BillGenrator.BillGen2022<br>Test method: 45 Verify validation of the login module on providing invalid inputs for the login<br>Parameters: tes t@t.com, 12345 6</td>
<td></td>
<td>3</td>
<td>WebApp.BillGenrator.BillGen2022@37091312</td></tr>
<tr>
<td title='WebApp.BillGenrator.BillGen2023.Verify_FLIFLV_Tax_Calculations_on_Template1_with_State()'><b>Verify_FLIFLV_Tax_Calculations_on_Template1_with_State</b><br>Test class: WebApp.BillGenrator.BillGen2023<br>Test method: 16. Verify FLI-FLV tax calculations with martial status as 'Single' with ytdtotal as '400','800','8000','80000'</td>
<td></td>
<td>10</td>
<td>WebApp.BillGenrator.BillGen2023@2dca0d64</td></tr>
<tr>
<td title='WebApp.BillGenrator.BillGen2023.verifyFederalWithGrossPayYTDTotal40000()'><b>verifyFederalWithGrossPayYTDTotal40000</b><br>Test class: WebApp.BillGenrator.BillGen2023<br>Test method: 1. Verify Federal tax With Gross PayYTD Total equal to 40000</td>
<td></td>
<td>5</td>
<td>WebApp.BillGenrator.BillGen2023@2dca0d64</td></tr>
<tr>
<td title='WebApp.BillGenrator.BillGen2022.verifyLoginFunctionalityWithInvalidCred()'><b>verifyLoginFunctionalityWithInvalidCred</b><br>Test class: WebApp.BillGenrator.BillGen2022<br>Test method: 45 Verify validation of the login module on providing invalid inputs for the login<br>Parameters:  ,  </td>
<td></td>
<td>3</td>
<td>WebApp.BillGenrator.BillGen2022@37091312</td></tr>
<tr>
<td title='WebApp.BillGenrator.BillGen2022.verifyFICAMedicareWithGrossPayYTDTotalLessThan200000()'><b>verifyFICAMedicareWithGrossPayYTDTotalLessThan200000</b><br>Test class: WebApp.BillGenrator.BillGen2022<br>Test method: 2. Verify FICA Medicare With Gross PayYTD Total Less Than 200000</td>
<td></td>
<td>9</td>
<td>WebApp.BillGenrator.BillGen2022@37091312</td></tr>
<tr>
<td title='WebApp.BillGenrator.BillGen2023.calculateWorkforceDevelopment2()'><b>calculateWorkforceDevelopment2</b><br>Test class: WebApp.BillGenrator.BillGen2023<br>Test method: 18. Verify Workforce Development tax when Gross Pay YTD total is equal to 33500</td>
<td></td>
<td>5</td>
<td>WebApp.BillGenrator.BillGen2023@2dca0d64</td></tr>
<tr>
<td title='WebApp.BillGenrator.BillGen2023.VerifySDITaxCalculationsonTemplate1()'><b>VerifySDITaxCalculationsonTemplate1</b><br>Test class: WebApp.BillGenrator.BillGen2023<br>Test method: 13. Verify SDI tax calculations with martial status as 'Single' for the state with ytdtotal as '400','800','8000','80000'<br>Parameters: Hawaii</td>
<td></td>
<td>9</td>
<td>WebApp.BillGenrator.BillGen2023@2dca0d64</td></tr>
<tr>
<td title='WebApp.BillGenrator.BillGen2022.Verify_WC_Tax_Calculations_on_Template1_with_State()'><b>Verify_WC_Tax_Calculations_on_Template1_with_State</b><br>Test class: WebApp.BillGenrator.BillGen2022<br>Test method: 15. Verify WC tax calculations with martial status as 'Single' with ytdtotal as '400','800','8000','80000' with all 'How often you paid'</td>
<td></td>
<td>124</td>
<td>WebApp.BillGenrator.BillGen2022@37091312</td></tr>
<tr>
<td title='WebApp.BillGenrator.BillGen2023.calculateWorkforceDevelopment()'><b>calculateWorkforceDevelopment</b><br>Test class: WebApp.BillGenrator.BillGen2023<br>Test method: 17. Verify Workforce Development tax when Gross Pay YTD total is less than 33500</td>
<td></td>
<td>6</td>
<td>WebApp.BillGenrator.BillGen2023@2dca0d64</td></tr>
</table><p>
<table width='100%' border='1' class='invocation-skipped'>
<tr><td colspan='4' align='center'><b>SKIPPED TESTS</b></td></tr>
<tr><td><b>Test method</b></td>
<td><b>Attribute(s)</b></td>
<td width="30%"><b>Exception</b></td>
<td width="10%"><b>Time (seconds)</b></td>
<td><b>Instance</b></td>
</tr>
<tr>
<td title='WebApp.BillGenrator.BillGen2022.verifyDataOfTemplateAfterLogout()'><b>verifyDataOfTemplateAfterLogout</b><br>Test class: WebApp.BillGenrator.BillGen2022<br>Test method: 47 Verify data of the saved template when logged out</td>
<td><div><pre>java.lang.Throwable: Method WebApp.BillGenrator.BillGen2022.verifyDataOfTemplateAfterLogout() on instance WebApp.BillGenrator.BillGen2022@37091312 depends on not successfully finished methods 
[WebApp.BillGenrator.BillGen2022.verifyPaystubTemplateWithLogin() on instance WebApp.BillGenrator.BillGen2022@37091312]
	at java.base/java.util.ArrayList.forEach(ArrayList.java:1541)
... Removed 22 stack frames</pre></div><a href='#' onClick='toggleBox("stack-trace366174617", this, "Click to show all stack frames", "Click to hide stack frames")'>Click to show all stack frames</a>
<div class='stack-trace' id='stack-trace366174617'><pre>java.lang.Throwable: Method WebApp.BillGenrator.BillGen2022.verifyDataOfTemplateAfterLogout() on instance WebApp.BillGenrator.BillGen2022@37091312 depends on not successfully finished methods 
[WebApp.BillGenrator.BillGen2022.verifyPaystubTemplateWithLogin() on instance WebApp.BillGenrator.BillGen2022@37091312]
	at org.testng.internal.invokers.TestInvoker.invokeTestMethods(TestInvoker.java:150)
	at org.testng.internal.invokers.TestMethodWorker.invokeTestMethods(TestMethodWorker.java:148)
	at org.testng.internal.invokers.TestMethodWorker.run(TestMethodWorker.java:128)
	at java.base/java.util.ArrayList.forEach(ArrayList.java:1541)
	at org.testng.TestRunner.privateRun(TestRunner.java:806)
	at org.testng.TestRunner.run(TestRunner.java:601)
	at org.testng.SuiteRunner.runTest(SuiteRunner.java:433)
	at org.testng.SuiteRunner.runSequentially(SuiteRunner.java:427)
	at org.testng.SuiteRunner.privateRun(SuiteRunner.java:387)
	at org.testng.SuiteRunner.run(SuiteRunner.java:330)
	at org.testng.SuiteRunnerWorker.runSuite(SuiteRunnerWorker.java:52)
	at org.testng.SuiteRunnerWorker.run(SuiteRunnerWorker.java:95)
	at org.testng.TestNG.runSuitesSequentially(TestNG.java:1256)
	at org.testng.TestNG.runSuitesLocally(TestNG.java:1176)
	at org.testng.TestNG.runSuites(TestNG.java:1099)
	at org.testng.TestNG.run(TestNG.java:1067)
	at org.apache.maven.surefire.testng.TestNGExecutor.run(TestNGExecutor.java:324)
	at org.apache.maven.surefire.testng.TestNGXmlTestSuite.execute(TestNGXmlTestSuite.java:74)
	at org.apache.maven.surefire.testng.TestNGProvider.invoke(TestNGProvider.java:123)
	at org.apache.maven.surefire.booter.ForkedBooter.runSuitesInProcess(ForkedBooter.java:456)
	at org.apache.maven.surefire.booter.ForkedBooter.execute(ForkedBooter.java:169)
	at org.apache.maven.surefire.booter.ForkedBooter.run(ForkedBooter.java:595)
	at org.apache.maven.surefire.booter.ForkedBooter.main(ForkedBooter.java:581)
</pre></div></td>
<td>0</td>
<td>WebApp.BillGenrator.BillGen2022@37091312</td></tr>
</table><p>
</body>
</html>