<?xml version="1.0" encoding="UTF-8"?>
<!-- Generated by org.testng.reporters.JUnitXMLReporter -->
<testsuite ignored="4" hostname="DESKTOP-6KOFRV4" failures="24" tests="88" name="WebPaystubFormInChrome" time="3621.684" errors="0" timestamp="2023-04-05T04:00:33 IST">
  <testcase classname="WebApp.BillGenrator.BillGen2022" name="enterAllInputs" time="54.309">
    <failure type="java.lang.AssertionError" message="The following asserts failed:
	expected [TEST COMPANY NAME
1-234-567-8901
TEST COMPANY STREET ADDRESS1 123456, TESTINNG COMPANY ADDRESS.
TEST COMPANY STREET ADDRESS2 123456, TESTINNG COMPANY ADDRESS.
TEST COMPANYCITY,NM,65432] but found [TEST COMPANY NAME
1-234-567-8901
TEST COMPANY STREET ADDRESS1 123456, TESTINNG COMPANY ADDRESS.
TEST COMPANY STREET ADDRESS2 123456, TESTINNG COMPANY ADDRESS.
TEST COMPANYCITY,NM,65432]">
      <![CDATA[java.lang.AssertionError: The following asserts failed:
expected [TEST COMPANY NAME
1-234-567-8901
TEST COMPANY STREET ADDRESS1 123456, TESTINNG COMPANY ADDRESS.
TEST COMPANY STREET ADDRESS2 123456, TESTINNG COMPANY ADDRESS.
TEST COMPANYCITY,NM,65432] but found [TEST COMPANY NAME
1-234-567-8901
TEST COMPANY STREET ADDRESS1 123456, TESTINNG COMPANY ADDRESS.
TEST COMPANY STREET ADDRESS2 123456, TESTINNG COMPANY ADDRESS.
TEST COMPANYCITY,NM,65432]
at WebApp.BillGenrator.BillGen2022.enterAllInputs(BillGen2022.java:122)
at java.base/java.util.ArrayList.forEach(ArrayList.java:1541)
... Removed 33 stack frames]]>
    </failure>
  </testcase> <!-- enterAllInputs -->
  <testcase classname="WebApp.BillGenrator.BillGen2022" name="verifyFICAMedicareWithGrossPayYTDTotalLessThan200000" time="9.354"/>
  <testcase classname="WebApp.BillGenrator.BillGen2022" name="verifyFICAMedicareWithGrossPayYTDTotalGreaterThan200000" time="9.323"/>
  <testcase classname="WebApp.BillGenrator.BillGen2022" name="verifyFICASocialSecurityCalculations" time="9.288"/>
  <testcase classname="WebApp.BillGenrator.BillGen2022" name="verifyFicaSocialSecurityCalculations" time="11.623"/>
  <testcase classname="WebApp.BillGenrator.BillGen2022" name="VerifyFederalTaxCalculationsonTemplate1" time="13.286"/>
  <testcase classname="WebApp.BillGenrator.BillGen2022" name="VerifyFederalTaxCalculationsWithMarriedOnTemplate1" time="13.435"/>
  <testcase classname="WebApp.BillGenrator.BillGen2022" name="verifyFederalTaxWithAllExemptions" time="149.623"/>
  <testcase classname="WebApp.BillGenrator.BillGen2022" name="VerifyStateTaxCalculationsWithAllStatesOnTemplate1" time="395.815"/>
  <testcase classname="WebApp.BillGenrator.BillGen2022" name="VerifyStateTaxCalculationsWithAllStatesWithSingleOnTemplate1" time="392.746"/>
  <testcase classname="WebApp.BillGenrator.BillGen2022" name="VerifyStateTaxCalculationsWithAllStatesWithSingle2OnTemplate1" time="41.793"/>
  <testcase classname="WebApp.BillGenrator.BillGen2022" name="VerifyStateTaxCalculationsWithAllStatesWithMarriedOnTemplate1" time="393.436"/>
  <testcase classname="WebApp.BillGenrator.BillGen2022" name="VerifySDITaxCalculationsonTemplate1" time="13.742"/>
  <testcase classname="WebApp.BillGenrator.BillGen2022" name="VerifySDITaxCalculationsonTemplate1" time="13.729">
    <failure type="java.lang.AssertionError" message="The SDI Values are wrong for the state Hawaii
	expected [960.00] but found [22.04]">
      <![CDATA[java.lang.AssertionError: The SDI Values are wrong for the state Hawaii
expected [960.00] but found [22.04]
at WebApp.BillGenrator.BillGen2022.VerifySDITaxCalculationsonTemplate1(BillGen2022.java:4418)
at java.base/java.util.ArrayList.forEach(ArrayList.java:1541)
... Removed 32 stack frames]]>
    </failure>
  </testcase> <!-- VerifySDITaxCalculationsonTemplate1 -->
  <testcase classname="WebApp.BillGenrator.BillGen2022" name="VerifySDITaxCalculationsonTemplate1" time="7.815"/>
  <testcase classname="WebApp.BillGenrator.BillGen2022" name="VerifySDITaxCalculationsonTemplate1" time="8.125"/>
  <testcase classname="WebApp.BillGenrator.BillGen2022" name="VerifySDITaxCalculationsonTemplate1" time="7.639"/>
  <testcase classname="WebApp.BillGenrator.BillGen2022" name="Verify_SUI_Tax_Calculations_on_Template1_with_State" time="15.054"/>
  <testcase classname="WebApp.BillGenrator.BillGen2022" name="Verify_SUI_Tax_Calculations_on_Template1_with_State" time="9.04"/>
  <testcase classname="WebApp.BillGenrator.BillGen2022" name="Verify_SUI_Tax_Calculations_on_Template1_with_State" time="9.006"/>
  <testcase classname="WebApp.BillGenrator.BillGen2022" name="Verify_WC_Tax_Calculations_on_Template1_with_State" time="124.402"/>
  <testcase classname="WebApp.BillGenrator.BillGen2022" name="Verify_FLIFLV_Tax_Calculations_on_Template1_with_State" time="17.06"/>
  <testcase classname="WebApp.BillGenrator.BillGen2022" name="calculateWorkforceDevelopment" time="12.708"/>
  <testcase classname="WebApp.BillGenrator.BillGen2022" name="calculateWorkforceDevelopment2" time="11.462"/>
  <testcase classname="WebApp.BillGenrator.BillGen2022" name="calculateWorkforceDevelopment3" time="11.42"/>
  <testcase classname="WebApp.BillGenrator.BillGen2022" name="calculateTotalEarnings" time="29.537"/>
  <testcase classname="WebApp.BillGenrator.BillGen2022" name="verifyContractorTax" time="2.831"/>
  <testcase classname="WebApp.BillGenrator.BillGen2022" name="verifyPaystubsValues" time="110.678"/>
  <testcase classname="WebApp.BillGenrator.BillGen2022" name="verifySalaryTotalValueMonthly" time="4.822">
    <failure type="java.lang.AssertionError" message="The following asserts failed:
	expected [16.67] but found [0.83],
	Salary total calculations are getting wrong. expected [16.67] but found [0.83]">
      <![CDATA[java.lang.AssertionError: The following asserts failed:
expected [16.67] but found [0.83],
Salary total calculations are getting wrong. expected [16.67] but found [0.83]
at WebApp.BillGenrator.BillGen2022.verifySalaryTotalValueMonthly(BillGen2022.java:5289)
at java.base/java.util.ArrayList.forEach(ArrayList.java:1541)
... Removed 33 stack frames]]>
    </failure>
  </testcase> <!-- verifySalaryTotalValueMonthly -->
  <testcase classname="WebApp.BillGenrator.BillGen2022" name="verifySalaryTotalValueDaily" time="5.001">
    <failure type="java.lang.AssertionError" message="The following asserts failed:
	expected [200.00] but found [0.04],
	Salary total calculations for &amp;apos;Daily&amp;apos; are getting wrong. expected [200.00] but found [0.04]">
      <![CDATA[java.lang.AssertionError: The following asserts failed:
expected [200.00] but found [0.04],
Salary total calculations for 'Daily' are getting wrong. expected [200.00] but found [0.04]
at WebApp.BillGenrator.BillGen2022.verifySalaryTotalValueDaily(BillGen2022.java:5306)
at java.base/java.util.ArrayList.forEach(ArrayList.java:1541)
... Removed 33 stack frames]]>
    </failure>
  </testcase> <!-- verifySalaryTotalValueDaily -->
  <testcase classname="WebApp.BillGenrator.BillGen2022" name="verifySalaryTotalValueWeekly" time="5.236">
    <failure type="java.lang.AssertionError" message="The following asserts failed:
	expected [3.85] but found [0.19],
	Salary total calculations for &amp;apos;Weekly&amp;apos; are getting wrong. expected [3.85] but found [0.19]">
      <![CDATA[java.lang.AssertionError: The following asserts failed:
expected [3.85] but found [0.19],
Salary total calculations for 'Weekly' are getting wrong. expected [3.85] but found [0.19]
at WebApp.BillGenrator.BillGen2022.verifySalaryTotalValueWeekly(BillGen2022.java:5323)
at java.base/java.util.ArrayList.forEach(ArrayList.java:1541)
... Removed 33 stack frames]]>
    </failure>
  </testcase> <!-- verifySalaryTotalValueWeekly -->
  <testcase classname="WebApp.BillGenrator.BillGen2022" name="verifySalaryTotalValueBiWeekly" time="5.329">
    <failure type="java.lang.AssertionError" message="The following asserts failed:
	expected [7.69] but found [0.38],
	Salary total calculations for &amp;apos;Bi-Weekly&amp;apos; are getting wrong. expected [7.69] but found [0.38]">
      <![CDATA[java.lang.AssertionError: The following asserts failed:
expected [7.69] but found [0.38],
Salary total calculations for 'Bi-Weekly' are getting wrong. expected [7.69] but found [0.38]
at WebApp.BillGenrator.BillGen2022.verifySalaryTotalValueBiWeekly(BillGen2022.java:5340)
at java.base/java.util.ArrayList.forEach(ArrayList.java:1541)
... Removed 33 stack frames]]>
    </failure>
  </testcase> <!-- verifySalaryTotalValueBiWeekly -->
  <testcase classname="WebApp.BillGenrator.BillGen2022" name="verifySalaryTotalValueQuarterly" time="4.963">
    <failure type="java.lang.AssertionError" message="The following asserts failed:
	expected [50.00] but found [2.50],
	Salary total calculations for &amp;apos;Quarterly&amp;apos; are getting wrong. expected [50.00] but found [2.50],
	expected [6250.00] but found [25000.00],
	Salary total calculations for &amp;apos;Quarterly&amp;apos; are getting wrong. expected [6250.00] but found [25000.00]">
      <![CDATA[java.lang.AssertionError: The following asserts failed:
expected [50.00] but found [2.50],
Salary total calculations for 'Quarterly' are getting wrong. expected [50.00] but found [2.50],
expected [6250.00] but found [25000.00],
Salary total calculations for 'Quarterly' are getting wrong. expected [6250.00] but found [25000.00]
at WebApp.BillGenrator.BillGen2022.verifySalaryTotalValueQuarterly(BillGen2022.java:5374)
at java.base/java.util.ArrayList.forEach(ArrayList.java:1541)
... Removed 33 stack frames]]>
    </failure>
  </testcase> <!-- verifySalaryTotalValueQuarterly -->
  <testcase classname="WebApp.BillGenrator.BillGen2022" name="verifySalaryTotalValueSemiAnnually" time="5.215">
    <failure type="java.lang.AssertionError" message="The following asserts failed:
	expected [100.00] but found [5.00],
	Salary total calculations for &amp;apos;Semi-Annually&amp;apos; are getting wrong. expected [100.00] but found [5.00],
	expected [12500.00] but found [25000.00],
	Salary total calculations for &amp;apos;Semi-Annually&amp;apos; are getting wrong. expected [12500.00] but found [25000.00]">
      <![CDATA[java.lang.AssertionError: The following asserts failed:
expected [100.00] but found [5.00],
Salary total calculations for 'Semi-Annually' are getting wrong. expected [100.00] but found [5.00],
expected [12500.00] but found [25000.00],
Salary total calculations for 'Semi-Annually' are getting wrong. expected [12500.00] but found [25000.00]
at WebApp.BillGenrator.BillGen2022.verifySalaryTotalValueSemiAnnually(BillGen2022.java:5391)
at java.base/java.util.ArrayList.forEach(ArrayList.java:1541)
... Removed 33 stack frames]]>
    </failure>
  </testcase> <!-- verifySalaryTotalValueSemiAnnually -->
  <testcase classname="WebApp.BillGenrator.BillGen2022" name="verifySalaryTotalValueAnnually" time="4.988">
    <failure type="java.lang.AssertionError" message="The following asserts failed:
	expected [200.00] but found [10.00],
	Salary total calculations for &amp;apos;Annually&amp;apos; are getting wrong. expected [200.00] but found [10.00]">
      <![CDATA[java.lang.AssertionError: The following asserts failed:
expected [200.00] but found [10.00],
Salary total calculations for 'Annually' are getting wrong. expected [200.00] but found [10.00]
at WebApp.BillGenrator.BillGen2022.verifySalaryTotalValueAnnually(BillGen2022.java:5408)
at java.base/java.util.ArrayList.forEach(ArrayList.java:1541)
... Removed 33 stack frames]]>
    </failure>
  </testcase> <!-- verifySalaryTotalValueAnnually -->
  <testcase classname="WebApp.BillGenrator.BillGen2022" name="verifyGrossPayTotalInPreviousYTDCalculations" time="10.26"/>
  <testcase classname="WebApp.BillGenrator.BillGen2022" name="verifyPaystubCalculationsOnenteringPreviousYTDCalculations" time="5.615">
    <failure type="java.lang.AssertionError" message="The following asserts failed:
	expected [4,000.00] but found [1,600.00],
	expected [400.00] but found [0.00],
	expected [200.00] but found [0.00],
	expected [300.00] but found [0.00],
	expected [500.00] but found [0.00],
	expected [600.00] but found [0.00],
	expected [700.00] but found [0.00],
	expected [4,000.00] but found [4,800.00],
	expected [400.00] but found [0.00],
	expected [200.00] but found [0.00],
	expected [300.00] but found [0.00],
	expected [500.00] but found [0.00],
	expected [600.00] but found [0.00],
	expected [700.00] but found [0.00]">
      <![CDATA[java.lang.AssertionError: The following asserts failed:
expected [4,000.00] but found [1,600.00],
expected [400.00] but found [0.00],
expected [200.00] but found [0.00],
expected [300.00] but found [0.00],
expected [500.00] but found [0.00],
expected [600.00] but found [0.00],
expected [700.00] but found [0.00],
expected [4,000.00] but found [4,800.00],
expected [400.00] but found [0.00],
expected [200.00] but found [0.00],
expected [300.00] but found [0.00],
expected [500.00] but found [0.00],
expected [600.00] but found [0.00],
expected [700.00] but found [0.00]
at WebApp.BillGenrator.BillGen2022.verifyPaystubCalculationsOnenteringPreviousYTDCalculations(BillGen2022.java:5467)
at java.base/java.util.ArrayList.forEach(ArrayList.java:1541)
... Removed 33 stack frames]]>
    </failure>
  </testcase> <!-- verifyPaystubCalculationsOnenteringPreviousYTDCalculations -->
  <testcase classname="WebApp.BillGenrator.BillGen2022" name="verifyPaystubTotalDeductions" time="13.211"/>
  <testcase classname="WebApp.BillGenrator.BillGen2022" name="verifyPaystubPayPeriodDurations" time="8.43"/>
  <testcase classname="WebApp.BillGenrator.BillGen2022" name="verifyPayPeriodDurations" time="5.231">
    <failure type="java.lang.AssertionError" message="The following asserts failed:
	expected [12/31/2022] but found [null],
	expected [12/31/2022] but found [null],
	expected [12/31/2022] but found [null],
	expected [02/14/2023] but found [null],
	expected [02/14/2023] but found [null],
	expected [02/14/2023] but found [null]">
      <![CDATA[java.lang.AssertionError: The following asserts failed:
expected [12/31/2022] but found [null],
expected [12/31/2022] but found [null],
expected [12/31/2022] but found [null],
expected [02/14/2023] but found [null],
expected [02/14/2023] but found [null],
expected [02/14/2023] but found [null]
at WebApp.BillGenrator.BillGen2022.verifyPayPeriodDurations(BillGen2022.java:5557)
at java.base/java.util.ArrayList.forEach(ArrayList.java:1541)
... Removed 33 stack frames]]>
    </failure>
  </testcase> <!-- verifyPayPeriodDurations -->
  <testcase classname="WebApp.BillGenrator.BillGen2022" name="verifyPayPeriodDuration" time="5.195">
    <failure type="java.lang.AssertionError" message="The following asserts failed:
	expected [12/25/2022] but found [null],
	expected [12/31/2022] but found [null],
	expected [12/31/2022] but found [null]">
      <![CDATA[java.lang.AssertionError: The following asserts failed:
expected [12/25/2022] but found [null],
expected [12/31/2022] but found [null],
expected [12/31/2022] but found [null]
at WebApp.BillGenrator.BillGen2022.verifyPayPeriodDuration(BillGen2022.java:5579)
at java.base/java.util.ArrayList.forEach(ArrayList.java:1541)
... Removed 33 stack frames]]>
    </failure>
  </testcase> <!-- verifyPayPeriodDuration -->
  <testcase classname="WebApp.BillGenrator.BillGen2022" name="verifyPayPeriodDurationInBiWeekly" time="5.265">
    <failure type="java.lang.AssertionError" message="The following asserts failed:
	expected [12/18/2022] but found [null],
	expected [12/31/2022] but found [null],
	expected [12/31/2022] but found [null]">
      <![CDATA[java.lang.AssertionError: The following asserts failed:
expected [12/18/2022] but found [null],
expected [12/31/2022] but found [null],
expected [12/31/2022] but found [null]
at WebApp.BillGenrator.BillGen2022.verifyPayPeriodDurationInBiWeekly(BillGen2022.java:5601)
at java.base/java.util.ArrayList.forEach(ArrayList.java:1541)
... Removed 33 stack frames]]>
    </failure>
  </testcase> <!-- verifyPayPeriodDurationInBiWeekly -->
  <testcase classname="WebApp.BillGenrator.BillGen2022" name="verifyPayPeriodDurationInQuarterly" time="5.196">
    <failure type="java.lang.AssertionError" message="The following asserts failed:
	expected [10/02/2022] but found [null],
	expected [01/01/2023] but found [null],
	expected [01/01/2023] but found [null]">
      <![CDATA[java.lang.AssertionError: The following asserts failed:
expected [10/02/2022] but found [null],
expected [01/01/2023] but found [null],
expected [01/01/2023] but found [null]
at WebApp.BillGenrator.BillGen2022.verifyPayPeriodDurationInQuarterly(BillGen2022.java:5645)
at java.base/java.util.ArrayList.forEach(ArrayList.java:1541)
... Removed 33 stack frames]]>
    </failure>
  </testcase> <!-- verifyPayPeriodDurationInQuarterly -->
  <testcase classname="WebApp.BillGenrator.BillGen2022" name="verifyPayPeriodDurationInSemiAnnually" time="7.901">
    <failure type="java.lang.AssertionError" message="The following asserts failed:
	expected [07/02/2022] but found [07/01/2022],
	expected [01/01/2023] but found [12/31/2022],
	expected [01/01/2023] but found [12/31/2022]">
      <![CDATA[java.lang.AssertionError: The following asserts failed:
expected [07/02/2022] but found [07/01/2022],
expected [01/01/2023] but found [12/31/2022],
expected [01/01/2023] but found [12/31/2022]
at WebApp.BillGenrator.BillGen2022.verifyPayPeriodDurationInSemiAnnually(BillGen2022.java:5668)
at java.base/java.util.ArrayList.forEach(ArrayList.java:1541)
... Removed 33 stack frames]]>
    </failure>
  </testcase> <!-- verifyPayPeriodDurationInSemiAnnually -->
  <testcase classname="WebApp.BillGenrator.BillGen2022" name="verifyPayPeriodDurationInAnnually" time="1.855">
    <failure type="java.lang.AssertionError" message="The following asserts failed:
	expected [12/31/2023] but found [01/01/2023],
	expected [12/31/2023] but found [01/01/2023]">
      <![CDATA[java.lang.AssertionError: The following asserts failed:
expected [12/31/2023] but found [01/01/2023],
expected [12/31/2023] but found [01/01/2023]
at WebApp.BillGenrator.BillGen2022.verifyPayPeriodDurationInAnnually(BillGen2022.java:5680)
at java.base/java.util.ArrayList.forEach(ArrayList.java:1541)
... Removed 33 stack frames]]>
    </failure>
  </testcase> <!-- verifyPayPeriodDurationInAnnually -->
  <testcase classname="WebApp.BillGenrator.BillGen2022" name="verifyPdfData" time="167.392">
    <failure type="java.lang.AssertionError" message="The following asserts failed:
	Number of pages for Paystub 1 expected [1] but found [2],
	Number of pages for Paystub 2 expected [1] but found [2],
	Employer name is not mentioned in pdf expected [true] but found [false],
	EmployerTelephoneNumber is not mentioned in pdf expected [true] but found [false],
	PaystubEmployerStreetAddress1 is not mentioned in pdf expected [true] but found [false],
	PaystubEmployerStreetAddress2 is not mentioned in pdf expected [true] but found [false],
	PaystubCompanyCity is not mentioned in pdf expected [true] but found [false],
	PaystubCompanyState is not mentioned in pdf expected [true] but found [false],
	PaystubEmployerName is not mentioned in pdf expected [true] but found [false],
	PaystubEmployeeID is not mentioned in pdf expected [true] but found [false],
	PaystubEmployeeTelephoneNumber is not mentioned in pdf expected [true] but found [false],
	PaystubEmployeeAddress1 is not mentioned in pdf expected [true] but found [false],
	PaystubEmployeeAddress2 is not mentioned in pdf expected [true] but found [false],
	PaystubEmployeeCity is not mentioned in pdf expected [true] but found [false],
	PaystubEmployeeState is not mentioned in pdf expected [true] but found [false],
	PaystubEmployeeMaritalStatus is not mentioned in pdf expected [true] but found [false]">
      <![CDATA[java.lang.AssertionError: The following asserts failed:
Number of pages for Paystub 1 expected [1] but found [2],
Number of pages for Paystub 2 expected [1] but found [2],
Employer name is not mentioned in pdf expected [true] but found [false],
EmployerTelephoneNumber is not mentioned in pdf expected [true] but found [false],
PaystubEmployerStreetAddress1 is not mentioned in pdf expected [true] but found [false],
PaystubEmployerStreetAddress2 is not mentioned in pdf expected [true] but found [false],
PaystubCompanyCity is not mentioned in pdf expected [true] but found [false],
PaystubCompanyState is not mentioned in pdf expected [true] but found [false],
PaystubEmployerName is not mentioned in pdf expected [true] but found [false],
PaystubEmployeeID is not mentioned in pdf expected [true] but found [false],
PaystubEmployeeTelephoneNumber is not mentioned in pdf expected [true] but found [false],
PaystubEmployeeAddress1 is not mentioned in pdf expected [true] but found [false],
PaystubEmployeeAddress2 is not mentioned in pdf expected [true] but found [false],
PaystubEmployeeCity is not mentioned in pdf expected [true] but found [false],
PaystubEmployeeState is not mentioned in pdf expected [true] but found [false],
PaystubEmployeeMaritalStatus is not mentioned in pdf expected [true] but found [false]
at WebApp.BillGenrator.BillGen2022.verifyPdfData(BillGen2022.java:5817)
at java.base/java.util.ArrayList.forEach(ArrayList.java:1541)
... Removed 33 stack frames]]>
    </failure>
  </testcase> <!-- verifyPdfData -->
  <testcase classname="WebApp.BillGenrator.BillGen2022" name="verifyGrossPayTotalAndYTDTotalOnRemovingCustomEarnings" time="127.459">
    <failure type="java.lang.AssertionError" message="The following asserts failed:
	Custom earning total 1 is wrong expected [864.00] but found [1,152.00],
	Custom earning total 1 is wrong expected [26,760.00] but found [35,680.00],
	Gross Pay YTD Total value is wrong. expected [425,172.97] but found [434,780.97],
	Gross Pay YTD Total value is wrong. expected [424,308.97] but found [433,628.97],
	The Custom earning did not removed second time expected [true] but found [false],
	Gross Pay YTD Total value is wrong. expected [424,308.97] but found [433,628.97]">
      <![CDATA[java.lang.AssertionError: The following asserts failed:
Custom earning total 1 is wrong expected [864.00] but found [1,152.00],
Custom earning total 1 is wrong expected [26,760.00] but found [35,680.00],
Gross Pay YTD Total value is wrong. expected [425,172.97] but found [434,780.97],
Gross Pay YTD Total value is wrong. expected [424,308.97] but found [433,628.97],
The Custom earning did not removed second time expected [true] but found [false],
Gross Pay YTD Total value is wrong. expected [424,308.97] but found [433,628.97]
at WebApp.BillGenrator.BillGen2022.verifyGrossPayTotalAndYTDTotalOnRemovingCustomEarnings(BillGen2022.java:5864)
at java.base/java.util.ArrayList.forEach(ArrayList.java:1541)
... Removed 33 stack frames]]>
    </failure>
  </testcase> <!-- verifyGrossPayTotalAndYTDTotalOnRemovingCustomEarnings -->
  <testcase classname="WebApp.BillGenrator.BillGen2022" name="verifyDeductionTotalAndDeductionYTDTotalOnRemovingCustomEarnings" time="104.517">
    <failure type="java.lang.AssertionError" message="The following asserts failed:
	The custom deduction 2 did not removed expected [true] but found [false],
	Deductions total value is wrong. expected [37.43] but found [60.76]">
      <![CDATA[java.lang.AssertionError: The following asserts failed:
The custom deduction 2 did not removed expected [true] but found [false],
Deductions total value is wrong. expected [37.43] but found [60.76]
at WebApp.BillGenrator.BillGen2022.verifyDeductionTotalAndDeductionYTDTotalOnRemovingCustomEarnings(BillGen2022.java:5885)
at java.base/java.util.ArrayList.forEach(ArrayList.java:1541)
... Removed 33 stack frames]]>
    </failure>
  </testcase> <!-- verifyDeductionTotalAndDeductionYTDTotalOnRemovingCustomEarnings -->
  <testcase classname="WebApp.BillGenrator.BillGen2022" name="verifyLoginFunctionalityWithInvalidCred" time="377.639">
    <failure type="java.lang.AssertionError" message="The following asserts failed:
	Login successfull with invalid cred. expected [false] but found [true]">
      <![CDATA[java.lang.AssertionError: The following asserts failed:
Login successfull with invalid cred. expected [false] but found [true]
at WebApp.BillGenrator.BillGen2022.verifyLoginFunctionalityWithInvalidCred(BillGen2022.java:5906)
at java.base/java.util.ArrayList.forEach(ArrayList.java:1541)
... Removed 33 stack frames]]>
    </failure>
  </testcase> <!-- verifyLoginFunctionalityWithInvalidCred -->
  <testcase classname="WebApp.BillGenrator.BillGen2022" name="verifyLoginFunctionalityWithInvalidCred" time="3.418"/>
  <testcase classname="WebApp.BillGenrator.BillGen2022" name="verifyLoginFunctionalityWithInvalidCred" time="3.345"/>
  <testcase classname="WebApp.BillGenrator.BillGen2022" name="verifyLoginFunctionalityWithInvalidCred" time="3.271"/>
  <testcase classname="WebApp.BillGenrator.BillGen2022" name="verifyLoginFunctionalityWithInvalidCred" time="3.274"/>
  <testcase classname="WebApp.BillGenrator.BillGen2022" name="verifyLoginFunctionalityWithInvalidCred" time="3.321"/>
  <testcase classname="WebApp.BillGenrator.BillGen2022" name="verifyLoginFunctionalityWithInvalidCred" time="3.284"/>
  <testcase classname="WebApp.BillGenrator.BillGen2022" name="verifyLoginFunctionalityWithInvalidCred" time="3.291"/>
  <testcase classname="WebApp.BillGenrator.BillGen2022" name="verifyLoginFunctionalityWithInvalidCred" time="3.247"/>
  <testcase classname="WebApp.BillGenrator.BillGen2022" name="verifyLoginFunctionalityWithInvalidCred" time="3.242"/>
  <testcase classname="WebApp.BillGenrator.BillGen2022" name="verifyPaystubTemplateWithLogin" time="3.477">
    <failure type="org.openqa.selenium.ElementNotInteractableException" message="element not interactable
  (Session info: chrome=111.0.5563.147)
Build info: version: &amp;apos;4.4.0&amp;apos;, revision: &amp;apos;e5c75ed026a&amp;apos;
System info: host: &amp;apos;DESKTOP-6KOFRV4&amp;apos;, ip: &amp;apos;192.168.1.2&amp;apos;, os.name: &amp;apos;Windows 10&amp;apos;, os.arch: &amp;apos;amd64&amp;apos;, os.version: &amp;apos;10.0&amp;apos;, java.version: &amp;apos;11.0.13&amp;apos;
Driver info: org.openqa.selenium.chrome.ChromeDriver
Command: [5b2cb6f504726c4a7783e6a90f5182a3, sendKeysToElement {id=6228da85-faa1-4ec7-af3b-bbea5189fecf, value=[Ljava.lang.CharSequence;@192ddec}]
Capabilities {acceptInsecureCerts: false, browserName: chrome, browserVersion: 111.0.5563.147, chrome: {chromedriverVersion: 111.0.5563.64 (c710e93d5b63..., userDataDir: C:\Users\Marquee\AppData\Lo...}, goog:chromeOptions: {debuggerAddress: localhost:50638}, networkConnectionEnabled: false, pageLoadStrategy: normal, platformName: WINDOWS, proxy: Proxy(), se:cdp: ws://localhost:50638/devtoo..., se:cdpVersion: 111.0.5563.147, setWindowRect: true, strictFileInteractability: false, timeouts: {implicit: 0, pageLoad: 300000, script: 30000}, unhandledPromptBehavior: dismiss and notify, webauthn:extension:credBlob: true, webauthn:extension:largeBlob: true, webauthn:extension:minPinLength: true, webauthn:extension:prf: true, webauthn:virtualAuthenticators: true}
Element: [[ChromeDriver: chrome on WINDOWS (5b2cb6f504726c4a7783e6a90f5182a3)] -&amp;gt; id: employer_name]
Session ID: 5b2cb6f504726c4a7783e6a90f5182a3">
      <![CDATA[org.openqa.selenium.ElementNotInteractableException: element not interactable
  (Session info: chrome=111.0.5563.147)
Build info: version: '4.4.0', revision: 'e5c75ed026a'
System info: host: 'DESKTOP-6KOFRV4', ip: '192.168.1.2', os.name: 'Windows 10', os.arch: 'amd64', os.version: '10.0', java.version: '11.0.13'
Driver info: org.openqa.selenium.chrome.ChromeDriver
Command: [5b2cb6f504726c4a7783e6a90f5182a3, sendKeysToElement {id=6228da85-faa1-4ec7-af3b-bbea5189fecf, value=[Ljava.lang.CharSequence;@192ddec}]
Capabilities {acceptInsecureCerts: false, browserName: chrome, browserVersion: 111.0.5563.147, chrome: {chromedriverVersion: 111.0.5563.64 (c710e93d5b63..., userDataDir: C:\Users\Marquee\AppData\Lo...}, goog:chromeOptions: {debuggerAddress: localhost:50638}, networkConnectionEnabled: false, pageLoadStrategy: normal, platformName: WINDOWS, proxy: Proxy(), se:cdp: ws://localhost:50638/devtoo..., se:cdpVersion: 111.0.5563.147, setWindowRect: true, strictFileInteractability: false, timeouts: {implicit: 0, pageLoad: 300000, script: 30000}, unhandledPromptBehavior: dismiss and notify, webauthn:extension:credBlob: true, webauthn:extension:largeBlob: true, webauthn:extension:minPinLength: true, webauthn:extension:prf: true, webauthn:virtualAuthenticators: true}
Element: [[ChromeDriver: chrome on WINDOWS (5b2cb6f504726c4a7783e6a90f5182a3)] -> id: employer_name]
Session ID: 5b2cb6f504726c4a7783e6a90f5182a3
at org.openqa.selenium.remote.codec.w3c.W3CHttpResponseCodec.createException(W3CHttpResponseCodec.java:200)
at org.openqa.selenium.remote.codec.w3c.W3CHttpResponseCodec.decode(W3CHttpResponseCodec.java:133)
at org.openqa.selenium.remote.codec.w3c.W3CHttpResponseCodec.decode(W3CHttpResponseCodec.java:53)
at org.openqa.selenium.remote.HttpCommandExecutor.execute(HttpCommandExecutor.java:184)
at org.openqa.selenium.remote.service.DriverCommandExecutor.invokeExecute(DriverCommandExecutor.java:167)
at org.openqa.selenium.remote.service.DriverCommandExecutor.execute(DriverCommandExecutor.java:142)
at org.openqa.selenium.remote.RemoteWebDriver.execute(RemoteWebDriver.java:547)
at org.openqa.selenium.remote.RemoteWebElement.execute(RemoteWebElement.java:257)
at org.openqa.selenium.remote.RemoteWebElement.sendKeys(RemoteWebElement.java:113)
at org.openqa.selenium.support.pagefactory.internal.LocatingElementHandler.invoke(LocatingElementHandler.java:52)
at com.sun.proxy.$Proxy16.sendKeys(Unknown Source)
at WebApp.BillGenratorWebApp.Paystub.PaystubWebFormPage.enterEmployer_name(PaystubWebFormPage.java:560)
at WebApp.BillGenrator.BillGen2022.verifyPaystubTemplateWithLogin(BillGen2022.java:5945)
at java.base/java.util.ArrayList.forEach(ArrayList.java:1541)
... Removed 38 stack frames]]>
    </failure>
  </testcase> <!-- verifyPaystubTemplateWithLogin -->
  <testcase classname="WebApp.BillGenrator.BillGen2022" name="verifyDataOfTemplateAfterLogout" time="0.0">
    <skipped/>
  </testcase> <!-- verifyDataOfTemplateAfterLogout -->
  <testcase classname="WebApp.BillGenrator.BillGen2022" name="verifyGmail" time="54.94">
    <failure type="java.lang.ExceptionInInitializerError">
      <![CDATA[java.lang.ExceptionInInitializerError
at com.google.api.services.gmail.Gmail$Builder.build(Gmail.java:11221)
at GmailCall.GMail.getService(GMail.java:108)
at GmailCall.GMail.getGmailData(GMail.java:159)
at GmailCall.GMail.getMailData(GMail.java:275)
at WebApp.BillGenrator.BillGen2022.verifyGmail(BillGen2022.java:6799)
at java.base/java.util.ArrayList.forEach(ArrayList.java:1541)
Caused by: java.lang.IllegalStateException: You are currently running with version 2.0.0 of google-api-client. You need at least version 1.31.1 of google-api-client to run version 1.32.1 of the Gmail API library.
at com.google.common.base.Preconditions.checkState(Preconditions.java:534)
at com.google.api.client.util.Preconditions.checkState(Preconditions.java:113)
at com.google.api.services.gmail.Gmail.<clinit>(Gmail.java:44)
... 37 more
... Removed 31 stack frames]]>
    </failure>
  </testcase> <!-- verifyGmail -->
  <testcase classname="WebApp.BillGenrator.BillGen2022" name="verifyForgotPasswordFunctionality" time="5.502">
    <failure type="java.lang.NoClassDefFoundError" message="Could not initialize class com.google.api.services.gmail.Gmail">
      <![CDATA[java.lang.NoClassDefFoundError: Could not initialize class com.google.api.services.gmail.Gmail
at com.google.api.services.gmail.Gmail$Builder.build(Gmail.java:11221)
at GmailCall.GMail.getService(GMail.java:108)
at GmailCall.GMail.getGmailData(GMail.java:159)
at GmailCall.GMail.getMailData(GMail.java:275)
at WebApp.BillGenrator.BillGen2022.verifyForgotPasswordFunctionality(BillGen2022.java:7163)
at java.base/java.util.ArrayList.forEach(ArrayList.java:1541)
... Removed 31 stack frames]]>
    </failure>
  </testcase> <!-- verifyForgotPasswordFunctionality -->
  <testcase classname="WebApp.BillGenrator.BillGen2023" name="verifyFICAMedicareWithGrossPayYTDTotalLessThan20000" time="5.5"/>
  <testcase classname="WebApp.BillGenrator.BillGen2023" name="verifyFederalWithGrossPayYTDTotal40000" time="5.416"/>
  <testcase classname="WebApp.BillGenrator.BillGen2023" name="verifyFICAMedicareWithGrossPayYTDTotalLessThan200000" time="6.549"/>
  <testcase classname="WebApp.BillGenrator.BillGen2023" name="verifyFICAMedicareWithGrossPayYTDTotalGreaterThan200000" time="4.57"/>
  <testcase classname="WebApp.BillGenrator.BillGen2023" name="verifyFICASocialSecurityCalculations" time="4.626"/>
  <testcase classname="WebApp.BillGenrator.BillGen2023" name="verifyFicaSocialSecurityCalculations" time="6.906"/>
  <testcase classname="WebApp.BillGenrator.BillGen2023" name="VerifyFederalTaxCalculationsonTemplate1" time="8.367"/>
  <testcase classname="WebApp.BillGenrator.BillGen2023" name="VerifyFederalTaxCalculationsWithMarriedOnTemplate1" time="9.372">
    <failure type="java.lang.AssertionError" message="The following asserts failed:
	expected [22,905.42] but found [22,905.40],
	expected [22,905.42] but found [22,905.40]">
      <![CDATA[java.lang.AssertionError: The following asserts failed:
expected [22,905.42] but found [22,905.40],
expected [22,905.42] but found [22,905.40]
at WebApp.BillGenrator.BillGen2023.VerifyFederalTaxCalculationsWithMarriedOnTemplate1(BillGen2023.java:164)
at java.base/java.util.ArrayList.forEach(ArrayList.java:1541)
... Removed 33 stack frames]]>
    </failure>
  </testcase> <!-- VerifyFederalTaxCalculationsWithMarriedOnTemplate1 -->
  <testcase classname="WebApp.BillGenrator.BillGen2023" name="verifyFederalTaxWithAllExemptions" time="22.601"/>
  <testcase classname="WebApp.BillGenrator.BillGen2023" name="VerifyStateTaxCalculationsWithAllStatesOnTemplate1" time="43.797"/>
  <testcase classname="WebApp.BillGenrator.BillGen2023" name="VerifyStateTaxCalculationsWithAllStatesWithSingleOnTemplate1" time="43.305"/>
  <testcase classname="WebApp.BillGenrator.BillGen2023" name="VerifyStateTaxCalculationsWithAllStatesWithSingle2OnTemplate1" time="43.711"/>
  <testcase classname="WebApp.BillGenrator.BillGen2023" name="VerifyStateTaxCalculationsWithAllStatesWithMarriedOnTemplate1" time="44.079"/>
  <testcase classname="WebApp.BillGenrator.BillGen2023" name="VerifySDITaxCalculationsonTemplate1" time="9.363"/>
  <testcase classname="WebApp.BillGenrator.BillGen2023" name="VerifySDITaxCalculationsonTemplate1" time="9.283"/>
  <testcase classname="WebApp.BillGenrator.BillGen2023" name="VerifySDITaxCalculationsonTemplate1" time="9.288"/>
  <testcase classname="WebApp.BillGenrator.BillGen2023" name="VerifySDITaxCalculationsonTemplate1" time="9.362"/>
  <testcase classname="WebApp.BillGenrator.BillGen2023" name="VerifySDITaxCalculationsonTemplate1" time="9.296"/>
  <testcase classname="WebApp.BillGenrator.BillGen2023" name="Verify_SUI_Tax_Calculations_on_Template1_with_State" time="10.597"/>
  <testcase classname="WebApp.BillGenrator.BillGen2023" name="Verify_SUI_Tax_Calculations_on_Template1_with_State" time="10.668"/>
  <testcase classname="WebApp.BillGenrator.BillGen2023" name="Verify_SUI_Tax_Calculations_on_Template1_with_State" time="10.621"/>
  <testcase classname="WebApp.BillGenrator.BillGen2023" name="Verify_WC_Tax_Calculations_on_Template1_with_State" time="70.993"/>
  <testcase classname="WebApp.BillGenrator.BillGen2023" name="Verify_FLIFLV_Tax_Calculations_on_Template1_with_State" time="10.913"/>
  <testcase classname="WebApp.BillGenrator.BillGen2023" name="calculateWorkforceDevelopment" time="6.758"/>
  <testcase classname="WebApp.BillGenrator.BillGen2023" name="calculateWorkforceDevelopment2" time="5.377"/>
  <testcase classname="WebApp.BillGenrator.BillGen2023" name="calculateWorkforceDevelopment3" time="5.427"/>
  <testcase classname="WebApp.BillGenrator.BillGen2022" name="verifyPayPeriodDurationInSemiMonthly" time="0.0">
    <ignored/>
  </testcase> <!-- verifyPayPeriodDurationInSemiMonthly -->
  <testcase classname="WebApp.BillGenrator.BillGen2022" name="verifySalaryTotalValueSemiMonthly" time="0.0">
    <ignored/>
  </testcase> <!-- verifySalaryTotalValueSemiMonthly -->
  <testcase classname="WebApp.BillGenrator.BillGen2023" name="getexcelData" time="0.0">
    <ignored/>
  </testcase> <!-- getexcelData -->
  <testcase classname="WebApp.BillGenrator.BillGen2022" name="getexcelData" time="0.0">
    <ignored/>
  </testcase> <!-- getexcelData -->
</testsuite> <!-- WebPaystubFormInChrome -->
