<?xml version="1.0" encoding="UTF-8"?>
<testng-results ignored="0" total="12" passed="9" failed="3" skipped="0">
  <reporter-output>
  </reporter-output>
  <suite started-at="2022-03-04T11:53:36 IST" name="Suite" finished-at="2022-03-04T11:53:52 IST" duration-ms="15983">
    <groups>
    </groups>
    <test started-at="2022-03-04T11:53:36 IST" name="Test" finished-at="2022-03-04T11:53:52 IST" duration-ms="15983">
      <class name="LoanQuoTest.LoanQuo.LoginPageTest">
        <test-method is-config="true" signature="Initialisation()[pri:0, instance:LoanQuoTest.LoanQuo.LoginPageTest@40dff0b7]" started-at="2022-03-04T11:53:36 IST" name="Initialisation" finished-at="2022-03-04T11:53:44 IST" duration-ms="8059" status="PASS">
          <reporter-output>
          </reporter-output>
        </test-method> <!-- Initialisation -->
        <test-method signature="Verify_Company_Name_and_Year_Of_The_Login_Page()[pri:1, instance:LoanQuoTest.LoanQuo.LoginPageTest@40dff0b7]" started-at="2022-03-04T11:53:44 IST" name="Verify_Company_Name_and_Year_Of_The_Login_Page" finished-at="2022-03-04T11:53:44 IST" duration-ms="144" status="PASS">
          <reporter-output>
          </reporter-output>
        </test-method> <!-- Verify_Company_Name_and_Year_Of_The_Login_Page -->
        <test-method signature="Verify_validations_on_Login_When_No_Values_Entered()[pri:2, instance:LoanQuoTest.LoanQuo.LoginPageTest@40dff0b7]" started-at="2022-03-04T11:53:44 IST" name="Verify_validations_on_Login_When_No_Values_Entered" finished-at="2022-03-04T11:53:44 IST" duration-ms="324" status="FAIL">
          <exception class="java.lang.AssertionError">
            <message>
              <![CDATA[The following asserts failed:
expected [Please enter password.] but found [Please enter password]]]>
            </message>
            <full-stacktrace>
              <![CDATA[java.lang.AssertionError: The following asserts failed:
expected [Please enter password.] but found [Please enter password]
at org.testng.asserts.SoftAssert.assertAll(SoftAssert.java:47)
at org.testng.asserts.SoftAssert.assertAll(SoftAssert.java:31)
at LoanQuoTest.LoanQuo.LoginPageTest.Verify_validations_on_Login_When_No_Values_Entered(LoginPageTest.java:92)
at java.base/jdk.internal.reflect.NativeMethodAccessorImpl.invoke0(Native Method)
at java.base/jdk.internal.reflect.NativeMethodAccessorImpl.invoke(NativeMethodAccessorImpl.java:77)
at java.base/jdk.internal.reflect.DelegatingMethodAccessorImpl.invoke(DelegatingMethodAccessorImpl.java:43)
at java.base/java.lang.reflect.Method.invoke(Method.java:568)
at org.testng.internal.MethodInvocationHelper.invokeMethod(MethodInvocationHelper.java:133)
at org.testng.internal.TestInvoker.invokeMethod(TestInvoker.java:598)
at org.testng.internal.TestInvoker.invokeTestMethod(TestInvoker.java:173)
at org.testng.internal.MethodRunner.runInSequence(MethodRunner.java:46)
at org.testng.internal.TestInvoker$MethodInvocationAgent.invoke(TestInvoker.java:824)
at org.testng.internal.TestInvoker.invokeTestMethods(TestInvoker.java:146)
at org.testng.internal.TestMethodWorker.invokeTestMethods(TestMethodWorker.java:146)
at org.testng.internal.TestMethodWorker.run(TestMethodWorker.java:128)
at java.base/java.util.ArrayList.forEach(ArrayList.java:1511)
at org.testng.TestRunner.privateRun(TestRunner.java:794)
at org.testng.TestRunner.run(TestRunner.java:596)
at org.testng.SuiteRunner.runTest(SuiteRunner.java:377)
at org.testng.SuiteRunner.runSequentially(SuiteRunner.java:371)
at org.testng.SuiteRunner.privateRun(SuiteRunner.java:332)
at org.testng.SuiteRunner.run(SuiteRunner.java:276)
at org.testng.SuiteRunnerWorker.runSuite(SuiteRunnerWorker.java:53)
at org.testng.SuiteRunnerWorker.run(SuiteRunnerWorker.java:96)
at org.testng.TestNG.runSuitesSequentially(TestNG.java:1212)
at org.testng.TestNG.runSuitesLocally(TestNG.java:1134)
at org.testng.TestNG.runSuites(TestNG.java:1063)
at org.testng.TestNG.run(TestNG.java:1031)
at org.apache.maven.surefire.testng.TestNGExecutor.run(TestNGExecutor.java:283)
at org.apache.maven.surefire.testng.TestNGXmlTestSuite.execute(TestNGXmlTestSuite.java:75)
at org.apache.maven.surefire.testng.TestNGProvider.invoke(TestNGProvider.java:120)
at org.apache.maven.surefire.booter.ForkedBooter.invokeProviderInSameClassLoader(ForkedBooter.java:384)
at org.apache.maven.surefire.booter.ForkedBooter.runSuitesInProcess(ForkedBooter.java:345)
at org.apache.maven.surefire.booter.ForkedBooter.execute(ForkedBooter.java:126)
at org.apache.maven.surefire.booter.ForkedBooter.main(ForkedBooter.java:418)
]]>
            </full-stacktrace>
          </exception> <!-- java.lang.AssertionError -->
          <reporter-output>
          </reporter-output>
        </test-method> <!-- Verify_validations_on_Login_When_No_Values_Entered -->
        <test-method signature="Verify_Login_With_All_Invalid_Inputs_Along_With_Validation_messages(java.lang.String,java.lang.String)[pri:3, instance:LoanQuoTest.LoanQuo.LoginPageTest@40dff0b7]" started-at="2022-03-04T11:53:44 IST" name="Verify_Login_With_All_Invalid_Inputs_Along_With_Validation_messages" data-provider="invlaidLogin" finished-at="2022-03-04T11:53:45 IST" duration-ms="275" status="FAIL">
          <params>
            <param index="0">
              <value>
                <![CDATA[ ]]>
              </value>
            </param>
            <param index="1">
              <value>
                <![CDATA[ ]]>
              </value>
            </param>
          </params>
          <exception class="java.lang.AssertionError">
            <message>
              <![CDATA[The following asserts failed:
expected [Atleast 6 characters.] but found [Atleast 6 characters]]]>
            </message>
            <full-stacktrace>
              <![CDATA[java.lang.AssertionError: The following asserts failed:
expected [Atleast 6 characters.] but found [Atleast 6 characters]
at org.testng.asserts.SoftAssert.assertAll(SoftAssert.java:47)
at org.testng.asserts.SoftAssert.assertAll(SoftAssert.java:31)
at LoanQuoTest.LoanQuo.LoginPageTest.Verify_Login_With_All_Invalid_Inputs_Along_With_Validation_messages(LoginPageTest.java:74)
at java.base/jdk.internal.reflect.NativeMethodAccessorImpl.invoke0(Native Method)
at java.base/jdk.internal.reflect.NativeMethodAccessorImpl.invoke(NativeMethodAccessorImpl.java:77)
at java.base/jdk.internal.reflect.DelegatingMethodAccessorImpl.invoke(DelegatingMethodAccessorImpl.java:43)
at java.base/java.lang.reflect.Method.invoke(Method.java:568)
at org.testng.internal.MethodInvocationHelper.invokeMethod(MethodInvocationHelper.java:133)
at org.testng.internal.TestInvoker.invokeMethod(TestInvoker.java:598)
at org.testng.internal.TestInvoker.invokeTestMethod(TestInvoker.java:173)
at org.testng.internal.MethodRunner.runInSequence(MethodRunner.java:46)
at org.testng.internal.TestInvoker$MethodInvocationAgent.invoke(TestInvoker.java:824)
at org.testng.internal.TestInvoker.invokeTestMethods(TestInvoker.java:146)
at org.testng.internal.TestMethodWorker.invokeTestMethods(TestMethodWorker.java:146)
at org.testng.internal.TestMethodWorker.run(TestMethodWorker.java:128)
at java.base/java.util.ArrayList.forEach(ArrayList.java:1511)
at org.testng.TestRunner.privateRun(TestRunner.java:794)
at org.testng.TestRunner.run(TestRunner.java:596)
at org.testng.SuiteRunner.runTest(SuiteRunner.java:377)
at org.testng.SuiteRunner.runSequentially(SuiteRunner.java:371)
at org.testng.SuiteRunner.privateRun(SuiteRunner.java:332)
at org.testng.SuiteRunner.run(SuiteRunner.java:276)
at org.testng.SuiteRunnerWorker.runSuite(SuiteRunnerWorker.java:53)
at org.testng.SuiteRunnerWorker.run(SuiteRunnerWorker.java:96)
at org.testng.TestNG.runSuitesSequentially(TestNG.java:1212)
at org.testng.TestNG.runSuitesLocally(TestNG.java:1134)
at org.testng.TestNG.runSuites(TestNG.java:1063)
at org.testng.TestNG.run(TestNG.java:1031)
at org.apache.maven.surefire.testng.TestNGExecutor.run(TestNGExecutor.java:283)
at org.apache.maven.surefire.testng.TestNGXmlTestSuite.execute(TestNGXmlTestSuite.java:75)
at org.apache.maven.surefire.testng.TestNGProvider.invoke(TestNGProvider.java:120)
at org.apache.maven.surefire.booter.ForkedBooter.invokeProviderInSameClassLoader(ForkedBooter.java:384)
at org.apache.maven.surefire.booter.ForkedBooter.runSuitesInProcess(ForkedBooter.java:345)
at org.apache.maven.surefire.booter.ForkedBooter.execute(ForkedBooter.java:126)
at org.apache.maven.surefire.booter.ForkedBooter.main(ForkedBooter.java:418)
]]>
            </full-stacktrace>
          </exception> <!-- java.lang.AssertionError -->
          <reporter-output>
          </reporter-output>
        </test-method> <!-- Verify_Login_With_All_Invalid_Inputs_Along_With_Validation_messages -->
        <test-method signature="Verify_Login_With_All_Invalid_Inputs_Along_With_Validation_messages(java.lang.String,java.lang.String)[pri:3, instance:LoanQuoTest.LoanQuo.LoginPageTest@40dff0b7]" started-at="2022-03-04T11:53:45 IST" name="Verify_Login_With_All_Invalid_Inputs_Along_With_Validation_messages" data-provider="invlaidLogin" finished-at="2022-03-04T11:53:45 IST" duration-ms="409" status="PASS">
          <params>
            <param index="0">
              <value>
                <![CDATA[marqueetest14gmail.com]]>
              </value>
            </param>
            <param index="1">
              <value>
                <![CDATA[123456]]>
              </value>
            </param>
          </params>
          <reporter-output>
          </reporter-output>
        </test-method> <!-- Verify_Login_With_All_Invalid_Inputs_Along_With_Validation_messages -->
        <test-method signature="Verify_Login_With_All_Invalid_Inputs_Along_With_Validation_messages(java.lang.String,java.lang.String)[pri:3, instance:LoanQuoTest.LoanQuo.LoginPageTest@40dff0b7]" started-at="2022-03-04T11:53:45 IST" name="Verify_Login_With_All_Invalid_Inputs_Along_With_Validation_messages" data-provider="invlaidLogin" finished-at="2022-03-04T11:53:45 IST" duration-ms="268" status="PASS">
          <params>
            <param index="0">
              <value>
                <![CDATA[marqueetest14]]>
              </value>
            </param>
            <param index="1">
              <value>
                <![CDATA[123456]]>
              </value>
            </param>
          </params>
          <reporter-output>
          </reporter-output>
        </test-method> <!-- Verify_Login_With_All_Invalid_Inputs_Along_With_Validation_messages -->
        <test-method signature="Verify_Login_With_All_Invalid_Inputs_Along_With_Validation_messages(java.lang.String,java.lang.String)[pri:3, instance:LoanQuoTest.LoanQuo.LoginPageTest@40dff0b7]" started-at="2022-03-04T11:53:45 IST" name="Verify_Login_With_All_Invalid_Inputs_Along_With_Validation_messages" data-provider="invlaidLogin" finished-at="2022-03-04T11:53:46 IST" duration-ms="269" status="PASS">
          <params>
            <param index="0">
              <value>
                <![CDATA[@marqueetest14]]>
              </value>
            </param>
            <param index="1">
              <value>
                <![CDATA[@##$@#$]]>
              </value>
            </param>
          </params>
          <reporter-output>
          </reporter-output>
        </test-method> <!-- Verify_Login_With_All_Invalid_Inputs_Along_With_Validation_messages -->
        <test-method signature="Verify_Login_With_All_Invalid_Inputs_Along_With_Validation_messages(java.lang.String,java.lang.String)[pri:3, instance:LoanQuoTest.LoanQuo.LoginPageTest@40dff0b7]" started-at="2022-03-04T11:53:46 IST" name="Verify_Login_With_All_Invalid_Inputs_Along_With_Validation_messages" data-provider="invlaidLogin" finished-at="2022-03-04T11:53:46 IST" duration-ms="266" status="PASS">
          <params>
            <param index="0">
              <value>
                <![CDATA[@marqueetest14@]]>
              </value>
            </param>
            <param index="1">
              <value>
                <![CDATA[12345ADF]]>
              </value>
            </param>
          </params>
          <reporter-output>
          </reporter-output>
        </test-method> <!-- Verify_Login_With_All_Invalid_Inputs_Along_With_Validation_messages -->
        <test-method signature="Verify_Login_With_All_Invalid_Inputs_Along_With_Validation_messages(java.lang.String,java.lang.String)[pri:3, instance:LoanQuoTest.LoanQuo.LoginPageTest@40dff0b7]" started-at="2022-03-04T11:53:46 IST" name="Verify_Login_With_All_Invalid_Inputs_Along_With_Validation_messages" data-provider="invlaidLogin" finished-at="2022-03-04T11:53:46 IST" duration-ms="356" status="PASS">
          <params>
            <param index="0">
              <value>
                <![CDATA[@marqueetest14@gmail.com]]>
              </value>
            </param>
            <param index="1">
              <value>
                <![CDATA[1236@##]]>
              </value>
            </param>
          </params>
          <reporter-output>
          </reporter-output>
        </test-method> <!-- Verify_Login_With_All_Invalid_Inputs_Along_With_Validation_messages -->
        <test-method signature="Verify_Login_With_All_Invalid_Inputs_Along_With_Validation_messages(java.lang.String,java.lang.String)[pri:3, instance:LoanQuoTest.LoanQuo.LoginPageTest@40dff0b7]" started-at="2022-03-04T11:53:46 IST" name="Verify_Login_With_All_Invalid_Inputs_Along_With_Validation_messages" data-provider="invlaidLogin" finished-at="2022-03-04T11:53:47 IST" duration-ms="288" status="FAIL">
          <params>
            <param index="0">
              <value>
                <![CDATA[marqueetest@gmailcom]]>
              </value>
            </param>
            <param index="1">
              <value>
                <![CDATA[admin$%%]]>
              </value>
            </param>
          </params>
          <exception class="java.lang.AssertionError">
            <message>
              <![CDATA[The following asserts failed:
expected [please enter valid email.] but found []]]>
            </message>
            <full-stacktrace>
              <![CDATA[java.lang.AssertionError: The following asserts failed:
expected [please enter valid email.] but found []
at org.testng.asserts.SoftAssert.assertAll(SoftAssert.java:47)
at org.testng.asserts.SoftAssert.assertAll(SoftAssert.java:31)
at LoanQuoTest.LoanQuo.LoginPageTest.Verify_Login_With_All_Invalid_Inputs_Along_With_Validation_messages(LoginPageTest.java:74)
at java.base/jdk.internal.reflect.NativeMethodAccessorImpl.invoke0(Native Method)
at java.base/jdk.internal.reflect.NativeMethodAccessorImpl.invoke(NativeMethodAccessorImpl.java:77)
at java.base/jdk.internal.reflect.DelegatingMethodAccessorImpl.invoke(DelegatingMethodAccessorImpl.java:43)
at java.base/java.lang.reflect.Method.invoke(Method.java:568)
at org.testng.internal.MethodInvocationHelper.invokeMethod(MethodInvocationHelper.java:133)
at org.testng.internal.TestInvoker.invokeMethod(TestInvoker.java:598)
at org.testng.internal.TestInvoker.invokeTestMethod(TestInvoker.java:173)
at org.testng.internal.MethodRunner.runInSequence(MethodRunner.java:46)
at org.testng.internal.TestInvoker$MethodInvocationAgent.invoke(TestInvoker.java:824)
at org.testng.internal.TestInvoker.invokeTestMethods(TestInvoker.java:146)
at org.testng.internal.TestMethodWorker.invokeTestMethods(TestMethodWorker.java:146)
at org.testng.internal.TestMethodWorker.run(TestMethodWorker.java:128)
at java.base/java.util.ArrayList.forEach(ArrayList.java:1511)
at org.testng.TestRunner.privateRun(TestRunner.java:794)
at org.testng.TestRunner.run(TestRunner.java:596)
at org.testng.SuiteRunner.runTest(SuiteRunner.java:377)
at org.testng.SuiteRunner.runSequentially(SuiteRunner.java:371)
at org.testng.SuiteRunner.privateRun(SuiteRunner.java:332)
at org.testng.SuiteRunner.run(SuiteRunner.java:276)
at org.testng.SuiteRunnerWorker.runSuite(SuiteRunnerWorker.java:53)
at org.testng.SuiteRunnerWorker.run(SuiteRunnerWorker.java:96)
at org.testng.TestNG.runSuitesSequentially(TestNG.java:1212)
at org.testng.TestNG.runSuitesLocally(TestNG.java:1134)
at org.testng.TestNG.runSuites(TestNG.java:1063)
at org.testng.TestNG.run(TestNG.java:1031)
at org.apache.maven.surefire.testng.TestNGExecutor.run(TestNGExecutor.java:283)
at org.apache.maven.surefire.testng.TestNGXmlTestSuite.execute(TestNGXmlTestSuite.java:75)
at org.apache.maven.surefire.testng.TestNGProvider.invoke(TestNGProvider.java:120)
at org.apache.maven.surefire.booter.ForkedBooter.invokeProviderInSameClassLoader(ForkedBooter.java:384)
at org.apache.maven.surefire.booter.ForkedBooter.runSuitesInProcess(ForkedBooter.java:345)
at org.apache.maven.surefire.booter.ForkedBooter.execute(ForkedBooter.java:126)
at org.apache.maven.surefire.booter.ForkedBooter.main(ForkedBooter.java:418)
]]>
            </full-stacktrace>
          </exception> <!-- java.lang.AssertionError -->
          <reporter-output>
          </reporter-output>
        </test-method> <!-- Verify_Login_With_All_Invalid_Inputs_Along_With_Validation_messages -->
        <test-method signature="Check_Password_AstrickByDefault()[pri:4, instance:LoanQuoTest.LoanQuo.LoginPageTest@40dff0b7]" started-at="2022-03-04T11:53:47 IST" name="Check_Password_AstrickByDefault" finished-at="2022-03-04T11:53:47 IST" duration-ms="99" status="PASS">
          <reporter-output>
          </reporter-output>
        </test-method> <!-- Check_Password_AstrickByDefault -->
        <test-method signature="Verify_Eye_Toggle_ButtonFunctionality()[pri:5, instance:LoanQuoTest.LoanQuo.LoginPageTest@40dff0b7]" started-at="2022-03-04T11:53:47 IST" name="Verify_Eye_Toggle_ButtonFunctionality" finished-at="2022-03-04T11:53:47 IST" depends-on-methods="LoanQuoTest.LoanQuo.LoginPageTest.Check_Password_AstrickByDefault" duration-ms="118" status="PASS">
          <reporter-output>
          </reporter-output>
        </test-method> <!-- Verify_Eye_Toggle_ButtonFunctionality -->
        <test-method signature="Verify_Login_With_Valid_Inputs()[pri:6, instance:LoanQuoTest.LoanQuo.LoginPageTest@40dff0b7]" started-at="2022-03-04T11:53:47 IST" name="Verify_Login_With_Valid_Inputs" finished-at="2022-03-04T11:53:51 IST" duration-ms="4234" status="PASS">
          <reporter-output>
          </reporter-output>
        </test-method> <!-- Verify_Login_With_Valid_Inputs -->
        <test-method is-config="true" signature="closedriver()[pri:0, instance:LoanQuoTest.LoanQuo.LoginPageTest@40dff0b7]" started-at="2022-03-04T11:53:51 IST" name="closedriver" finished-at="2022-03-04T11:53:52 IST" duration-ms="212" status="PASS">
          <reporter-output>
          </reporter-output>
        </test-method> <!-- closedriver -->
      </class> <!-- LoanQuoTest.LoanQuo.LoginPageTest -->
    </test> <!-- Test -->
  </suite> <!-- Suite -->
</testng-results>
